[0.020s] Invoking command in '/home/tutu/ros2m/build/simple_planner': CMAKE_PREFIX_PATH=${CMAKE_PREFIX_PATH}:/opt/ros/humble /usr/bin/cmake --build /home/tutu/ros2m/build/simple_planner -- -j1 -l1
[0.143s] [35m[1mConsolidate compiler generated dependencies of target simple_planner[0m
[0.193s] [100%] Built target simple_planner
[0.276s] Invoked command in '/home/tutu/ros2m/build/simple_planner' returned '0': CMAKE_PREFIX_PATH=${CMAKE_PREFIX_PATH}:/opt/ros/humble /usr/bin/cmake --build /home/tutu/ros2m/build/simple_planner -- -j1 -l1
[0.276s] Invoking command in '/home/tutu/ros2m/build/simple_planner': CMAKE_PREFIX_PATH=${CMAKE_PREFIX_PATH}:/opt/ros/humble /usr/bin/cmake --install /home/tutu/ros2m/build/simple_planner
[0.296s] -- Install configuration: ""
[0.297s] -- Up-to-date: /home/tutu/ros2m/install/simple_planner/lib/simple_planner/simple_planner
[0.297s] -- Up-to-date: /home/tutu/ros2m/install/simple_planner/share/simple_planner//launch
[0.297s] -- Up-to-date: /home/tutu/ros2m/install/simple_planner/share/simple_planner//launch/planner.launch.py
[0.298s] -- Up-to-date: /home/tutu/ros2m/install/simple_planner/share/simple_planner//launch/planner.rviz
[0.298s] -- Up-to-date: /home/tutu/ros2m/install/simple_planner/share/simple_planner//launch/default.rviz
[0.299s] -- Up-to-date: /home/tutu/ros2m/install/simple_planner/share/ament_index/resource_index/package_run_dependencies/simple_planner
[0.299s] -- Up-to-date: /home/tutu/ros2m/install/simple_planner/share/ament_index/resource_index/parent_prefix_path/simple_planner
[0.305s] -- Up-to-date: /home/tutu/ros2m/install/simple_planner/share/simple_planner/environment/ament_prefix_path.sh
[0.305s] -- Up-to-date: /home/tutu/ros2m/install/simple_planner/share/simple_planner/environment/ament_prefix_path.dsv
[0.305s] -- Up-to-date: /home/tutu/ros2m/install/simple_planner/share/simple_planner/environment/path.sh
[0.305s] -- Up-to-date: /home/tutu/ros2m/install/simple_planner/share/simple_planner/environment/path.dsv
[0.305s] -- Up-to-date: /home/tutu/ros2m/install/simple_planner/share/simple_planner/local_setup.bash
[0.305s] -- Up-to-date: /home/tutu/ros2m/install/simple_planner/share/simple_planner/local_setup.sh
[0.305s] -- Up-to-date: /home/tutu/ros2m/install/simple_planner/share/simple_planner/local_setup.zsh
[0.305s] -- Up-to-date: /home/tutu/ros2m/install/simple_planner/share/simple_planner/local_setup.dsv
[0.305s] -- Installing: /home/tutu/ros2m/install/simple_planner/share/simple_planner/package.dsv
[0.305s] -- Up-to-date: /home/tutu/ros2m/install/simple_planner/share/ament_index/resource_index/packages/simple_planner
[0.305s] -- Up-to-date: /home/tutu/ros2m/install/simple_planner/share/simple_planner/cmake/simple_plannerConfig.cmake
[0.309s] -- Up-to-date: /home/tutu/ros2m/install/simple_planner/share/simple_planner/cmake/simple_plannerConfig-version.cmake
[0.309s] -- Up-to-date: /home/tutu/ros2m/install/simple_planner/share/simple_planner/package.xml
[0.309s] Invoked command in '/home/tutu/ros2m/build/simple_planner' returned '0': CMAKE_PREFIX_PATH=${CMAKE_PREFIX_PATH}:/opt/ros/humble /usr/bin/cmake --install /home/tutu/ros2m/build/simple_planner
