[0.165s] DEBUG:colcon:Command line arguments: ['/usr/bin/colcon', 'build']
[0.165s] DEBUG:colcon:Parsed command line arguments: Namespace(allow_overriding=[], ament_cmake_args=None, base_paths=['.'], build_base='build', catkin_cmake_args=None, catkin_skip_building_tests=False, cmake_args=None, cmake_clean_cache=False, cmake_clean_first=False, cmake_force_configure=False, cmake_target=None, cmake_target_skip_unavailable=False, continue_on_error=False, event_handlers=None, executor='parallel', ignore_user_meta=False, install_base='install', log_base=None, log_level=None, main=<bound method BuildVerb.main of <colcon_core.verb.build.BuildVerb object at 0x7f14064ac070>>, merge_install=False, metas=['./colcon.meta'], packages_above=None, packages_above_and_dependencies=None, packages_above_depth=None, packages_end=None, packages_ignore=None, packages_ignore_regex=None, packages_select=None, packages_select_build_failed=False, packages_select_by_dep=None, packages_select_regex=None, packages_select_test_failures=False, packages_skip=None, packages_skip_build_finished=False, packages_skip_by_dep=None, packages_skip_regex=None, packages_skip_test_passed=False, packages_skip_up_to=None, packages_start=None, packages_up_to=None, packages_up_to_regex=None, parallel_workers=8, paths=None, symlink_install=False, test_result_base=None, verb_extension=<colcon_core.verb.build.BuildVerb object at 0x7f14064ac070>, verb_name='build', verb_parser=<colcon_defaults.argument_parser.defaults.DefaultArgumentsDecorator object at 0x7f140632bf10>)
[0.283s] Level 1:colcon.colcon_core.package_discovery:discover_packages(colcon_meta) check parameters
[0.283s] Level 1:colcon.colcon_core.package_discovery:discover_packages(recursive) check parameters
[0.283s] Level 1:colcon.colcon_core.package_discovery:discover_packages(ignore) check parameters
[0.283s] Level 1:colcon.colcon_core.package_discovery:discover_packages(path) check parameters
[0.283s] Level 1:colcon.colcon_core.package_discovery:discover_packages(colcon_meta) discover
[0.283s] Level 1:colcon.colcon_core.package_discovery:discover_packages(recursive) discover
[0.283s] INFO:colcon.colcon_core.package_discovery:Crawling recursively for packages in '/home/tutu/mr_ws_ros2'
[0.283s] Level 1:colcon.colcon_core.package_identification:_identify(.) by extensions ['ignore', 'ignore_ament_install']
[0.284s] Level 1:colcon.colcon_core.package_identification:_identify(.) by extension 'ignore'
[0.284s] Level 1:colcon.colcon_core.package_identification:_identify(.) by extension 'ignore_ament_install'
[0.284s] Level 1:colcon.colcon_core.package_identification:_identify(.) by extensions ['colcon_pkg']
[0.284s] Level 1:colcon.colcon_core.package_identification:_identify(.) by extension 'colcon_pkg'
[0.284s] Level 1:colcon.colcon_core.package_identification:_identify(.) by extensions ['colcon_meta']
[0.284s] Level 1:colcon.colcon_core.package_identification:_identify(.) by extension 'colcon_meta'
[0.284s] Level 1:colcon.colcon_core.package_identification:_identify(.) by extensions ['ros']
[0.284s] Level 1:colcon.colcon_core.package_identification:_identify(.) by extension 'ros'
[0.293s] Level 1:colcon.colcon_core.package_identification:_identify(.) by extensions ['cmake', 'python']
[0.294s] Level 1:colcon.colcon_core.package_identification:_identify(.) by extension 'cmake'
[0.294s] Level 1:colcon.colcon_core.package_identification:_identify(.) by extension 'python'
[0.294s] Level 1:colcon.colcon_core.package_identification:_identify(.) by extensions ['python_setup_py']
[0.294s] Level 1:colcon.colcon_core.package_identification:_identify(.) by extension 'python_setup_py'
[0.294s] Level 1:colcon.colcon_core.package_identification:_identify(build) by extensions ['ignore', 'ignore_ament_install']
[0.294s] Level 1:colcon.colcon_core.package_identification:_identify(build) by extension 'ignore'
[0.294s] Level 1:colcon.colcon_core.package_identification:_identify(build) ignored
[0.294s] Level 1:colcon.colcon_core.package_identification:_identify(install) by extensions ['ignore', 'ignore_ament_install']
[0.294s] Level 1:colcon.colcon_core.package_identification:_identify(install) by extension 'ignore'
[0.294s] Level 1:colcon.colcon_core.package_identification:_identify(install) ignored
[0.294s] Level 1:colcon.colcon_core.package_identification:_identify(log) by extensions ['ignore', 'ignore_ament_install']
[0.295s] Level 1:colcon.colcon_core.package_identification:_identify(log) by extension 'ignore'
[0.295s] Level 1:colcon.colcon_core.package_identification:_identify(log) ignored
[0.295s] Level 1:colcon.colcon_core.package_identification:_identify(src) by extensions ['ignore', 'ignore_ament_install']
[0.295s] Level 1:colcon.colcon_core.package_identification:_identify(src) by extension 'ignore'
[0.295s] Level 1:colcon.colcon_core.package_identification:_identify(src) by extension 'ignore_ament_install'
[0.295s] Level 1:colcon.colcon_core.package_identification:_identify(src) by extensions ['colcon_pkg']
[0.295s] Level 1:colcon.colcon_core.package_identification:_identify(src) by extension 'colcon_pkg'
[0.295s] Level 1:colcon.colcon_core.package_identification:_identify(src) by extensions ['colcon_meta']
[0.295s] Level 1:colcon.colcon_core.package_identification:_identify(src) by extension 'colcon_meta'
[0.295s] Level 1:colcon.colcon_core.package_identification:_identify(src) by extensions ['ros']
[0.295s] Level 1:colcon.colcon_core.package_identification:_identify(src) by extension 'ros'
[0.295s] Level 1:colcon.colcon_core.package_identification:_identify(src) by extensions ['cmake', 'python']
[0.295s] Level 1:colcon.colcon_core.package_identification:_identify(src) by extension 'cmake'
[0.295s] Level 1:colcon.colcon_core.package_identification:_identify(src) by extension 'python'
[0.295s] Level 1:colcon.colcon_core.package_identification:_identify(src) by extensions ['python_setup_py']
[0.295s] Level 1:colcon.colcon_core.package_identification:_identify(src) by extension 'python_setup_py'
[0.295s] Level 1:colcon.colcon_core.package_identification:_identify(src/Stage) by extensions ['ignore', 'ignore_ament_install']
[0.295s] Level 1:colcon.colcon_core.package_identification:_identify(src/Stage) by extension 'ignore'
[0.295s] Level 1:colcon.colcon_core.package_identification:_identify(src/Stage) by extension 'ignore_ament_install'
[0.296s] Level 1:colcon.colcon_core.package_identification:_identify(src/Stage) by extensions ['colcon_pkg']
[0.296s] Level 1:colcon.colcon_core.package_identification:_identify(src/Stage) by extension 'colcon_pkg'
[0.296s] Level 1:colcon.colcon_core.package_identification:_identify(src/Stage) by extensions ['colcon_meta']
[0.296s] Level 1:colcon.colcon_core.package_identification:_identify(src/Stage) by extension 'colcon_meta'
[0.296s] Level 1:colcon.colcon_core.package_identification:_identify(src/Stage) by extensions ['ros']
[0.296s] Level 1:colcon.colcon_core.package_identification:_identify(src/Stage) by extension 'ros'
[0.296s] Level 1:colcon.colcon_core.package_identification:_identify(src/Stage) by extensions ['cmake', 'python']
[0.296s] Level 1:colcon.colcon_core.package_identification:_identify(src/Stage) by extension 'cmake'
[0.299s] Level 1:colcon.colcon_core.package_identification:_identify(src/Stage) by extension 'python'
[0.299s] DEBUG:colcon.colcon_core.package_identification:Package 'src/Stage' with type 'cmake' and name 'Stage'
[0.299s] Level 1:colcon.colcon_core.package_identification:_identify(src/cart_launch) by extensions ['ignore', 'ignore_ament_install']
[0.299s] Level 1:colcon.colcon_core.package_identification:_identify(src/cart_launch) by extension 'ignore'
[0.299s] Level 1:colcon.colcon_core.package_identification:_identify(src/cart_launch) by extension 'ignore_ament_install'
[0.300s] Level 1:colcon.colcon_core.package_identification:_identify(src/cart_launch) by extensions ['colcon_pkg']
[0.300s] Level 1:colcon.colcon_core.package_identification:_identify(src/cart_launch) by extension 'colcon_pkg'
[0.300s] Level 1:colcon.colcon_core.package_identification:_identify(src/cart_launch) by extensions ['colcon_meta']
[0.300s] Level 1:colcon.colcon_core.package_identification:_identify(src/cart_launch) by extension 'colcon_meta'
[0.300s] Level 1:colcon.colcon_core.package_identification:_identify(src/cart_launch) by extensions ['ros']
[0.300s] Level 1:colcon.colcon_core.package_identification:_identify(src/cart_launch) by extension 'ros'
[0.302s] DEBUG:colcon.colcon_core.package_identification:Package 'src/cart_launch' with type 'ros.ament_cmake' and name 'cart_launch'
[0.302s] Level 1:colcon.colcon_core.package_identification:_identify(src/simple_controller) by extensions ['ignore', 'ignore_ament_install']
[0.302s] Level 1:colcon.colcon_core.package_identification:_identify(src/simple_controller) by extension 'ignore'
[0.302s] Level 1:colcon.colcon_core.package_identification:_identify(src/simple_controller) by extension 'ignore_ament_install'
[0.302s] Level 1:colcon.colcon_core.package_identification:_identify(src/simple_controller) by extensions ['colcon_pkg']
[0.302s] Level 1:colcon.colcon_core.package_identification:_identify(src/simple_controller) by extension 'colcon_pkg'
[0.302s] Level 1:colcon.colcon_core.package_identification:_identify(src/simple_controller) by extensions ['colcon_meta']
[0.302s] Level 1:colcon.colcon_core.package_identification:_identify(src/simple_controller) by extension 'colcon_meta'
[0.302s] Level 1:colcon.colcon_core.package_identification:_identify(src/simple_controller) by extensions ['ros']
[0.302s] Level 1:colcon.colcon_core.package_identification:_identify(src/simple_controller) by extension 'ros'
[0.303s] DEBUG:colcon.colcon_core.package_identification:Package 'src/simple_controller' with type 'ros.ament_cmake' and name 'simple_controller'
[0.303s] Level 1:colcon.colcon_core.package_identification:_identify(src/stage_controller) by extensions ['ignore', 'ignore_ament_install']
[0.303s] Level 1:colcon.colcon_core.package_identification:_identify(src/stage_controller) by extension 'ignore'
[0.303s] Level 1:colcon.colcon_core.package_identification:_identify(src/stage_controller) by extension 'ignore_ament_install'
[0.303s] Level 1:colcon.colcon_core.package_identification:_identify(src/stage_controller) by extensions ['colcon_pkg']
[0.303s] Level 1:colcon.colcon_core.package_identification:_identify(src/stage_controller) by extension 'colcon_pkg'
[0.303s] Level 1:colcon.colcon_core.package_identification:_identify(src/stage_controller) by extensions ['colcon_meta']
[0.303s] Level 1:colcon.colcon_core.package_identification:_identify(src/stage_controller) by extension 'colcon_meta'
[0.303s] Level 1:colcon.colcon_core.package_identification:_identify(src/stage_controller) by extensions ['ros']
[0.303s] Level 1:colcon.colcon_core.package_identification:_identify(src/stage_controller) by extension 'ros'
[0.304s] DEBUG:colcon.colcon_core.package_identification:Package 'src/stage_controller' with type 'ros.ament_cmake' and name 'stage_controller'
[0.304s] Level 1:colcon.colcon_core.package_identification:_identify(src/stage_ros2) by extensions ['ignore', 'ignore_ament_install']
[0.304s] Level 1:colcon.colcon_core.package_identification:_identify(src/stage_ros2) by extension 'ignore'
[0.304s] Level 1:colcon.colcon_core.package_identification:_identify(src/stage_ros2) by extension 'ignore_ament_install'
[0.304s] Level 1:colcon.colcon_core.package_identification:_identify(src/stage_ros2) by extensions ['colcon_pkg']
[0.304s] Level 1:colcon.colcon_core.package_identification:_identify(src/stage_ros2) by extension 'colcon_pkg'
[0.305s] Level 1:colcon.colcon_core.package_identification:_identify(src/stage_ros2) by extensions ['colcon_meta']
[0.305s] Level 1:colcon.colcon_core.package_identification:_identify(src/stage_ros2) by extension 'colcon_meta'
[0.305s] Level 1:colcon.colcon_core.package_identification:_identify(src/stage_ros2) by extensions ['ros']
[0.305s] Level 1:colcon.colcon_core.package_identification:_identify(src/stage_ros2) by extension 'ros'
[0.305s] DEBUG:colcon.colcon_core.package_identification:Package 'src/stage_ros2' with type 'ros.ament_cmake' and name 'stage_ros2'
[0.305s] Level 1:colcon.colcon_core.package_discovery:discover_packages(recursive) using defaults
[0.305s] Level 1:colcon.colcon_core.package_discovery:discover_packages(ignore) discover
[0.305s] Level 1:colcon.colcon_core.package_discovery:discover_packages(ignore) using defaults
[0.305s] Level 1:colcon.colcon_core.package_discovery:discover_packages(path) discover
[0.305s] Level 1:colcon.colcon_core.package_discovery:discover_packages(path) using defaults
[0.318s] Level 1:colcon.colcon_core.package_discovery:discover_packages(prefix_path) check parameters
[0.318s] Level 1:colcon.colcon_core.package_discovery:discover_packages(prefix_path) discover
[0.320s] DEBUG:colcon.colcon_installed_package_information.package_discovery:Found 260 installed packages in /opt/ros/foxy
[0.321s] Level 1:colcon.colcon_core.package_discovery:discover_packages(prefix_path) using defaults
[0.377s] Level 5:colcon.colcon_core.verb:set package 'Stage' build argument 'cmake_args' from command line to 'None'
[0.377s] Level 5:colcon.colcon_core.verb:set package 'Stage' build argument 'cmake_target' from command line to 'None'
[0.377s] Level 5:colcon.colcon_core.verb:set package 'Stage' build argument 'cmake_target_skip_unavailable' from command line to 'False'
[0.377s] Level 5:colcon.colcon_core.verb:set package 'Stage' build argument 'cmake_clean_cache' from command line to 'False'
[0.377s] Level 5:colcon.colcon_core.verb:set package 'Stage' build argument 'cmake_clean_first' from command line to 'False'
[0.377s] Level 5:colcon.colcon_core.verb:set package 'Stage' build argument 'cmake_force_configure' from command line to 'False'
[0.377s] Level 5:colcon.colcon_core.verb:set package 'Stage' build argument 'ament_cmake_args' from command line to 'None'
[0.378s] Level 5:colcon.colcon_core.verb:set package 'Stage' build argument 'catkin_cmake_args' from command line to 'None'
[0.378s] Level 5:colcon.colcon_core.verb:set package 'Stage' build argument 'catkin_skip_building_tests' from command line to 'False'
[0.378s] DEBUG:colcon.colcon_core.verb:Building package 'Stage' with the following arguments: {'ament_cmake_args': None, 'build_base': '/home/tutu/mr_ws_ros2/build/Stage', 'catkin_cmake_args': None, 'catkin_skip_building_tests': False, 'cmake_args': None, 'cmake_clean_cache': False, 'cmake_clean_first': False, 'cmake_force_configure': False, 'cmake_target': None, 'cmake_target_skip_unavailable': False, 'install_base': '/home/tutu/mr_ws_ros2/install/Stage', 'merge_install': False, 'path': '/home/tutu/mr_ws_ros2/src/Stage', 'symlink_install': False, 'test_result_base': None}
[0.378s] Level 5:colcon.colcon_core.verb:set package 'cart_launch' build argument 'cmake_args' from command line to 'None'
[0.378s] Level 5:colcon.colcon_core.verb:set package 'cart_launch' build argument 'cmake_target' from command line to 'None'
[0.378s] Level 5:colcon.colcon_core.verb:set package 'cart_launch' build argument 'cmake_target_skip_unavailable' from command line to 'False'
[0.378s] Level 5:colcon.colcon_core.verb:set package 'cart_launch' build argument 'cmake_clean_cache' from command line to 'False'
[0.378s] Level 5:colcon.colcon_core.verb:set package 'cart_launch' build argument 'cmake_clean_first' from command line to 'False'
[0.378s] Level 5:colcon.colcon_core.verb:set package 'cart_launch' build argument 'cmake_force_configure' from command line to 'False'
[0.378s] Level 5:colcon.colcon_core.verb:set package 'cart_launch' build argument 'ament_cmake_args' from command line to 'None'
[0.378s] Level 5:colcon.colcon_core.verb:set package 'cart_launch' build argument 'catkin_cmake_args' from command line to 'None'
[0.378s] Level 5:colcon.colcon_core.verb:set package 'cart_launch' build argument 'catkin_skip_building_tests' from command line to 'False'
[0.378s] DEBUG:colcon.colcon_core.verb:Building package 'cart_launch' with the following arguments: {'ament_cmake_args': None, 'build_base': '/home/tutu/mr_ws_ros2/build/cart_launch', 'catkin_cmake_args': None, 'catkin_skip_building_tests': False, 'cmake_args': None, 'cmake_clean_cache': False, 'cmake_clean_first': False, 'cmake_force_configure': False, 'cmake_target': None, 'cmake_target_skip_unavailable': False, 'install_base': '/home/tutu/mr_ws_ros2/install/cart_launch', 'merge_install': False, 'path': '/home/tutu/mr_ws_ros2/src/cart_launch', 'symlink_install': False, 'test_result_base': None}
[0.378s] Level 5:colcon.colcon_core.verb:set package 'simple_controller' build argument 'cmake_args' from command line to 'None'
[0.378s] Level 5:colcon.colcon_core.verb:set package 'simple_controller' build argument 'cmake_target' from command line to 'None'
[0.378s] Level 5:colcon.colcon_core.verb:set package 'simple_controller' build argument 'cmake_target_skip_unavailable' from command line to 'False'
[0.378s] Level 5:colcon.colcon_core.verb:set package 'simple_controller' build argument 'cmake_clean_cache' from command line to 'False'
[0.379s] Level 5:colcon.colcon_core.verb:set package 'simple_controller' build argument 'cmake_clean_first' from command line to 'False'
[0.379s] Level 5:colcon.colcon_core.verb:set package 'simple_controller' build argument 'cmake_force_configure' from command line to 'False'
[0.379s] Level 5:colcon.colcon_core.verb:set package 'simple_controller' build argument 'ament_cmake_args' from command line to 'None'
[0.379s] Level 5:colcon.colcon_core.verb:set package 'simple_controller' build argument 'catkin_cmake_args' from command line to 'None'
[0.379s] Level 5:colcon.colcon_core.verb:set package 'simple_controller' build argument 'catkin_skip_building_tests' from command line to 'False'
[0.379s] DEBUG:colcon.colcon_core.verb:Building package 'simple_controller' with the following arguments: {'ament_cmake_args': None, 'build_base': '/home/tutu/mr_ws_ros2/build/simple_controller', 'catkin_cmake_args': None, 'catkin_skip_building_tests': False, 'cmake_args': None, 'cmake_clean_cache': False, 'cmake_clean_first': False, 'cmake_force_configure': False, 'cmake_target': None, 'cmake_target_skip_unavailable': False, 'install_base': '/home/tutu/mr_ws_ros2/install/simple_controller', 'merge_install': False, 'path': '/home/tutu/mr_ws_ros2/src/simple_controller', 'symlink_install': False, 'test_result_base': None}
[0.379s] Level 5:colcon.colcon_core.verb:set package 'stage_controller' build argument 'cmake_args' from command line to 'None'
[0.379s] Level 5:colcon.colcon_core.verb:set package 'stage_controller' build argument 'cmake_target' from command line to 'None'
[0.379s] Level 5:colcon.colcon_core.verb:set package 'stage_controller' build argument 'cmake_target_skip_unavailable' from command line to 'False'
[0.379s] Level 5:colcon.colcon_core.verb:set package 'stage_controller' build argument 'cmake_clean_cache' from command line to 'False'
[0.379s] Level 5:colcon.colcon_core.verb:set package 'stage_controller' build argument 'cmake_clean_first' from command line to 'False'
[0.379s] Level 5:colcon.colcon_core.verb:set package 'stage_controller' build argument 'cmake_force_configure' from command line to 'False'
[0.379s] Level 5:colcon.colcon_core.verb:set package 'stage_controller' build argument 'ament_cmake_args' from command line to 'None'
[0.379s] Level 5:colcon.colcon_core.verb:set package 'stage_controller' build argument 'catkin_cmake_args' from command line to 'None'
[0.379s] Level 5:colcon.colcon_core.verb:set package 'stage_controller' build argument 'catkin_skip_building_tests' from command line to 'False'
[0.379s] DEBUG:colcon.colcon_core.verb:Building package 'stage_controller' with the following arguments: {'ament_cmake_args': None, 'build_base': '/home/tutu/mr_ws_ros2/build/stage_controller', 'catkin_cmake_args': None, 'catkin_skip_building_tests': False, 'cmake_args': None, 'cmake_clean_cache': False, 'cmake_clean_first': False, 'cmake_force_configure': False, 'cmake_target': None, 'cmake_target_skip_unavailable': False, 'install_base': '/home/tutu/mr_ws_ros2/install/stage_controller', 'merge_install': False, 'path': '/home/tutu/mr_ws_ros2/src/stage_controller', 'symlink_install': False, 'test_result_base': None}
[0.379s] Level 5:colcon.colcon_core.verb:set package 'stage_ros2' build argument 'cmake_args' from command line to 'None'
[0.379s] Level 5:colcon.colcon_core.verb:set package 'stage_ros2' build argument 'cmake_target' from command line to 'None'
[0.379s] Level 5:colcon.colcon_core.verb:set package 'stage_ros2' build argument 'cmake_target_skip_unavailable' from command line to 'False'
[0.379s] Level 5:colcon.colcon_core.verb:set package 'stage_ros2' build argument 'cmake_clean_cache' from command line to 'False'
[0.379s] Level 5:colcon.colcon_core.verb:set package 'stage_ros2' build argument 'cmake_clean_first' from command line to 'False'
[0.379s] Level 5:colcon.colcon_core.verb:set package 'stage_ros2' build argument 'cmake_force_configure' from command line to 'False'
[0.379s] Level 5:colcon.colcon_core.verb:set package 'stage_ros2' build argument 'ament_cmake_args' from command line to 'None'
[0.380s] Level 5:colcon.colcon_core.verb:set package 'stage_ros2' build argument 'catkin_cmake_args' from command line to 'None'
[0.380s] Level 5:colcon.colcon_core.verb:set package 'stage_ros2' build argument 'catkin_skip_building_tests' from command line to 'False'
[0.380s] DEBUG:colcon.colcon_core.verb:Building package 'stage_ros2' with the following arguments: {'ament_cmake_args': None, 'build_base': '/home/tutu/mr_ws_ros2/build/stage_ros2', 'catkin_cmake_args': None, 'catkin_skip_building_tests': False, 'cmake_args': None, 'cmake_clean_cache': False, 'cmake_clean_first': False, 'cmake_force_configure': False, 'cmake_target': None, 'cmake_target_skip_unavailable': False, 'install_base': '/home/tutu/mr_ws_ros2/install/stage_ros2', 'merge_install': False, 'path': '/home/tutu/mr_ws_ros2/src/stage_ros2', 'symlink_install': False, 'test_result_base': None}
[0.380s] INFO:colcon.colcon_core.executor:Executing jobs using 'parallel' executor
[0.381s] DEBUG:colcon.colcon_parallel_executor.executor.parallel:run_until_complete
[0.381s] INFO:colcon.colcon_cmake.task.cmake.build:Building CMake package in '/home/tutu/mr_ws_ros2/src/Stage'
[0.383s] INFO:colcon.colcon_core.plugin_system:Skipping extension 'colcon_core.shell.bat': Not used on non-Windows systems
[0.383s] INFO:colcon.colcon_core.shell:Skip shell extension 'powershell' for command environment: Not usable outside of PowerShell
[0.383s] DEBUG:colcon.colcon_core.shell:Skip shell extension 'dsv' for command environment
[0.387s] INFO:colcon.colcon_ros.task.ament_cmake.build:Building ROS package in '/home/tutu/mr_ws_ros2/src/cart_launch' with build type 'ament_cmake'
[0.387s] INFO:colcon.colcon_cmake.task.cmake.build:Building CMake package in '/home/tutu/mr_ws_ros2/src/cart_launch'
[0.388s] INFO:colcon.colcon_core.shell:Skip shell extension 'powershell' for command environment: Not usable outside of PowerShell
[0.388s] DEBUG:colcon.colcon_core.shell:Skip shell extension 'dsv' for command environment
[0.392s] INFO:colcon.colcon_ros.task.ament_cmake.build:Building ROS package in '/home/tutu/mr_ws_ros2/src/simple_controller' with build type 'ament_cmake'
[0.392s] INFO:colcon.colcon_cmake.task.cmake.build:Building CMake package in '/home/tutu/mr_ws_ros2/src/simple_controller'
[0.393s] INFO:colcon.colcon_core.shell:Skip shell extension 'powershell' for command environment: Not usable outside of PowerShell
[0.394s] DEBUG:colcon.colcon_core.shell:Skip shell extension 'dsv' for command environment
[0.400s] INFO:colcon.colcon_ros.task.ament_cmake.build:Building ROS package in '/home/tutu/mr_ws_ros2/src/stage_controller' with build type 'ament_cmake'
[0.400s] INFO:colcon.colcon_cmake.task.cmake.build:Building CMake package in '/home/tutu/mr_ws_ros2/src/stage_controller'
[0.401s] INFO:colcon.colcon_core.shell:Skip shell extension 'powershell' for command environment: Not usable outside of PowerShell
[0.401s] DEBUG:colcon.colcon_core.shell:Skip shell extension 'dsv' for command environment
[0.414s] DEBUG:colcon.colcon_core.event_handler.log_command:Invoking command in '/home/tutu/mr_ws_ros2/build/Stage': /usr/bin/cmake --build /home/tutu/mr_ws_ros2/build/Stage -- -j8 -l8
[0.420s] DEBUG:colcon.colcon_core.event_handler.log_command:Invoking command in '/home/tutu/mr_ws_ros2/build/cart_launch': CMAKE_PREFIX_PATH=/opt/ros/foxy /usr/bin/cmake --build /home/tutu/mr_ws_ros2/build/cart_launch -- -j8 -l8
[0.426s] DEBUG:colcon.colcon_core.event_handler.log_command:Invoking command in '/home/tutu/mr_ws_ros2/build/simple_controller': CMAKE_PREFIX_PATH=/opt/ros/foxy /usr/bin/cmake --build /home/tutu/mr_ws_ros2/build/simple_controller -- -j8 -l8
[0.433s] DEBUG:colcon.colcon_core.event_handler.log_command:Invoking command in '/home/tutu/mr_ws_ros2/build/stage_controller': CMAKE_PREFIX_PATH=/opt/ros/foxy /usr/bin/cmake --build /home/tutu/mr_ws_ros2/build/stage_controller -- -j8 -l8
[0.460s] DEBUG:colcon.colcon_core.event_handler.log_command:Invoked command in '/home/tutu/mr_ws_ros2/build/cart_launch' returned '0': CMAKE_PREFIX_PATH=/opt/ros/foxy /usr/bin/cmake --build /home/tutu/mr_ws_ros2/build/cart_launch -- -j8 -l8
[0.518s] DEBUG:colcon.colcon_core.event_handler.log_command:Invoking command in '/home/tutu/mr_ws_ros2/build/cart_launch': CMAKE_PREFIX_PATH=/opt/ros/foxy /usr/bin/cmake --install /home/tutu/mr_ws_ros2/build/cart_launch
[0.527s] DEBUG:colcon.colcon_core.event_handler.log_command:Invoked command in '/home/tutu/mr_ws_ros2/build/simple_controller' returned '0': CMAKE_PREFIX_PATH=/opt/ros/foxy /usr/bin/cmake --build /home/tutu/mr_ws_ros2/build/simple_controller -- -j8 -l8
[0.546s] DEBUG:colcon.colcon_core.event_handler.log_command:Invoked command in '/home/tutu/mr_ws_ros2/build/stage_controller' returned '0': CMAKE_PREFIX_PATH=/opt/ros/foxy /usr/bin/cmake --build /home/tutu/mr_ws_ros2/build/stage_controller -- -j8 -l8
[0.562s] DEBUG:colcon.colcon_core.event_handler.log_command:Invoking command in '/home/tutu/mr_ws_ros2/build/simple_controller': CMAKE_PREFIX_PATH=/opt/ros/foxy /usr/bin/cmake --install /home/tutu/mr_ws_ros2/build/simple_controller
[0.565s] Level 1:colcon.colcon_core.environment:create_environment_scripts_only(cart_launch)
[0.566s] DEBUG:colcon.colcon_core.event_handler.log_command:Invoked command in '/home/tutu/mr_ws_ros2/build/cart_launch' returned '0': CMAKE_PREFIX_PATH=/opt/ros/foxy /usr/bin/cmake --install /home/tutu/mr_ws_ros2/build/cart_launch
[0.568s] Level 1:colcon.colcon_core.environment:checking '/home/tutu/mr_ws_ros2/install/cart_launch' for CMake module files
[0.569s] Level 1:colcon.colcon_core.environment:checking '/home/tutu/mr_ws_ros2/install/cart_launch' for CMake config files
[0.569s] Level 1:colcon.colcon_core.shell:create_environment_hook('cart_launch', 'cmake_prefix_path')
[0.569s] INFO:colcon.colcon_core.shell:Creating environment hook '/home/tutu/mr_ws_ros2/install/cart_launch/share/cart_launch/hook/cmake_prefix_path.ps1'
[0.571s] INFO:colcon.colcon_core.shell:Creating environment descriptor '/home/tutu/mr_ws_ros2/install/cart_launch/share/cart_launch/hook/cmake_prefix_path.dsv'
[0.572s] INFO:colcon.colcon_core.shell:Creating environment hook '/home/tutu/mr_ws_ros2/install/cart_launch/share/cart_launch/hook/cmake_prefix_path.sh'
[0.574s] Level 1:colcon.colcon_core.environment:checking '/home/tutu/mr_ws_ros2/install/cart_launch/bin'
[0.574s] Level 1:colcon.colcon_core.environment:checking '/home/tutu/mr_ws_ros2/install/cart_launch/lib/pkgconfig/cart_launch.pc'
[0.574s] Level 1:colcon.colcon_core.environment:checking '/home/tutu/mr_ws_ros2/install/cart_launch/lib/python3.8/site-packages'
[0.574s] Level 1:colcon.colcon_core.environment:checking '/home/tutu/mr_ws_ros2/install/cart_launch/bin'
[0.575s] INFO:colcon.colcon_core.shell:Creating package script '/home/tutu/mr_ws_ros2/install/cart_launch/share/cart_launch/package.ps1'
[0.576s] INFO:colcon.colcon_core.shell:Creating package descriptor '/home/tutu/mr_ws_ros2/install/cart_launch/share/cart_launch/package.dsv'
[0.576s] INFO:colcon.colcon_core.shell:Creating package script '/home/tutu/mr_ws_ros2/install/cart_launch/share/cart_launch/package.sh'
[0.577s] INFO:colcon.colcon_core.shell:Creating package script '/home/tutu/mr_ws_ros2/install/cart_launch/share/cart_launch/package.bash'
[0.578s] INFO:colcon.colcon_core.shell:Creating package script '/home/tutu/mr_ws_ros2/install/cart_launch/share/cart_launch/package.zsh'
[0.578s] Level 1:colcon.colcon_core.environment:create_file_with_runtime_dependencies(/home/tutu/mr_ws_ros2/install/cart_launch/share/colcon-core/packages/cart_launch)
[0.585s] DEBUG:colcon.colcon_core.event_handler.log_command:Invoking command in '/home/tutu/mr_ws_ros2/build/stage_controller': CMAKE_PREFIX_PATH=/opt/ros/foxy /usr/bin/cmake --install /home/tutu/mr_ws_ros2/build/stage_controller
[0.587s] DEBUG:colcon.colcon_core.event_handler.log_command:Invoked command in '/home/tutu/mr_ws_ros2/build/Stage' returned '0': /usr/bin/cmake --build /home/tutu/mr_ws_ros2/build/Stage -- -j8 -l8
[0.593s] Level 1:colcon.colcon_core.environment:create_environment_scripts_only(simple_controller)
[0.594s] Level 1:colcon.colcon_core.environment:checking '/home/tutu/mr_ws_ros2/install/simple_controller' for CMake module files
[0.594s] DEBUG:colcon.colcon_core.event_handler.log_command:Invoked command in '/home/tutu/mr_ws_ros2/build/simple_controller' returned '0': CMAKE_PREFIX_PATH=/opt/ros/foxy /usr/bin/cmake --install /home/tutu/mr_ws_ros2/build/simple_controller
[0.596s] Level 1:colcon.colcon_core.environment:checking '/home/tutu/mr_ws_ros2/install/simple_controller' for CMake config files
[0.597s] Level 1:colcon.colcon_core.shell:create_environment_hook('simple_controller', 'cmake_prefix_path')
[0.598s] INFO:colcon.colcon_core.shell:Creating environment hook '/home/tutu/mr_ws_ros2/install/simple_controller/share/simple_controller/hook/cmake_prefix_path.ps1'
[0.600s] INFO:colcon.colcon_core.shell:Creating environment descriptor '/home/tutu/mr_ws_ros2/install/simple_controller/share/simple_controller/hook/cmake_prefix_path.dsv'
[0.602s] INFO:colcon.colcon_core.shell:Creating environment hook '/home/tutu/mr_ws_ros2/install/simple_controller/share/simple_controller/hook/cmake_prefix_path.sh'
[0.603s] Level 1:colcon.colcon_core.environment:checking '/home/tutu/mr_ws_ros2/install/simple_controller/lib'
[0.603s] Level 1:colcon.colcon_core.environment:checking '/home/tutu/mr_ws_ros2/install/simple_controller/bin'
[0.603s] Level 1:colcon.colcon_core.environment:checking '/home/tutu/mr_ws_ros2/install/simple_controller/lib/pkgconfig/simple_controller.pc'
[0.604s] Level 1:colcon.colcon_core.environment:checking '/home/tutu/mr_ws_ros2/install/simple_controller/lib/python3.8/site-packages'
[0.604s] Level 1:colcon.colcon_core.environment:checking '/home/tutu/mr_ws_ros2/install/simple_controller/bin'
[0.604s] INFO:colcon.colcon_core.shell:Creating package script '/home/tutu/mr_ws_ros2/install/simple_controller/share/simple_controller/package.ps1'
[0.605s] INFO:colcon.colcon_core.shell:Creating package descriptor '/home/tutu/mr_ws_ros2/install/simple_controller/share/simple_controller/package.dsv'
[0.606s] INFO:colcon.colcon_core.shell:Creating package script '/home/tutu/mr_ws_ros2/install/simple_controller/share/simple_controller/package.sh'
[0.606s] INFO:colcon.colcon_core.shell:Creating package script '/home/tutu/mr_ws_ros2/install/simple_controller/share/simple_controller/package.bash'
[0.607s] INFO:colcon.colcon_core.shell:Creating package script '/home/tutu/mr_ws_ros2/install/simple_controller/share/simple_controller/package.zsh'
[0.607s] Level 1:colcon.colcon_core.environment:create_file_with_runtime_dependencies(/home/tutu/mr_ws_ros2/install/simple_controller/share/colcon-core/packages/simple_controller)
[0.611s] Level 1:colcon.colcon_core.environment:create_environment_scripts_only(cart_launch)
[0.612s] Level 1:colcon.colcon_core.environment:checking '/home/tutu/mr_ws_ros2/install/cart_launch' for CMake module files
[0.615s] Level 1:colcon.colcon_core.environment:checking '/home/tutu/mr_ws_ros2/install/cart_launch' for CMake config files
[0.616s] Level 1:colcon.colcon_core.shell:create_environment_hook('cart_launch', 'cmake_prefix_path')
[0.617s] INFO:colcon.colcon_core.shell:Creating environment hook '/home/tutu/mr_ws_ros2/install/cart_launch/share/cart_launch/hook/cmake_prefix_path.ps1'
[0.617s] INFO:colcon.colcon_core.shell:Creating environment descriptor '/home/tutu/mr_ws_ros2/install/cart_launch/share/cart_launch/hook/cmake_prefix_path.dsv'
[0.618s] INFO:colcon.colcon_core.shell:Creating environment hook '/home/tutu/mr_ws_ros2/install/cart_launch/share/cart_launch/hook/cmake_prefix_path.sh'
[0.618s] Level 1:colcon.colcon_core.environment:checking '/home/tutu/mr_ws_ros2/install/cart_launch/bin'
[0.618s] Level 1:colcon.colcon_core.environment:checking '/home/tutu/mr_ws_ros2/install/cart_launch/lib/pkgconfig/cart_launch.pc'
[0.619s] Level 1:colcon.colcon_core.environment:checking '/home/tutu/mr_ws_ros2/install/cart_launch/lib/python3.8/site-packages'
[0.619s] Level 1:colcon.colcon_core.environment:checking '/home/tutu/mr_ws_ros2/install/cart_launch/bin'
[0.619s] INFO:colcon.colcon_core.shell:Creating package script '/home/tutu/mr_ws_ros2/install/cart_launch/share/cart_launch/package.ps1'
[0.620s] INFO:colcon.colcon_core.shell:Creating package descriptor '/home/tutu/mr_ws_ros2/install/cart_launch/share/cart_launch/package.dsv'
[0.620s] INFO:colcon.colcon_core.shell:Creating package script '/home/tutu/mr_ws_ros2/install/cart_launch/share/cart_launch/package.sh'
[0.621s] INFO:colcon.colcon_core.shell:Creating package script '/home/tutu/mr_ws_ros2/install/cart_launch/share/cart_launch/package.bash'
[0.621s] INFO:colcon.colcon_core.shell:Creating package script '/home/tutu/mr_ws_ros2/install/cart_launch/share/cart_launch/package.zsh'
[0.621s] Level 1:colcon.colcon_core.environment:create_file_with_runtime_dependencies(/home/tutu/mr_ws_ros2/install/cart_launch/share/colcon-core/packages/cart_launch)
[0.623s] Level 1:colcon.colcon_core.environment:create_environment_scripts_only(stage_controller)
[0.623s] Level 1:colcon.colcon_core.environment:checking '/home/tutu/mr_ws_ros2/install/stage_controller' for CMake module files
[0.623s] DEBUG:colcon.colcon_core.event_handler.log_command:Invoked command in '/home/tutu/mr_ws_ros2/build/stage_controller' returned '0': CMAKE_PREFIX_PATH=/opt/ros/foxy /usr/bin/cmake --install /home/tutu/mr_ws_ros2/build/stage_controller
[0.624s] Level 1:colcon.colcon_core.environment:checking '/home/tutu/mr_ws_ros2/install/stage_controller' for CMake config files
[0.624s] Level 1:colcon.colcon_core.shell:create_environment_hook('stage_controller', 'cmake_prefix_path')
[0.624s] INFO:colcon.colcon_core.shell:Creating environment hook '/home/tutu/mr_ws_ros2/install/stage_controller/share/stage_controller/hook/cmake_prefix_path.ps1'
[0.624s] INFO:colcon.colcon_core.shell:Creating environment descriptor '/home/tutu/mr_ws_ros2/install/stage_controller/share/stage_controller/hook/cmake_prefix_path.dsv'
[0.625s] INFO:colcon.colcon_core.shell:Creating environment hook '/home/tutu/mr_ws_ros2/install/stage_controller/share/stage_controller/hook/cmake_prefix_path.sh'
[0.625s] Level 1:colcon.colcon_core.environment:checking '/home/tutu/mr_ws_ros2/install/stage_controller/lib'
[0.625s] Level 1:colcon.colcon_core.environment:checking '/home/tutu/mr_ws_ros2/install/stage_controller/bin'
[0.625s] Level 1:colcon.colcon_core.environment:checking '/home/tutu/mr_ws_ros2/install/stage_controller/lib/pkgconfig/stage_controller.pc'
[0.626s] Level 1:colcon.colcon_core.environment:checking '/home/tutu/mr_ws_ros2/install/stage_controller/lib/python3.8/site-packages'
[0.626s] Level 1:colcon.colcon_core.environment:checking '/home/tutu/mr_ws_ros2/install/stage_controller/bin'
[0.626s] INFO:colcon.colcon_core.shell:Creating package script '/home/tutu/mr_ws_ros2/install/stage_controller/share/stage_controller/package.ps1'
[0.626s] INFO:colcon.colcon_core.shell:Creating package descriptor '/home/tutu/mr_ws_ros2/install/stage_controller/share/stage_controller/package.dsv'
[0.627s] INFO:colcon.colcon_core.shell:Creating package script '/home/tutu/mr_ws_ros2/install/stage_controller/share/stage_controller/package.sh'
[0.627s] INFO:colcon.colcon_core.shell:Creating package script '/home/tutu/mr_ws_ros2/install/stage_controller/share/stage_controller/package.bash'
[0.627s] INFO:colcon.colcon_core.shell:Creating package script '/home/tutu/mr_ws_ros2/install/stage_controller/share/stage_controller/package.zsh'
[0.628s] Level 1:colcon.colcon_core.environment:create_file_with_runtime_dependencies(/home/tutu/mr_ws_ros2/install/stage_controller/share/colcon-core/packages/stage_controller)
[0.635s] DEBUG:colcon.colcon_core.event_handler.log_command:Invoking command in '/home/tutu/mr_ws_ros2/build/Stage': /usr/bin/cmake --install /home/tutu/mr_ws_ros2/build/Stage
[0.637s] Level 1:colcon.colcon_core.environment:create_environment_scripts_only(simple_controller)
[0.637s] Level 1:colcon.colcon_core.environment:checking '/home/tutu/mr_ws_ros2/install/simple_controller' for CMake module files
[0.638s] Level 1:colcon.colcon_core.environment:checking '/home/tutu/mr_ws_ros2/install/simple_controller' for CMake config files
[0.638s] Level 1:colcon.colcon_core.shell:create_environment_hook('simple_controller', 'cmake_prefix_path')
[0.638s] INFO:colcon.colcon_core.shell:Creating environment hook '/home/tutu/mr_ws_ros2/install/simple_controller/share/simple_controller/hook/cmake_prefix_path.ps1'
[0.639s] INFO:colcon.colcon_core.shell:Creating environment descriptor '/home/tutu/mr_ws_ros2/install/simple_controller/share/simple_controller/hook/cmake_prefix_path.dsv'
[0.639s] INFO:colcon.colcon_core.shell:Creating environment hook '/home/tutu/mr_ws_ros2/install/simple_controller/share/simple_controller/hook/cmake_prefix_path.sh'
[0.640s] Level 1:colcon.colcon_core.environment:checking '/home/tutu/mr_ws_ros2/install/simple_controller/lib'
[0.640s] Level 1:colcon.colcon_core.environment:checking '/home/tutu/mr_ws_ros2/install/simple_controller/bin'
[0.640s] Level 1:colcon.colcon_core.environment:checking '/home/tutu/mr_ws_ros2/install/simple_controller/lib/pkgconfig/simple_controller.pc'
[0.641s] Level 1:colcon.colcon_core.environment:checking '/home/tutu/mr_ws_ros2/install/simple_controller/lib/python3.8/site-packages'
[0.641s] Level 1:colcon.colcon_core.environment:checking '/home/tutu/mr_ws_ros2/install/simple_controller/bin'
[0.641s] INFO:colcon.colcon_core.shell:Creating package script '/home/tutu/mr_ws_ros2/install/simple_controller/share/simple_controller/package.ps1'
[0.641s] INFO:colcon.colcon_core.shell:Creating package descriptor '/home/tutu/mr_ws_ros2/install/simple_controller/share/simple_controller/package.dsv'
[0.642s] INFO:colcon.colcon_core.shell:Creating package script '/home/tutu/mr_ws_ros2/install/simple_controller/share/simple_controller/package.sh'
[0.643s] INFO:colcon.colcon_core.shell:Creating package script '/home/tutu/mr_ws_ros2/install/simple_controller/share/simple_controller/package.bash'
[0.644s] INFO:colcon.colcon_core.shell:Creating package script '/home/tutu/mr_ws_ros2/install/simple_controller/share/simple_controller/package.zsh'
[0.644s] Level 1:colcon.colcon_core.environment:create_file_with_runtime_dependencies(/home/tutu/mr_ws_ros2/install/simple_controller/share/colcon-core/packages/simple_controller)
[0.653s] Level 1:colcon.colcon_core.environment:create_environment_scripts_only(Stage)
[0.654s] Level 1:colcon.colcon_core.environment:checking '/home/tutu/mr_ws_ros2/install/Stage' for CMake module files
[0.654s] Level 1:colcon.colcon_core.environment:checking '/home/tutu/mr_ws_ros2/install/Stage' for CMake config files
[0.657s] Level 1:colcon.colcon_core.shell:create_environment_hook('Stage', 'cmake_prefix_path')
[0.657s] INFO:colcon.colcon_core.shell:Creating environment hook '/home/tutu/mr_ws_ros2/install/Stage/share/Stage/hook/cmake_prefix_path.ps1'
[0.658s] INFO:colcon.colcon_core.shell:Creating environment descriptor '/home/tutu/mr_ws_ros2/install/Stage/share/Stage/hook/cmake_prefix_path.dsv'
[0.658s] INFO:colcon.colcon_core.shell:Creating environment hook '/home/tutu/mr_ws_ros2/install/Stage/share/Stage/hook/cmake_prefix_path.sh'
[0.659s] Level 1:colcon.colcon_core.environment:checking '/home/tutu/mr_ws_ros2/install/Stage/lib'
[0.659s] Level 1:colcon.colcon_core.shell:create_environment_hook('Stage', 'ld_library_path_lib')
[0.659s] INFO:colcon.colcon_core.shell:Creating environment hook '/home/tutu/mr_ws_ros2/install/Stage/share/Stage/hook/ld_library_path_lib.ps1'
[0.660s] INFO:colcon.colcon_core.shell:Creating environment descriptor '/home/tutu/mr_ws_ros2/install/Stage/share/Stage/hook/ld_library_path_lib.dsv'
[0.661s] INFO:colcon.colcon_core.shell:Creating environment hook '/home/tutu/mr_ws_ros2/install/Stage/share/Stage/hook/ld_library_path_lib.sh'
[0.661s] Level 1:colcon.colcon_core.environment:checking '/home/tutu/mr_ws_ros2/install/Stage/bin'
[0.661s] Level 1:colcon.colcon_core.shell:create_environment_hook('Stage', 'path')
[0.662s] INFO:colcon.colcon_core.shell:Creating environment hook '/home/tutu/mr_ws_ros2/install/Stage/share/Stage/hook/path.ps1'
[0.662s] INFO:colcon.colcon_core.shell:Creating environment descriptor '/home/tutu/mr_ws_ros2/install/Stage/share/Stage/hook/path.dsv'
[0.663s] INFO:colcon.colcon_core.shell:Creating environment hook '/home/tutu/mr_ws_ros2/install/Stage/share/Stage/hook/path.sh'
[0.664s] Level 1:colcon.colcon_core.environment:checking '/home/tutu/mr_ws_ros2/install/Stage/lib/pkgconfig/Stage.pc'
[0.665s] Level 1:colcon.colcon_core.environment:checking '/home/tutu/mr_ws_ros2/install/Stage/lib/python3.8/site-packages'
[0.665s] Level 1:colcon.colcon_core.environment:checking '/home/tutu/mr_ws_ros2/install/Stage/bin'
[0.666s] Level 1:colcon.colcon_core.shell:create_environment_hook('Stage', 'pythonscriptspath')
[0.666s] INFO:colcon.colcon_core.shell:Creating environment hook '/home/tutu/mr_ws_ros2/install/Stage/share/Stage/hook/pythonscriptspath.ps1'
[0.668s] INFO:colcon.colcon_core.shell:Creating environment descriptor '/home/tutu/mr_ws_ros2/install/Stage/share/Stage/hook/pythonscriptspath.dsv'
[0.668s] DEBUG:colcon.colcon_core.event_handler.log_command:Invoked command in '/home/tutu/mr_ws_ros2/build/Stage' returned '0': /usr/bin/cmake --install /home/tutu/mr_ws_ros2/build/Stage
[0.669s] INFO:colcon.colcon_core.shell:Creating environment hook '/home/tutu/mr_ws_ros2/install/Stage/share/Stage/hook/pythonscriptspath.sh'
[0.670s] INFO:colcon.colcon_core.shell:Creating package script '/home/tutu/mr_ws_ros2/install/Stage/share/Stage/package.ps1'
[0.670s] INFO:colcon.colcon_core.shell:Creating package descriptor '/home/tutu/mr_ws_ros2/install/Stage/share/Stage/package.dsv'
[0.671s] INFO:colcon.colcon_core.shell:Creating package script '/home/tutu/mr_ws_ros2/install/Stage/share/Stage/package.sh'
[0.672s] INFO:colcon.colcon_core.shell:Creating package script '/home/tutu/mr_ws_ros2/install/Stage/share/Stage/package.bash'
[0.672s] INFO:colcon.colcon_core.shell:Creating package script '/home/tutu/mr_ws_ros2/install/Stage/share/Stage/package.zsh'
[0.672s] Level 1:colcon.colcon_core.environment:create_file_with_runtime_dependencies(/home/tutu/mr_ws_ros2/install/Stage/share/colcon-core/packages/Stage)
[0.673s] INFO:colcon.colcon_ros.task.ament_cmake.build:Building ROS package in '/home/tutu/mr_ws_ros2/src/stage_ros2' with build type 'ament_cmake'
[0.673s] INFO:colcon.colcon_cmake.task.cmake.build:Building CMake package in '/home/tutu/mr_ws_ros2/src/stage_ros2'
[0.673s] INFO:colcon.colcon_core.shell:Skip shell extension 'powershell' for command environment: Not usable outside of PowerShell
[0.674s] DEBUG:colcon.colcon_core.shell:Skip shell extension 'dsv' for command environment
[0.678s] Level 1:colcon.colcon_core.environment:create_environment_scripts_only(stage_controller)
[0.678s] Level 1:colcon.colcon_core.environment:checking '/home/tutu/mr_ws_ros2/install/stage_controller' for CMake module files
[0.679s] Level 1:colcon.colcon_core.environment:checking '/home/tutu/mr_ws_ros2/install/stage_controller' for CMake config files
[0.680s] Level 1:colcon.colcon_core.shell:create_environment_hook('stage_controller', 'cmake_prefix_path')
[0.680s] INFO:colcon.colcon_core.shell:Creating environment hook '/home/tutu/mr_ws_ros2/install/stage_controller/share/stage_controller/hook/cmake_prefix_path.ps1'
[0.682s] INFO:colcon.colcon_core.shell:Creating environment descriptor '/home/tutu/mr_ws_ros2/install/stage_controller/share/stage_controller/hook/cmake_prefix_path.dsv'
[0.682s] INFO:colcon.colcon_core.shell:Creating environment hook '/home/tutu/mr_ws_ros2/install/stage_controller/share/stage_controller/hook/cmake_prefix_path.sh'
[0.683s] Level 1:colcon.colcon_core.environment:checking '/home/tutu/mr_ws_ros2/install/stage_controller/lib'
[0.683s] Level 1:colcon.colcon_core.environment:checking '/home/tutu/mr_ws_ros2/install/stage_controller/bin'
[0.683s] Level 1:colcon.colcon_core.environment:checking '/home/tutu/mr_ws_ros2/install/stage_controller/lib/pkgconfig/stage_controller.pc'
[0.684s] Level 1:colcon.colcon_core.environment:checking '/home/tutu/mr_ws_ros2/install/stage_controller/lib/python3.8/site-packages'
[0.684s] Level 1:colcon.colcon_core.environment:checking '/home/tutu/mr_ws_ros2/install/stage_controller/bin'
[0.684s] INFO:colcon.colcon_core.shell:Creating package script '/home/tutu/mr_ws_ros2/install/stage_controller/share/stage_controller/package.ps1'
[0.685s] INFO:colcon.colcon_core.shell:Creating package descriptor '/home/tutu/mr_ws_ros2/install/stage_controller/share/stage_controller/package.dsv'
[0.685s] INFO:colcon.colcon_core.shell:Creating package script '/home/tutu/mr_ws_ros2/install/stage_controller/share/stage_controller/package.sh'
[0.686s] INFO:colcon.colcon_core.shell:Creating package script '/home/tutu/mr_ws_ros2/install/stage_controller/share/stage_controller/package.bash'
[0.686s] INFO:colcon.colcon_core.shell:Creating package script '/home/tutu/mr_ws_ros2/install/stage_controller/share/stage_controller/package.zsh'
[0.687s] Level 1:colcon.colcon_core.environment:create_file_with_runtime_dependencies(/home/tutu/mr_ws_ros2/install/stage_controller/share/colcon-core/packages/stage_controller)
[0.692s] DEBUG:colcon.colcon_core.event_handler.log_command:Invoking command in '/home/tutu/mr_ws_ros2/build/stage_ros2': CMAKE_PREFIX_PATH=/home/tutu/mr_ws_ros2/install/Stage:/opt/ros/foxy LD_LIBRARY_PATH=/home/tutu/mr_ws_ros2/install/Stage/lib:${LD_LIBRARY_PATH} PATH=/home/tutu/mr_ws_ros2/install/Stage/bin:${PATH} /usr/bin/cmake --build /home/tutu/mr_ws_ros2/build/stage_ros2 -- -j8 -l8
[0.817s] DEBUG:colcon.colcon_core.event_handler.log_command:Invoked command in '/home/tutu/mr_ws_ros2/build/stage_ros2' returned '0': CMAKE_PREFIX_PATH=/home/tutu/mr_ws_ros2/install/Stage:/opt/ros/foxy LD_LIBRARY_PATH=/home/tutu/mr_ws_ros2/install/Stage/lib:${LD_LIBRARY_PATH} PATH=/home/tutu/mr_ws_ros2/install/Stage/bin:${PATH} /usr/bin/cmake --build /home/tutu/mr_ws_ros2/build/stage_ros2 -- -j8 -l8
[0.844s] DEBUG:colcon.colcon_core.event_handler.log_command:Invoking command in '/home/tutu/mr_ws_ros2/build/stage_ros2': CMAKE_PREFIX_PATH=/home/tutu/mr_ws_ros2/install/Stage:/opt/ros/foxy LD_LIBRARY_PATH=/home/tutu/mr_ws_ros2/install/Stage/lib:${LD_LIBRARY_PATH} PATH=/home/tutu/mr_ws_ros2/install/Stage/bin:${PATH} /usr/bin/cmake --install /home/tutu/mr_ws_ros2/build/stage_ros2
[0.870s] Level 1:colcon.colcon_core.environment:create_environment_scripts_only(stage_ros2)
[0.870s] Level 1:colcon.colcon_core.environment:checking '/home/tutu/mr_ws_ros2/install/stage_ros2' for CMake module files
[0.871s] DEBUG:colcon.colcon_core.event_handler.log_command:Invoked command in '/home/tutu/mr_ws_ros2/build/stage_ros2' returned '0': CMAKE_PREFIX_PATH=/home/tutu/mr_ws_ros2/install/Stage:/opt/ros/foxy LD_LIBRARY_PATH=/home/tutu/mr_ws_ros2/install/Stage/lib:${LD_LIBRARY_PATH} PATH=/home/tutu/mr_ws_ros2/install/Stage/bin:${PATH} /usr/bin/cmake --install /home/tutu/mr_ws_ros2/build/stage_ros2
[0.871s] Level 1:colcon.colcon_core.environment:checking '/home/tutu/mr_ws_ros2/install/stage_ros2' for CMake config files
[0.871s] Level 1:colcon.colcon_core.shell:create_environment_hook('stage_ros2', 'cmake_prefix_path')
[0.872s] INFO:colcon.colcon_core.shell:Creating environment hook '/home/tutu/mr_ws_ros2/install/stage_ros2/share/stage_ros2/hook/cmake_prefix_path.ps1'
[0.872s] INFO:colcon.colcon_core.shell:Creating environment descriptor '/home/tutu/mr_ws_ros2/install/stage_ros2/share/stage_ros2/hook/cmake_prefix_path.dsv'
[0.872s] INFO:colcon.colcon_core.shell:Creating environment hook '/home/tutu/mr_ws_ros2/install/stage_ros2/share/stage_ros2/hook/cmake_prefix_path.sh'
[0.873s] Level 1:colcon.colcon_core.environment:checking '/home/tutu/mr_ws_ros2/install/stage_ros2/lib'
[0.873s] Level 1:colcon.colcon_core.shell:create_environment_hook('stage_ros2', 'ld_library_path_lib')
[0.873s] INFO:colcon.colcon_core.shell:Creating environment hook '/home/tutu/mr_ws_ros2/install/stage_ros2/share/stage_ros2/hook/ld_library_path_lib.ps1'
[0.874s] INFO:colcon.colcon_core.shell:Creating environment descriptor '/home/tutu/mr_ws_ros2/install/stage_ros2/share/stage_ros2/hook/ld_library_path_lib.dsv'
[0.874s] INFO:colcon.colcon_core.shell:Creating environment hook '/home/tutu/mr_ws_ros2/install/stage_ros2/share/stage_ros2/hook/ld_library_path_lib.sh'
[0.874s] Level 1:colcon.colcon_core.environment:checking '/home/tutu/mr_ws_ros2/install/stage_ros2/bin'
[0.874s] Level 1:colcon.colcon_core.environment:checking '/home/tutu/mr_ws_ros2/install/stage_ros2/lib/pkgconfig/stage_ros2.pc'
[0.874s] Level 1:colcon.colcon_core.environment:checking '/home/tutu/mr_ws_ros2/install/stage_ros2/lib/python3.8/site-packages'
[0.875s] Level 1:colcon.colcon_core.environment:checking '/home/tutu/mr_ws_ros2/install/stage_ros2/bin'
[0.875s] INFO:colcon.colcon_core.shell:Creating package script '/home/tutu/mr_ws_ros2/install/stage_ros2/share/stage_ros2/package.ps1'
[0.875s] INFO:colcon.colcon_core.shell:Creating package descriptor '/home/tutu/mr_ws_ros2/install/stage_ros2/share/stage_ros2/package.dsv'
[0.876s] INFO:colcon.colcon_core.shell:Creating package script '/home/tutu/mr_ws_ros2/install/stage_ros2/share/stage_ros2/package.sh'
[0.876s] INFO:colcon.colcon_core.shell:Creating package script '/home/tutu/mr_ws_ros2/install/stage_ros2/share/stage_ros2/package.bash'
[0.876s] INFO:colcon.colcon_core.shell:Creating package script '/home/tutu/mr_ws_ros2/install/stage_ros2/share/stage_ros2/package.zsh'
[0.876s] Level 1:colcon.colcon_core.environment:create_file_with_runtime_dependencies(/home/tutu/mr_ws_ros2/install/stage_ros2/share/colcon-core/packages/stage_ros2)
[0.902s] Level 1:colcon.colcon_core.environment:create_environment_scripts_only(stage_ros2)
[0.903s] Level 1:colcon.colcon_core.environment:checking '/home/tutu/mr_ws_ros2/install/stage_ros2' for CMake module files
[0.903s] Level 1:colcon.colcon_core.environment:checking '/home/tutu/mr_ws_ros2/install/stage_ros2' for CMake config files
[0.903s] Level 1:colcon.colcon_core.shell:create_environment_hook('stage_ros2', 'cmake_prefix_path')
[0.903s] INFO:colcon.colcon_core.shell:Creating environment hook '/home/tutu/mr_ws_ros2/install/stage_ros2/share/stage_ros2/hook/cmake_prefix_path.ps1'
[0.904s] INFO:colcon.colcon_core.shell:Creating environment descriptor '/home/tutu/mr_ws_ros2/install/stage_ros2/share/stage_ros2/hook/cmake_prefix_path.dsv'
[0.904s] INFO:colcon.colcon_core.shell:Creating environment hook '/home/tutu/mr_ws_ros2/install/stage_ros2/share/stage_ros2/hook/cmake_prefix_path.sh'
[0.905s] Level 1:colcon.colcon_core.environment:checking '/home/tutu/mr_ws_ros2/install/stage_ros2/lib'
[0.905s] Level 1:colcon.colcon_core.shell:create_environment_hook('stage_ros2', 'ld_library_path_lib')
[0.905s] INFO:colcon.colcon_core.shell:Creating environment hook '/home/tutu/mr_ws_ros2/install/stage_ros2/share/stage_ros2/hook/ld_library_path_lib.ps1'
[0.906s] INFO:colcon.colcon_core.shell:Creating environment descriptor '/home/tutu/mr_ws_ros2/install/stage_ros2/share/stage_ros2/hook/ld_library_path_lib.dsv'
[0.906s] INFO:colcon.colcon_core.shell:Creating environment hook '/home/tutu/mr_ws_ros2/install/stage_ros2/share/stage_ros2/hook/ld_library_path_lib.sh'
[0.906s] Level 1:colcon.colcon_core.environment:checking '/home/tutu/mr_ws_ros2/install/stage_ros2/bin'
[0.906s] Level 1:colcon.colcon_core.environment:checking '/home/tutu/mr_ws_ros2/install/stage_ros2/lib/pkgconfig/stage_ros2.pc'
[0.906s] Level 1:colcon.colcon_core.environment:checking '/home/tutu/mr_ws_ros2/install/stage_ros2/lib/python3.8/site-packages'
[0.906s] Level 1:colcon.colcon_core.environment:checking '/home/tutu/mr_ws_ros2/install/stage_ros2/bin'
[0.907s] INFO:colcon.colcon_core.shell:Creating package script '/home/tutu/mr_ws_ros2/install/stage_ros2/share/stage_ros2/package.ps1'
[0.907s] INFO:colcon.colcon_core.shell:Creating package descriptor '/home/tutu/mr_ws_ros2/install/stage_ros2/share/stage_ros2/package.dsv'
[0.908s] INFO:colcon.colcon_core.shell:Creating package script '/home/tutu/mr_ws_ros2/install/stage_ros2/share/stage_ros2/package.sh'
[0.908s] INFO:colcon.colcon_core.shell:Creating package script '/home/tutu/mr_ws_ros2/install/stage_ros2/share/stage_ros2/package.bash'
[0.908s] INFO:colcon.colcon_core.shell:Creating package script '/home/tutu/mr_ws_ros2/install/stage_ros2/share/stage_ros2/package.zsh'
[0.909s] Level 1:colcon.colcon_core.environment:create_file_with_runtime_dependencies(/home/tutu/mr_ws_ros2/install/stage_ros2/share/colcon-core/packages/stage_ros2)
[0.909s] DEBUG:colcon.colcon_parallel_executor.executor.parallel:closing loop
[0.909s] DEBUG:colcon.colcon_parallel_executor.executor.parallel:loop closed
[0.909s] DEBUG:colcon.colcon_parallel_executor.executor.parallel:run_until_complete finished with '0'
[0.909s] DEBUG:colcon.colcon_core.event_reactor:joining thread
[0.915s] INFO:colcon.colcon_core.plugin_system:Skipping extension 'colcon_notification.desktop_notification.terminal_notifier': Not used on non-Darwin systems
[0.916s] INFO:colcon.colcon_core.plugin_system:Skipping extension 'colcon_notification.desktop_notification.win32': Not used on non-Windows systems
[0.916s] INFO:colcon.colcon_notification.desktop_notification:Sending desktop notification using 'notify2'
[0.929s] DEBUG:colcon.colcon_core.event_reactor:joined thread
[0.930s] INFO:colcon.colcon_core.shell:Creating prefix script '/home/tutu/mr_ws_ros2/install/local_setup.ps1'
[0.932s] INFO:colcon.colcon_core.shell:Creating prefix util module '/home/tutu/mr_ws_ros2/install/_local_setup_util_ps1.py'
[0.933s] INFO:colcon.colcon_core.shell:Creating prefix chain script '/home/tutu/mr_ws_ros2/install/setup.ps1'
[0.934s] INFO:colcon.colcon_core.shell:Creating prefix script '/home/tutu/mr_ws_ros2/install/local_setup.sh'
[0.935s] INFO:colcon.colcon_core.shell:Creating prefix util module '/home/tutu/mr_ws_ros2/install/_local_setup_util_sh.py'
[0.935s] INFO:colcon.colcon_core.shell:Creating prefix chain script '/home/tutu/mr_ws_ros2/install/setup.sh'
[0.937s] INFO:colcon.colcon_core.shell:Creating prefix script '/home/tutu/mr_ws_ros2/install/local_setup.bash'
[0.937s] INFO:colcon.colcon_core.shell:Creating prefix chain script '/home/tutu/mr_ws_ros2/install/setup.bash'
[0.938s] INFO:colcon.colcon_core.shell:Creating prefix script '/home/tutu/mr_ws_ros2/install/local_setup.zsh'
[0.938s] INFO:colcon.colcon_core.shell:Creating prefix chain script '/home/tutu/mr_ws_ros2/install/setup.zsh'
