[0.040s] Invoking command in '/home/tutu/mr_ws_ros2/build/simple_planner': CMAKE_PREFIX_PATH=${CMAKE_PREFIX_PATH}:/opt/ros/foxy /usr/bin/cmake /home/tutu/mr_ws_ros2/src/simple_planner -DCMAKE_BUILD_TYPE=RelWithDebInfo -DAMENT_CMAKE_SYMLINK_INSTALL=1 -DCMAKE_INSTALL_PREFIX=/home/tutu/mr_ws_ros2/install/simple_planner
[0.061s] -- Found ament_cmake: 0.9.12 (/opt/ros/foxy/share/ament_cmake/cmake)
[0.097s] -- Using PYTHON_EXECUTABLE: /usr/bin/python3
[0.368s] -- Override CMake install command with custom implementation using symlinks instead of copying resources
[0.377s] -- Found rclcpp: 2.4.3 (/opt/ros/foxy/share/rclcpp/cmake)
[0.431s] -- Using all available rosidl_typesupport_c: rosidl_typesupport_fastrtps_c;rosidl_typesupport_introspection_c
[0.438s] -- Found rosidl_adapter: 1.3.1 (/opt/ros/foxy/share/rosidl_adapter/cmake)
[0.657s] -- Using all available rosidl_typesupport_cpp: rosidl_typesupport_fastrtps_cpp;rosidl_typesupport_introspection_cpp
[0.747s] -- Found rmw_implementation_cmake: 1.0.4 (/opt/ros/foxy/share/rmw_implementation_cmake/cmake)
[0.751s] -- Using RMW implementation 'rmw_fastrtps_cpp' as default
[0.941s] -- Found geometry_msgs: 2.0.5 (/opt/ros/foxy/share/geometry_msgs/cmake)
[0.980s] -- Found sensor_msgs: 2.0.5 (/opt/ros/foxy/share/sensor_msgs/cmake)
[1.065s] -- Found nav_msgs: 2.0.5 (/opt/ros/foxy/share/nav_msgs/cmake)
[1.158s] -- Found tf2: 0.13.14 (/opt/ros/foxy/share/tf2/cmake)
[1.174s] -- Found ament_lint_auto: 0.9.8 (/opt/ros/foxy/share/ament_lint_auto/cmake)
[1.266s] -- Added test 'copyright' to check source files copyright and LICENSE
[1.267s] -- Added test 'cppcheck' to perform static code analysis on C / C++ code
[1.268s] -- Configured cppcheck include dirs: $<BUILD_INTERFACE:/home/tutu/mr_ws_ros2/src/simple_planner/include>
[1.268s] -- Configured cppcheck exclude dirs and/or files: 
[1.272s] -- Added test 'cpplint' to check C / C++ code against the Google style
[1.272s] -- Configured cpplint exclude dirs and/or files: 
[1.272s] -- Added test 'flake8' to check Python code syntax and style conventions
[1.272s] -- Added test 'lint_cmake' to check CMake code style
[1.273s] -- Added test 'pep257' to check Python code against some of the style conventions in PEP 257
[1.273s] -- Added test 'uncrustify' to check C / C++ code style
[1.273s] -- Configured uncrustify additional arguments: 
[1.274s] -- Added test 'xmllint' to check XML markup files
[1.278s] -- Configuring done
[1.296s] -- Generating done
[1.298s] -- Build files have been written to: /home/tutu/mr_ws_ros2/build/simple_planner
[1.310s] Invoked command in '/home/tutu/mr_ws_ros2/build/simple_planner' returned '0': CMAKE_PREFIX_PATH=${CMAKE_PREFIX_PATH}:/opt/ros/foxy /usr/bin/cmake /home/tutu/mr_ws_ros2/src/simple_planner -DCMAKE_BUILD_TYPE=RelWithDebInfo -DAMENT_CMAKE_SYMLINK_INSTALL=1 -DCMAKE_INSTALL_PREFIX=/home/tutu/mr_ws_ros2/install/simple_planner
[1.313s] Invoking command in '/home/tutu/mr_ws_ros2/build/simple_planner': CMAKE_PREFIX_PATH=${CMAKE_PREFIX_PATH}:/opt/ros/foxy /usr/bin/cmake --build /home/tutu/mr_ws_ros2/build/simple_planner -- -j8 -l8
[1.359s] [35m[1mScanning dependencies of target planner[0m
[1.391s] [ 50%] [32mBuilding CXX object CMakeFiles/planner.dir/src/planner.cpp.o[0m
[3.029s] [01m[K/home/tutu/mr_ws_ros2/src/simple_planner/src/planner.cpp:36:6:[m[K [01;31m[Kerror: [m[Kno declaration matches ‘[01m[Kvoid simple_planner::Planner::on_pose(const Odometry&)[m[K’
[3.030s]    36 | void [01;31m[KPlanner[m[K::on_pose(const nav_msgs::msg::Odometry& odom)
[3.030s]       |      [01;31m[K^~~~~~~[m[K
[3.030s] In file included from [01m[K/home/tutu/mr_ws_ros2/src/simple_planner/src/planner.cpp:1[m[K:
[3.030s] [01m[K/home/tutu/mr_ws_ros2/src/simple_planner/src/planner.h:46:10:[m[K [01;36m[Knote: [m[Kcandidate is: ‘[01m[Kvoid simple_planner::Planner::on_pose(nav_msgs::msg::Odometry_<std::allocator<void> >::SharedPtr)[m[K’
[3.030s]    46 |     void [01;36m[Kon_pose[m[K(const nav_msgs::msg::Odometry::SharedPtr odom);
[3.030s]       |          [01;36m[K^~~~~~~[m[K
[3.030s] [01m[K/home/tutu/mr_ws_ros2/src/simple_planner/src/planner.h:39:7:[m[K [01;36m[Knote: [m[K‘[01m[Kclass simple_planner::Planner[m[K’ defined here
[3.030s]    39 | class [01;36m[KPlanner[m[K : public rclcpp::Node
[3.030s]       |       [01;36m[K^~~~~~~[m[K
[3.030s] [01m[K/home/tutu/mr_ws_ros2/src/simple_planner/src/planner.cpp:41:6:[m[K [01;31m[Kerror: [m[Kno declaration matches ‘[01m[Kvoid simple_planner::Planner::on_target(const PoseStamped&)[m[K’
[3.030s]    41 | void [01;31m[KPlanner[m[K::on_target(const geometry_msgs::msg::PoseStamped& pose)
[3.030s]       |      [01;31m[K^~~~~~~[m[K
[3.030s] In file included from [01m[K/home/tutu/mr_ws_ros2/src/simple_planner/src/planner.cpp:1[m[K:
[3.030s] [01m[K/home/tutu/mr_ws_ros2/src/simple_planner/src/planner.h:48:10:[m[K [01;36m[Knote: [m[Kcandidate is: ‘[01m[Kvoid simple_planner::Planner::on_target(geometry_msgs::msg::PoseStamped_<std::allocator<void> >::SharedPtr)[m[K’
[3.031s]    48 |     void [01;36m[Kon_target[m[K(const geometry_msgs::msg::PoseStamped::SharedPtr pose);
[3.031s]       |          [01;36m[K^~~~~~~~~[m[K
[3.031s] [01m[K/home/tutu/mr_ws_ros2/src/simple_planner/src/planner.h:39:7:[m[K [01;36m[Knote: [m[K‘[01m[Kclass simple_planner::Planner[m[K’ defined here
[3.031s]    39 | class [01;36m[KPlanner[m[K : public rclcpp::Node
[3.031s]       |       [01;36m[K^~~~~~~[m[K
[3.031s] [01m[K/home/tutu/mr_ws_ros2/src/simple_planner/src/planner.cpp:95:6:[m[K [01;31m[Kerror: [m[Kno declaration matches ‘[01m[Kvoid simple_planner::Planner::odomCallback(const Odometry&)[m[K’
[3.031s]    95 | void [01;31m[KPlanner[m[K::odomCallback(const nav_msgs::msg::Odometry& odom_msg) {
[3.031s]       |      [01;31m[K^~~~~~~[m[K
[3.031s] In file included from [01m[K/home/tutu/mr_ws_ros2/src/simple_planner/src/planner.cpp:1[m[K:
[3.031s] [01m[K/home/tutu/mr_ws_ros2/src/simple_planner/src/planner.h:60:10:[m[K [01;36m[Knote: [m[Kcandidate is: ‘[01m[Kvoid simple_planner::Planner::odomCallback(nav_msgs::msg::Odometry_<std::allocator<void> >::SharedPtr)[m[K’
[3.031s]    60 |     void [01;36m[KodomCallback[m[K(const nav_msgs::msg::Odometry::SharedPtr odom_msg);
[3.031s]       |          [01;36m[K^~~~~~~~~~~~[m[K
[3.031s] In file included from [01m[K/home/tutu/mr_ws_ros2/src/simple_planner/src/planner.cpp:1[m[K:
[3.031s] [01m[K/home/tutu/mr_ws_ros2/src/simple_planner/src/planner.h:39:7:[m[K [01;36m[Knote: [m[K‘[01m[Kclass simple_planner::Planner[m[K’ defined here
[3.031s]    39 | class [01;36m[KPlanner[m[K : public rclcpp::Node
[3.031s]       |       [01;36m[K^~~~~~~[m[K
[3.031s] [01m[K/home/tutu/mr_ws_ros2/src/simple_planner/src/planner.cpp:[m[K In member function ‘[01m[Kstd::unique_lock<std::mutex> simple_planner::Planner::move_to_position(double, double, double, double)[m[K’:
[3.032s] [01m[K/home/tutu/mr_ws_ros2/src/simple_planner/src/planner.cpp:114:27:[m[K [01;35m[Kwarning: [m[Kmoving a local object in a return statement prevents copy elision [[01;35m[K-Wpessimizing-move[m[K]
[3.032s]   114 |           return [01;35m[Kstd::move(lock)[m[K;
[3.032s]       |                  [01;35m[K~~~~~~~~~^~~~~~[m[K
[3.032s] [01m[K/home/tutu/mr_ws_ros2/src/simple_planner/src/planner.cpp:114:27:[m[K [01;36m[Knote: [m[Kremove ‘[01m[Kstd::move[m[K’ call
[3.038s] [01m[K/home/tutu/mr_ws_ros2/src/simple_planner/src/planner.cpp:145:31:[m[K [01;35m[Kwarning: [m[Kmoving a local object in a return statement prevents copy elision [[01;35m[K-Wpessimizing-move[m[K]
[3.038s]   145 |               return [01;35m[Kstd::move(lock)[m[K;
[3.038s]       |                      [01;35m[K~~~~~~~~~^~~~~~[m[K
[3.038s] [01m[K/home/tutu/mr_ws_ros2/src/simple_planner/src/planner.cpp:145:31:[m[K [01;36m[Knote: [m[Kremove ‘[01m[Kstd::move[m[K’ call
[3.197s] [01m[K/home/tutu/mr_ws_ros2/src/simple_planner/src/planner.cpp:[m[K In member function ‘[01m[Kbool simple_planner::Planner::indices_in_map(int, int)[m[K’:
[3.197s] [01m[K/home/tutu/mr_ws_ros2/src/simple_planner/src/planner.cpp:189:32:[m[K [01;35m[Kwarning: [m[Kcomparison of integer expressions of different signedness: ‘[01m[Kint[m[K’ and ‘[01m[Knav_msgs::msg::MapMetaData_<std::allocator<void> >::_width_type[m[K’ {aka ‘[01m[Kunsigned int[m[K’} [[01;35m[K-Wsign-compare[m[K]
[3.197s]   189 |   return i >= 0 && j >= 0 && [01;35m[Ki < map_.info.width[m[K && j < map_.info.height;
[3.197s]       |                              [01;35m[K~~^~~~~~~~~~~~~~~~~[m[K
[3.197s] [01m[K/home/tutu/mr_ws_ros2/src/simple_planner/src/planner.cpp:189:55:[m[K [01;35m[Kwarning: [m[Kcomparison of integer expressions of different signedness: ‘[01m[Kint[m[K’ and ‘[01m[Knav_msgs::msg::MapMetaData_<std::allocator<void> >::_height_type[m[K’ {aka ‘[01m[Kunsigned int[m[K’} [[01;35m[K-Wsign-compare[m[K]
[3.197s]   189 |   return i >= 0 && j >= 0 && i < map_.info.width && [01;35m[Kj < map_.info.height[m[K;
[3.197s]       |                                                     [01;35m[K~~^~~~~~~~~~~~~~~~~~[m[K
[3.202s] [01m[K/home/tutu/mr_ws_ros2/src/simple_planner/src/planner.cpp:[m[K In member function ‘[01m[Kvoid simple_planner::Planner::increase_obstacles(std::size_t)[m[K’:
[3.202s] [01m[K/home/tutu/mr_ws_ros2/src/simple_planner/src/planner.cpp:200:21:[m[K [01;35m[Kwarning: [m[Kcomparison of integer expressions of different signedness: ‘[01m[Kint[m[K’ and ‘[01m[Knav_msgs::msg::MapMetaData_<std::allocator<void> >::_width_type[m[K’ {aka ‘[01m[Kunsigned int[m[K’} [[01;35m[K-Wsign-compare[m[K]
[3.203s]   200 |   for (int i = 0; [01;35m[Ki < map_.info.width[m[K; ++i)
[3.203s]       |                   [01;35m[K~~^~~~~~~~~~~~~~~~~[m[K
[3.203s] [01m[K/home/tutu/mr_ws_ros2/src/simple_planner/src/planner.cpp:202:23:[m[K [01;35m[Kwarning: [m[Kcomparison of integer expressions of different signedness: ‘[01m[Kint[m[K’ and ‘[01m[Knav_msgs::msg::MapMetaData_<std::allocator<void> >::_height_type[m[K’ {aka ‘[01m[Kunsigned int[m[K’} [[01;35m[K-Wsign-compare[m[K]
[3.203s]   202 |     for (int j = 0; [01;35m[Kj < map_.info.height[m[K; ++j)
[3.203s]       |                     [01;35m[K~~^~~~~~~~~~~~~~~~~~[m[K
[3.205s] [01m[K/home/tutu/mr_ws_ros2/src/simple_planner/src/planner.cpp:[m[K In member function ‘[01m[Kdouble simple_planner::Planner::heruistic(int, int)[m[K’:
[3.205s] [01m[K/home/tutu/mr_ws_ros2/src/simple_planner/src/planner.cpp:255:31:[m[K [01;35m[Kwarning: [m[Kunused parameter ‘[01m[Ki[m[K’ [[01;35m[K-Wunused-parameter[m[K]
[3.206s]   255 | double Planner::heruistic([01;35m[Kint i[m[K, int j) {
[3.206s]       |                           [01;35m[K~~~~^[m[K
[3.206s] [01m[K/home/tutu/mr_ws_ros2/src/simple_planner/src/planner.cpp:255:38:[m[K [01;35m[Kwarning: [m[Kunused parameter ‘[01m[Kj[m[K’ [[01;35m[K-Wunused-parameter[m[K]
[3.206s]   255 | double Planner::heruistic(int i, [01;35m[Kint j[m[K) {
[3.206s]       |                                  [01;35m[K~~~~^[m[K
[3.206s] [01m[K/home/tutu/mr_ws_ros2/src/simple_planner/src/planner.cpp:[m[K In member function ‘[01m[Kbool simple_planner::CompareSearchNodes::operator()(const simple_planner::MapIndex&, const simple_planner::MapIndex&) const[m[K’:
[3.206s] [01m[K/home/tutu/mr_ws_ros2/src/simple_planner/src/planner.cpp:263:51:[m[K [01;31m[Kerror: [m[K‘[01m[Kstd::vector<simple_planner::SearchNode> simple_planner::Planner::search_map_[m[K’ is private within this context
[3.206s]   263 |    SearchNode& left = planner_.map_value(planner_.[01;31m[Ksearch_map_[m[K, left_index.i, left_index.j);
[3.206s]       |                                                   [01;31m[K^~~~~~~~~~~[m[K
[3.206s] In file included from [01m[K/home/tutu/mr_ws_ros2/src/simple_planner/src/planner.cpp:1[m[K:
[3.206s] [01m[K/home/tutu/mr_ws_ros2/src/simple_planner/src/planner.h:105:29:[m[K [01;36m[Knote: [m[Kdeclared private here
[3.206s]   105 |     std::vector<SearchNode> [01;36m[Ksearch_map_[m[K;
[3.206s]       |                             [01;36m[K^~~~~~~~~~~[m[K
[3.206s] [01m[K/home/tutu/mr_ws_ros2/src/simple_planner/src/planner.cpp:263:90:[m[K [01;31m[Kerror: [m[K‘[01m[KT& simple_planner::Planner::map_value(std::vector<BufferT>&, int, int) [with T = simple_planner::SearchNode][m[K’ is private within this context
[3.206s]   263 |    SearchNode& left = planner_.map_value(planner_.search_map_, left_index.i, left_index.j[01;31m[K)[m[K;
[3.206s]       |                                                                                          [01;31m[K^[m[K
[3.206s] In file included from [01m[K/home/tutu/mr_ws_ros2/src/simple_planner/src/planner.cpp:1[m[K:
[3.207s] [01m[K/home/tutu/mr_ws_ros2/src/simple_planner/src/planner.h:67:8:[m[K [01;36m[Knote: [m[Kdeclared private here
[3.207s]    67 |     T& [01;36m[Kmap_value[m[K(std::vector<T>& data, int i, int j)
[3.207s]       |        [01;36m[K^~~~~~~~~[m[K
[3.207s] [01m[K/home/tutu/mr_ws_ros2/src/simple_planner/src/planner.cpp:264:52:[m[K [01;31m[Kerror: [m[K‘[01m[Kstd::vector<simple_planner::SearchNode> simple_planner::Planner::search_map_[m[K’ is private within this context
[3.207s]   264 |    SearchNode& right = planner_.map_value(planner_.[01;31m[Ksearch_map_[m[K, right_index.i, right_index.j);
[3.207s]       |                                                    [01;31m[K^~~~~~~~~~~[m[K
[3.207s] In file included from [01m[K/home/tutu/mr_ws_ros2/src/simple_planner/src/planner.cpp:1[m[K:
[3.207s] [01m[K/home/tutu/mr_ws_ros2/src/simple_planner/src/planner.h:105:29:[m[K [01;36m[Knote: [m[Kdeclared private here
[3.207s]   105 |     std::vector<SearchNode> [01;36m[Ksearch_map_[m[K;
[3.207s]       |                             [01;36m[K^~~~~~~~~~~[m[K
[3.207s] [01m[K/home/tutu/mr_ws_ros2/src/simple_planner/src/planner.cpp:264:93:[m[K [01;31m[Kerror: [m[K‘[01m[KT& simple_planner::Planner::map_value(std::vector<BufferT>&, int, int) [with T = simple_planner::SearchNode][m[K’ is private within this context
[3.207s]   264 |    SearchNode& right = planner_.map_value(planner_.search_map_, right_index.i, right_index.j[01;31m[K)[m[K;
[3.207s]       |                                                                                             [01;31m[K^[m[K
[3.207s] In file included from [01m[K/home/tutu/mr_ws_ros2/src/simple_planner/src/planner.cpp:1[m[K:
[3.207s] [01m[K/home/tutu/mr_ws_ros2/src/simple_planner/src/planner.h:67:8:[m[K [01;36m[Knote: [m[Kdeclared private here
[3.207s]    67 |     T& [01;36m[Kmap_value[m[K(std::vector<T>& data, int i, int j)
[3.207s]       |        [01;36m[K^~~~~~~~~[m[K
[3.216s] [01m[K/home/tutu/mr_ws_ros2/src/simple_planner/src/planner.cpp:[m[K In member function ‘[01m[Kvoid simple_planner::Planner::calculate_path()[m[K’:
[3.216s] [01m[K/home/tutu/mr_ws_ros2/src/simple_planner/src/planner.cpp:364:13:[m[K [01;35m[Kwarning: [m[Kunused variable ‘[01m[Knode[m[K’ [[01;35m[K-Wunused-variable[m[K]
[3.216s]   364 |       auto& [01;35m[Knode[m[K = map_value(search_map_, point.i, point.j);
[3.216s]       |             [01;35m[K^~~~[m[K
[5.788s] make[2]: *** [CMakeFiles/planner.dir/build.make:63：CMakeFiles/planner.dir/src/planner.cpp.o] 错误 1
[5.788s] make[1]: *** [CMakeFiles/Makefile2:105：CMakeFiles/planner.dir/all] 错误 2
[5.788s] make: *** [Makefile:141：all] 错误 2
[5.790s] Invoked command in '/home/tutu/mr_ws_ros2/build/simple_planner' returned '2': CMAKE_PREFIX_PATH=${CMAKE_PREFIX_PATH}:/opt/ros/foxy /usr/bin/cmake --build /home/tutu/mr_ws_ros2/build/simple_planner -- -j8 -l8
