[0.044s] Invoking command in '/home/tutu/mr_ws_ros2/build/angles': CMAKE_PREFIX_PATH=/opt/ros/foxy /usr/bin/cmake /home/tutu/mr_ws_ros2/src/angles -DCMAKE_INSTALL_PREFIX=/home/tutu/mr_ws_ros2/install/angles
[0.184s] -- The C compiler identification is GNU 9.4.0
[0.293s] -- The CXX compiler identification is GNU 9.4.0
[0.300s] -- Check for working C compiler: /usr/bin/cc
[0.427s] -- Check for working C compiler: /usr/bin/cc -- works
[0.428s] -- Detecting C compiler ABI info
[0.497s] -- Detecting C compiler ABI info - done
[0.512s] -- Detecting C compile features
[0.513s] -- Detecting C compile features - done
[0.516s] -- Check for working CXX compiler: /usr/bin/c++
[0.643s] -- Check for working CXX compiler: /usr/bin/c++ -- works
[0.644s] -- Detecting CXX compiler ABI info
[0.754s] -- Detecting CXX compiler ABI info - done
[0.766s] -- Detecting CXX compile features
[0.767s] -- Detecting CXX compile features - done
[0.770s] -- Found ament_cmake: 0.9.12 (/opt/ros/foxy/share/ament_cmake/cmake)
[0.802s] -- Found PythonInterp: /usr/bin/python3 (found suitable version "3.8.10", minimum required is "3") 
[0.802s] -- Using PYTHON_EXECUTABLE: /usr/bin/python3
[1.083s] -- Found ament_cmake_gtest: 0.9.12 (/opt/ros/foxy/share/ament_cmake_gtest/cmake)
[1.087s] -- Found gtest sources under '/opt/ros/foxy/src/gtest_vendor': C++ tests using 'Google Test' will be built
[1.090s] -- Looking for pthread.h
[1.163s] -- Looking for pthread.h - found
[1.163s] -- Performing Test CMAKE_HAVE_LIBC_PTHREAD
[1.233s] -- Performing Test CMAKE_HAVE_LIBC_PTHREAD - Failed
[1.234s] -- Check if compiler accepts -pthread
[1.304s] -- Check if compiler accepts -pthread - yes
[1.305s] -- Found Threads: TRUE  
[1.308s] -- Found ament_cmake_pytest: 0.9.12 (/opt/ros/foxy/share/ament_cmake_pytest/cmake)
[2.031s] -- Configuring done
[2.038s] -- Generating done
[2.039s] -- Build files have been written to: /home/tutu/mr_ws_ros2/build/angles
[2.043s] Invoked command in '/home/tutu/mr_ws_ros2/build/angles' returned '0': CMAKE_PREFIX_PATH=/opt/ros/foxy /usr/bin/cmake /home/tutu/mr_ws_ros2/src/angles -DCMAKE_INSTALL_PREFIX=/home/tutu/mr_ws_ros2/install/angles
[2.044s] Invoking command in '/home/tutu/mr_ws_ros2/build/angles': CMAKE_PREFIX_PATH=/opt/ros/foxy /usr/bin/cmake --build /home/tutu/mr_ws_ros2/build/angles -- -j8 -l8
[2.080s] [35m[1mScanning dependencies of target gtest_main[0m
[2.080s] [35m[1mScanning dependencies of target gtest[0m
[2.101s] [ 33%] [32mBuilding CXX object gtest/CMakeFiles/gtest_main.dir/src/gtest_main.cc.o[0m
[2.101s] [ 33%] [32mBuilding CXX object gtest/CMakeFiles/gtest.dir/src/gtest-all.cc.o[0m
[2.915s] [ 50%] [32m[1mLinking CXX static library libgtest_main.a[0m
[2.961s] [ 50%] Built target gtest_main
[5.918s] [ 66%] [32m[1mLinking CXX static library libgtest.a[0m
[5.972s] [ 66%] Built target gtest
[5.981s] [35m[1mScanning dependencies of target angles_utest[0m
[5.993s] [ 83%] [32mBuilding CXX object CMakeFiles/angles_utest.dir/test/utest.cpp.o[0m
[7.222s] [100%] [32m[1mLinking CXX executable angles_utest[0m
[7.378s] [100%] Built target angles_utest
