[0.029s] Invoking command in '/home/tutu/ros2m/build/simple_controller': CMAKE_PREFIX_PATH=/home/tutu/ros2m/install/angles:/home/tutu/ros2m/install/stage_ros2:/home/tutu/ros2m/install/stage_controller:/home/tutu/ros2m/install/simple_planner:/home/tutu/ros2m/install/simple_controller:/home/tutu/ros2m/install/feature_matcher:/home/tutu/ros2m/install/cart_launch:/home/tutu/ros2m/install/barrel_slam:/home/tutu/ros2m/install/Stage:/opt/ros/humble /usr/bin/cmake --build /home/tutu/ros2m/build/simple_controller -- -j1 -l1
[0.183s] [100%] Built target controller_node
[0.213s] Invoked command in '/home/tutu/ros2m/build/simple_controller' returned '0': CMAKE_PREFIX_PATH=/home/tutu/ros2m/install/angles:/home/tutu/ros2m/install/stage_ros2:/home/tutu/ros2m/install/stage_controller:/home/tutu/ros2m/install/simple_planner:/home/tutu/ros2m/install/simple_controller:/home/tutu/ros2m/install/feature_matcher:/home/tutu/ros2m/install/cart_launch:/home/tutu/ros2m/install/barrel_slam:/home/tutu/ros2m/install/Stage:/opt/ros/humble /usr/bin/cmake --build /home/tutu/ros2m/build/simple_controller -- -j1 -l1
[0.222s] Invoking command in '/home/tutu/ros2m/build/simple_controller': CMAKE_PREFIX_PATH=/home/tutu/ros2m/install/angles:/home/tutu/ros2m/install/stage_ros2:/home/tutu/ros2m/install/stage_controller:/home/tutu/ros2m/install/simple_planner:/home/tutu/ros2m/install/simple_controller:/home/tutu/ros2m/install/feature_matcher:/home/tutu/ros2m/install/cart_launch:/home/tutu/ros2m/install/barrel_slam:/home/tutu/ros2m/install/Stage:/opt/ros/humble /usr/bin/cmake --install /home/tutu/ros2m/build/simple_controller
[0.241s] -- Install configuration: ""
[0.245s] -- Up-to-date: /home/tutu/ros2m/install/simple_controller/lib/simple_controller/controller_node
[0.246s] -- Up-to-date: /home/tutu/ros2m/install/simple_controller/share/simple_controller//launch
[0.248s] -- Up-to-date: /home/tutu/ros2m/install/simple_controller/share/simple_controller//launch/controller_stage.launch.py
[0.248s] -- Up-to-date: /home/tutu/ros2m/install/simple_controller/share/simple_controller//launch/controller1s.yaml
[0.248s] -- Up-to-date: /home/tutu/ros2m/install/simple_controller/share/simple_controller//launch/controller_curv.yaml
[0.248s] -- Up-to-date: /home/tutu/ros2m/install/simple_controller/share/simple_controller//launch/controller.yaml
[0.249s] -- Up-to-date: /home/tutu/ros2m/install/simple_controller/include
[0.250s] -- Up-to-date: /home/tutu/ros2m/install/simple_controller/include/trajectory_segment.h
[0.250s] -- Up-to-date: /home/tutu/ros2m/install/simple_controller/share/ament_index/resource_index/package_run_dependencies/simple_controller
[0.252s] -- Up-to-date: /home/tutu/ros2m/install/simple_controller/share/ament_index/resource_index/parent_prefix_path/simple_controller
[0.252s] -- Up-to-date: /home/tutu/ros2m/install/simple_controller/share/simple_controller/environment/ament_prefix_path.sh
[0.253s] -- Up-to-date: /home/tutu/ros2m/install/simple_controller/share/simple_controller/environment/ament_prefix_path.dsv
[0.253s] -- Up-to-date: /home/tutu/ros2m/install/simple_controller/share/simple_controller/environment/path.sh
[0.253s] -- Up-to-date: /home/tutu/ros2m/install/simple_controller/share/simple_controller/environment/path.dsv
[0.254s] -- Up-to-date: /home/tutu/ros2m/install/simple_controller/share/simple_controller/local_setup.bash
[0.254s] -- Up-to-date: /home/tutu/ros2m/install/simple_controller/share/simple_controller/local_setup.sh
[0.255s] -- Up-to-date: /home/tutu/ros2m/install/simple_controller/share/simple_controller/local_setup.zsh
[0.256s] -- Up-to-date: /home/tutu/ros2m/install/simple_controller/share/simple_controller/local_setup.dsv
[0.258s] -- Installing: /home/tutu/ros2m/install/simple_controller/share/simple_controller/package.dsv
[0.260s] -- Up-to-date: /home/tutu/ros2m/install/simple_controller/share/ament_index/resource_index/packages/simple_controller
[0.265s] -- Up-to-date: /home/tutu/ros2m/install/simple_controller/share/simple_controller/cmake/simple_controllerConfig.cmake
[0.265s] -- Up-to-date: /home/tutu/ros2m/install/simple_controller/share/simple_controller/cmake/simple_controllerConfig-version.cmake
[0.266s] -- Up-to-date: /home/tutu/ros2m/install/simple_controller/share/simple_controller/package.xml
[0.269s] Invoked command in '/home/tutu/ros2m/build/simple_controller' returned '0': CMAKE_PREFIX_PATH=/home/tutu/ros2m/install/angles:/home/tutu/ros2m/install/stage_ros2:/home/tutu/ros2m/install/stage_controller:/home/tutu/ros2m/install/simple_planner:/home/tutu/ros2m/install/simple_controller:/home/tutu/ros2m/install/feature_matcher:/home/tutu/ros2m/install/cart_launch:/home/tutu/ros2m/install/barrel_slam:/home/tutu/ros2m/install/Stage:/opt/ros/humble /usr/bin/cmake --install /home/tutu/ros2m/build/simple_controller
