[0.203s] DEBUG:colcon:Command line arguments: ['/usr/bin/colcon', 'build', '--symlink-install', '--event-handlers', 'console_cohesion+', '--base-paths', '/home/tutu/mr_ws_ros2', '--cmake-args', '-DCMAKE_BUILD_TYPE=RelWithDebInfo']
[0.203s] DEBUG:colcon:Parsed command line arguments: Namespace(allow_overriding=[], ament_cmake_args=None, base_paths=['/home/tutu/mr_ws_ros2'], build_base='build', catkin_cmake_args=None, catkin_skip_building_tests=False, cmake_args=['-DCMAKE_BUILD_TYPE=RelWithDebInfo'], cmake_clean_cache=False, cmake_clean_first=False, cmake_force_configure=False, cmake_target=None, cmake_target_skip_unavailable=False, continue_on_error=False, event_handlers=['console_cohesion+'], executor='parallel', ignore_user_meta=False, install_base='install', log_base=None, log_level=None, main=<bound method BuildVerb.main of <colcon_core.verb.build.BuildVerb object at 0x7fc8c7e91190>>, merge_install=False, metas=['./colcon.meta'], packages_above=None, packages_above_and_dependencies=None, packages_above_depth=None, packages_end=None, packages_ignore=None, packages_ignore_regex=None, packages_select=None, packages_select_build_failed=False, packages_select_by_dep=None, packages_select_regex=None, packages_select_test_failures=False, packages_skip=None, packages_skip_build_finished=False, packages_skip_by_dep=None, packages_skip_regex=None, packages_skip_test_passed=False, packages_skip_up_to=None, packages_start=None, packages_up_to=None, packages_up_to_regex=None, parallel_workers=8, paths=None, symlink_install=True, test_result_base=None, verb_extension=<colcon_core.verb.build.BuildVerb object at 0x7fc8c7e91190>, verb_name='build', verb_parser=<colcon_defaults.argument_parser.defaults.DefaultArgumentsDecorator object at 0x7fc8c7d21070>)
[0.352s] Level 1:colcon.colcon_core.package_discovery:discover_packages(colcon_meta) check parameters
[0.352s] Level 1:colcon.colcon_core.package_discovery:discover_packages(recursive) check parameters
[0.352s] Level 1:colcon.colcon_core.package_discovery:discover_packages(ignore) check parameters
[0.352s] Level 1:colcon.colcon_core.package_discovery:discover_packages(path) check parameters
[0.352s] Level 1:colcon.colcon_core.package_discovery:discover_packages(recursive) discover
[0.352s] INFO:colcon.colcon_core.package_discovery:Crawling recursively for packages in '/home/tutu/mr_ws_ros2'
[0.352s] Level 1:colcon.colcon_core.package_identification:_identify(/home/tutu/mr_ws_ros2) by extensions ['ignore', 'ignore_ament_install']
[0.352s] Level 1:colcon.colcon_core.package_identification:_identify(/home/tutu/mr_ws_ros2) by extension 'ignore'
[0.352s] Level 1:colcon.colcon_core.package_identification:_identify(/home/tutu/mr_ws_ros2) by extension 'ignore_ament_install'
[0.352s] Level 1:colcon.colcon_core.package_identification:_identify(/home/tutu/mr_ws_ros2) by extensions ['colcon_pkg']
[0.352s] Level 1:colcon.colcon_core.package_identification:_identify(/home/tutu/mr_ws_ros2) by extension 'colcon_pkg'
[0.352s] Level 1:colcon.colcon_core.package_identification:_identify(/home/tutu/mr_ws_ros2) by extensions ['colcon_meta']
[0.352s] Level 1:colcon.colcon_core.package_identification:_identify(/home/tutu/mr_ws_ros2) by extension 'colcon_meta'
[0.352s] Level 1:colcon.colcon_core.package_identification:_identify(/home/tutu/mr_ws_ros2) by extensions ['ros']
[0.352s] Level 1:colcon.colcon_core.package_identification:_identify(/home/tutu/mr_ws_ros2) by extension 'ros'
[0.365s] Level 1:colcon.colcon_core.package_identification:_identify(/home/tutu/mr_ws_ros2) by extensions ['cmake', 'python']
[0.365s] Level 1:colcon.colcon_core.package_identification:_identify(/home/tutu/mr_ws_ros2) by extension 'cmake'
[0.365s] Level 1:colcon.colcon_core.package_identification:_identify(/home/tutu/mr_ws_ros2) by extension 'python'
[0.365s] Level 1:colcon.colcon_core.package_identification:_identify(/home/tutu/mr_ws_ros2) by extensions ['python_setup_py']
[0.365s] Level 1:colcon.colcon_core.package_identification:_identify(/home/tutu/mr_ws_ros2) by extension 'python_setup_py'
[0.365s] Level 1:colcon.colcon_core.package_identification:_identify(/home/tutu/mr_ws_ros2/build) by extensions ['ignore', 'ignore_ament_install']
[0.365s] Level 1:colcon.colcon_core.package_identification:_identify(/home/tutu/mr_ws_ros2/build) by extension 'ignore'
[0.365s] Level 1:colcon.colcon_core.package_identification:_identify(/home/tutu/mr_ws_ros2/build) ignored
[0.365s] Level 1:colcon.colcon_core.package_identification:_identify(/home/tutu/mr_ws_ros2/install) by extensions ['ignore', 'ignore_ament_install']
[0.366s] Level 1:colcon.colcon_core.package_identification:_identify(/home/tutu/mr_ws_ros2/install) by extension 'ignore'
[0.366s] Level 1:colcon.colcon_core.package_identification:_identify(/home/tutu/mr_ws_ros2/install) ignored
[0.366s] Level 1:colcon.colcon_core.package_identification:_identify(/home/tutu/mr_ws_ros2/log) by extensions ['ignore', 'ignore_ament_install']
[0.366s] Level 1:colcon.colcon_core.package_identification:_identify(/home/tutu/mr_ws_ros2/log) by extension 'ignore'
[0.366s] Level 1:colcon.colcon_core.package_identification:_identify(/home/tutu/mr_ws_ros2/log) ignored
[0.366s] Level 1:colcon.colcon_core.package_identification:_identify(/home/tutu/mr_ws_ros2/src) by extensions ['ignore', 'ignore_ament_install']
[0.366s] Level 1:colcon.colcon_core.package_identification:_identify(/home/tutu/mr_ws_ros2/src) by extension 'ignore'
[0.366s] Level 1:colcon.colcon_core.package_identification:_identify(/home/tutu/mr_ws_ros2/src) by extension 'ignore_ament_install'
[0.366s] Level 1:colcon.colcon_core.package_identification:_identify(/home/tutu/mr_ws_ros2/src) by extensions ['colcon_pkg']
[0.366s] Level 1:colcon.colcon_core.package_identification:_identify(/home/tutu/mr_ws_ros2/src) by extension 'colcon_pkg'
[0.366s] Level 1:colcon.colcon_core.package_identification:_identify(/home/tutu/mr_ws_ros2/src) by extensions ['colcon_meta']
[0.366s] Level 1:colcon.colcon_core.package_identification:_identify(/home/tutu/mr_ws_ros2/src) by extension 'colcon_meta'
[0.366s] Level 1:colcon.colcon_core.package_identification:_identify(/home/tutu/mr_ws_ros2/src) by extensions ['ros']
[0.366s] Level 1:colcon.colcon_core.package_identification:_identify(/home/tutu/mr_ws_ros2/src) by extension 'ros'
[0.366s] Level 1:colcon.colcon_core.package_identification:_identify(/home/tutu/mr_ws_ros2/src) by extensions ['cmake', 'python']
[0.366s] Level 1:colcon.colcon_core.package_identification:_identify(/home/tutu/mr_ws_ros2/src) by extension 'cmake'
[0.366s] Level 1:colcon.colcon_core.package_identification:_identify(/home/tutu/mr_ws_ros2/src) by extension 'python'
[0.366s] Level 1:colcon.colcon_core.package_identification:_identify(/home/tutu/mr_ws_ros2/src) by extensions ['python_setup_py']
[0.366s] Level 1:colcon.colcon_core.package_identification:_identify(/home/tutu/mr_ws_ros2/src) by extension 'python_setup_py'
[0.367s] Level 1:colcon.colcon_core.package_identification:_identify(/home/tutu/mr_ws_ros2/src/Stage) by extensions ['ignore', 'ignore_ament_install']
[0.367s] Level 1:colcon.colcon_core.package_identification:_identify(/home/tutu/mr_ws_ros2/src/Stage) by extension 'ignore'
[0.367s] Level 1:colcon.colcon_core.package_identification:_identify(/home/tutu/mr_ws_ros2/src/Stage) by extension 'ignore_ament_install'
[0.367s] Level 1:colcon.colcon_core.package_identification:_identify(/home/tutu/mr_ws_ros2/src/Stage) by extensions ['colcon_pkg']
[0.367s] Level 1:colcon.colcon_core.package_identification:_identify(/home/tutu/mr_ws_ros2/src/Stage) by extension 'colcon_pkg'
[0.367s] Level 1:colcon.colcon_core.package_identification:_identify(/home/tutu/mr_ws_ros2/src/Stage) by extensions ['colcon_meta']
[0.367s] Level 1:colcon.colcon_core.package_identification:_identify(/home/tutu/mr_ws_ros2/src/Stage) by extension 'colcon_meta'
[0.367s] Level 1:colcon.colcon_core.package_identification:_identify(/home/tutu/mr_ws_ros2/src/Stage) by extensions ['ros']
[0.367s] Level 1:colcon.colcon_core.package_identification:_identify(/home/tutu/mr_ws_ros2/src/Stage) by extension 'ros'
[0.367s] Level 1:colcon.colcon_core.package_identification:_identify(/home/tutu/mr_ws_ros2/src/Stage) by extensions ['cmake', 'python']
[0.367s] Level 1:colcon.colcon_core.package_identification:_identify(/home/tutu/mr_ws_ros2/src/Stage) by extension 'cmake'
[0.370s] Level 1:colcon.colcon_core.package_identification:_identify(/home/tutu/mr_ws_ros2/src/Stage) by extension 'python'
[0.370s] DEBUG:colcon.colcon_core.package_identification:Package '/home/tutu/mr_ws_ros2/src/Stage' with type 'cmake' and name 'Stage'
[0.370s] Level 1:colcon.colcon_core.package_identification:_identify(/home/tutu/mr_ws_ros2/src/cart_launch) by extensions ['ignore', 'ignore_ament_install']
[0.370s] Level 1:colcon.colcon_core.package_identification:_identify(/home/tutu/mr_ws_ros2/src/cart_launch) by extension 'ignore'
[0.370s] Level 1:colcon.colcon_core.package_identification:_identify(/home/tutu/mr_ws_ros2/src/cart_launch) by extension 'ignore_ament_install'
[0.371s] Level 1:colcon.colcon_core.package_identification:_identify(/home/tutu/mr_ws_ros2/src/cart_launch) by extensions ['colcon_pkg']
[0.371s] Level 1:colcon.colcon_core.package_identification:_identify(/home/tutu/mr_ws_ros2/src/cart_launch) by extension 'colcon_pkg'
[0.371s] Level 1:colcon.colcon_core.package_identification:_identify(/home/tutu/mr_ws_ros2/src/cart_launch) by extensions ['colcon_meta']
[0.371s] Level 1:colcon.colcon_core.package_identification:_identify(/home/tutu/mr_ws_ros2/src/cart_launch) by extension 'colcon_meta'
[0.371s] Level 1:colcon.colcon_core.package_identification:_identify(/home/tutu/mr_ws_ros2/src/cart_launch) by extensions ['ros']
[0.371s] Level 1:colcon.colcon_core.package_identification:_identify(/home/tutu/mr_ws_ros2/src/cart_launch) by extension 'ros'
[0.373s] DEBUG:colcon.colcon_core.package_identification:Package '/home/tutu/mr_ws_ros2/src/cart_launch' with type 'ros.ament_cmake' and name 'cart_launch'
[0.373s] Level 1:colcon.colcon_core.package_identification:_identify(/home/tutu/mr_ws_ros2/src/simple_controller) by extensions ['ignore', 'ignore_ament_install']
[0.373s] Level 1:colcon.colcon_core.package_identification:_identify(/home/tutu/mr_ws_ros2/src/simple_controller) by extension 'ignore'
[0.373s] Level 1:colcon.colcon_core.package_identification:_identify(/home/tutu/mr_ws_ros2/src/simple_controller) by extension 'ignore_ament_install'
[0.373s] Level 1:colcon.colcon_core.package_identification:_identify(/home/tutu/mr_ws_ros2/src/simple_controller) by extensions ['colcon_pkg']
[0.373s] Level 1:colcon.colcon_core.package_identification:_identify(/home/tutu/mr_ws_ros2/src/simple_controller) by extension 'colcon_pkg'
[0.373s] Level 1:colcon.colcon_core.package_identification:_identify(/home/tutu/mr_ws_ros2/src/simple_controller) by extensions ['colcon_meta']
[0.373s] Level 1:colcon.colcon_core.package_identification:_identify(/home/tutu/mr_ws_ros2/src/simple_controller) by extension 'colcon_meta'
[0.373s] Level 1:colcon.colcon_core.package_identification:_identify(/home/tutu/mr_ws_ros2/src/simple_controller) by extensions ['ros']
[0.373s] Level 1:colcon.colcon_core.package_identification:_identify(/home/tutu/mr_ws_ros2/src/simple_controller) by extension 'ros'
[0.374s] DEBUG:colcon.colcon_core.package_identification:Package '/home/tutu/mr_ws_ros2/src/simple_controller' with type 'ros.ament_cmake' and name 'simple_controller'
[0.374s] Level 1:colcon.colcon_core.package_identification:_identify(/home/tutu/mr_ws_ros2/src/stage_controller) by extensions ['ignore', 'ignore_ament_install']
[0.374s] Level 1:colcon.colcon_core.package_identification:_identify(/home/tutu/mr_ws_ros2/src/stage_controller) by extension 'ignore'
[0.374s] Level 1:colcon.colcon_core.package_identification:_identify(/home/tutu/mr_ws_ros2/src/stage_controller) by extension 'ignore_ament_install'
[0.374s] Level 1:colcon.colcon_core.package_identification:_identify(/home/tutu/mr_ws_ros2/src/stage_controller) by extensions ['colcon_pkg']
[0.374s] Level 1:colcon.colcon_core.package_identification:_identify(/home/tutu/mr_ws_ros2/src/stage_controller) by extension 'colcon_pkg'
[0.374s] Level 1:colcon.colcon_core.package_identification:_identify(/home/tutu/mr_ws_ros2/src/stage_controller) by extensions ['colcon_meta']
[0.374s] Level 1:colcon.colcon_core.package_identification:_identify(/home/tutu/mr_ws_ros2/src/stage_controller) by extension 'colcon_meta'
[0.374s] Level 1:colcon.colcon_core.package_identification:_identify(/home/tutu/mr_ws_ros2/src/stage_controller) by extensions ['ros']
[0.374s] Level 1:colcon.colcon_core.package_identification:_identify(/home/tutu/mr_ws_ros2/src/stage_controller) by extension 'ros'
[0.375s] DEBUG:colcon.colcon_core.package_identification:Package '/home/tutu/mr_ws_ros2/src/stage_controller' with type 'ros.ament_cmake' and name 'stage_controller'
[0.376s] Level 1:colcon.colcon_core.package_identification:_identify(/home/tutu/mr_ws_ros2/src/stage_ros2) by extensions ['ignore', 'ignore_ament_install']
[0.376s] Level 1:colcon.colcon_core.package_identification:_identify(/home/tutu/mr_ws_ros2/src/stage_ros2) by extension 'ignore'
[0.376s] Level 1:colcon.colcon_core.package_identification:_identify(/home/tutu/mr_ws_ros2/src/stage_ros2) by extension 'ignore_ament_install'
[0.376s] Level 1:colcon.colcon_core.package_identification:_identify(/home/tutu/mr_ws_ros2/src/stage_ros2) by extensions ['colcon_pkg']
[0.376s] Level 1:colcon.colcon_core.package_identification:_identify(/home/tutu/mr_ws_ros2/src/stage_ros2) by extension 'colcon_pkg'
[0.376s] Level 1:colcon.colcon_core.package_identification:_identify(/home/tutu/mr_ws_ros2/src/stage_ros2) by extensions ['colcon_meta']
[0.376s] Level 1:colcon.colcon_core.package_identification:_identify(/home/tutu/mr_ws_ros2/src/stage_ros2) by extension 'colcon_meta'
[0.376s] Level 1:colcon.colcon_core.package_identification:_identify(/home/tutu/mr_ws_ros2/src/stage_ros2) by extensions ['ros']
[0.376s] Level 1:colcon.colcon_core.package_identification:_identify(/home/tutu/mr_ws_ros2/src/stage_ros2) by extension 'ros'
[0.378s] DEBUG:colcon.colcon_core.package_identification:Package '/home/tutu/mr_ws_ros2/src/stage_ros2' with type 'ros.ament_cmake' and name 'stage_ros2'
[0.378s] Level 1:colcon.colcon_core.package_discovery:discover_packages(recursive) using defaults
[0.403s] Level 1:colcon.colcon_core.package_discovery:discover_packages(prefix_path) check parameters
[0.403s] Level 1:colcon.colcon_core.package_discovery:discover_packages(prefix_path) discover
[0.406s] DEBUG:colcon.colcon_installed_package_information.package_discovery:Found 6 installed packages in /home/tutu/mr_ws_ros2/install
[0.407s] DEBUG:colcon.colcon_installed_package_information.package_discovery:Found 260 installed packages in /opt/ros/foxy
[0.408s] Level 1:colcon.colcon_core.package_discovery:discover_packages(prefix_path) using defaults
[0.482s] Level 5:colcon.colcon_core.verb:set package 'Stage' build argument 'cmake_args' from command line to '['-DCMAKE_BUILD_TYPE=RelWithDebInfo']'
[0.482s] Level 5:colcon.colcon_core.verb:set package 'Stage' build argument 'cmake_target' from command line to 'None'
[0.482s] Level 5:colcon.colcon_core.verb:set package 'Stage' build argument 'cmake_target_skip_unavailable' from command line to 'False'
[0.482s] Level 5:colcon.colcon_core.verb:set package 'Stage' build argument 'cmake_clean_cache' from command line to 'False'
[0.482s] Level 5:colcon.colcon_core.verb:set package 'Stage' build argument 'cmake_clean_first' from command line to 'False'
[0.482s] Level 5:colcon.colcon_core.verb:set package 'Stage' build argument 'cmake_force_configure' from command line to 'False'
[0.482s] Level 5:colcon.colcon_core.verb:set package 'Stage' build argument 'ament_cmake_args' from command line to 'None'
[0.482s] Level 5:colcon.colcon_core.verb:set package 'Stage' build argument 'catkin_cmake_args' from command line to 'None'
[0.482s] Level 5:colcon.colcon_core.verb:set package 'Stage' build argument 'catkin_skip_building_tests' from command line to 'False'
[0.482s] DEBUG:colcon.colcon_core.verb:Building package 'Stage' with the following arguments: {'ament_cmake_args': None, 'build_base': '/home/tutu/mr_ws_ros2/build/Stage', 'catkin_cmake_args': None, 'catkin_skip_building_tests': False, 'cmake_args': ['-DCMAKE_BUILD_TYPE=RelWithDebInfo'], 'cmake_clean_cache': False, 'cmake_clean_first': False, 'cmake_force_configure': False, 'cmake_target': None, 'cmake_target_skip_unavailable': False, 'install_base': '/home/tutu/mr_ws_ros2/install/Stage', 'merge_install': False, 'path': '/home/tutu/mr_ws_ros2/src/Stage', 'symlink_install': True, 'test_result_base': None}
[0.482s] Level 5:colcon.colcon_core.verb:set package 'cart_launch' build argument 'cmake_args' from command line to '['-DCMAKE_BUILD_TYPE=RelWithDebInfo']'
[0.482s] Level 5:colcon.colcon_core.verb:set package 'cart_launch' build argument 'cmake_target' from command line to 'None'
[0.482s] Level 5:colcon.colcon_core.verb:set package 'cart_launch' build argument 'cmake_target_skip_unavailable' from command line to 'False'
[0.482s] Level 5:colcon.colcon_core.verb:set package 'cart_launch' build argument 'cmake_clean_cache' from command line to 'False'
[0.482s] Level 5:colcon.colcon_core.verb:set package 'cart_launch' build argument 'cmake_clean_first' from command line to 'False'
[0.482s] Level 5:colcon.colcon_core.verb:set package 'cart_launch' build argument 'cmake_force_configure' from command line to 'False'
[0.482s] Level 5:colcon.colcon_core.verb:set package 'cart_launch' build argument 'ament_cmake_args' from command line to 'None'
[0.482s] Level 5:colcon.colcon_core.verb:set package 'cart_launch' build argument 'catkin_cmake_args' from command line to 'None'
[0.482s] Level 5:colcon.colcon_core.verb:set package 'cart_launch' build argument 'catkin_skip_building_tests' from command line to 'False'
[0.482s] DEBUG:colcon.colcon_core.verb:Building package 'cart_launch' with the following arguments: {'ament_cmake_args': None, 'build_base': '/home/tutu/mr_ws_ros2/build/cart_launch', 'catkin_cmake_args': None, 'catkin_skip_building_tests': False, 'cmake_args': ['-DCMAKE_BUILD_TYPE=RelWithDebInfo'], 'cmake_clean_cache': False, 'cmake_clean_first': False, 'cmake_force_configure': False, 'cmake_target': None, 'cmake_target_skip_unavailable': False, 'install_base': '/home/tutu/mr_ws_ros2/install/cart_launch', 'merge_install': False, 'path': '/home/tutu/mr_ws_ros2/src/cart_launch', 'symlink_install': True, 'test_result_base': None}
[0.483s] Level 5:colcon.colcon_core.verb:set package 'simple_controller' build argument 'cmake_args' from command line to '['-DCMAKE_BUILD_TYPE=RelWithDebInfo']'
[0.483s] Level 5:colcon.colcon_core.verb:set package 'simple_controller' build argument 'cmake_target' from command line to 'None'
[0.483s] Level 5:colcon.colcon_core.verb:set package 'simple_controller' build argument 'cmake_target_skip_unavailable' from command line to 'False'
[0.483s] Level 5:colcon.colcon_core.verb:set package 'simple_controller' build argument 'cmake_clean_cache' from command line to 'False'
[0.483s] Level 5:colcon.colcon_core.verb:set package 'simple_controller' build argument 'cmake_clean_first' from command line to 'False'
[0.483s] Level 5:colcon.colcon_core.verb:set package 'simple_controller' build argument 'cmake_force_configure' from command line to 'False'
[0.483s] Level 5:colcon.colcon_core.verb:set package 'simple_controller' build argument 'ament_cmake_args' from command line to 'None'
[0.483s] Level 5:colcon.colcon_core.verb:set package 'simple_controller' build argument 'catkin_cmake_args' from command line to 'None'
[0.483s] Level 5:colcon.colcon_core.verb:set package 'simple_controller' build argument 'catkin_skip_building_tests' from command line to 'False'
[0.483s] DEBUG:colcon.colcon_core.verb:Building package 'simple_controller' with the following arguments: {'ament_cmake_args': None, 'build_base': '/home/tutu/mr_ws_ros2/build/simple_controller', 'catkin_cmake_args': None, 'catkin_skip_building_tests': False, 'cmake_args': ['-DCMAKE_BUILD_TYPE=RelWithDebInfo'], 'cmake_clean_cache': False, 'cmake_clean_first': False, 'cmake_force_configure': False, 'cmake_target': None, 'cmake_target_skip_unavailable': False, 'install_base': '/home/tutu/mr_ws_ros2/install/simple_controller', 'merge_install': False, 'path': '/home/tutu/mr_ws_ros2/src/simple_controller', 'symlink_install': True, 'test_result_base': None}
[0.483s] Level 5:colcon.colcon_core.verb:set package 'stage_controller' build argument 'cmake_args' from command line to '['-DCMAKE_BUILD_TYPE=RelWithDebInfo']'
[0.483s] Level 5:colcon.colcon_core.verb:set package 'stage_controller' build argument 'cmake_target' from command line to 'None'
[0.483s] Level 5:colcon.colcon_core.verb:set package 'stage_controller' build argument 'cmake_target_skip_unavailable' from command line to 'False'
[0.483s] Level 5:colcon.colcon_core.verb:set package 'stage_controller' build argument 'cmake_clean_cache' from command line to 'False'
[0.483s] Level 5:colcon.colcon_core.verb:set package 'stage_controller' build argument 'cmake_clean_first' from command line to 'False'
[0.483s] Level 5:colcon.colcon_core.verb:set package 'stage_controller' build argument 'cmake_force_configure' from command line to 'False'
[0.483s] Level 5:colcon.colcon_core.verb:set package 'stage_controller' build argument 'ament_cmake_args' from command line to 'None'
[0.483s] Level 5:colcon.colcon_core.verb:set package 'stage_controller' build argument 'catkin_cmake_args' from command line to 'None'
[0.483s] Level 5:colcon.colcon_core.verb:set package 'stage_controller' build argument 'catkin_skip_building_tests' from command line to 'False'
[0.483s] DEBUG:colcon.colcon_core.verb:Building package 'stage_controller' with the following arguments: {'ament_cmake_args': None, 'build_base': '/home/tutu/mr_ws_ros2/build/stage_controller', 'catkin_cmake_args': None, 'catkin_skip_building_tests': False, 'cmake_args': ['-DCMAKE_BUILD_TYPE=RelWithDebInfo'], 'cmake_clean_cache': False, 'cmake_clean_first': False, 'cmake_force_configure': False, 'cmake_target': None, 'cmake_target_skip_unavailable': False, 'install_base': '/home/tutu/mr_ws_ros2/install/stage_controller', 'merge_install': False, 'path': '/home/tutu/mr_ws_ros2/src/stage_controller', 'symlink_install': True, 'test_result_base': None}
[0.484s] Level 5:colcon.colcon_core.verb:set package 'stage_ros2' build argument 'cmake_args' from command line to '['-DCMAKE_BUILD_TYPE=RelWithDebInfo']'
[0.484s] Level 5:colcon.colcon_core.verb:set package 'stage_ros2' build argument 'cmake_target' from command line to 'None'
[0.484s] Level 5:colcon.colcon_core.verb:set package 'stage_ros2' build argument 'cmake_target_skip_unavailable' from command line to 'False'
[0.484s] Level 5:colcon.colcon_core.verb:set package 'stage_ros2' build argument 'cmake_clean_cache' from command line to 'False'
[0.484s] Level 5:colcon.colcon_core.verb:set package 'stage_ros2' build argument 'cmake_clean_first' from command line to 'False'
[0.484s] Level 5:colcon.colcon_core.verb:set package 'stage_ros2' build argument 'cmake_force_configure' from command line to 'False'
[0.484s] Level 5:colcon.colcon_core.verb:set package 'stage_ros2' build argument 'ament_cmake_args' from command line to 'None'
[0.484s] Level 5:colcon.colcon_core.verb:set package 'stage_ros2' build argument 'catkin_cmake_args' from command line to 'None'
[0.484s] Level 5:colcon.colcon_core.verb:set package 'stage_ros2' build argument 'catkin_skip_building_tests' from command line to 'False'
[0.484s] DEBUG:colcon.colcon_core.verb:Building package 'stage_ros2' with the following arguments: {'ament_cmake_args': None, 'build_base': '/home/tutu/mr_ws_ros2/build/stage_ros2', 'catkin_cmake_args': None, 'catkin_skip_building_tests': False, 'cmake_args': ['-DCMAKE_BUILD_TYPE=RelWithDebInfo'], 'cmake_clean_cache': False, 'cmake_clean_first': False, 'cmake_force_configure': False, 'cmake_target': None, 'cmake_target_skip_unavailable': False, 'install_base': '/home/tutu/mr_ws_ros2/install/stage_ros2', 'merge_install': False, 'path': '/home/tutu/mr_ws_ros2/src/stage_ros2', 'symlink_install': True, 'test_result_base': None}
[0.484s] INFO:colcon.colcon_core.executor:Executing jobs using 'parallel' executor
[0.485s] DEBUG:colcon.colcon_parallel_executor.executor.parallel:run_until_complete
[0.485s] INFO:colcon.colcon_cmake.task.cmake.build:Building CMake package in '/home/tutu/mr_ws_ros2/src/Stage'
[0.489s] INFO:colcon.colcon_core.plugin_system:Skipping extension 'colcon_core.shell.bat': Not used on non-Windows systems
[0.490s] INFO:colcon.colcon_core.shell:Skip shell extension 'powershell' for command environment: Not usable outside of PowerShell
[0.490s] DEBUG:colcon.colcon_core.shell:Skip shell extension 'dsv' for command environment
[0.496s] INFO:colcon.colcon_ros.task.ament_cmake.build:Building ROS package in '/home/tutu/mr_ws_ros2/src/cart_launch' with build type 'ament_cmake'
[0.496s] INFO:colcon.colcon_cmake.task.cmake.build:Building CMake package in '/home/tutu/mr_ws_ros2/src/cart_launch'
[0.496s] INFO:colcon.colcon_core.shell:Skip shell extension 'powershell' for command environment: Not usable outside of PowerShell
[0.497s] DEBUG:colcon.colcon_core.shell:Skip shell extension 'dsv' for command environment
[0.501s] INFO:colcon.colcon_ros.task.ament_cmake.build:Building ROS package in '/home/tutu/mr_ws_ros2/src/simple_controller' with build type 'ament_cmake'
[0.501s] INFO:colcon.colcon_cmake.task.cmake.build:Building CMake package in '/home/tutu/mr_ws_ros2/src/simple_controller'
[0.502s] INFO:colcon.colcon_core.shell:Skip shell extension 'powershell' for command environment: Not usable outside of PowerShell
[0.502s] DEBUG:colcon.colcon_core.shell:Skip shell extension 'dsv' for command environment
[0.506s] INFO:colcon.colcon_ros.task.ament_cmake.build:Building ROS package in '/home/tutu/mr_ws_ros2/src/stage_controller' with build type 'ament_cmake'
[0.506s] INFO:colcon.colcon_cmake.task.cmake.build:Building CMake package in '/home/tutu/mr_ws_ros2/src/stage_controller'
[0.507s] INFO:colcon.colcon_core.shell:Skip shell extension 'powershell' for command environment: Not usable outside of PowerShell
[0.507s] DEBUG:colcon.colcon_core.shell:Skip shell extension 'dsv' for command environment
[0.519s] DEBUG:colcon.colcon_core.event_handler.log_command:Invoking command in '/home/tutu/mr_ws_ros2/build/Stage': /usr/bin/cmake --build /home/tutu/mr_ws_ros2/build/Stage -- -j8 -l8
[0.526s] DEBUG:colcon.colcon_core.event_handler.log_command:Invoking command in '/home/tutu/mr_ws_ros2/build/cart_launch': CMAKE_PREFIX_PATH=${CMAKE_PREFIX_PATH}:/opt/ros/foxy /usr/bin/cmake --build /home/tutu/mr_ws_ros2/build/cart_launch -- -j8 -l8
[0.534s] DEBUG:colcon.colcon_core.event_handler.log_command:Invoking command in '/home/tutu/mr_ws_ros2/build/simple_controller': CMAKE_PREFIX_PATH=${CMAKE_PREFIX_PATH}:/opt/ros/foxy /usr/bin/cmake --build /home/tutu/mr_ws_ros2/build/simple_controller -- -j8 -l8
[0.540s] DEBUG:colcon.colcon_core.event_handler.log_command:Invoking command in '/home/tutu/mr_ws_ros2/build/stage_controller': CMAKE_PREFIX_PATH=${CMAKE_PREFIX_PATH}:/opt/ros/foxy /usr/bin/cmake --build /home/tutu/mr_ws_ros2/build/stage_controller -- -j8 -l8
[0.570s] DEBUG:colcon.colcon_core.event_handler.log_command:Invoked command in '/home/tutu/mr_ws_ros2/build/cart_launch' returned '0': CMAKE_PREFIX_PATH=${CMAKE_PREFIX_PATH}:/opt/ros/foxy /usr/bin/cmake --build /home/tutu/mr_ws_ros2/build/cart_launch -- -j8 -l8
[0.652s] DEBUG:colcon.colcon_core.event_handler.log_command:Invoking command in '/home/tutu/mr_ws_ros2/build/cart_launch': CMAKE_PREFIX_PATH=${CMAKE_PREFIX_PATH}:/opt/ros/foxy /usr/bin/cmake --install /home/tutu/mr_ws_ros2/build/cart_launch
[0.665s] DEBUG:colcon.colcon_core.event_handler.log_command:Invoked command in '/home/tutu/mr_ws_ros2/build/stage_controller' returned '0': CMAKE_PREFIX_PATH=${CMAKE_PREFIX_PATH}:/opt/ros/foxy /usr/bin/cmake --build /home/tutu/mr_ws_ros2/build/stage_controller -- -j8 -l8
[0.676s] DEBUG:colcon.colcon_core.event_handler.log_command:Invoked command in '/home/tutu/mr_ws_ros2/build/simple_controller' returned '0': CMAKE_PREFIX_PATH=${CMAKE_PREFIX_PATH}:/opt/ros/foxy /usr/bin/cmake --build /home/tutu/mr_ws_ros2/build/simple_controller -- -j8 -l8
[0.702s] Level 1:colcon.colcon_core.environment:create_environment_scripts_only(cart_launch)
[0.703s] DEBUG:colcon.colcon_core.event_handler.log_command:Invoked command in '/home/tutu/mr_ws_ros2/build/cart_launch' returned '0': CMAKE_PREFIX_PATH=${CMAKE_PREFIX_PATH}:/opt/ros/foxy /usr/bin/cmake --install /home/tutu/mr_ws_ros2/build/cart_launch
[0.710s] Level 1:colcon.colcon_core.environment:checking '/home/tutu/mr_ws_ros2/install/cart_launch' for CMake module files
[0.712s] Level 1:colcon.colcon_core.environment:checking '/home/tutu/mr_ws_ros2/install/cart_launch' for CMake config files
[0.712s] Level 1:colcon.colcon_core.shell:create_environment_hook('cart_launch', 'cmake_prefix_path')
[0.713s] INFO:colcon.colcon_core.shell:Creating environment hook '/home/tutu/mr_ws_ros2/install/cart_launch/share/cart_launch/hook/cmake_prefix_path.ps1'
[0.715s] INFO:colcon.colcon_core.shell:Creating environment descriptor '/home/tutu/mr_ws_ros2/install/cart_launch/share/cart_launch/hook/cmake_prefix_path.dsv'
[0.716s] INFO:colcon.colcon_core.shell:Creating environment hook '/home/tutu/mr_ws_ros2/install/cart_launch/share/cart_launch/hook/cmake_prefix_path.sh'
[0.718s] Level 1:colcon.colcon_core.environment:checking '/home/tutu/mr_ws_ros2/install/cart_launch/bin'
[0.718s] Level 1:colcon.colcon_core.environment:checking '/home/tutu/mr_ws_ros2/install/cart_launch/lib/pkgconfig/cart_launch.pc'
[0.718s] Level 1:colcon.colcon_core.environment:checking '/home/tutu/mr_ws_ros2/install/cart_launch/lib/python3.8/site-packages'
[0.719s] Level 1:colcon.colcon_core.environment:checking '/home/tutu/mr_ws_ros2/install/cart_launch/bin'
[0.719s] INFO:colcon.colcon_core.shell:Creating package script '/home/tutu/mr_ws_ros2/install/cart_launch/share/cart_launch/package.ps1'
[0.720s] INFO:colcon.colcon_core.shell:Creating package descriptor '/home/tutu/mr_ws_ros2/install/cart_launch/share/cart_launch/package.dsv'
[0.721s] INFO:colcon.colcon_core.shell:Creating package script '/home/tutu/mr_ws_ros2/install/cart_launch/share/cart_launch/package.sh'
[0.722s] INFO:colcon.colcon_core.shell:Creating package script '/home/tutu/mr_ws_ros2/install/cart_launch/share/cart_launch/package.bash'
[0.723s] INFO:colcon.colcon_core.shell:Creating package script '/home/tutu/mr_ws_ros2/install/cart_launch/share/cart_launch/package.zsh'
[0.724s] Level 1:colcon.colcon_core.environment:create_file_with_runtime_dependencies(/home/tutu/mr_ws_ros2/install/cart_launch/share/colcon-core/packages/cart_launch)
[0.730s] DEBUG:colcon.colcon_core.event_handler.log_command:Invoked command in '/home/tutu/mr_ws_ros2/build/Stage' returned '0': /usr/bin/cmake --build /home/tutu/mr_ws_ros2/build/Stage -- -j8 -l8
[0.735s] DEBUG:colcon.colcon_core.event_handler.log_command:Invoking command in '/home/tutu/mr_ws_ros2/build/stage_controller': CMAKE_PREFIX_PATH=${CMAKE_PREFIX_PATH}:/opt/ros/foxy /usr/bin/cmake --install /home/tutu/mr_ws_ros2/build/stage_controller
[0.739s] DEBUG:colcon.colcon_core.event_handler.log_command:Invoking command in '/home/tutu/mr_ws_ros2/build/simple_controller': CMAKE_PREFIX_PATH=${CMAKE_PREFIX_PATH}:/opt/ros/foxy /usr/bin/cmake --install /home/tutu/mr_ws_ros2/build/simple_controller
[0.750s] Level 1:colcon.colcon_core.environment:create_environment_scripts_only(cart_launch)
[0.751s] Level 1:colcon.colcon_core.environment:checking '/home/tutu/mr_ws_ros2/install/cart_launch' for CMake module files
[0.753s] Level 1:colcon.colcon_core.environment:checking '/home/tutu/mr_ws_ros2/install/cart_launch' for CMake config files
[0.754s] Level 1:colcon.colcon_core.shell:create_environment_hook('cart_launch', 'cmake_prefix_path')
[0.754s] INFO:colcon.colcon_core.shell:Creating environment hook '/home/tutu/mr_ws_ros2/install/cart_launch/share/cart_launch/hook/cmake_prefix_path.ps1'
[0.755s] INFO:colcon.colcon_core.shell:Creating environment descriptor '/home/tutu/mr_ws_ros2/install/cart_launch/share/cart_launch/hook/cmake_prefix_path.dsv'
[0.755s] INFO:colcon.colcon_core.shell:Creating environment hook '/home/tutu/mr_ws_ros2/install/cart_launch/share/cart_launch/hook/cmake_prefix_path.sh'
[0.756s] Level 1:colcon.colcon_core.environment:checking '/home/tutu/mr_ws_ros2/install/cart_launch/bin'
[0.756s] Level 1:colcon.colcon_core.environment:checking '/home/tutu/mr_ws_ros2/install/cart_launch/lib/pkgconfig/cart_launch.pc'
[0.756s] Level 1:colcon.colcon_core.environment:checking '/home/tutu/mr_ws_ros2/install/cart_launch/lib/python3.8/site-packages'
[0.757s] Level 1:colcon.colcon_core.environment:checking '/home/tutu/mr_ws_ros2/install/cart_launch/bin'
[0.757s] INFO:colcon.colcon_core.shell:Creating package script '/home/tutu/mr_ws_ros2/install/cart_launch/share/cart_launch/package.ps1'
[0.759s] INFO:colcon.colcon_core.shell:Creating package descriptor '/home/tutu/mr_ws_ros2/install/cart_launch/share/cart_launch/package.dsv'
[0.760s] INFO:colcon.colcon_core.shell:Creating package script '/home/tutu/mr_ws_ros2/install/cart_launch/share/cart_launch/package.sh'
[0.761s] INFO:colcon.colcon_core.shell:Creating package script '/home/tutu/mr_ws_ros2/install/cart_launch/share/cart_launch/package.bash'
[0.764s] INFO:colcon.colcon_core.shell:Creating package script '/home/tutu/mr_ws_ros2/install/cart_launch/share/cart_launch/package.zsh'
[0.766s] Level 1:colcon.colcon_core.environment:create_file_with_runtime_dependencies(/home/tutu/mr_ws_ros2/install/cart_launch/share/colcon-core/packages/cart_launch)
[0.768s] Level 1:colcon.colcon_core.environment:create_environment_scripts_only(stage_controller)
[0.768s] Level 1:colcon.colcon_core.environment:checking '/home/tutu/mr_ws_ros2/install/stage_controller' for CMake module files
[0.769s] DEBUG:colcon.colcon_core.event_handler.log_command:Invoked command in '/home/tutu/mr_ws_ros2/build/stage_controller' returned '0': CMAKE_PREFIX_PATH=${CMAKE_PREFIX_PATH}:/opt/ros/foxy /usr/bin/cmake --install /home/tutu/mr_ws_ros2/build/stage_controller
[0.770s] Level 1:colcon.colcon_core.environment:checking '/home/tutu/mr_ws_ros2/install/stage_controller' for CMake config files
[0.771s] Level 1:colcon.colcon_core.shell:create_environment_hook('stage_controller', 'cmake_prefix_path')
[0.771s] INFO:colcon.colcon_core.shell:Creating environment hook '/home/tutu/mr_ws_ros2/install/stage_controller/share/stage_controller/hook/cmake_prefix_path.ps1'
[0.771s] INFO:colcon.colcon_core.shell:Creating environment descriptor '/home/tutu/mr_ws_ros2/install/stage_controller/share/stage_controller/hook/cmake_prefix_path.dsv'
[0.772s] INFO:colcon.colcon_core.shell:Creating environment hook '/home/tutu/mr_ws_ros2/install/stage_controller/share/stage_controller/hook/cmake_prefix_path.sh'
[0.772s] Level 1:colcon.colcon_core.environment:checking '/home/tutu/mr_ws_ros2/install/stage_controller/lib'
[0.772s] Level 1:colcon.colcon_core.environment:checking '/home/tutu/mr_ws_ros2/install/stage_controller/bin'
[0.773s] Level 1:colcon.colcon_core.environment:checking '/home/tutu/mr_ws_ros2/install/stage_controller/lib/pkgconfig/stage_controller.pc'
[0.773s] Level 1:colcon.colcon_core.environment:checking '/home/tutu/mr_ws_ros2/install/stage_controller/lib/python3.8/site-packages'
[0.773s] Level 1:colcon.colcon_core.environment:checking '/home/tutu/mr_ws_ros2/install/stage_controller/bin'
[0.773s] INFO:colcon.colcon_core.shell:Creating package script '/home/tutu/mr_ws_ros2/install/stage_controller/share/stage_controller/package.ps1'
[0.774s] INFO:colcon.colcon_core.shell:Creating package descriptor '/home/tutu/mr_ws_ros2/install/stage_controller/share/stage_controller/package.dsv'
[0.775s] INFO:colcon.colcon_core.shell:Creating package script '/home/tutu/mr_ws_ros2/install/stage_controller/share/stage_controller/package.sh'
[0.776s] INFO:colcon.colcon_core.shell:Creating package script '/home/tutu/mr_ws_ros2/install/stage_controller/share/stage_controller/package.bash'
[0.777s] INFO:colcon.colcon_core.shell:Creating package script '/home/tutu/mr_ws_ros2/install/stage_controller/share/stage_controller/package.zsh'
[0.778s] Level 1:colcon.colcon_core.environment:create_file_with_runtime_dependencies(/home/tutu/mr_ws_ros2/install/stage_controller/share/colcon-core/packages/stage_controller)
[0.784s] DEBUG:colcon.colcon_core.event_handler.log_command:Invoking command in '/home/tutu/mr_ws_ros2/build/Stage': /usr/bin/cmake --install /home/tutu/mr_ws_ros2/build/Stage
[0.787s] Level 1:colcon.colcon_core.environment:create_environment_scripts_only(simple_controller)
[0.788s] Level 1:colcon.colcon_core.environment:checking '/home/tutu/mr_ws_ros2/install/simple_controller' for CMake module files
[0.789s] DEBUG:colcon.colcon_core.event_handler.log_command:Invoked command in '/home/tutu/mr_ws_ros2/build/simple_controller' returned '0': CMAKE_PREFIX_PATH=${CMAKE_PREFIX_PATH}:/opt/ros/foxy /usr/bin/cmake --install /home/tutu/mr_ws_ros2/build/simple_controller
[0.789s] Level 1:colcon.colcon_core.environment:checking '/home/tutu/mr_ws_ros2/install/simple_controller' for CMake config files
[0.790s] Level 1:colcon.colcon_core.shell:create_environment_hook('simple_controller', 'cmake_prefix_path')
[0.790s] INFO:colcon.colcon_core.shell:Creating environment hook '/home/tutu/mr_ws_ros2/install/simple_controller/share/simple_controller/hook/cmake_prefix_path.ps1'
[0.792s] INFO:colcon.colcon_core.shell:Creating environment descriptor '/home/tutu/mr_ws_ros2/install/simple_controller/share/simple_controller/hook/cmake_prefix_path.dsv'
[0.793s] INFO:colcon.colcon_core.shell:Creating environment hook '/home/tutu/mr_ws_ros2/install/simple_controller/share/simple_controller/hook/cmake_prefix_path.sh'
[0.795s] Level 1:colcon.colcon_core.environment:checking '/home/tutu/mr_ws_ros2/install/simple_controller/lib'
[0.795s] Level 1:colcon.colcon_core.environment:checking '/home/tutu/mr_ws_ros2/install/simple_controller/bin'
[0.795s] Level 1:colcon.colcon_core.environment:checking '/home/tutu/mr_ws_ros2/install/simple_controller/lib/pkgconfig/simple_controller.pc'
[0.796s] Level 1:colcon.colcon_core.environment:checking '/home/tutu/mr_ws_ros2/install/simple_controller/lib/python3.8/site-packages'
[0.796s] Level 1:colcon.colcon_core.environment:checking '/home/tutu/mr_ws_ros2/install/simple_controller/bin'
[0.797s] INFO:colcon.colcon_core.shell:Creating package script '/home/tutu/mr_ws_ros2/install/simple_controller/share/simple_controller/package.ps1'
[0.798s] INFO:colcon.colcon_core.shell:Creating package descriptor '/home/tutu/mr_ws_ros2/install/simple_controller/share/simple_controller/package.dsv'
[0.799s] INFO:colcon.colcon_core.shell:Creating package script '/home/tutu/mr_ws_ros2/install/simple_controller/share/simple_controller/package.sh'
[0.800s] INFO:colcon.colcon_core.shell:Creating package script '/home/tutu/mr_ws_ros2/install/simple_controller/share/simple_controller/package.bash'
[0.802s] INFO:colcon.colcon_core.shell:Creating package script '/home/tutu/mr_ws_ros2/install/simple_controller/share/simple_controller/package.zsh'
[0.803s] Level 1:colcon.colcon_core.environment:create_file_with_runtime_dependencies(/home/tutu/mr_ws_ros2/install/simple_controller/share/colcon-core/packages/simple_controller)
[0.821s] Level 1:colcon.colcon_core.environment:create_environment_scripts_only(stage_controller)
[0.822s] Level 1:colcon.colcon_core.environment:checking '/home/tutu/mr_ws_ros2/install/stage_controller' for CMake module files
[0.823s] Level 1:colcon.colcon_core.environment:checking '/home/tutu/mr_ws_ros2/install/stage_controller' for CMake config files
[0.824s] Level 1:colcon.colcon_core.shell:create_environment_hook('stage_controller', 'cmake_prefix_path')
[0.824s] INFO:colcon.colcon_core.shell:Creating environment hook '/home/tutu/mr_ws_ros2/install/stage_controller/share/stage_controller/hook/cmake_prefix_path.ps1'
[0.826s] INFO:colcon.colcon_core.shell:Creating environment descriptor '/home/tutu/mr_ws_ros2/install/stage_controller/share/stage_controller/hook/cmake_prefix_path.dsv'
[0.827s] INFO:colcon.colcon_core.shell:Creating environment hook '/home/tutu/mr_ws_ros2/install/stage_controller/share/stage_controller/hook/cmake_prefix_path.sh'
[0.830s] Level 1:colcon.colcon_core.environment:checking '/home/tutu/mr_ws_ros2/install/stage_controller/lib'
[0.830s] Level 1:colcon.colcon_core.environment:checking '/home/tutu/mr_ws_ros2/install/stage_controller/bin'
[0.830s] Level 1:colcon.colcon_core.environment:checking '/home/tutu/mr_ws_ros2/install/stage_controller/lib/pkgconfig/stage_controller.pc'
[0.830s] Level 1:colcon.colcon_core.environment:checking '/home/tutu/mr_ws_ros2/install/stage_controller/lib/python3.8/site-packages'
[0.830s] Level 1:colcon.colcon_core.environment:checking '/home/tutu/mr_ws_ros2/install/stage_controller/bin'
[0.831s] INFO:colcon.colcon_core.shell:Creating package script '/home/tutu/mr_ws_ros2/install/stage_controller/share/stage_controller/package.ps1'
[0.832s] INFO:colcon.colcon_core.shell:Creating package descriptor '/home/tutu/mr_ws_ros2/install/stage_controller/share/stage_controller/package.dsv'
[0.832s] INFO:colcon.colcon_core.shell:Creating package script '/home/tutu/mr_ws_ros2/install/stage_controller/share/stage_controller/package.sh'
[0.833s] INFO:colcon.colcon_core.shell:Creating package script '/home/tutu/mr_ws_ros2/install/stage_controller/share/stage_controller/package.bash'
[0.833s] INFO:colcon.colcon_core.shell:Creating package script '/home/tutu/mr_ws_ros2/install/stage_controller/share/stage_controller/package.zsh'
[0.834s] Level 1:colcon.colcon_core.environment:create_file_with_runtime_dependencies(/home/tutu/mr_ws_ros2/install/stage_controller/share/colcon-core/packages/stage_controller)
[0.834s] Level 1:colcon.colcon_core.environment:create_environment_scripts_only(Stage)
[0.835s] Level 1:colcon.colcon_core.environment:checking '/home/tutu/mr_ws_ros2/install/Stage' for CMake module files
[0.835s] Level 1:colcon.colcon_core.environment:checking '/home/tutu/mr_ws_ros2/install/Stage' for CMake config files
[0.836s] DEBUG:colcon.colcon_core.event_handler.log_command:Invoked command in '/home/tutu/mr_ws_ros2/build/Stage' returned '0': /usr/bin/cmake --install /home/tutu/mr_ws_ros2/build/Stage
[0.836s] Level 1:colcon.colcon_core.shell:create_environment_hook('Stage', 'cmake_prefix_path')
[0.836s] INFO:colcon.colcon_core.shell:Creating environment hook '/home/tutu/mr_ws_ros2/install/Stage/share/Stage/hook/cmake_prefix_path.ps1'
[0.837s] INFO:colcon.colcon_core.shell:Creating environment descriptor '/home/tutu/mr_ws_ros2/install/Stage/share/Stage/hook/cmake_prefix_path.dsv'
[0.837s] INFO:colcon.colcon_core.shell:Creating environment hook '/home/tutu/mr_ws_ros2/install/Stage/share/Stage/hook/cmake_prefix_path.sh'
[0.838s] Level 1:colcon.colcon_core.environment:checking '/home/tutu/mr_ws_ros2/install/Stage/lib'
[0.838s] Level 1:colcon.colcon_core.shell:create_environment_hook('Stage', 'ld_library_path_lib')
[0.838s] INFO:colcon.colcon_core.shell:Creating environment hook '/home/tutu/mr_ws_ros2/install/Stage/share/Stage/hook/ld_library_path_lib.ps1'
[0.838s] INFO:colcon.colcon_core.shell:Creating environment descriptor '/home/tutu/mr_ws_ros2/install/Stage/share/Stage/hook/ld_library_path_lib.dsv'
[0.839s] INFO:colcon.colcon_core.shell:Creating environment hook '/home/tutu/mr_ws_ros2/install/Stage/share/Stage/hook/ld_library_path_lib.sh'
[0.839s] Level 1:colcon.colcon_core.environment:checking '/home/tutu/mr_ws_ros2/install/Stage/bin'
[0.839s] Level 1:colcon.colcon_core.shell:create_environment_hook('Stage', 'path')
[0.839s] INFO:colcon.colcon_core.shell:Creating environment hook '/home/tutu/mr_ws_ros2/install/Stage/share/Stage/hook/path.ps1'
[0.839s] INFO:colcon.colcon_core.shell:Creating environment descriptor '/home/tutu/mr_ws_ros2/install/Stage/share/Stage/hook/path.dsv'
[0.840s] INFO:colcon.colcon_core.shell:Creating environment hook '/home/tutu/mr_ws_ros2/install/Stage/share/Stage/hook/path.sh'
[0.840s] Level 1:colcon.colcon_core.environment:checking '/home/tutu/mr_ws_ros2/install/Stage/lib/pkgconfig/Stage.pc'
[0.840s] Level 1:colcon.colcon_core.environment:checking '/home/tutu/mr_ws_ros2/install/Stage/lib/python3.8/site-packages'
[0.841s] Level 1:colcon.colcon_core.environment:checking '/home/tutu/mr_ws_ros2/install/Stage/bin'
[0.841s] Level 1:colcon.colcon_core.shell:create_environment_hook('Stage', 'pythonscriptspath')
[0.841s] INFO:colcon.colcon_core.shell:Creating environment hook '/home/tutu/mr_ws_ros2/install/Stage/share/Stage/hook/pythonscriptspath.ps1'
[0.842s] INFO:colcon.colcon_core.shell:Creating environment descriptor '/home/tutu/mr_ws_ros2/install/Stage/share/Stage/hook/pythonscriptspath.dsv'
[0.843s] INFO:colcon.colcon_core.shell:Creating environment hook '/home/tutu/mr_ws_ros2/install/Stage/share/Stage/hook/pythonscriptspath.sh'
[0.844s] INFO:colcon.colcon_core.shell:Creating package script '/home/tutu/mr_ws_ros2/install/Stage/share/Stage/package.ps1'
[0.845s] INFO:colcon.colcon_core.shell:Creating package descriptor '/home/tutu/mr_ws_ros2/install/Stage/share/Stage/package.dsv'
[0.846s] INFO:colcon.colcon_core.shell:Creating package script '/home/tutu/mr_ws_ros2/install/Stage/share/Stage/package.sh'
[0.847s] INFO:colcon.colcon_core.shell:Creating package script '/home/tutu/mr_ws_ros2/install/Stage/share/Stage/package.bash'
[0.847s] INFO:colcon.colcon_core.shell:Creating package script '/home/tutu/mr_ws_ros2/install/Stage/share/Stage/package.zsh'
[0.848s] Level 1:colcon.colcon_core.environment:create_file_with_runtime_dependencies(/home/tutu/mr_ws_ros2/install/Stage/share/colcon-core/packages/Stage)
[0.849s] INFO:colcon.colcon_ros.task.ament_cmake.build:Building ROS package in '/home/tutu/mr_ws_ros2/src/stage_ros2' with build type 'ament_cmake'
[0.849s] INFO:colcon.colcon_cmake.task.cmake.build:Building CMake package in '/home/tutu/mr_ws_ros2/src/stage_ros2'
[0.849s] INFO:colcon.colcon_core.shell:Skip shell extension 'powershell' for command environment: Not usable outside of PowerShell
[0.849s] DEBUG:colcon.colcon_core.shell:Skip shell extension 'dsv' for command environment
[0.855s] Level 1:colcon.colcon_core.environment:create_environment_scripts_only(simple_controller)
[0.856s] Level 1:colcon.colcon_core.environment:checking '/home/tutu/mr_ws_ros2/install/simple_controller' for CMake module files
[0.856s] Level 1:colcon.colcon_core.environment:checking '/home/tutu/mr_ws_ros2/install/simple_controller' for CMake config files
[0.857s] Level 1:colcon.colcon_core.shell:create_environment_hook('simple_controller', 'cmake_prefix_path')
[0.857s] INFO:colcon.colcon_core.shell:Creating environment hook '/home/tutu/mr_ws_ros2/install/simple_controller/share/simple_controller/hook/cmake_prefix_path.ps1'
[0.858s] INFO:colcon.colcon_core.shell:Creating environment descriptor '/home/tutu/mr_ws_ros2/install/simple_controller/share/simple_controller/hook/cmake_prefix_path.dsv'
[0.859s] INFO:colcon.colcon_core.shell:Creating environment hook '/home/tutu/mr_ws_ros2/install/simple_controller/share/simple_controller/hook/cmake_prefix_path.sh'
[0.860s] Level 1:colcon.colcon_core.environment:checking '/home/tutu/mr_ws_ros2/install/simple_controller/lib'
[0.860s] Level 1:colcon.colcon_core.environment:checking '/home/tutu/mr_ws_ros2/install/simple_controller/bin'
[0.860s] Level 1:colcon.colcon_core.environment:checking '/home/tutu/mr_ws_ros2/install/simple_controller/lib/pkgconfig/simple_controller.pc'
[0.860s] Level 1:colcon.colcon_core.environment:checking '/home/tutu/mr_ws_ros2/install/simple_controller/lib/python3.8/site-packages'
[0.860s] Level 1:colcon.colcon_core.environment:checking '/home/tutu/mr_ws_ros2/install/simple_controller/bin'
[0.861s] INFO:colcon.colcon_core.shell:Creating package script '/home/tutu/mr_ws_ros2/install/simple_controller/share/simple_controller/package.ps1'
[0.861s] INFO:colcon.colcon_core.shell:Creating package descriptor '/home/tutu/mr_ws_ros2/install/simple_controller/share/simple_controller/package.dsv'
[0.862s] INFO:colcon.colcon_core.shell:Creating package script '/home/tutu/mr_ws_ros2/install/simple_controller/share/simple_controller/package.sh'
[0.863s] INFO:colcon.colcon_core.shell:Creating package script '/home/tutu/mr_ws_ros2/install/simple_controller/share/simple_controller/package.bash'
[0.863s] INFO:colcon.colcon_core.shell:Creating package script '/home/tutu/mr_ws_ros2/install/simple_controller/share/simple_controller/package.zsh'
[0.864s] Level 1:colcon.colcon_core.environment:create_file_with_runtime_dependencies(/home/tutu/mr_ws_ros2/install/simple_controller/share/colcon-core/packages/simple_controller)
[0.869s] DEBUG:colcon.colcon_core.event_handler.log_command:Invoking command in '/home/tutu/mr_ws_ros2/build/stage_ros2': CMAKE_PREFIX_PATH=/home/tutu/mr_ws_ros2/install/Stage:/home/tutu/mr_ws_ros2/install/stage_ros2:/home/tutu/mr_ws_ros2/install/stage_controller:/home/tutu/mr_ws_ros2/install/simple_controller:/home/tutu/mr_ws_ros2/install/cart_launch:/opt/ros/foxy LD_LIBRARY_PATH=/home/tutu/mr_ws_ros2/install/Stage/lib:/home/tutu/mr_ws_ros2/install/stage_ros2/lib:/opt/ros/foxy/opt/yaml_cpp_vendor/lib:/opt/ros/foxy/opt/rviz_ogre_vendor/lib:/opt/ros/foxy/lib/x86_64-linux-gnu:/opt/ros/foxy/lib /usr/bin/cmake --build /home/tutu/mr_ws_ros2/build/stage_ros2 -- -j8 -l8
[1.019s] DEBUG:colcon.colcon_core.event_handler.log_command:Invoked command in '/home/tutu/mr_ws_ros2/build/stage_ros2' returned '0': CMAKE_PREFIX_PATH=/home/tutu/mr_ws_ros2/install/Stage:/home/tutu/mr_ws_ros2/install/stage_ros2:/home/tutu/mr_ws_ros2/install/stage_controller:/home/tutu/mr_ws_ros2/install/simple_controller:/home/tutu/mr_ws_ros2/install/cart_launch:/opt/ros/foxy LD_LIBRARY_PATH=/home/tutu/mr_ws_ros2/install/Stage/lib:/home/tutu/mr_ws_ros2/install/stage_ros2/lib:/opt/ros/foxy/opt/yaml_cpp_vendor/lib:/opt/ros/foxy/opt/rviz_ogre_vendor/lib:/opt/ros/foxy/lib/x86_64-linux-gnu:/opt/ros/foxy/lib /usr/bin/cmake --build /home/tutu/mr_ws_ros2/build/stage_ros2 -- -j8 -l8
[1.054s] DEBUG:colcon.colcon_core.event_handler.log_command:Invoking command in '/home/tutu/mr_ws_ros2/build/stage_ros2': CMAKE_PREFIX_PATH=/home/tutu/mr_ws_ros2/install/Stage:/home/tutu/mr_ws_ros2/install/stage_ros2:/home/tutu/mr_ws_ros2/install/stage_controller:/home/tutu/mr_ws_ros2/install/simple_controller:/home/tutu/mr_ws_ros2/install/cart_launch:/opt/ros/foxy LD_LIBRARY_PATH=/home/tutu/mr_ws_ros2/install/Stage/lib:/home/tutu/mr_ws_ros2/install/stage_ros2/lib:/opt/ros/foxy/opt/yaml_cpp_vendor/lib:/opt/ros/foxy/opt/rviz_ogre_vendor/lib:/opt/ros/foxy/lib/x86_64-linux-gnu:/opt/ros/foxy/lib /usr/bin/cmake --install /home/tutu/mr_ws_ros2/build/stage_ros2
[1.083s] Level 1:colcon.colcon_core.environment:create_environment_scripts_only(stage_ros2)
[1.084s] Level 1:colcon.colcon_core.environment:checking '/home/tutu/mr_ws_ros2/install/stage_ros2' for CMake module files
[1.084s] DEBUG:colcon.colcon_core.event_handler.log_command:Invoked command in '/home/tutu/mr_ws_ros2/build/stage_ros2' returned '0': CMAKE_PREFIX_PATH=/home/tutu/mr_ws_ros2/install/Stage:/home/tutu/mr_ws_ros2/install/stage_ros2:/home/tutu/mr_ws_ros2/install/stage_controller:/home/tutu/mr_ws_ros2/install/simple_controller:/home/tutu/mr_ws_ros2/install/cart_launch:/opt/ros/foxy LD_LIBRARY_PATH=/home/tutu/mr_ws_ros2/install/Stage/lib:/home/tutu/mr_ws_ros2/install/stage_ros2/lib:/opt/ros/foxy/opt/yaml_cpp_vendor/lib:/opt/ros/foxy/opt/rviz_ogre_vendor/lib:/opt/ros/foxy/lib/x86_64-linux-gnu:/opt/ros/foxy/lib /usr/bin/cmake --install /home/tutu/mr_ws_ros2/build/stage_ros2
[1.084s] Level 1:colcon.colcon_core.environment:checking '/home/tutu/mr_ws_ros2/install/stage_ros2' for CMake config files
[1.085s] Level 1:colcon.colcon_core.shell:create_environment_hook('stage_ros2', 'cmake_prefix_path')
[1.085s] INFO:colcon.colcon_core.shell:Creating environment hook '/home/tutu/mr_ws_ros2/install/stage_ros2/share/stage_ros2/hook/cmake_prefix_path.ps1'
[1.085s] INFO:colcon.colcon_core.shell:Creating environment descriptor '/home/tutu/mr_ws_ros2/install/stage_ros2/share/stage_ros2/hook/cmake_prefix_path.dsv'
[1.086s] INFO:colcon.colcon_core.shell:Creating environment hook '/home/tutu/mr_ws_ros2/install/stage_ros2/share/stage_ros2/hook/cmake_prefix_path.sh'
[1.086s] Level 1:colcon.colcon_core.environment:checking '/home/tutu/mr_ws_ros2/install/stage_ros2/lib'
[1.087s] Level 1:colcon.colcon_core.shell:create_environment_hook('stage_ros2', 'ld_library_path_lib')
[1.087s] INFO:colcon.colcon_core.shell:Creating environment hook '/home/tutu/mr_ws_ros2/install/stage_ros2/share/stage_ros2/hook/ld_library_path_lib.ps1'
[1.087s] INFO:colcon.colcon_core.shell:Creating environment descriptor '/home/tutu/mr_ws_ros2/install/stage_ros2/share/stage_ros2/hook/ld_library_path_lib.dsv'
[1.087s] INFO:colcon.colcon_core.shell:Creating environment hook '/home/tutu/mr_ws_ros2/install/stage_ros2/share/stage_ros2/hook/ld_library_path_lib.sh'
[1.088s] Level 1:colcon.colcon_core.environment:checking '/home/tutu/mr_ws_ros2/install/stage_ros2/bin'
[1.088s] Level 1:colcon.colcon_core.environment:checking '/home/tutu/mr_ws_ros2/install/stage_ros2/lib/pkgconfig/stage_ros2.pc'
[1.088s] Level 1:colcon.colcon_core.environment:checking '/home/tutu/mr_ws_ros2/install/stage_ros2/lib/python3.8/site-packages'
[1.088s] Level 1:colcon.colcon_core.environment:checking '/home/tutu/mr_ws_ros2/install/stage_ros2/bin'
[1.089s] INFO:colcon.colcon_core.shell:Creating package script '/home/tutu/mr_ws_ros2/install/stage_ros2/share/stage_ros2/package.ps1'
[1.089s] INFO:colcon.colcon_core.shell:Creating package descriptor '/home/tutu/mr_ws_ros2/install/stage_ros2/share/stage_ros2/package.dsv'
[1.090s] INFO:colcon.colcon_core.shell:Creating package script '/home/tutu/mr_ws_ros2/install/stage_ros2/share/stage_ros2/package.sh'
[1.090s] INFO:colcon.colcon_core.shell:Creating package script '/home/tutu/mr_ws_ros2/install/stage_ros2/share/stage_ros2/package.bash'
[1.090s] INFO:colcon.colcon_core.shell:Creating package script '/home/tutu/mr_ws_ros2/install/stage_ros2/share/stage_ros2/package.zsh'
[1.091s] Level 1:colcon.colcon_core.environment:create_file_with_runtime_dependencies(/home/tutu/mr_ws_ros2/install/stage_ros2/share/colcon-core/packages/stage_ros2)
[1.121s] Level 1:colcon.colcon_core.environment:create_environment_scripts_only(stage_ros2)
[1.122s] Level 1:colcon.colcon_core.environment:checking '/home/tutu/mr_ws_ros2/install/stage_ros2' for CMake module files
[1.122s] Level 1:colcon.colcon_core.environment:checking '/home/tutu/mr_ws_ros2/install/stage_ros2' for CMake config files
[1.122s] Level 1:colcon.colcon_core.shell:create_environment_hook('stage_ros2', 'cmake_prefix_path')
[1.122s] INFO:colcon.colcon_core.shell:Creating environment hook '/home/tutu/mr_ws_ros2/install/stage_ros2/share/stage_ros2/hook/cmake_prefix_path.ps1'
[1.123s] INFO:colcon.colcon_core.shell:Creating environment descriptor '/home/tutu/mr_ws_ros2/install/stage_ros2/share/stage_ros2/hook/cmake_prefix_path.dsv'
[1.123s] INFO:colcon.colcon_core.shell:Creating environment hook '/home/tutu/mr_ws_ros2/install/stage_ros2/share/stage_ros2/hook/cmake_prefix_path.sh'
[1.124s] Level 1:colcon.colcon_core.environment:checking '/home/tutu/mr_ws_ros2/install/stage_ros2/lib'
[1.124s] Level 1:colcon.colcon_core.shell:create_environment_hook('stage_ros2', 'ld_library_path_lib')
[1.124s] INFO:colcon.colcon_core.shell:Creating environment hook '/home/tutu/mr_ws_ros2/install/stage_ros2/share/stage_ros2/hook/ld_library_path_lib.ps1'
[1.125s] INFO:colcon.colcon_core.shell:Creating environment descriptor '/home/tutu/mr_ws_ros2/install/stage_ros2/share/stage_ros2/hook/ld_library_path_lib.dsv'
[1.125s] INFO:colcon.colcon_core.shell:Creating environment hook '/home/tutu/mr_ws_ros2/install/stage_ros2/share/stage_ros2/hook/ld_library_path_lib.sh'
[1.126s] Level 1:colcon.colcon_core.environment:checking '/home/tutu/mr_ws_ros2/install/stage_ros2/bin'
[1.126s] Level 1:colcon.colcon_core.environment:checking '/home/tutu/mr_ws_ros2/install/stage_ros2/lib/pkgconfig/stage_ros2.pc'
[1.126s] Level 1:colcon.colcon_core.environment:checking '/home/tutu/mr_ws_ros2/install/stage_ros2/lib/python3.8/site-packages'
[1.127s] Level 1:colcon.colcon_core.environment:checking '/home/tutu/mr_ws_ros2/install/stage_ros2/bin'
[1.127s] INFO:colcon.colcon_core.shell:Creating package script '/home/tutu/mr_ws_ros2/install/stage_ros2/share/stage_ros2/package.ps1'
[1.128s] INFO:colcon.colcon_core.shell:Creating package descriptor '/home/tutu/mr_ws_ros2/install/stage_ros2/share/stage_ros2/package.dsv'
[1.129s] INFO:colcon.colcon_core.shell:Creating package script '/home/tutu/mr_ws_ros2/install/stage_ros2/share/stage_ros2/package.sh'
[1.129s] INFO:colcon.colcon_core.shell:Creating package script '/home/tutu/mr_ws_ros2/install/stage_ros2/share/stage_ros2/package.bash'
[1.130s] INFO:colcon.colcon_core.shell:Creating package script '/home/tutu/mr_ws_ros2/install/stage_ros2/share/stage_ros2/package.zsh'
[1.130s] Level 1:colcon.colcon_core.environment:create_file_with_runtime_dependencies(/home/tutu/mr_ws_ros2/install/stage_ros2/share/colcon-core/packages/stage_ros2)
[1.131s] DEBUG:colcon.colcon_parallel_executor.executor.parallel:closing loop
[1.131s] DEBUG:colcon.colcon_parallel_executor.executor.parallel:loop closed
[1.131s] DEBUG:colcon.colcon_parallel_executor.executor.parallel:run_until_complete finished with '0'
[1.131s] DEBUG:colcon.colcon_core.event_reactor:joining thread
[1.138s] INFO:colcon.colcon_core.plugin_system:Skipping extension 'colcon_notification.desktop_notification.terminal_notifier': Not used on non-Darwin systems
[1.138s] INFO:colcon.colcon_core.plugin_system:Skipping extension 'colcon_notification.desktop_notification.win32': Not used on non-Windows systems
[1.138s] INFO:colcon.colcon_notification.desktop_notification:Sending desktop notification using 'notify2'
[1.160s] DEBUG:colcon.colcon_core.event_reactor:joined thread
[1.160s] INFO:colcon.colcon_core.shell:Creating prefix script '/home/tutu/mr_ws_ros2/install/local_setup.ps1'
[1.162s] INFO:colcon.colcon_core.shell:Creating prefix util module '/home/tutu/mr_ws_ros2/install/_local_setup_util_ps1.py'
[1.164s] INFO:colcon.colcon_core.shell:Creating prefix chain script '/home/tutu/mr_ws_ros2/install/setup.ps1'
[1.165s] INFO:colcon.colcon_core.shell:Creating prefix script '/home/tutu/mr_ws_ros2/install/local_setup.sh'
[1.166s] INFO:colcon.colcon_core.shell:Creating prefix util module '/home/tutu/mr_ws_ros2/install/_local_setup_util_sh.py'
[1.166s] INFO:colcon.colcon_core.shell:Creating prefix chain script '/home/tutu/mr_ws_ros2/install/setup.sh'
[1.168s] INFO:colcon.colcon_core.shell:Creating prefix script '/home/tutu/mr_ws_ros2/install/local_setup.bash'
[1.169s] INFO:colcon.colcon_core.shell:Creating prefix chain script '/home/tutu/mr_ws_ros2/install/setup.bash'
[1.170s] INFO:colcon.colcon_core.shell:Creating prefix script '/home/tutu/mr_ws_ros2/install/local_setup.zsh'
[1.171s] INFO:colcon.colcon_core.shell:Creating prefix chain script '/home/tutu/mr_ws_ros2/install/setup.zsh'
