[0.030s] Invoking command in '/home/tutu/mr_ws_ros2/build/simple_controller': CMAKE_PREFIX_PATH=${CMAKE_PREFIX_PATH}:/opt/ros/foxy /usr/bin/cmake /home/tutu/mr_ws_ros2/src/simple_controller -DCMAKE_INSTALL_PREFIX=/home/tutu/mr_ws_ros2/install/simple_controller
[0.046s] -- Found ament_cmake: 0.9.12 (/opt/ros/foxy/share/ament_cmake/cmake)
[0.066s] -- Using PYTHON_EXECUTABLE: /usr/bin/python3
[0.245s] -- Override CMake install command with custom implementation using symlinks instead of copying resources
[0.275s] -- Found rclcpp: 2.4.3 (/opt/ros/foxy/share/rclcpp/cmake)
[0.324s] -- Using all available rosidl_typesupport_c: rosidl_typesupport_fastrtps_c;rosidl_typesupport_introspection_c
[0.330s] -- Found rosidl_adapter: 1.3.1 (/opt/ros/foxy/share/rosidl_adapter/cmake)
[0.455s] -- Using all available rosidl_typesupport_cpp: rosidl_typesupport_fastrtps_cpp;rosidl_typesupport_introspection_cpp
[0.508s] -- Found rmw_implementation_cmake: 1.0.4 (/opt/ros/foxy/share/rmw_implementation_cmake/cmake)
[0.509s] -- Using RMW implementation 'rmw_fastrtps_cpp' as default
[0.653s] -- Found nav_msgs: 2.0.5 (/opt/ros/foxy/share/nav_msgs/cmake)
[0.761s] -- Found tf2: 0.13.14 (/opt/ros/foxy/share/tf2/cmake)
[0.771s] -- Found angles: 1.12.6 (/opt/ros/foxy/share/angles/cmake)
[0.772s] -- Found ament_lint_auto: 0.9.8 (/opt/ros/foxy/share/ament_lint_auto/cmake)
[0.839s] -- Added test 'copyright' to check source files copyright and LICENSE
[0.840s] -- Added test 'cppcheck' to perform static code analysis on C / C++ code
[0.840s] -- Configured cppcheck include dirs: 
[0.840s] -- Configured cppcheck exclude dirs and/or files: 
[0.841s] -- Added test 'cpplint' to check C / C++ code against the Google style
[0.841s] -- Configured cpplint exclude dirs and/or files: 
[0.842s] -- Added test 'flake8' to check Python code syntax and style conventions
[0.842s] -- Added test 'lint_cmake' to check CMake code style
[0.843s] -- Added test 'pep257' to check Python code against some of the style conventions in PEP 257
[0.844s] -- Added test 'uncrustify' to check C / C++ code style
[0.844s] -- Configured uncrustify additional arguments: 
[0.844s] -- Added test 'xmllint' to check XML markup files
[0.849s] -- Configuring done
[0.857s] -- Generating done
[0.859s] -- Build files have been written to: /home/tutu/mr_ws_ros2/build/simple_controller
[0.865s] Invoked command in '/home/tutu/mr_ws_ros2/build/simple_controller' returned '0': CMAKE_PREFIX_PATH=${CMAKE_PREFIX_PATH}:/opt/ros/foxy /usr/bin/cmake /home/tutu/mr_ws_ros2/src/simple_controller -DCMAKE_INSTALL_PREFIX=/home/tutu/mr_ws_ros2/install/simple_controller
[0.868s] Invoking command in '/home/tutu/mr_ws_ros2/build/simple_controller': CMAKE_PREFIX_PATH=${CMAKE_PREFIX_PATH}:/opt/ros/foxy /usr/bin/cmake --build /home/tutu/mr_ws_ros2/build/simple_controller -- -j8 -l8
[0.930s] [100%] Built target controller_node
[0.940s] Invoked command in '/home/tutu/mr_ws_ros2/build/simple_controller' returned '0': CMAKE_PREFIX_PATH=${CMAKE_PREFIX_PATH}:/opt/ros/foxy /usr/bin/cmake --build /home/tutu/mr_ws_ros2/build/simple_controller -- -j8 -l8
[0.966s] Invoking command in '/home/tutu/mr_ws_ros2/build/simple_controller': CMAKE_PREFIX_PATH=${CMAKE_PREFIX_PATH}:/opt/ros/foxy /usr/bin/cmake --install /home/tutu/mr_ws_ros2/build/simple_controller
[0.973s] -- Install configuration: "RelWithDebInfo"
[0.973s] -- Execute custom install script
[0.973s] -- Up-to-date symlink: /home/tutu/mr_ws_ros2/install/simple_controller/share/ament_index/resource_index/package_run_dependencies/simple_controller
[0.973s] -- Up-to-date symlink: /home/tutu/mr_ws_ros2/install/simple_controller/share/ament_index/resource_index/parent_prefix_path/simple_controller
[0.974s] -- Up-to-date symlink: /home/tutu/mr_ws_ros2/install/simple_controller/share/simple_controller/environment/ament_prefix_path.sh
[0.974s] -- Up-to-date symlink: /home/tutu/mr_ws_ros2/install/simple_controller/share/simple_controller/environment/ament_prefix_path.dsv
[0.974s] -- Up-to-date symlink: /home/tutu/mr_ws_ros2/install/simple_controller/share/simple_controller/environment/path.sh
[0.974s] -- Up-to-date symlink: /home/tutu/mr_ws_ros2/install/simple_controller/share/simple_controller/environment/path.dsv
[0.974s] -- Up-to-date symlink: /home/tutu/mr_ws_ros2/install/simple_controller/share/simple_controller/local_setup.bash
[0.974s] -- Up-to-date symlink: /home/tutu/mr_ws_ros2/install/simple_controller/share/simple_controller/local_setup.sh
[0.975s] -- Up-to-date symlink: /home/tutu/mr_ws_ros2/install/simple_controller/share/simple_controller/local_setup.zsh
[0.975s] -- Up-to-date symlink: /home/tutu/mr_ws_ros2/install/simple_controller/share/simple_controller/local_setup.dsv
[0.975s] -- Symlinking: /home/tutu/mr_ws_ros2/install/simple_controller/share/simple_controller/package.dsv
[0.982s] -- Up-to-date symlink: /home/tutu/mr_ws_ros2/install/simple_controller/share/ament_index/resource_index/packages/simple_controller
[0.983s] -- Up-to-date symlink: /home/tutu/mr_ws_ros2/install/simple_controller/share/simple_controller/cmake/simple_controllerConfig.cmake
[0.983s] -- Up-to-date symlink: /home/tutu/mr_ws_ros2/install/simple_controller/share/simple_controller/cmake/simple_controllerConfig-version.cmake
[0.983s] -- Up-to-date symlink: /home/tutu/mr_ws_ros2/install/simple_controller/share/simple_controller/package.xml
[0.983s] -- Up-to-date symlink: /home/tutu/mr_ws_ros2/install/simple_controller/lib/simple_controller/controller_node
[0.984s] -- Up-to-date symlink: /home/tutu/mr_ws_ros2/install/simple_controller/share/simple_controller/launch/controller.launch.py
[0.984s] -- Up-to-date symlink: /home/tutu/mr_ws_ros2/install/simple_controller/share/simple_controller/launch/controller.yaml
[0.984s] -- Up-to-date symlink: /home/tutu/mr_ws_ros2/install/simple_controller/share/simple_controller/launch/controller1s.yaml
[0.984s] -- Up-to-date symlink: /home/tutu/mr_ws_ros2/install/simple_controller/share/simple_controller/launch/controller_curv.yaml
[0.984s] -- Up-to-date symlink: /home/tutu/mr_ws_ros2/install/simple_controller/share/simple_controller/launch/controller_stage.launch.py
[0.984s] -- Up-to-date symlink: /home/tutu/mr_ws_ros2/install/simple_controller/share/simple_controller/launch/slam.launch
[0.984s] -- Up-to-date symlink: /home/tutu/mr_ws_ros2/install/simple_controller/lib/simple_controller/start_rqt
[0.985s] -- Up-to-date symlink: /home/tutu/mr_ws_ros2/install/simple_controller/share/simple_controller/rqt_cfg/steer_error.perspective
[0.987s] Invoked command in '/home/tutu/mr_ws_ros2/build/simple_controller' returned '0': CMAKE_PREFIX_PATH=${CMAKE_PREFIX_PATH}:/opt/ros/foxy /usr/bin/cmake --install /home/tutu/mr_ws_ros2/build/simple_controller
