-- The C compiler identification is GNU 11.4.0
-- The CXX compiler identification is GNU 11.4.0
-- Detecting C compiler ABI info
-- Detecting C compiler ABI info - done
-- Check for working C compiler: /usr/bin/cc - skipped
-- Detecting C compile features
-- Detecting C compile features - done
-- Detecting CXX compiler ABI info
-- Detecting CXX compiler ABI info - done
-- Check for working CXX compiler: /usr/bin/c++ - skipped
-- Detecting CXX compile features
-- Detecting CXX compile features - done
-- Found ament_cmake: 1.3.10 (/opt/ros/humble/share/ament_cmake/cmake)
-- Found Python3: /usr/bin/python3 (found version "3.10.12") found components: Interpreter 
-- Found rclcpp: 16.0.10 (/opt/ros/humble/share/rclcpp/cmake)
-- Found rosidl_generator_c: 3.1.5 (/opt/ros/humble/share/rosidl_generator_c/cmake)
-- Found rosidl_adapter: 3.1.5 (/opt/ros/humble/share/rosidl_adapter/cmake)
-- Found rosidl_generator_cpp: 3.1.5 (/opt/ros/humble/share/rosidl_generator_cpp/cmake)
-- Using all available rosidl_typesupport_c: rosidl_typesupport_fastrtps_c;rosidl_typesupport_introspection_c
-- Using all available rosidl_typesupport_cpp: rosidl_typesupport_fastrtps_cpp;rosidl_typesupport_introspection_cpp
-- Found rmw_implementation_cmake: 6.1.2 (/opt/ros/humble/share/rmw_implementation_cmake/cmake)
-- Found rmw_fastrtps_cpp: 6.2.7 (/opt/ros/humble/share/rmw_fastrtps_cpp/cmake)
-- Found OpenSSL: /usr/lib/x86_64-linux-gnu/libcrypto.so (found version "3.0.2")  
-- Found FastRTPS: /opt/ros/humble/include  
-- Using RMW implementation 'rmw_fastrtps_cpp' as default
-- Looking for pthread.h
-- Looking for pthread.h - found
-- Performing Test CMAKE_HAVE_LIBC_PTHREAD
-- Performing Test CMAKE_HAVE_LIBC_PTHREAD - Success
-- Found Threads: TRUE  
-- Found geometry_msgs: 4.2.4 (/opt/ros/humble/share/geometry_msgs/cmake)
-- Found sensor_msgs: 4.2.4 (/opt/ros/humble/share/sensor_msgs/cmake)
-- Found visualization_msgs: 4.2.4 (/opt/ros/humble/share/visualization_msgs/cmake)
-- Found nav_msgs: 4.2.4 (/opt/ros/humble/share/nav_msgs/cmake)
-- Found tf2: 0.25.8 (/opt/ros/humble/share/tf2/cmake)
-- Found tf2_ros: 0.25.8 (/opt/ros/humble/share/tf2_ros/cmake)
-- Configuring done
-- Generating done
-- Build files have been written to: /home/tutu/ros2m/build/feature_matcher
[ 33%] [32mBuilding CXX object CMakeFiles/feature_matcher.dir/src/feature_matcher.cpp.o[0m
[ 66%] [32mBuilding CXX object CMakeFiles/feature_matcher.dir/src/matcher.cpp.o[0m
[100%] [32m[1mLinking CXX executable feature_matcher[0m
[100%] Built target feature_matcher
-- Install configuration: ""
-- Installing: /home/tutu/ros2m/install/feature_matcher/lib/feature_matcher/feature_matcher
-- Set runtime path of "/home/tutu/ros2m/install/feature_matcher/lib/feature_matcher/feature_matcher" to ""
-- Installing: /home/tutu/ros2m/install/feature_matcher/share/feature_matcher//launch
-- Installing: /home/tutu/ros2m/install/feature_matcher/share/feature_matcher//launch/matcher.rviz
-- Installing: /home/tutu/ros2m/install/feature_matcher/share/feature_matcher//launch/matcher.launch.py
-- Installing: /home/tutu/ros2m/install/feature_matcher/share/ament_index/resource_index/package_run_dependencies/feature_matcher
-- Installing: /home/tutu/ros2m/install/feature_matcher/share/ament_index/resource_index/parent_prefix_path/feature_matcher
-- Installing: /home/tutu/ros2m/install/feature_matcher/share/feature_matcher/environment/ament_prefix_path.sh
-- Installing: /home/tutu/ros2m/install/feature_matcher/share/feature_matcher/environment/ament_prefix_path.dsv
-- Installing: /home/tutu/ros2m/install/feature_matcher/share/feature_matcher/environment/path.sh
-- Installing: /home/tutu/ros2m/install/feature_matcher/share/feature_matcher/environment/path.dsv
-- Installing: /home/tutu/ros2m/install/feature_matcher/share/feature_matcher/local_setup.bash
-- Installing: /home/tutu/ros2m/install/feature_matcher/share/feature_matcher/local_setup.sh
-- Installing: /home/tutu/ros2m/install/feature_matcher/share/feature_matcher/local_setup.zsh
-- Installing: /home/tutu/ros2m/install/feature_matcher/share/feature_matcher/local_setup.dsv
-- Installing: /home/tutu/ros2m/install/feature_matcher/share/feature_matcher/package.dsv
-- Installing: /home/tutu/ros2m/install/feature_matcher/share/ament_index/resource_index/packages/feature_matcher
-- Installing: /home/tutu/ros2m/install/feature_matcher/share/feature_matcher/cmake/feature_matcherConfig.cmake
-- Installing: /home/tutu/ros2m/install/feature_matcher/share/feature_matcher/cmake/feature_matcherConfig-version.cmake
-- Installing: /home/tutu/ros2m/install/feature_matcher/share/feature_matcher/package.xml
