[35m[1mConsolidate compiler generated dependencies of target controller_node[0m
[100%] Built target controller_node
-- Install configuration: ""
-- Up-to-date: /home/tutu/ros2m/install/simple_controller/lib/simple_controller/controller_node
-- Up-to-date: /home/tutu/ros2m/install/simple_controller/share/simple_controller//launch
-- Up-to-date: /home/tutu/ros2m/install/simple_controller/share/simple_controller//launch/controller_stage.launch.py
-- Up-to-date: /home/tutu/ros2m/install/simple_controller/share/simple_controller//launch/controller1s.yaml
-- Up-to-date: /home/tutu/ros2m/install/simple_controller/share/simple_controller//launch/controller_curv.yaml
-- Up-to-date: /home/tutu/ros2m/install/simple_controller/share/simple_controller//launch/controller.yaml
-- Up-to-date: /home/tutu/ros2m/install/simple_controller/include
-- Up-to-date: /home/tutu/ros2m/install/simple_controller/include/trajectory_segment.h
-- Up-to-date: /home/tutu/ros2m/install/simple_controller/share/ament_index/resource_index/package_run_dependencies/simple_controller
-- Up-to-date: /home/tutu/ros2m/install/simple_controller/share/ament_index/resource_index/parent_prefix_path/simple_controller
-- Up-to-date: /home/tutu/ros2m/install/simple_controller/share/simple_controller/environment/ament_prefix_path.sh
-- Up-to-date: /home/tutu/ros2m/install/simple_controller/share/simple_controller/environment/ament_prefix_path.dsv
-- Up-to-date: /home/tutu/ros2m/install/simple_controller/share/simple_controller/environment/path.sh
-- Up-to-date: /home/tutu/ros2m/install/simple_controller/share/simple_controller/environment/path.dsv
-- Up-to-date: /home/tutu/ros2m/install/simple_controller/share/simple_controller/local_setup.bash
-- Up-to-date: /home/tutu/ros2m/install/simple_controller/share/simple_controller/local_setup.sh
-- Up-to-date: /home/tutu/ros2m/install/simple_controller/share/simple_controller/local_setup.zsh
-- Up-to-date: /home/tutu/ros2m/install/simple_controller/share/simple_controller/local_setup.dsv
-- Installing: /home/tutu/ros2m/install/simple_controller/share/simple_controller/package.dsv
-- Up-to-date: /home/tutu/ros2m/install/simple_controller/share/ament_index/resource_index/packages/simple_controller
-- Up-to-date: /home/tutu/ros2m/install/simple_controller/share/simple_controller/cmake/simple_controllerConfig.cmake
-- Up-to-date: /home/tutu/ros2m/install/simple_controller/share/simple_controller/cmake/simple_controllerConfig-version.cmake
-- Up-to-date: /home/tutu/ros2m/install/simple_controller/share/simple_controller/package.xml
