[0.019s] Invoking command in '/home/tutu/ros2m/build/simple_planner': CMAKE_PREFIX_PATH=/opt/ros/humble /usr/bin/cmake --build /home/tutu/ros2m/build/simple_planner -- -j1 -l1
[0.109s] [35m[1mConsolidate compiler generated dependencies of target simple_planner[0m
[0.141s] [100%] Built target simple_planner
[0.155s] Invoked command in '/home/tutu/ros2m/build/simple_planner' returned '0': CMAKE_PREFIX_PATH=/opt/ros/humble /usr/bin/cmake --build /home/tutu/ros2m/build/simple_planner -- -j1 -l1
[0.157s] Invoking command in '/home/tutu/ros2m/build/simple_planner': CMAKE_PREFIX_PATH=/opt/ros/humble /usr/bin/cmake --install /home/tutu/ros2m/build/simple_planner
[0.167s] -- Install configuration: ""
[0.167s] -- Up-to-date: /home/tutu/ros2m/install/simple_planner/lib/simple_planner/simple_planner
[0.167s] -- Up-to-date: /home/tutu/ros2m/install/simple_planner/share/simple_planner//launch
[0.167s] -- Up-to-date: /home/tutu/ros2m/install/simple_planner/share/simple_planner//launch/planner.launch.py
[0.170s] -- Up-to-date: /home/tutu/ros2m/install/simple_planner/share/simple_planner//launch/planner.rviz
[0.171s] -- Up-to-date: /home/tutu/ros2m/install/simple_planner/share/simple_planner//launch/default.rviz
[0.171s] -- Up-to-date: /home/tutu/ros2m/install/simple_planner/share/ament_index/resource_index/package_run_dependencies/simple_planner
[0.171s] -- Up-to-date: /home/tutu/ros2m/install/simple_planner/share/ament_index/resource_index/parent_prefix_path/simple_planner
[0.172s] -- Up-to-date: /home/tutu/ros2m/install/simple_planner/share/simple_planner/environment/ament_prefix_path.sh
[0.174s] -- Up-to-date: /home/tutu/ros2m/install/simple_planner/share/simple_planner/environment/ament_prefix_path.dsv
[0.174s] -- Up-to-date: /home/tutu/ros2m/install/simple_planner/share/simple_planner/environment/path.sh
[0.174s] -- Up-to-date: /home/tutu/ros2m/install/simple_planner/share/simple_planner/environment/path.dsv
[0.174s] -- Up-to-date: /home/tutu/ros2m/install/simple_planner/share/simple_planner/local_setup.bash
[0.174s] -- Up-to-date: /home/tutu/ros2m/install/simple_planner/share/simple_planner/local_setup.sh
[0.174s] -- Up-to-date: /home/tutu/ros2m/install/simple_planner/share/simple_planner/local_setup.zsh
[0.174s] -- Up-to-date: /home/tutu/ros2m/install/simple_planner/share/simple_planner/local_setup.dsv
[0.174s] -- Installing: /home/tutu/ros2m/install/simple_planner/share/simple_planner/package.dsv
[0.174s] -- Up-to-date: /home/tutu/ros2m/install/simple_planner/share/ament_index/resource_index/packages/simple_planner
[0.174s] -- Up-to-date: /home/tutu/ros2m/install/simple_planner/share/simple_planner/cmake/simple_plannerConfig.cmake
[0.174s] -- Up-to-date: /home/tutu/ros2m/install/simple_planner/share/simple_planner/cmake/simple_plannerConfig-version.cmake
[0.174s] -- Up-to-date: /home/tutu/ros2m/install/simple_planner/share/simple_planner/package.xml
[0.178s] Invoked command in '/home/tutu/ros2m/build/simple_planner' returned '0': CMAKE_PREFIX_PATH=/opt/ros/humble /usr/bin/cmake --install /home/tutu/ros2m/build/simple_planner
