[0.018s] Invoking command in '/home/tutu/ros2m/build/stage_controller': CMAKE_PREFIX_PATH=/opt/ros/humble /usr/bin/cmake --build /home/tutu/ros2m/build/stage_controller -- -j1 -l1
[0.154s] [ 50%] Built target stage_controller
[0.223s] [100%] Built target stage_throttle
[0.251s] Invoked command in '/home/tutu/ros2m/build/stage_controller' returned '0': CMAKE_PREFIX_PATH=/opt/ros/humble /usr/bin/cmake --build /home/tutu/ros2m/build/stage_controller -- -j1 -l1
[0.254s] Invoking command in '/home/tutu/ros2m/build/stage_controller': CMAKE_PREFIX_PATH=/opt/ros/humble /usr/bin/cmake --install /home/tutu/ros2m/build/stage_controller
[0.275s] -- Install configuration: ""
[0.275s] -- Up-to-date: /home/tutu/ros2m/install/stage_controller/lib/stage_controller/stage_controller
[0.275s] -- Up-to-date: /home/tutu/ros2m/install/stage_controller/lib/stage_controller/stage_throttle
[0.275s] -- Up-to-date: /home/tutu/ros2m/install/stage_controller/share/ament_index/resource_index/package_run_dependencies/stage_controller
[0.275s] -- Up-to-date: /home/tutu/ros2m/install/stage_controller/share/ament_index/resource_index/parent_prefix_path/stage_controller
[0.276s] -- Up-to-date: /home/tutu/ros2m/install/stage_controller/share/stage_controller/environment/ament_prefix_path.sh
[0.276s] -- Up-to-date: /home/tutu/ros2m/install/stage_controller/share/stage_controller/environment/ament_prefix_path.dsv
[0.276s] -- Up-to-date: /home/tutu/ros2m/install/stage_controller/share/stage_controller/environment/path.sh
[0.276s] -- Up-to-date: /home/tutu/ros2m/install/stage_controller/share/stage_controller/environment/path.dsv
[0.276s] -- Up-to-date: /home/tutu/ros2m/install/stage_controller/share/stage_controller/local_setup.bash
[0.276s] -- Up-to-date: /home/tutu/ros2m/install/stage_controller/share/stage_controller/local_setup.sh
[0.278s] -- Up-to-date: /home/tutu/ros2m/install/stage_controller/share/stage_controller/local_setup.zsh
[0.278s] -- Up-to-date: /home/tutu/ros2m/install/stage_controller/share/stage_controller/local_setup.dsv
[0.278s] -- Installing: /home/tutu/ros2m/install/stage_controller/share/stage_controller/package.dsv
[0.279s] -- Up-to-date: /home/tutu/ros2m/install/stage_controller/share/ament_index/resource_index/packages/stage_controller
[0.280s] -- Up-to-date: /home/tutu/ros2m/install/stage_controller/share/stage_controller/cmake/stage_controllerConfig.cmake
[0.281s] -- Up-to-date: /home/tutu/ros2m/install/stage_controller/share/stage_controller/cmake/stage_controllerConfig-version.cmake
[0.281s] -- Up-to-date: /home/tutu/ros2m/install/stage_controller/share/stage_controller/package.xml
[0.285s] Invoked command in '/home/tutu/ros2m/build/stage_controller' returned '0': CMAKE_PREFIX_PATH=/opt/ros/humble /usr/bin/cmake --install /home/tutu/ros2m/build/stage_controller
