-- Found ament_cmake: 0.9.12 (/opt/ros/foxy/share/ament_cmake/cmake)
-- Using PYTHON_EXECUTABLE: /usr/bin/python3
-- Override CMake install command with custom implementation using symlinks instead of copying resources
-- Found rclcpp: 2.4.3 (/opt/ros/foxy/share/rclcpp/cmake)
-- Using all available rosidl_typesupport_c: rosidl_typesupport_fastrtps_c;rosidl_typesupport_introspection_c
-- Found rosidl_adapter: 1.3.1 (/opt/ros/foxy/share/rosidl_adapter/cmake)
-- Using all available rosidl_typesupport_cpp: rosidl_typesupport_fastrtps_cpp;rosidl_typesupport_introspection_cpp
-- Found rmw_implementation_cmake: 1.0.4 (/opt/ros/foxy/share/rmw_implementation_cmake/cmake)
-- Using RMW implementation 'rmw_fastrtps_cpp' as default
-- Found rclcpp_components: 2.4.3 (/opt/ros/foxy/share/rclcpp_components/cmake)
-- Found sensor_msgs: 2.0.5 (/opt/ros/foxy/share/sensor_msgs/cmake)
-- Found nav_msgs: 2.0.5 (/opt/ros/foxy/share/nav_msgs/cmake)
-- Found tf2_ros: 0.13.14 (/opt/ros/foxy/share/tf2_ros/cmake)
-- Found tf2_geometry_msgs: 0.13.14 (/opt/ros/foxy/share/tf2_geometry_msgs/cmake)
-- Found eigen3_cmake_module: 0.1.1 (/opt/ros/foxy/share/eigen3_cmake_module/cmake)
-- Found std_srvs: 2.0.5 (/opt/ros/foxy/share/std_srvs/cmake)
-- Found ament_lint_auto: 0.9.8 (/opt/ros/foxy/share/ament_lint_auto/cmake)
-- Added test 'cppcheck' to perform static code analysis on C / C++ code
-- Configured cppcheck include dirs: /home/tutu/mr_ws_ros2/src/stage_ros2/./include;$<BUILD_INTERFACE:/home/tutu/mr_ws_ros2/src/stage_ros2/include>
-- Configured cppcheck exclude dirs and/or files: 
-- Added test 'flake8' to check Python code syntax and style conventions
-- Added test 'lint_cmake' to check CMake code style
-- Added test 'pep257' to check Python code against some of the style conventions in PEP 257
-- Added test 'uncrustify' to check C / C++ code style
-- Configured uncrustify additional arguments: 
-- Added test 'xmllint' to check XML markup files
-- Added test 'clang_format' to check C / C++ code style
-- Added test 'pycodestyle' to check Python code against some of the style conventions in PEP 8
-- Configuring done
-- Generating done
-- Build files have been written to: /home/tutu/mr_ws_ros2/build/stage_ros2
[ 14%] [32mBuilding CXX object CMakeFiles/stage_node.dir/src/stage_node.cpp.o[0m
[ 28%] [32mBuilding CXX object CMakeFiles/stage_node.dir/src/camera.cpp.o[0m
[ 42%] [32mBuilding CXX object CMakeFiles/stage_node.dir/src/vehicle.cpp.o[0m
[ 57%] [32mBuilding CXX object CMakeFiles/stage_node.dir/src/ranger.cpp.o[0m
[ 71%] [32m[1mLinking CXX shared library libstage_node.so[0m
[ 71%] Built target stage_node
[ 85%] [32mBuilding CXX object CMakeFiles/stage_ros2.dir/src/main.cpp.o[0m
[100%] [32m[1mLinking CXX executable stage_ros2[0m
[100%] Built target stage_ros2
-- Install configuration: "RelWithDebInfo"
-- Execute custom install script
-- Symlinking: /home/tutu/mr_ws_ros2/install/stage_ros2/share/stage_ros2/environment/library_path.sh
-- Symlinking: /home/tutu/mr_ws_ros2/install/stage_ros2/share/stage_ros2/environment/library_path.dsv
-- Symlinking: /home/tutu/mr_ws_ros2/install/stage_ros2/share/stage_ros2//launch/my_house.launch.py
-- Symlinking: /home/tutu/mr_ws_ros2/install/stage_ros2/share/stage_ros2//launch/my_house_multi.launch.py
-- Symlinking: /home/tutu/mr_ws_ros2/install/stage_ros2/share/stage_ros2//world/maps/autolab.png
-- Symlinking: /home/tutu/mr_ws_ros2/install/stage_ros2/share/stage_ros2//world/maps/cave.png
-- Symlinking: /home/tutu/mr_ws_ros2/install/stage_ros2/share/stage_ros2//world/maps/frieburg.png
-- Symlinking: /home/tutu/mr_ws_ros2/install/stage_ros2/share/stage_ros2//world/maps/ghost.png
-- Symlinking: /home/tutu/mr_ws_ros2/install/stage_ros2/share/stage_ros2//world/maps/hospital_section.png
-- Symlinking: /home/tutu/mr_ws_ros2/install/stage_ros2/share/stage_ros2//world/maps/human_outline.png
-- Symlinking: /home/tutu/mr_ws_ros2/install/stage_ros2/share/stage_ros2//world/maps/line.png
-- Symlinking: /home/tutu/mr_ws_ros2/install/stage_ros2/share/stage_ros2//world/maps/my_house.jpg
-- Symlinking: /home/tutu/mr_ws_ros2/install/stage_ros2/share/stage_ros2//world/maps/simple_rooms.png
-- Symlinking: /home/tutu/mr_ws_ros2/install/stage_ros2/share/stage_ros2//world/maps/space_invader.png
-- Symlinking: /home/tutu/mr_ws_ros2/install/stage_ros2/share/stage_ros2//world/maps/uoa_robotics_lab.png
-- Symlinking: /home/tutu/mr_ws_ros2/install/stage_ros2/share/stage_ros2//world/my_house.world
-- Symlinking: /home/tutu/mr_ws_ros2/install/stage_ros2/share/stage_ros2//world/my_house_multi.world
-- Symlinking: /home/tutu/mr_ws_ros2/install/stage_ros2/share/stage_ros2//world/robot/camera.inc
-- Symlinking: /home/tutu/mr_ws_ros2/install/stage_ros2/share/stage_ros2//world/robot/car_base.inc
-- Symlinking: /home/tutu/mr_ws_ros2/install/stage_ros2/share/stage_ros2//world/robot/laser.inc
-- Symlinking: /home/tutu/mr_ws_ros2/install/stage_ros2/share/stage_ros2//world/robot/mycar.inc
-- Symlinking: /home/tutu/mr_ws_ros2/install/stage_ros2/share/stage_ros2//config/rviz/example.rviz
-- Symlinking: /home/tutu/mr_ws_ros2/install/stage_ros2/lib/libstage_node.so
-- Symlinking: /home/tutu/mr_ws_ros2/install/stage_ros2/lib/stage_ros2/stage_ros2
-- Symlinking: /home/tutu/mr_ws_ros2/install/stage_ros2/share/ament_index/resource_index/package_run_dependencies/stage_ros2
-- Symlinking: /home/tutu/mr_ws_ros2/install/stage_ros2/share/ament_index/resource_index/parent_prefix_path/stage_ros2
-- Symlinking: /home/tutu/mr_ws_ros2/install/stage_ros2/share/stage_ros2/environment/ament_prefix_path.sh
-- Symlinking: /home/tutu/mr_ws_ros2/install/stage_ros2/share/stage_ros2/environment/ament_prefix_path.dsv
-- Symlinking: /home/tutu/mr_ws_ros2/install/stage_ros2/share/stage_ros2/environment/path.sh
-- Symlinking: /home/tutu/mr_ws_ros2/install/stage_ros2/share/stage_ros2/environment/path.dsv
-- Symlinking: /home/tutu/mr_ws_ros2/install/stage_ros2/share/stage_ros2/local_setup.bash
-- Symlinking: /home/tutu/mr_ws_ros2/install/stage_ros2/share/stage_ros2/local_setup.sh
-- Symlinking: /home/tutu/mr_ws_ros2/install/stage_ros2/share/stage_ros2/local_setup.zsh
-- Symlinking: /home/tutu/mr_ws_ros2/install/stage_ros2/share/stage_ros2/local_setup.dsv
-- Symlinking: /home/tutu/mr_ws_ros2/install/stage_ros2/share/stage_ros2/package.dsv
-- Symlinking: /home/tutu/mr_ws_ros2/install/stage_ros2/share/ament_index/resource_index/packages/stage_ros2
-- Symlinking: /home/tutu/mr_ws_ros2/install/stage_ros2/share/stage_ros2/cmake/stage_ros2Config.cmake
-- Symlinking: /home/tutu/mr_ws_ros2/install/stage_ros2/share/stage_ros2/cmake/stage_ros2Config-version.cmake
-- Symlinking: /home/tutu/mr_ws_ros2/install/stage_ros2/share/stage_ros2/package.xml
