[0.018s] Invoking command in '/home/tutu/ros2m/build/simple_planner': CMAKE_PREFIX_PATH=/opt/ros/humble /usr/bin/cmake --build /home/tutu/ros2m/build/simple_planner -- -j1 -l1
[0.161s] [100%] Built target simple_planner
[0.191s] Invoked command in '/home/tutu/ros2m/build/simple_planner' returned '0': CMAKE_PREFIX_PATH=/opt/ros/humble /usr/bin/cmake --build /home/tutu/ros2m/build/simple_planner -- -j1 -l1
[0.201s] Invoking command in '/home/tutu/ros2m/build/simple_planner': CMAKE_PREFIX_PATH=/opt/ros/humble /usr/bin/cmake --install /home/tutu/ros2m/build/simple_planner
[0.219s] -- Install configuration: ""
[0.221s] -- Up-to-date: /home/tutu/ros2m/install/simple_planner/lib/simple_planner/simple_planner
[0.221s] -- Up-to-date: /home/tutu/ros2m/install/simple_planner/share/simple_planner//launch
[0.224s] -- Up-to-date: /home/tutu/ros2m/install/simple_planner/share/simple_planner//launch/planner.launch.py
[0.224s] -- Up-to-date: /home/tutu/ros2m/install/simple_planner/share/simple_planner//launch/planner.rviz
[0.227s] -- Up-to-date: /home/tutu/ros2m/install/simple_planner/share/simple_planner//launch/default.rviz
[0.227s] -- Up-to-date: /home/tutu/ros2m/install/simple_planner/share/ament_index/resource_index/package_run_dependencies/simple_planner
[0.227s] -- Up-to-date: /home/tutu/ros2m/install/simple_planner/share/ament_index/resource_index/parent_prefix_path/simple_planner
[0.227s] -- Up-to-date: /home/tutu/ros2m/install/simple_planner/share/simple_planner/environment/ament_prefix_path.sh
[0.227s] -- Up-to-date: /home/tutu/ros2m/install/simple_planner/share/simple_planner/environment/ament_prefix_path.dsv
[0.228s] -- Up-to-date: /home/tutu/ros2m/install/simple_planner/share/simple_planner/environment/path.sh
[0.228s] -- Up-to-date: /home/tutu/ros2m/install/simple_planner/share/simple_planner/environment/path.dsv
[0.228s] -- Up-to-date: /home/tutu/ros2m/install/simple_planner/share/simple_planner/local_setup.bash
[0.228s] -- Up-to-date: /home/tutu/ros2m/install/simple_planner/share/simple_planner/local_setup.sh
[0.228s] -- Up-to-date: /home/tutu/ros2m/install/simple_planner/share/simple_planner/local_setup.zsh
[0.228s] -- Up-to-date: /home/tutu/ros2m/install/simple_planner/share/simple_planner/local_setup.dsv
[0.228s] -- Installing: /home/tutu/ros2m/install/simple_planner/share/simple_planner/package.dsv
[0.228s] -- Up-to-date: /home/tutu/ros2m/install/simple_planner/share/ament_index/resource_index/packages/simple_planner
[0.232s] -- Up-to-date: /home/tutu/ros2m/install/simple_planner/share/simple_planner/cmake/simple_plannerConfig.cmake
[0.233s] -- Up-to-date: /home/tutu/ros2m/install/simple_planner/share/simple_planner/cmake/simple_plannerConfig-version.cmake
[0.233s] -- Up-to-date: /home/tutu/ros2m/install/simple_planner/share/simple_planner/package.xml
[0.236s] Invoked command in '/home/tutu/ros2m/build/simple_planner' returned '0': CMAKE_PREFIX_PATH=/opt/ros/humble /usr/bin/cmake --install /home/tutu/ros2m/build/simple_planner
