[0.023s] Invoking command in '/home/tutu/mr_ws_ros2/build/Stage': /usr/bin/cmake /home/tutu/mr_ws_ros2/src/Stage -DCMAKE_INSTALL_PREFIX=/home/tutu/mr_ws_ros2/install/Stage
[0.088s] -- The C compiler identification is GNU 9.4.0
[0.152s] -- The CXX compiler identification is GNU 9.4.0
[0.158s] -- Check for working C compiler: /usr/bin/cc
[0.218s] -- Check for working C compiler: /usr/bin/cc -- works
[0.219s] -- Detecting C compiler ABI info
[0.279s] -- Detecting C compiler ABI info - done
[0.291s] -- Detecting C compile features
[0.292s] -- Detecting C compile features - done
[0.296s] -- Check for working CXX compiler: /usr/bin/c++
[0.370s] -- Check for working CXX compiler: /usr/bin/c++ -- works
[0.372s] -- Detecting CXX compiler ABI info
[0.439s] -- Detecting CXX compiler ABI info - done
[0.459s] -- Detecting CXX compile features
[0.461s] -- Detecting CXX compile features - done
[0.462s] -- Stage version 4.3.0
[0.462s] -- Operating system is Linux
[0.462s] -- Installing Libraries to /home/tutu/mr_ws_ros2/install/Stage/lib
[0.462s] -- Installing Plugins to /home/tutu/mr_ws_ros2/install/Stage/lib/Stage-4.3
[0.463s] -- Build type RELEASE
[0.463s] -- Checking for libtool
[0.471s] -- Checking for required libraries...
[0.488s] -- Found JPEG: /usr/lib/x86_64-linux-gnu/libjpeg.so (found version "80") 
[0.498s] -- Found ZLIB: /usr/lib/x86_64-linux-gnu/libz.so (found version "1.2.11") 
[0.518s] -- Found PNG: /usr/lib/x86_64-linux-gnu/libpng.so (found version "1.6.37") 
[0.523s] -- Found OpenGL: /usr/lib/x86_64-linux-gnu/libOpenGL.so   
[0.610s] -- Found X11: /usr/include   
[0.610s] -- Looking for XOpenDisplay in /usr/lib/x86_64-linux-gnu/libX11.so;/usr/lib/x86_64-linux-gnu/libXext.so
[0.674s] -- Looking for XOpenDisplay in /usr/lib/x86_64-linux-gnu/libX11.so;/usr/lib/x86_64-linux-gnu/libXext.so - found
[0.674s] -- Looking for gethostbyname
[0.732s] -- Looking for gethostbyname - found
[0.732s] -- Looking for connect
[0.793s] -- Looking for connect - found
[0.793s] -- Looking for remove
[0.851s] -- Looking for remove - found
[0.851s] -- Looking for shmat
[0.906s] -- Looking for shmat - found
[0.906s] -- Looking for IceConnectionNumber in ICE
[0.963s] -- Looking for IceConnectionNumber in ICE - found
[0.969s] -- Found FLTK: fltk_images;fltk_forms;fltk_gl;fltk  
[0.971s] -- Checking for optional libraries...
[0.972s] -- Installation path CMAKE_INSTALL_PREFIX=/home/tutu/mr_ws_ros2/install/Stage
[0.972s] -- Configuring libstage
[0.980s] -- Found PkgConfig: /usr/bin/pkg-config (found version "0.29.1") 
[0.980s] -- Checking for one of the modules 'playercore>=2.1.0'
[0.984s] --   * Player not detected. If Player is installed but not detected, check your PKG_CONFIG_PATH.
[1.000s] -- Configuring done
[1.033s] -- Generating done
[1.035s] -- Build files have been written to: /home/tutu/mr_ws_ros2/build/Stage
[1.041s] Invoked command in '/home/tutu/mr_ws_ros2/build/Stage' returned '0': /usr/bin/cmake /home/tutu/mr_ws_ros2/src/Stage -DCMAKE_INSTALL_PREFIX=/home/tutu/mr_ws_ros2/install/Stage
[1.045s] Invoking command in '/home/tutu/mr_ws_ros2/build/Stage': /usr/bin/cmake --build /home/tutu/mr_ws_ros2/build/Stage -- -j8 -l8
[1.079s] [35m[1mScanning dependencies of target stage[0m
[1.103s] [  5%] [32mBuilding CXX object libstage/CMakeFiles/stage.dir/color.cc.o[0m
[1.103s] [  5%] [32mBuilding CXX object libstage/CMakeFiles/stage.dir/block.cc.o[0m
[1.103s] [  5%] [32mBuilding CXX object libstage/CMakeFiles/stage.dir/gl.cc.o[0m
[1.104s] [  6%] [32mBuilding CXX object libstage/CMakeFiles/stage.dir/file_manager.cc.o[0m
[1.104s] [ 10%] [32mBuilding CXX object libstage/CMakeFiles/stage.dir/camera.cc.o[0m
[1.104s] [ 10%] [32mBuilding CXX object libstage/CMakeFiles/stage.dir/blockgroup.cc.o[0m
[1.113s] [ 11%] [32mBuilding CXX object libstage/CMakeFiles/stage.dir/logentry.cc.o[0m
[1.122s] [ 13%] [32mBuilding CXX object libstage/CMakeFiles/stage.dir/model.cc.o[0m
[2.406s] [ 15%] [32mBuilding CXX object libstage/CMakeFiles/stage.dir/model_actuator.cc.o[0m
[2.703s] [ 16%] [32mBuilding CXX object libstage/CMakeFiles/stage.dir/model_blinkenlight.cc.o[0m
[2.716s] [ 18%] [32mBuilding CXX object libstage/CMakeFiles/stage.dir/model_blobfinder.cc.o[0m
[2.774s] [ 20%] [32mBuilding CXX object libstage/CMakeFiles/stage.dir/model_bumper.cc.o[0m
[2.879s] [ 22%] [32mBuilding CXX object libstage/CMakeFiles/stage.dir/model_callbacks.cc.o[0m
[2.913s] [ 23%] [32mBuilding CXX object libstage/CMakeFiles/stage.dir/model_camera.cc.o[0m
[3.493s] [ 25%] [32mBuilding CXX object libstage/CMakeFiles/stage.dir/model_draw.cc.o[0m
[4.175s] [ 27%] [32mBuilding CXX object libstage/CMakeFiles/stage.dir/model_fiducial.cc.o[0m
[4.565s] [ 28%] [32mBuilding CXX object libstage/CMakeFiles/stage.dir/model_gripper.cc.o[0m
[4.648s] [ 30%] [32mBuilding CXX object libstage/CMakeFiles/stage.dir/model_lightindicator.cc.o[0m
[5.067s] [ 32%] [32mBuilding CXX object libstage/CMakeFiles/stage.dir/model_position.cc.o[0m
[5.106s] [ 33%] [32mBuilding CXX object libstage/CMakeFiles/stage.dir/model_ranger.cc.o[0m
[5.150s] [ 35%] [32mBuilding CXX object libstage/CMakeFiles/stage.dir/option.cc.o[0m
[5.321s] [ 37%] [32mBuilding CXX object libstage/CMakeFiles/stage.dir/powerpack.cc.o[0m
[6.250s] [ 38%] [32mBuilding CXX object libstage/CMakeFiles/stage.dir/region.cc.o[0m
[6.359s] [ 40%] [32mBuilding CXX object libstage/CMakeFiles/stage.dir/stage.cc.o[0m
[6.445s] [ 42%] [32mBuilding CXX object libstage/CMakeFiles/stage.dir/texture_manager.cc.o[0m
[6.960s] [ 44%] [32mBuilding CXX object libstage/CMakeFiles/stage.dir/typetable.cc.o[0m
[7.226s] [ 45%] [32mBuilding CXX object libstage/CMakeFiles/stage.dir/world.cc.o[0m
[7.452s] [ 47%] [32mBuilding CXX object libstage/CMakeFiles/stage.dir/worldfile.cc.o[0m
[7.513s] [ 49%] [32mBuilding CXX object libstage/CMakeFiles/stage.dir/canvas.cc.o[0m
[7.607s] [ 50%] [32mBuilding CXX object libstage/CMakeFiles/stage.dir/options_dlg.cc.o[0m
[8.121s] [ 52%] [32mBuilding CXX object libstage/CMakeFiles/stage.dir/vis_strip.cc.o[0m
[8.713s] [ 54%] [32mBuilding CXX object libstage/CMakeFiles/stage.dir/worldgui.cc.o[0m
[9.122s] [ 55%] [32mBuilding CXX object libstage/CMakeFiles/stage.dir/ancestor.cc.o[0m
[11.350s] [ 57%] [32m[1mLinking CXX shared library libstage.so[0m
[11.556s] [ 57%] Built target stage
[11.570s] [35m[1mScanning dependencies of target sink[0m
[11.570s] [35m[1mScanning dependencies of target stagebinary[0m
[11.571s] [35m[1mScanning dependencies of target fasr[0m
[11.576s] [35m[1mScanning dependencies of target fasr2[0m
[11.585s] [35m[1mScanning dependencies of target source[0m
[11.588s] [ 59%] [32mBuilding CXX object libstage/CMakeFiles/stagebinary.dir/main.cc.o[0m
[11.590s] [35m[1mScanning dependencies of target dynamic[0m
[11.599s] [ 61%] [32mBuilding CXX object examples/ctrl/CMakeFiles/fasr.dir/fasr.cc.o[0m
[11.602s] [ 62%] [32mBuilding CXX object examples/ctrl/CMakeFiles/fasr2.dir/fasr2.cc.o[0m
[11.611s] [ 66%] [32mBuilding CXX object examples/ctrl/CMakeFiles/source.dir/source.cc.o[0m
[11.611s] [ 66%] [32mBuilding CXX object examples/ctrl/CMakeFiles/fasr2.dir/astar/findpath.cpp.o[0m
[11.613s] [35m[1mScanning dependencies of target wander[0m
[11.627s] [ 67%] [32mBuilding CXX object examples/ctrl/CMakeFiles/sink.dir/sink.cc.o[0m
[11.639s] [ 69%] [32mBuilding CXX object examples/ctrl/CMakeFiles/dynamic.dir/dynamic.cc.o[0m
[11.675s] [ 71%] [32mBuilding CXX object examples/ctrl/CMakeFiles/wander.dir/wander.cc.o[0m
[12.988s] [35m[1mScanning dependencies of target rasterize[0m
[13.029s] [ 72%] [32mBuilding CXX object examples/ctrl/CMakeFiles/rasterize.dir/rasterize.cc.o[0m
[13.267s] [ 74%] [32m[1mLinking CXX executable stage[0m
[13.441s] [ 76%] [32m[1mLinking CXX shared module source.so[0m
[13.601s] [ 76%] Built target source
[13.627s] [35m[1mScanning dependencies of target lasernoise[0m
[13.642s] [ 76%] Built target stagebinary
[13.656s] [ 77%] [32mBuilding CXX object examples/ctrl/CMakeFiles/lasernoise.dir/lasernoise.cc.o[0m
[13.665s] [35m[1mScanning dependencies of target pioneer_flocking[0m
[13.675s] [ 79%] [32m[1mLinking CXX shared module sink.so[0m
[13.732s] [ 81%] [32mBuilding CXX object examples/ctrl/CMakeFiles/pioneer_flocking.dir/pioneer_flocking.cc.o[0m
[13.805s] [ 83%] [32m[1mLinking CXX shared module fasr.so[0m
[13.818s] [ 84%] [32m[1mLinking CXX shared module dynamic.so[0m
[13.826s] [ 84%] Built target sink
[13.844s] [35m[1mScanning dependencies of target expand_pioneer[0m
[13.882s] [ 86%] [32mBuilding CXX object worlds/benchmark/CMakeFiles/expand_pioneer.dir/expand_pioneer.cc.o[0m
[13.958s] [ 86%] Built target dynamic
[13.974s] [35m[1mScanning dependencies of target expand_swarm[0m
[13.991s] [ 88%] [32m[1mLinking CXX shared module wander.so[0m
[14.035s] [ 89%] [32mBuilding CXX object worlds/benchmark/CMakeFiles/expand_swarm.dir/expand_swarm.cc.o[0m
[14.119s] [ 89%] Built target fasr
[14.130s] [ 89%] Built target wander
[14.564s] [ 91%] [32m[1mLinking CXX shared module fasr2.so[0m
[14.748s] [ 91%] Built target fasr2
[14.892s] [ 93%] [32m[1mLinking CXX shared module rasterize.so[0m
[15.042s] [ 93%] Built target rasterize
[15.113s] [ 94%] [32m[1mLinking CXX shared module pioneer_flocking.so[0m
[15.114s] [ 96%] [32m[1mLinking CXX shared module lasernoise.so[0m
[15.212s] [ 98%] [32m[1mLinking CXX shared module expand_pioneer.so[0m
[15.235s] [ 98%] Built target pioneer_flocking
[15.259s] [ 98%] Built target lasernoise
[15.325s] [ 98%] Built target expand_pioneer
[15.353s] [100%] [32m[1mLinking CXX shared module expand_swarm.so[0m
[15.431s] [100%] Built target expand_swarm
[15.441s] Invoked command in '/home/tutu/mr_ws_ros2/build/Stage' returned '0': /usr/bin/cmake --build /home/tutu/mr_ws_ros2/build/Stage -- -j8 -l8
[15.468s] Invoking command in '/home/tutu/mr_ws_ros2/build/Stage': /usr/bin/cmake --install /home/tutu/mr_ws_ros2/build/Stage
[15.475s] -- Install configuration: "RELEASE"
[15.475s] -- Installing: /home/tutu/mr_ws_ros2/install/Stage/lib/pkgconfig/stage.pc
[15.475s] -- Installing: /home/tutu/mr_ws_ros2/install/Stage/lib/cmake/Stage/stage-config.cmake
[15.475s] -- Installing: /home/tutu/mr_ws_ros2/install/Stage/lib/cmake/Stage/stage-config-version.cmake
[15.475s] -- Installing: /home/tutu/mr_ws_ros2/install/Stage/bin/stage
[15.475s] -- Set runtime path of "/home/tutu/mr_ws_ros2/install/Stage/bin/stage" to ""
[15.476s] -- Installing: /home/tutu/mr_ws_ros2/install/Stage/lib/libstage.so.4.3.0
[15.476s] -- Installing: /home/tutu/mr_ws_ros2/install/Stage/lib/libstage.so
[15.476s] -- Installing: /home/tutu/mr_ws_ros2/install/Stage/include/Stage-4.3/stage.hh
[15.477s] -- Installing: /home/tutu/mr_ws_ros2/install/Stage/lib/Stage-4.3/fasr.so
[15.477s] -- Set runtime path of "/home/tutu/mr_ws_ros2/install/Stage/lib/Stage-4.3/fasr.so" to ""
[15.477s] -- Installing: /home/tutu/mr_ws_ros2/install/Stage/lib/Stage-4.3/sink.so
[15.477s] -- Set runtime path of "/home/tutu/mr_ws_ros2/install/Stage/lib/Stage-4.3/sink.so" to ""
[15.477s] -- Installing: /home/tutu/mr_ws_ros2/install/Stage/lib/Stage-4.3/source.so
[15.477s] -- Set runtime path of "/home/tutu/mr_ws_ros2/install/Stage/lib/Stage-4.3/source.so" to ""
[15.478s] -- Installing: /home/tutu/mr_ws_ros2/install/Stage/lib/Stage-4.3/wander.so
[15.478s] -- Set runtime path of "/home/tutu/mr_ws_ros2/install/Stage/lib/Stage-4.3/wander.so" to ""
[15.478s] -- Installing: /home/tutu/mr_ws_ros2/install/Stage/lib/Stage-4.3/pioneer_flocking.so
[15.478s] -- Set runtime path of "/home/tutu/mr_ws_ros2/install/Stage/lib/Stage-4.3/pioneer_flocking.so" to ""
[15.478s] -- Installing: /home/tutu/mr_ws_ros2/install/Stage/lib/Stage-4.3/rasterize.so
[15.478s] -- Set runtime path of "/home/tutu/mr_ws_ros2/install/Stage/lib/Stage-4.3/rasterize.so" to ""
[15.479s] -- Installing: /home/tutu/mr_ws_ros2/install/Stage/lib/Stage-4.3/lasernoise.so
[15.479s] -- Set runtime path of "/home/tutu/mr_ws_ros2/install/Stage/lib/Stage-4.3/lasernoise.so" to ""
[15.479s] -- Installing: /home/tutu/mr_ws_ros2/install/Stage/lib/Stage-4.3/dynamic.so
[15.479s] -- Set runtime path of "/home/tutu/mr_ws_ros2/install/Stage/lib/Stage-4.3/dynamic.so" to ""
[15.479s] -- Installing: /home/tutu/mr_ws_ros2/install/Stage/lib/Stage-4.3/fasr2.so
[15.479s] -- Set runtime path of "/home/tutu/mr_ws_ros2/install/Stage/lib/Stage-4.3/fasr2.so" to ""
[15.480s] -- Installing: /home/tutu/mr_ws_ros2/install/Stage/share/stage/assets/blue.png
[15.480s] -- Installing: /home/tutu/mr_ws_ros2/install/Stage/share/stage/assets/death.png
[15.480s] -- Installing: /home/tutu/mr_ws_ros2/install/Stage/share/stage/assets/green.png
[15.481s] -- Installing: /home/tutu/mr_ws_ros2/install/Stage/share/stage/assets/logo.png
[15.481s] -- Installing: /home/tutu/mr_ws_ros2/install/Stage/share/stage/assets/mains.png
[15.481s] -- Installing: /home/tutu/mr_ws_ros2/install/Stage/share/stage/assets/mainspower.png
[15.482s] -- Installing: /home/tutu/mr_ws_ros2/install/Stage/share/stage/assets/question_mark.png
[15.482s] -- Installing: /home/tutu/mr_ws_ros2/install/Stage/share/stage/assets/red.png
[15.483s] -- Installing: /home/tutu/mr_ws_ros2/install/Stage/share/stage/assets/stagelogo.png
[15.483s] -- Installing: /home/tutu/mr_ws_ros2/install/Stage/share/stage/assets/stall-old.png
[15.483s] -- Installing: /home/tutu/mr_ws_ros2/install/Stage/share/stage/assets/stall.png
[15.484s] -- Installing: /home/tutu/mr_ws_ros2/install/Stage/share/stage/assets/rgb.txt
[15.484s] -- Installing: /home/tutu/mr_ws_ros2/install/Stage/share/stage/rgb.txt
[15.485s] -- Installing: /home/tutu/mr_ws_ros2/install/Stage/share/stage/worlds/amcl-sonar.cfg
[15.485s] -- Installing: /home/tutu/mr_ws_ros2/install/Stage/share/stage/worlds/autolab.cfg
[15.485s] -- Installing: /home/tutu/mr_ws_ros2/install/Stage/share/stage/worlds/camera.cfg
[15.485s] -- Installing: /home/tutu/mr_ws_ros2/install/Stage/share/stage/worlds/everything.cfg
[15.485s] -- Installing: /home/tutu/mr_ws_ros2/install/Stage/share/stage/worlds/lsp_test.cfg
[15.486s] -- Installing: /home/tutu/mr_ws_ros2/install/Stage/share/stage/worlds/mbicp.cfg
[15.486s] -- Installing: /home/tutu/mr_ws_ros2/install/Stage/share/stage/worlds/nd.cfg
[15.486s] -- Installing: /home/tutu/mr_ws_ros2/install/Stage/share/stage/worlds/roomba.cfg
[15.486s] -- Installing: /home/tutu/mr_ws_ros2/install/Stage/share/stage/worlds/simple.cfg
[15.486s] -- Installing: /home/tutu/mr_ws_ros2/install/Stage/share/stage/worlds/test.cfg
[15.487s] -- Installing: /home/tutu/mr_ws_ros2/install/Stage/share/stage/worlds/uoa_robotics_lab.cfg
[15.487s] -- Installing: /home/tutu/mr_ws_ros2/install/Stage/share/stage/worlds/vfh.cfg
[15.487s] -- Installing: /home/tutu/mr_ws_ros2/install/Stage/share/stage/worlds/wavefront-remote.cfg
[15.487s] -- Installing: /home/tutu/mr_ws_ros2/install/Stage/share/stage/worlds/wavefront.cfg
[15.488s] -- Installing: /home/tutu/mr_ws_ros2/install/Stage/share/stage/worlds/wifi.cfg
[15.488s] -- Installing: /home/tutu/mr_ws_ros2/install/Stage/share/stage/worlds/SFU.world
[15.488s] -- Installing: /home/tutu/mr_ws_ros2/install/Stage/share/stage/worlds/autolab.world
[15.488s] -- Installing: /home/tutu/mr_ws_ros2/install/Stage/share/stage/worlds/camera.world
[15.488s] -- Installing: /home/tutu/mr_ws_ros2/install/Stage/share/stage/worlds/circuit.world
[15.489s] -- Installing: /home/tutu/mr_ws_ros2/install/Stage/share/stage/worlds/everything.world
[15.489s] -- Installing: /home/tutu/mr_ws_ros2/install/Stage/share/stage/worlds/fasr.world
[15.489s] -- Installing: /home/tutu/mr_ws_ros2/install/Stage/share/stage/worlds/fasr2.world
[15.489s] -- Installing: /home/tutu/mr_ws_ros2/install/Stage/share/stage/worlds/fasr_plan.world
[15.490s] -- Installing: /home/tutu/mr_ws_ros2/install/Stage/share/stage/worlds/large.world
[15.490s] -- Installing: /home/tutu/mr_ws_ros2/install/Stage/share/stage/worlds/lsp_test.world
[15.490s] -- Installing: /home/tutu/mr_ws_ros2/install/Stage/share/stage/worlds/mbicp.world
[15.490s] -- Installing: /home/tutu/mr_ws_ros2/install/Stage/share/stage/worlds/pioneer_flocking.world
[15.490s] -- Installing: /home/tutu/mr_ws_ros2/install/Stage/share/stage/worlds/pioneer_follow.world
[15.491s] -- Installing: /home/tutu/mr_ws_ros2/install/Stage/share/stage/worlds/pioneer_walle.world
[15.491s] -- Installing: /home/tutu/mr_ws_ros2/install/Stage/share/stage/worlds/roomba.world
[15.491s] -- Installing: /home/tutu/mr_ws_ros2/install/Stage/share/stage/worlds/sensor_noise_demo.world
[15.491s] -- Installing: /home/tutu/mr_ws_ros2/install/Stage/share/stage/worlds/sensor_noise_module_demo.world
[15.491s] -- Installing: /home/tutu/mr_ws_ros2/install/Stage/share/stage/worlds/simple.world
[15.492s] -- Installing: /home/tutu/mr_ws_ros2/install/Stage/share/stage/worlds/uoa_robotics_lab.world
[15.492s] -- Installing: /home/tutu/mr_ws_ros2/install/Stage/share/stage/worlds/wifi.world
[15.492s] -- Installing: /home/tutu/mr_ws_ros2/install/Stage/share/stage/worlds/beacons.inc
[15.492s] -- Installing: /home/tutu/mr_ws_ros2/install/Stage/share/stage/worlds/chatterbox.inc
[15.492s] -- Installing: /home/tutu/mr_ws_ros2/install/Stage/share/stage/worlds/hokuyo.inc
[15.493s] -- Installing: /home/tutu/mr_ws_ros2/install/Stage/share/stage/worlds/irobot.inc
[15.493s] -- Installing: /home/tutu/mr_ws_ros2/install/Stage/share/stage/worlds/map.inc
[15.493s] -- Installing: /home/tutu/mr_ws_ros2/install/Stage/share/stage/worlds/objects.inc
[15.493s] -- Installing: /home/tutu/mr_ws_ros2/install/Stage/share/stage/worlds/pantilt.inc
[15.494s] -- Installing: /home/tutu/mr_ws_ros2/install/Stage/share/stage/worlds/pioneer.inc
[15.494s] -- Installing: /home/tutu/mr_ws_ros2/install/Stage/share/stage/worlds/sick.inc
[15.494s] -- Installing: /home/tutu/mr_ws_ros2/install/Stage/share/stage/worlds/ubot.inc
[15.494s] -- Installing: /home/tutu/mr_ws_ros2/install/Stage/share/stage/worlds/uoa_robotics_lab_models.inc
[15.494s] -- Installing: /home/tutu/mr_ws_ros2/install/Stage/share/stage/worlds/walle.inc
[15.495s] -- Installing: /home/tutu/mr_ws_ros2/install/Stage/share/stage/worlds/cfggen.sh
[15.495s] -- Installing: /home/tutu/mr_ws_ros2/install/Stage/share/stage/worlds/test.sh
[15.495s] -- Installing: /home/tutu/mr_ws_ros2/install/Stage/share/stage/worlds/worldgen.sh
[15.496s] -- Installing: /home/tutu/mr_ws_ros2/install/Stage/lib/Stage-4.3/expand_swarm.so
[15.496s] -- Set runtime path of "/home/tutu/mr_ws_ros2/install/Stage/lib/Stage-4.3/expand_swarm.so" to ""
[15.496s] -- Installing: /home/tutu/mr_ws_ros2/install/Stage/lib/Stage-4.3/expand_pioneer.so
[15.497s] -- Set runtime path of "/home/tutu/mr_ws_ros2/install/Stage/lib/Stage-4.3/expand_pioneer.so" to ""
[15.497s] -- Installing: /home/tutu/mr_ws_ros2/install/Stage/share/stage/worlds/bitmaps/889_05.png
[15.497s] -- Installing: /home/tutu/mr_ws_ros2/install/Stage/share/stage/worlds/bitmaps/SFU_1200x615.png
[15.498s] -- Installing: /home/tutu/mr_ws_ros2/install/Stage/share/stage/worlds/bitmaps/SRI-AIC-kwing.png
[15.498s] -- Installing: /home/tutu/mr_ws_ros2/install/Stage/share/stage/worlds/bitmaps/autolab.png
[15.499s] -- Installing: /home/tutu/mr_ws_ros2/install/Stage/share/stage/worlds/bitmaps/cave.png
[15.499s] -- Installing: /home/tutu/mr_ws_ros2/install/Stage/share/stage/worlds/bitmaps/cave_compact.png
[15.499s] -- Installing: /home/tutu/mr_ws_ros2/install/Stage/share/stage/worlds/bitmaps/cave_filled.png
[15.499s] -- Installing: /home/tutu/mr_ws_ros2/install/Stage/share/stage/worlds/bitmaps/frieburg.png
[15.500s] -- Installing: /home/tutu/mr_ws_ros2/install/Stage/share/stage/worlds/bitmaps/ghost.png
[15.500s] -- Installing: /home/tutu/mr_ws_ros2/install/Stage/share/stage/worlds/bitmaps/hospital.png
[15.500s] -- Installing: /home/tutu/mr_ws_ros2/install/Stage/share/stage/worlds/bitmaps/hospital_section.png
[15.501s] -- Installing: /home/tutu/mr_ws_ros2/install/Stage/share/stage/worlds/bitmaps/human_outline.png
[15.501s] -- Installing: /home/tutu/mr_ws_ros2/install/Stage/share/stage/worlds/bitmaps/mbicp.png
[15.501s] -- Installing: /home/tutu/mr_ws_ros2/install/Stage/share/stage/worlds/bitmaps/rink.png
[15.501s] -- Installing: /home/tutu/mr_ws_ros2/install/Stage/share/stage/worlds/bitmaps/sal2.png
[15.501s] -- Installing: /home/tutu/mr_ws_ros2/install/Stage/share/stage/worlds/bitmaps/simple_rooms.png
[15.501s] -- Installing: /home/tutu/mr_ws_ros2/install/Stage/share/stage/worlds/bitmaps/space_invader.png
[15.501s] -- Installing: /home/tutu/mr_ws_ros2/install/Stage/share/stage/worlds/bitmaps/submarine.png
[15.502s] -- Installing: /home/tutu/mr_ws_ros2/install/Stage/share/stage/worlds/bitmaps/submarine_small.png
[15.502s] -- Installing: /home/tutu/mr_ws_ros2/install/Stage/share/stage/worlds/bitmaps/table.png
[15.502s] -- Installing: /home/tutu/mr_ws_ros2/install/Stage/share/stage/worlds/bitmaps/uoa_robotics_lab.png
[15.502s] -- Installing: /home/tutu/mr_ws_ros2/install/Stage/share/stage/worlds/wifi/commando.world
[15.502s] -- Installing: /home/tutu/mr_ws_ros2/install/Stage/share/stage/worlds/wifi/hosp_wifi.world
[15.503s] -- Installing: /home/tutu/mr_ws_ros2/install/Stage/share/stage/worlds/wifi/hosp_wifi_5.world
[15.503s] -- Installing: /home/tutu/mr_ws_ros2/install/Stage/share/stage/worlds/wifi/wifi.world
[15.503s] -- Installing: /home/tutu/mr_ws_ros2/install/Stage/share/stage/worlds/wifi/wifi_itu.world
[15.503s] -- Installing: /home/tutu/mr_ws_ros2/install/Stage/share/stage/worlds/wifi/wifi_logdistance.world
[15.503s] -- Installing: /home/tutu/mr_ws_ros2/install/Stage/share/stage/worlds/wifi/wifi_ray.world
[15.504s] -- Installing: /home/tutu/mr_ws_ros2/install/Stage/share/stage/worlds/wifi/wifi_simple.world
[15.504s] -- Installing: /home/tutu/mr_ws_ros2/install/Stage/share/stage/worlds/wifi/map.inc
[15.506s] Invoked command in '/home/tutu/mr_ws_ros2/build/Stage' returned '0': /usr/bin/cmake --install /home/tutu/mr_ws_ros2/build/Stage
