[0.029s] Invoking command in '/home/tutu/ros2m/build/angles': CMAKE_PREFIX_PATH=/opt/ros/humble /usr/bin/cmake --build /home/tutu/ros2m/build/angles -- -j1 -l1
[0.141s] [35m[1mConsolidate compiler generated dependencies of target gtest_main[0m
[0.164s] [ 33%] Built target gtest_main
[0.182s] [35m[1mConsolidate compiler generated dependencies of target gtest[0m
[0.200s] [ 66%] Built target gtest
[0.213s] [35m[1mConsolidate compiler generated dependencies of target angles_utest[0m
[0.236s] [100%] Built target angles_utest
[0.280s] [100%] Built target ament_cmake_python_copy_angles
[0.589s] running egg_info
[0.591s] writing angles.egg-info/PKG-INFO
[0.592s] writing dependency_links to angles.egg-info/dependency_links.txt
[0.593s] writing top-level names to angles.egg-info/top_level.txt
[0.596s] reading manifest file 'angles.egg-info/SOURCES.txt'
[0.598s] writing manifest file 'angles.egg-info/SOURCES.txt'
[0.633s] [100%] Built target ament_cmake_python_build_angles_egg
[0.655s] Invoked command in '/home/tutu/ros2m/build/angles' returned '0': CMAKE_PREFIX_PATH=/opt/ros/humble /usr/bin/cmake --build /home/tutu/ros2m/build/angles -- -j1 -l1
[0.669s] Invoking command in '/home/tutu/ros2m/build/angles': CMAKE_PREFIX_PATH=/opt/ros/humble /usr/bin/cmake --install /home/tutu/ros2m/build/angles
[0.680s] -- Install configuration: ""
[0.682s] -- Up-to-date: /home/tutu/ros2m/install/angles/include/angles
[0.682s] -- Up-to-date: /home/tutu/ros2m/install/angles/include/angles/angles
[0.682s] -- Up-to-date: /home/tutu/ros2m/install/angles/include/angles/angles/angles.h
[0.682s] -- Up-to-date: /home/tutu/ros2m/install/angles/share/angles/environment/pythonpath.sh
[0.683s] -- Up-to-date: /home/tutu/ros2m/install/angles/share/angles/environment/pythonpath.dsv
[0.684s] -- Up-to-date: /home/tutu/ros2m/install/angles/local/lib/python3.10/dist-packages/angles-1.16.0-py3.10.egg-info
[0.684s] -- Installing: /home/tutu/ros2m/install/angles/local/lib/python3.10/dist-packages/angles-1.16.0-py3.10.egg-info/top_level.txt
[0.684s] -- Installing: /home/tutu/ros2m/install/angles/local/lib/python3.10/dist-packages/angles-1.16.0-py3.10.egg-info/PKG-INFO
[0.684s] -- Installing: /home/tutu/ros2m/install/angles/local/lib/python3.10/dist-packages/angles-1.16.0-py3.10.egg-info/dependency_links.txt
[0.685s] -- Installing: /home/tutu/ros2m/install/angles/local/lib/python3.10/dist-packages/angles-1.16.0-py3.10.egg-info/SOURCES.txt
[0.685s] -- Up-to-date: /home/tutu/ros2m/install/angles/local/lib/python3.10/dist-packages/angles
[0.685s] -- Up-to-date: /home/tutu/ros2m/install/angles/local/lib/python3.10/dist-packages/angles/__init__.py
[0.723s] Listing '/home/tutu/ros2m/install/angles/local/lib/python3.10/dist-packages/angles'...
[0.732s] -- Up-to-date: /home/tutu/ros2m/install/angles/share/ament_index/resource_index/package_run_dependencies/angles
[0.737s] -- Up-to-date: /home/tutu/ros2m/install/angles/share/ament_index/resource_index/parent_prefix_path/angles
[0.737s] -- Up-to-date: /home/tutu/ros2m/install/angles/share/angles/environment/ament_prefix_path.sh
[0.737s] -- Up-to-date: /home/tutu/ros2m/install/angles/share/angles/environment/ament_prefix_path.dsv
[0.737s] -- Up-to-date: /home/tutu/ros2m/install/angles/share/angles/environment/path.sh
[0.737s] -- Up-to-date: /home/tutu/ros2m/install/angles/share/angles/environment/path.dsv
[0.738s] -- Up-to-date: /home/tutu/ros2m/install/angles/share/angles/local_setup.bash
[0.738s] -- Up-to-date: /home/tutu/ros2m/install/angles/share/angles/local_setup.sh
[0.738s] -- Up-to-date: /home/tutu/ros2m/install/angles/share/angles/local_setup.zsh
[0.738s] -- Up-to-date: /home/tutu/ros2m/install/angles/share/angles/local_setup.dsv
[0.738s] -- Installing: /home/tutu/ros2m/install/angles/share/angles/package.dsv
[0.738s] -- Up-to-date: /home/tutu/ros2m/install/angles/share/ament_index/resource_index/packages/angles
[0.740s] -- Up-to-date: /home/tutu/ros2m/install/angles/share/angles/cmake/export_anglesExport.cmake
[0.740s] -- Up-to-date: /home/tutu/ros2m/install/angles/share/angles/cmake/ament_cmake_export_include_directories-extras.cmake
[0.740s] -- Up-to-date: /home/tutu/ros2m/install/angles/share/angles/cmake/ament_cmake_export_targets-extras.cmake
[0.740s] -- Up-to-date: /home/tutu/ros2m/install/angles/share/angles/cmake/anglesConfig.cmake
[0.741s] -- Up-to-date: /home/tutu/ros2m/install/angles/share/angles/cmake/anglesConfig-version.cmake
[0.741s] -- Up-to-date: /home/tutu/ros2m/install/angles/share/angles/package.xml
[0.748s] Invoked command in '/home/tutu/ros2m/build/angles' returned '0': CMAKE_PREFIX_PATH=/opt/ros/humble /usr/bin/cmake --install /home/tutu/ros2m/build/angles
