[0.175s] DEBUG:colcon:Command line arguments: ['/usr/bin/colcon', 'build', '--symlink-install', '--event-handlers', 'console_cohesion+', '--base-paths', '/home/tutu/mr_ws_ros2', '--cmake-args', '-DCMAKE_BUILD_TYPE=RelWithDebInfo']
[0.175s] DEBUG:colcon:Parsed command line arguments: Namespace(allow_overriding=[], ament_cmake_args=None, base_paths=['/home/tutu/mr_ws_ros2'], build_base='build', catkin_cmake_args=None, catkin_skip_building_tests=False, cmake_args=['-DCMAKE_BUILD_TYPE=RelWithDebInfo'], cmake_clean_cache=False, cmake_clean_first=False, cmake_force_configure=False, cmake_target=None, cmake_target_skip_unavailable=False, continue_on_error=False, event_handlers=['console_cohesion+'], executor='parallel', ignore_user_meta=False, install_base='install', log_base=None, log_level=None, main=<bound method BuildVerb.main of <colcon_core.verb.build.BuildVerb object at 0x7f69f183c2b0>>, merge_install=False, metas=['./colcon.meta'], packages_above=None, packages_above_and_dependencies=None, packages_above_depth=None, packages_end=None, packages_ignore=None, packages_ignore_regex=None, packages_select=None, packages_select_build_failed=False, packages_select_by_dep=None, packages_select_regex=None, packages_select_test_failures=False, packages_skip=None, packages_skip_build_finished=False, packages_skip_by_dep=None, packages_skip_regex=None, packages_skip_test_passed=False, packages_skip_up_to=None, packages_start=None, packages_up_to=None, packages_up_to_regex=None, parallel_workers=8, paths=None, symlink_install=True, test_result_base=None, verb_extension=<colcon_core.verb.build.BuildVerb object at 0x7f69f183c2b0>, verb_name='build', verb_parser=<colcon_defaults.argument_parser.defaults.DefaultArgumentsDecorator object at 0x7f69f16cc190>)
[0.325s] Level 1:colcon.colcon_core.package_discovery:discover_packages(colcon_meta) check parameters
[0.325s] Level 1:colcon.colcon_core.package_discovery:discover_packages(recursive) check parameters
[0.325s] Level 1:colcon.colcon_core.package_discovery:discover_packages(ignore) check parameters
[0.325s] Level 1:colcon.colcon_core.package_discovery:discover_packages(path) check parameters
[0.325s] Level 1:colcon.colcon_core.package_discovery:discover_packages(recursive) discover
[0.325s] INFO:colcon.colcon_core.package_discovery:Crawling recursively for packages in '/home/tutu/mr_ws_ros2'
[0.326s] Level 1:colcon.colcon_core.package_identification:_identify(/home/tutu/mr_ws_ros2) by extensions ['ignore', 'ignore_ament_install']
[0.326s] Level 1:colcon.colcon_core.package_identification:_identify(/home/tutu/mr_ws_ros2) by extension 'ignore'
[0.326s] Level 1:colcon.colcon_core.package_identification:_identify(/home/tutu/mr_ws_ros2) by extension 'ignore_ament_install'
[0.326s] Level 1:colcon.colcon_core.package_identification:_identify(/home/tutu/mr_ws_ros2) by extensions ['colcon_pkg']
[0.326s] Level 1:colcon.colcon_core.package_identification:_identify(/home/tutu/mr_ws_ros2) by extension 'colcon_pkg'
[0.326s] Level 1:colcon.colcon_core.package_identification:_identify(/home/tutu/mr_ws_ros2) by extensions ['colcon_meta']
[0.326s] Level 1:colcon.colcon_core.package_identification:_identify(/home/tutu/mr_ws_ros2) by extension 'colcon_meta'
[0.326s] Level 1:colcon.colcon_core.package_identification:_identify(/home/tutu/mr_ws_ros2) by extensions ['ros']
[0.326s] Level 1:colcon.colcon_core.package_identification:_identify(/home/tutu/mr_ws_ros2) by extension 'ros'
[0.338s] Level 1:colcon.colcon_core.package_identification:_identify(/home/tutu/mr_ws_ros2) by extensions ['cmake', 'python']
[0.338s] Level 1:colcon.colcon_core.package_identification:_identify(/home/tutu/mr_ws_ros2) by extension 'cmake'
[0.338s] Level 1:colcon.colcon_core.package_identification:_identify(/home/tutu/mr_ws_ros2) by extension 'python'
[0.338s] Level 1:colcon.colcon_core.package_identification:_identify(/home/tutu/mr_ws_ros2) by extensions ['python_setup_py']
[0.338s] Level 1:colcon.colcon_core.package_identification:_identify(/home/tutu/mr_ws_ros2) by extension 'python_setup_py'
[0.339s] Level 1:colcon.colcon_core.package_identification:_identify(/home/tutu/mr_ws_ros2/build) by extensions ['ignore', 'ignore_ament_install']
[0.339s] Level 1:colcon.colcon_core.package_identification:_identify(/home/tutu/mr_ws_ros2/build) by extension 'ignore'
[0.339s] Level 1:colcon.colcon_core.package_identification:_identify(/home/tutu/mr_ws_ros2/build) ignored
[0.339s] Level 1:colcon.colcon_core.package_identification:_identify(/home/tutu/mr_ws_ros2/install) by extensions ['ignore', 'ignore_ament_install']
[0.339s] Level 1:colcon.colcon_core.package_identification:_identify(/home/tutu/mr_ws_ros2/install) by extension 'ignore'
[0.339s] Level 1:colcon.colcon_core.package_identification:_identify(/home/tutu/mr_ws_ros2/install) ignored
[0.339s] Level 1:colcon.colcon_core.package_identification:_identify(/home/tutu/mr_ws_ros2/log) by extensions ['ignore', 'ignore_ament_install']
[0.340s] Level 1:colcon.colcon_core.package_identification:_identify(/home/tutu/mr_ws_ros2/log) by extension 'ignore'
[0.340s] Level 1:colcon.colcon_core.package_identification:_identify(/home/tutu/mr_ws_ros2/log) ignored
[0.340s] Level 1:colcon.colcon_core.package_identification:_identify(/home/tutu/mr_ws_ros2/src) by extensions ['ignore', 'ignore_ament_install']
[0.340s] Level 1:colcon.colcon_core.package_identification:_identify(/home/tutu/mr_ws_ros2/src) by extension 'ignore'
[0.340s] Level 1:colcon.colcon_core.package_identification:_identify(/home/tutu/mr_ws_ros2/src) by extension 'ignore_ament_install'
[0.340s] Level 1:colcon.colcon_core.package_identification:_identify(/home/tutu/mr_ws_ros2/src) by extensions ['colcon_pkg']
[0.340s] Level 1:colcon.colcon_core.package_identification:_identify(/home/tutu/mr_ws_ros2/src) by extension 'colcon_pkg'
[0.340s] Level 1:colcon.colcon_core.package_identification:_identify(/home/tutu/mr_ws_ros2/src) by extensions ['colcon_meta']
[0.340s] Level 1:colcon.colcon_core.package_identification:_identify(/home/tutu/mr_ws_ros2/src) by extension 'colcon_meta'
[0.340s] Level 1:colcon.colcon_core.package_identification:_identify(/home/tutu/mr_ws_ros2/src) by extensions ['ros']
[0.340s] Level 1:colcon.colcon_core.package_identification:_identify(/home/tutu/mr_ws_ros2/src) by extension 'ros'
[0.340s] Level 1:colcon.colcon_core.package_identification:_identify(/home/tutu/mr_ws_ros2/src) by extensions ['cmake', 'python']
[0.340s] Level 1:colcon.colcon_core.package_identification:_identify(/home/tutu/mr_ws_ros2/src) by extension 'cmake'
[0.340s] Level 1:colcon.colcon_core.package_identification:_identify(/home/tutu/mr_ws_ros2/src) by extension 'python'
[0.340s] Level 1:colcon.colcon_core.package_identification:_identify(/home/tutu/mr_ws_ros2/src) by extensions ['python_setup_py']
[0.340s] Level 1:colcon.colcon_core.package_identification:_identify(/home/tutu/mr_ws_ros2/src) by extension 'python_setup_py'
[0.340s] Level 1:colcon.colcon_core.package_identification:_identify(/home/tutu/mr_ws_ros2/src/Stage) by extensions ['ignore', 'ignore_ament_install']
[0.340s] Level 1:colcon.colcon_core.package_identification:_identify(/home/tutu/mr_ws_ros2/src/Stage) by extension 'ignore'
[0.341s] Level 1:colcon.colcon_core.package_identification:_identify(/home/tutu/mr_ws_ros2/src/Stage) by extension 'ignore_ament_install'
[0.341s] Level 1:colcon.colcon_core.package_identification:_identify(/home/tutu/mr_ws_ros2/src/Stage) by extensions ['colcon_pkg']
[0.341s] Level 1:colcon.colcon_core.package_identification:_identify(/home/tutu/mr_ws_ros2/src/Stage) by extension 'colcon_pkg'
[0.341s] Level 1:colcon.colcon_core.package_identification:_identify(/home/tutu/mr_ws_ros2/src/Stage) by extensions ['colcon_meta']
[0.341s] Level 1:colcon.colcon_core.package_identification:_identify(/home/tutu/mr_ws_ros2/src/Stage) by extension 'colcon_meta'
[0.341s] Level 1:colcon.colcon_core.package_identification:_identify(/home/tutu/mr_ws_ros2/src/Stage) by extensions ['ros']
[0.341s] Level 1:colcon.colcon_core.package_identification:_identify(/home/tutu/mr_ws_ros2/src/Stage) by extension 'ros'
[0.341s] Level 1:colcon.colcon_core.package_identification:_identify(/home/tutu/mr_ws_ros2/src/Stage) by extensions ['cmake', 'python']
[0.341s] Level 1:colcon.colcon_core.package_identification:_identify(/home/tutu/mr_ws_ros2/src/Stage) by extension 'cmake'
[0.344s] Level 1:colcon.colcon_core.package_identification:_identify(/home/tutu/mr_ws_ros2/src/Stage) by extension 'python'
[0.344s] DEBUG:colcon.colcon_core.package_identification:Package '/home/tutu/mr_ws_ros2/src/Stage' with type 'cmake' and name 'Stage'
[0.344s] Level 1:colcon.colcon_core.package_identification:_identify(/home/tutu/mr_ws_ros2/src/cart_launch) by extensions ['ignore', 'ignore_ament_install']
[0.345s] Level 1:colcon.colcon_core.package_identification:_identify(/home/tutu/mr_ws_ros2/src/cart_launch) by extension 'ignore'
[0.345s] Level 1:colcon.colcon_core.package_identification:_identify(/home/tutu/mr_ws_ros2/src/cart_launch) by extension 'ignore_ament_install'
[0.345s] Level 1:colcon.colcon_core.package_identification:_identify(/home/tutu/mr_ws_ros2/src/cart_launch) by extensions ['colcon_pkg']
[0.345s] Level 1:colcon.colcon_core.package_identification:_identify(/home/tutu/mr_ws_ros2/src/cart_launch) by extension 'colcon_pkg'
[0.345s] Level 1:colcon.colcon_core.package_identification:_identify(/home/tutu/mr_ws_ros2/src/cart_launch) by extensions ['colcon_meta']
[0.345s] Level 1:colcon.colcon_core.package_identification:_identify(/home/tutu/mr_ws_ros2/src/cart_launch) by extension 'colcon_meta'
[0.345s] Level 1:colcon.colcon_core.package_identification:_identify(/home/tutu/mr_ws_ros2/src/cart_launch) by extensions ['ros']
[0.345s] Level 1:colcon.colcon_core.package_identification:_identify(/home/tutu/mr_ws_ros2/src/cart_launch) by extension 'ros'
[0.347s] DEBUG:colcon.colcon_core.package_identification:Package '/home/tutu/mr_ws_ros2/src/cart_launch' with type 'ros.ament_cmake' and name 'cart_launch'
[0.347s] Level 1:colcon.colcon_core.package_identification:_identify(/home/tutu/mr_ws_ros2/src/simple_controller) by extensions ['ignore', 'ignore_ament_install']
[0.347s] Level 1:colcon.colcon_core.package_identification:_identify(/home/tutu/mr_ws_ros2/src/simple_controller) by extension 'ignore'
[0.348s] Level 1:colcon.colcon_core.package_identification:_identify(/home/tutu/mr_ws_ros2/src/simple_controller) by extension 'ignore_ament_install'
[0.348s] Level 1:colcon.colcon_core.package_identification:_identify(/home/tutu/mr_ws_ros2/src/simple_controller) by extensions ['colcon_pkg']
[0.348s] Level 1:colcon.colcon_core.package_identification:_identify(/home/tutu/mr_ws_ros2/src/simple_controller) by extension 'colcon_pkg'
[0.348s] Level 1:colcon.colcon_core.package_identification:_identify(/home/tutu/mr_ws_ros2/src/simple_controller) by extensions ['colcon_meta']
[0.348s] Level 1:colcon.colcon_core.package_identification:_identify(/home/tutu/mr_ws_ros2/src/simple_controller) by extension 'colcon_meta'
[0.348s] Level 1:colcon.colcon_core.package_identification:_identify(/home/tutu/mr_ws_ros2/src/simple_controller) by extensions ['ros']
[0.348s] Level 1:colcon.colcon_core.package_identification:_identify(/home/tutu/mr_ws_ros2/src/simple_controller) by extension 'ros'
[0.348s] DEBUG:colcon.colcon_core.package_identification:Package '/home/tutu/mr_ws_ros2/src/simple_controller' with type 'ros.ament_cmake' and name 'simple_controller'
[0.349s] Level 1:colcon.colcon_core.package_identification:_identify(/home/tutu/mr_ws_ros2/src/simple_planner) by extensions ['ignore', 'ignore_ament_install']
[0.349s] Level 1:colcon.colcon_core.package_identification:_identify(/home/tutu/mr_ws_ros2/src/simple_planner) by extension 'ignore'
[0.349s] Level 1:colcon.colcon_core.package_identification:_identify(/home/tutu/mr_ws_ros2/src/simple_planner) by extension 'ignore_ament_install'
[0.349s] Level 1:colcon.colcon_core.package_identification:_identify(/home/tutu/mr_ws_ros2/src/simple_planner) by extensions ['colcon_pkg']
[0.349s] Level 1:colcon.colcon_core.package_identification:_identify(/home/tutu/mr_ws_ros2/src/simple_planner) by extension 'colcon_pkg'
[0.349s] Level 1:colcon.colcon_core.package_identification:_identify(/home/tutu/mr_ws_ros2/src/simple_planner) by extensions ['colcon_meta']
[0.349s] Level 1:colcon.colcon_core.package_identification:_identify(/home/tutu/mr_ws_ros2/src/simple_planner) by extension 'colcon_meta'
[0.349s] Level 1:colcon.colcon_core.package_identification:_identify(/home/tutu/mr_ws_ros2/src/simple_planner) by extensions ['ros']
[0.349s] Level 1:colcon.colcon_core.package_identification:_identify(/home/tutu/mr_ws_ros2/src/simple_planner) by extension 'ros'
[0.350s] DEBUG:colcon.colcon_core.package_identification:Package '/home/tutu/mr_ws_ros2/src/simple_planner' with type 'ros.ament_cmake' and name 'simple_planner'
[0.350s] Level 1:colcon.colcon_core.package_identification:_identify(/home/tutu/mr_ws_ros2/src/stage_controller) by extensions ['ignore', 'ignore_ament_install']
[0.350s] Level 1:colcon.colcon_core.package_identification:_identify(/home/tutu/mr_ws_ros2/src/stage_controller) by extension 'ignore'
[0.350s] Level 1:colcon.colcon_core.package_identification:_identify(/home/tutu/mr_ws_ros2/src/stage_controller) by extension 'ignore_ament_install'
[0.350s] Level 1:colcon.colcon_core.package_identification:_identify(/home/tutu/mr_ws_ros2/src/stage_controller) by extensions ['colcon_pkg']
[0.351s] Level 1:colcon.colcon_core.package_identification:_identify(/home/tutu/mr_ws_ros2/src/stage_controller) by extension 'colcon_pkg'
[0.351s] Level 1:colcon.colcon_core.package_identification:_identify(/home/tutu/mr_ws_ros2/src/stage_controller) by extensions ['colcon_meta']
[0.351s] Level 1:colcon.colcon_core.package_identification:_identify(/home/tutu/mr_ws_ros2/src/stage_controller) by extension 'colcon_meta'
[0.351s] Level 1:colcon.colcon_core.package_identification:_identify(/home/tutu/mr_ws_ros2/src/stage_controller) by extensions ['ros']
[0.351s] Level 1:colcon.colcon_core.package_identification:_identify(/home/tutu/mr_ws_ros2/src/stage_controller) by extension 'ros'
[0.352s] DEBUG:colcon.colcon_core.package_identification:Package '/home/tutu/mr_ws_ros2/src/stage_controller' with type 'ros.ament_cmake' and name 'stage_controller'
[0.352s] Level 1:colcon.colcon_core.package_identification:_identify(/home/tutu/mr_ws_ros2/src/stage_ros2) by extensions ['ignore', 'ignore_ament_install']
[0.352s] Level 1:colcon.colcon_core.package_identification:_identify(/home/tutu/mr_ws_ros2/src/stage_ros2) by extension 'ignore'
[0.352s] Level 1:colcon.colcon_core.package_identification:_identify(/home/tutu/mr_ws_ros2/src/stage_ros2) by extension 'ignore_ament_install'
[0.352s] Level 1:colcon.colcon_core.package_identification:_identify(/home/tutu/mr_ws_ros2/src/stage_ros2) by extensions ['colcon_pkg']
[0.352s] Level 1:colcon.colcon_core.package_identification:_identify(/home/tutu/mr_ws_ros2/src/stage_ros2) by extension 'colcon_pkg'
[0.352s] Level 1:colcon.colcon_core.package_identification:_identify(/home/tutu/mr_ws_ros2/src/stage_ros2) by extensions ['colcon_meta']
[0.352s] Level 1:colcon.colcon_core.package_identification:_identify(/home/tutu/mr_ws_ros2/src/stage_ros2) by extension 'colcon_meta'
[0.352s] Level 1:colcon.colcon_core.package_identification:_identify(/home/tutu/mr_ws_ros2/src/stage_ros2) by extensions ['ros']
[0.352s] Level 1:colcon.colcon_core.package_identification:_identify(/home/tutu/mr_ws_ros2/src/stage_ros2) by extension 'ros'
[0.353s] DEBUG:colcon.colcon_core.package_identification:Package '/home/tutu/mr_ws_ros2/src/stage_ros2' with type 'ros.ament_cmake' and name 'stage_ros2'
[0.353s] Level 1:colcon.colcon_core.package_discovery:discover_packages(recursive) using defaults
[0.370s] Level 1:colcon.colcon_core.package_discovery:discover_packages(prefix_path) check parameters
[0.370s] Level 1:colcon.colcon_core.package_discovery:discover_packages(prefix_path) discover
[0.372s] DEBUG:colcon.colcon_installed_package_information.package_discovery:Found 6 installed packages in /home/tutu/mr_ws_ros2/install
[0.373s] DEBUG:colcon.colcon_installed_package_information.package_discovery:Found 260 installed packages in /opt/ros/foxy
[0.375s] Level 1:colcon.colcon_core.package_discovery:discover_packages(prefix_path) using defaults
[0.441s] Level 5:colcon.colcon_core.verb:set package 'Stage' build argument 'cmake_args' from command line to '['-DCMAKE_BUILD_TYPE=RelWithDebInfo']'
[0.441s] Level 5:colcon.colcon_core.verb:set package 'Stage' build argument 'cmake_target' from command line to 'None'
[0.441s] Level 5:colcon.colcon_core.verb:set package 'Stage' build argument 'cmake_target_skip_unavailable' from command line to 'False'
[0.441s] Level 5:colcon.colcon_core.verb:set package 'Stage' build argument 'cmake_clean_cache' from command line to 'False'
[0.441s] Level 5:colcon.colcon_core.verb:set package 'Stage' build argument 'cmake_clean_first' from command line to 'False'
[0.441s] Level 5:colcon.colcon_core.verb:set package 'Stage' build argument 'cmake_force_configure' from command line to 'False'
[0.441s] Level 5:colcon.colcon_core.verb:set package 'Stage' build argument 'ament_cmake_args' from command line to 'None'
[0.441s] Level 5:colcon.colcon_core.verb:set package 'Stage' build argument 'catkin_cmake_args' from command line to 'None'
[0.441s] Level 5:colcon.colcon_core.verb:set package 'Stage' build argument 'catkin_skip_building_tests' from command line to 'False'
[0.441s] DEBUG:colcon.colcon_core.verb:Building package 'Stage' with the following arguments: {'ament_cmake_args': None, 'build_base': '/home/tutu/mr_ws_ros2/build/Stage', 'catkin_cmake_args': None, 'catkin_skip_building_tests': False, 'cmake_args': ['-DCMAKE_BUILD_TYPE=RelWithDebInfo'], 'cmake_clean_cache': False, 'cmake_clean_first': False, 'cmake_force_configure': False, 'cmake_target': None, 'cmake_target_skip_unavailable': False, 'install_base': '/home/tutu/mr_ws_ros2/install/Stage', 'merge_install': False, 'path': '/home/tutu/mr_ws_ros2/src/Stage', 'symlink_install': True, 'test_result_base': None}
[0.441s] Level 5:colcon.colcon_core.verb:set package 'cart_launch' build argument 'cmake_args' from command line to '['-DCMAKE_BUILD_TYPE=RelWithDebInfo']'
[0.441s] Level 5:colcon.colcon_core.verb:set package 'cart_launch' build argument 'cmake_target' from command line to 'None'
[0.441s] Level 5:colcon.colcon_core.verb:set package 'cart_launch' build argument 'cmake_target_skip_unavailable' from command line to 'False'
[0.441s] Level 5:colcon.colcon_core.verb:set package 'cart_launch' build argument 'cmake_clean_cache' from command line to 'False'
[0.441s] Level 5:colcon.colcon_core.verb:set package 'cart_launch' build argument 'cmake_clean_first' from command line to 'False'
[0.441s] Level 5:colcon.colcon_core.verb:set package 'cart_launch' build argument 'cmake_force_configure' from command line to 'False'
[0.441s] Level 5:colcon.colcon_core.verb:set package 'cart_launch' build argument 'ament_cmake_args' from command line to 'None'
[0.441s] Level 5:colcon.colcon_core.verb:set package 'cart_launch' build argument 'catkin_cmake_args' from command line to 'None'
[0.442s] Level 5:colcon.colcon_core.verb:set package 'cart_launch' build argument 'catkin_skip_building_tests' from command line to 'False'
[0.442s] DEBUG:colcon.colcon_core.verb:Building package 'cart_launch' with the following arguments: {'ament_cmake_args': None, 'build_base': '/home/tutu/mr_ws_ros2/build/cart_launch', 'catkin_cmake_args': None, 'catkin_skip_building_tests': False, 'cmake_args': ['-DCMAKE_BUILD_TYPE=RelWithDebInfo'], 'cmake_clean_cache': False, 'cmake_clean_first': False, 'cmake_force_configure': False, 'cmake_target': None, 'cmake_target_skip_unavailable': False, 'install_base': '/home/tutu/mr_ws_ros2/install/cart_launch', 'merge_install': False, 'path': '/home/tutu/mr_ws_ros2/src/cart_launch', 'symlink_install': True, 'test_result_base': None}
[0.442s] Level 5:colcon.colcon_core.verb:set package 'simple_controller' build argument 'cmake_args' from command line to '['-DCMAKE_BUILD_TYPE=RelWithDebInfo']'
[0.442s] Level 5:colcon.colcon_core.verb:set package 'simple_controller' build argument 'cmake_target' from command line to 'None'
[0.442s] Level 5:colcon.colcon_core.verb:set package 'simple_controller' build argument 'cmake_target_skip_unavailable' from command line to 'False'
[0.442s] Level 5:colcon.colcon_core.verb:set package 'simple_controller' build argument 'cmake_clean_cache' from command line to 'False'
[0.442s] Level 5:colcon.colcon_core.verb:set package 'simple_controller' build argument 'cmake_clean_first' from command line to 'False'
[0.442s] Level 5:colcon.colcon_core.verb:set package 'simple_controller' build argument 'cmake_force_configure' from command line to 'False'
[0.442s] Level 5:colcon.colcon_core.verb:set package 'simple_controller' build argument 'ament_cmake_args' from command line to 'None'
[0.442s] Level 5:colcon.colcon_core.verb:set package 'simple_controller' build argument 'catkin_cmake_args' from command line to 'None'
[0.442s] Level 5:colcon.colcon_core.verb:set package 'simple_controller' build argument 'catkin_skip_building_tests' from command line to 'False'
[0.442s] DEBUG:colcon.colcon_core.verb:Building package 'simple_controller' with the following arguments: {'ament_cmake_args': None, 'build_base': '/home/tutu/mr_ws_ros2/build/simple_controller', 'catkin_cmake_args': None, 'catkin_skip_building_tests': False, 'cmake_args': ['-DCMAKE_BUILD_TYPE=RelWithDebInfo'], 'cmake_clean_cache': False, 'cmake_clean_first': False, 'cmake_force_configure': False, 'cmake_target': None, 'cmake_target_skip_unavailable': False, 'install_base': '/home/tutu/mr_ws_ros2/install/simple_controller', 'merge_install': False, 'path': '/home/tutu/mr_ws_ros2/src/simple_controller', 'symlink_install': True, 'test_result_base': None}
[0.442s] Level 5:colcon.colcon_core.verb:set package 'simple_planner' build argument 'cmake_args' from command line to '['-DCMAKE_BUILD_TYPE=RelWithDebInfo']'
[0.442s] Level 5:colcon.colcon_core.verb:set package 'simple_planner' build argument 'cmake_target' from command line to 'None'
[0.442s] Level 5:colcon.colcon_core.verb:set package 'simple_planner' build argument 'cmake_target_skip_unavailable' from command line to 'False'
[0.442s] Level 5:colcon.colcon_core.verb:set package 'simple_planner' build argument 'cmake_clean_cache' from command line to 'False'
[0.442s] Level 5:colcon.colcon_core.verb:set package 'simple_planner' build argument 'cmake_clean_first' from command line to 'False'
[0.442s] Level 5:colcon.colcon_core.verb:set package 'simple_planner' build argument 'cmake_force_configure' from command line to 'False'
[0.442s] Level 5:colcon.colcon_core.verb:set package 'simple_planner' build argument 'ament_cmake_args' from command line to 'None'
[0.442s] Level 5:colcon.colcon_core.verb:set package 'simple_planner' build argument 'catkin_cmake_args' from command line to 'None'
[0.443s] Level 5:colcon.colcon_core.verb:set package 'simple_planner' build argument 'catkin_skip_building_tests' from command line to 'False'
[0.443s] DEBUG:colcon.colcon_core.verb:Building package 'simple_planner' with the following arguments: {'ament_cmake_args': None, 'build_base': '/home/tutu/mr_ws_ros2/build/simple_planner', 'catkin_cmake_args': None, 'catkin_skip_building_tests': False, 'cmake_args': ['-DCMAKE_BUILD_TYPE=RelWithDebInfo'], 'cmake_clean_cache': False, 'cmake_clean_first': False, 'cmake_force_configure': False, 'cmake_target': None, 'cmake_target_skip_unavailable': False, 'install_base': '/home/tutu/mr_ws_ros2/install/simple_planner', 'merge_install': False, 'path': '/home/tutu/mr_ws_ros2/src/simple_planner', 'symlink_install': True, 'test_result_base': None}
[0.443s] Level 5:colcon.colcon_core.verb:set package 'stage_controller' build argument 'cmake_args' from command line to '['-DCMAKE_BUILD_TYPE=RelWithDebInfo']'
[0.443s] Level 5:colcon.colcon_core.verb:set package 'stage_controller' build argument 'cmake_target' from command line to 'None'
[0.443s] Level 5:colcon.colcon_core.verb:set package 'stage_controller' build argument 'cmake_target_skip_unavailable' from command line to 'False'
[0.443s] Level 5:colcon.colcon_core.verb:set package 'stage_controller' build argument 'cmake_clean_cache' from command line to 'False'
[0.443s] Level 5:colcon.colcon_core.verb:set package 'stage_controller' build argument 'cmake_clean_first' from command line to 'False'
[0.443s] Level 5:colcon.colcon_core.verb:set package 'stage_controller' build argument 'cmake_force_configure' from command line to 'False'
[0.443s] Level 5:colcon.colcon_core.verb:set package 'stage_controller' build argument 'ament_cmake_args' from command line to 'None'
[0.443s] Level 5:colcon.colcon_core.verb:set package 'stage_controller' build argument 'catkin_cmake_args' from command line to 'None'
[0.443s] Level 5:colcon.colcon_core.verb:set package 'stage_controller' build argument 'catkin_skip_building_tests' from command line to 'False'
[0.443s] DEBUG:colcon.colcon_core.verb:Building package 'stage_controller' with the following arguments: {'ament_cmake_args': None, 'build_base': '/home/tutu/mr_ws_ros2/build/stage_controller', 'catkin_cmake_args': None, 'catkin_skip_building_tests': False, 'cmake_args': ['-DCMAKE_BUILD_TYPE=RelWithDebInfo'], 'cmake_clean_cache': False, 'cmake_clean_first': False, 'cmake_force_configure': False, 'cmake_target': None, 'cmake_target_skip_unavailable': False, 'install_base': '/home/tutu/mr_ws_ros2/install/stage_controller', 'merge_install': False, 'path': '/home/tutu/mr_ws_ros2/src/stage_controller', 'symlink_install': True, 'test_result_base': None}
[0.444s] Level 5:colcon.colcon_core.verb:set package 'stage_ros2' build argument 'cmake_args' from command line to '['-DCMAKE_BUILD_TYPE=RelWithDebInfo']'
[0.444s] Level 5:colcon.colcon_core.verb:set package 'stage_ros2' build argument 'cmake_target' from command line to 'None'
[0.444s] Level 5:colcon.colcon_core.verb:set package 'stage_ros2' build argument 'cmake_target_skip_unavailable' from command line to 'False'
[0.444s] Level 5:colcon.colcon_core.verb:set package 'stage_ros2' build argument 'cmake_clean_cache' from command line to 'False'
[0.444s] Level 5:colcon.colcon_core.verb:set package 'stage_ros2' build argument 'cmake_clean_first' from command line to 'False'
[0.444s] Level 5:colcon.colcon_core.verb:set package 'stage_ros2' build argument 'cmake_force_configure' from command line to 'False'
[0.444s] Level 5:colcon.colcon_core.verb:set package 'stage_ros2' build argument 'ament_cmake_args' from command line to 'None'
[0.444s] Level 5:colcon.colcon_core.verb:set package 'stage_ros2' build argument 'catkin_cmake_args' from command line to 'None'
[0.444s] Level 5:colcon.colcon_core.verb:set package 'stage_ros2' build argument 'catkin_skip_building_tests' from command line to 'False'
[0.444s] DEBUG:colcon.colcon_core.verb:Building package 'stage_ros2' with the following arguments: {'ament_cmake_args': None, 'build_base': '/home/tutu/mr_ws_ros2/build/stage_ros2', 'catkin_cmake_args': None, 'catkin_skip_building_tests': False, 'cmake_args': ['-DCMAKE_BUILD_TYPE=RelWithDebInfo'], 'cmake_clean_cache': False, 'cmake_clean_first': False, 'cmake_force_configure': False, 'cmake_target': None, 'cmake_target_skip_unavailable': False, 'install_base': '/home/tutu/mr_ws_ros2/install/stage_ros2', 'merge_install': False, 'path': '/home/tutu/mr_ws_ros2/src/stage_ros2', 'symlink_install': True, 'test_result_base': None}
[0.444s] INFO:colcon.colcon_core.executor:Executing jobs using 'parallel' executor
[0.445s] DEBUG:colcon.colcon_parallel_executor.executor.parallel:run_until_complete
[0.445s] INFO:colcon.colcon_cmake.task.cmake.build:Building CMake package in '/home/tutu/mr_ws_ros2/src/Stage'
[0.447s] INFO:colcon.colcon_core.plugin_system:Skipping extension 'colcon_core.shell.bat': Not used on non-Windows systems
[0.447s] INFO:colcon.colcon_core.shell:Skip shell extension 'powershell' for command environment: Not usable outside of PowerShell
[0.447s] DEBUG:colcon.colcon_core.shell:Skip shell extension 'dsv' for command environment
[0.452s] INFO:colcon.colcon_ros.task.ament_cmake.build:Building ROS package in '/home/tutu/mr_ws_ros2/src/cart_launch' with build type 'ament_cmake'
[0.452s] INFO:colcon.colcon_cmake.task.cmake.build:Building CMake package in '/home/tutu/mr_ws_ros2/src/cart_launch'
[0.453s] INFO:colcon.colcon_core.shell:Skip shell extension 'powershell' for command environment: Not usable outside of PowerShell
[0.453s] DEBUG:colcon.colcon_core.shell:Skip shell extension 'dsv' for command environment
[0.458s] INFO:colcon.colcon_ros.task.ament_cmake.build:Building ROS package in '/home/tutu/mr_ws_ros2/src/simple_controller' with build type 'ament_cmake'
[0.459s] INFO:colcon.colcon_cmake.task.cmake.build:Building CMake package in '/home/tutu/mr_ws_ros2/src/simple_controller'
[0.459s] INFO:colcon.colcon_core.shell:Skip shell extension 'powershell' for command environment: Not usable outside of PowerShell
[0.459s] DEBUG:colcon.colcon_core.shell:Skip shell extension 'dsv' for command environment
[0.463s] INFO:colcon.colcon_ros.task.ament_cmake.build:Building ROS package in '/home/tutu/mr_ws_ros2/src/simple_planner' with build type 'ament_cmake'
[0.464s] INFO:colcon.colcon_cmake.task.cmake.build:Building CMake package in '/home/tutu/mr_ws_ros2/src/simple_planner'
[0.464s] INFO:colcon.colcon_core.shell:Skip shell extension 'powershell' for command environment: Not usable outside of PowerShell
[0.464s] DEBUG:colcon.colcon_core.shell:Skip shell extension 'dsv' for command environment
[0.469s] INFO:colcon.colcon_ros.task.ament_cmake.build:Building ROS package in '/home/tutu/mr_ws_ros2/src/stage_controller' with build type 'ament_cmake'
[0.470s] INFO:colcon.colcon_cmake.task.cmake.build:Building CMake package in '/home/tutu/mr_ws_ros2/src/stage_controller'
[0.470s] INFO:colcon.colcon_core.shell:Skip shell extension 'powershell' for command environment: Not usable outside of PowerShell
[0.470s] DEBUG:colcon.colcon_core.shell:Skip shell extension 'dsv' for command environment
[0.484s] DEBUG:colcon.colcon_core.event_handler.log_command:Invoking command in '/home/tutu/mr_ws_ros2/build/Stage': /usr/bin/cmake --build /home/tutu/mr_ws_ros2/build/Stage -- -j8 -l8
[0.490s] DEBUG:colcon.colcon_core.event_handler.log_command:Invoking command in '/home/tutu/mr_ws_ros2/build/cart_launch': CMAKE_PREFIX_PATH=${CMAKE_PREFIX_PATH}:/opt/ros/foxy /usr/bin/cmake --build /home/tutu/mr_ws_ros2/build/cart_launch -- -j8 -l8
[0.496s] DEBUG:colcon.colcon_core.event_handler.log_command:Invoking command in '/home/tutu/mr_ws_ros2/build/simple_controller': CMAKE_PREFIX_PATH=${CMAKE_PREFIX_PATH}:/opt/ros/foxy /usr/bin/cmake --build /home/tutu/mr_ws_ros2/build/simple_controller -- -j8 -l8
[0.501s] DEBUG:colcon.colcon_core.event_handler.log_command:Invoking command in '/home/tutu/mr_ws_ros2/build/simple_planner': CMAKE_PREFIX_PATH=${CMAKE_PREFIX_PATH}:/opt/ros/foxy /usr/bin/cmake --build /home/tutu/mr_ws_ros2/build/simple_planner -- -j8 -l8
[0.513s] DEBUG:colcon.colcon_core.event_handler.log_command:Invoking command in '/home/tutu/mr_ws_ros2/build/stage_controller': CMAKE_PREFIX_PATH=${CMAKE_PREFIX_PATH}:/opt/ros/foxy /usr/bin/cmake --build /home/tutu/mr_ws_ros2/build/stage_controller -- -j8 -l8
[0.537s] DEBUG:colcon.colcon_core.event_handler.log_command:Invoked command in '/home/tutu/mr_ws_ros2/build/cart_launch' returned '0': CMAKE_PREFIX_PATH=${CMAKE_PREFIX_PATH}:/opt/ros/foxy /usr/bin/cmake --build /home/tutu/mr_ws_ros2/build/cart_launch -- -j8 -l8
[0.600s] DEBUG:colcon.colcon_core.event_handler.log_command:Invoking command in '/home/tutu/mr_ws_ros2/build/cart_launch': CMAKE_PREFIX_PATH=${CMAKE_PREFIX_PATH}:/opt/ros/foxy /usr/bin/cmake --install /home/tutu/mr_ws_ros2/build/cart_launch
[0.614s] DEBUG:colcon.colcon_core.event_handler.log_command:Invoked command in '/home/tutu/mr_ws_ros2/build/simple_controller' returned '0': CMAKE_PREFIX_PATH=${CMAKE_PREFIX_PATH}:/opt/ros/foxy /usr/bin/cmake --build /home/tutu/mr_ws_ros2/build/simple_controller -- -j8 -l8
[0.634s] DEBUG:colcon.colcon_core.event_handler.log_command:Invoked command in '/home/tutu/mr_ws_ros2/build/stage_controller' returned '0': CMAKE_PREFIX_PATH=${CMAKE_PREFIX_PATH}:/opt/ros/foxy /usr/bin/cmake --build /home/tutu/mr_ws_ros2/build/stage_controller -- -j8 -l8
[0.648s] Level 1:colcon.colcon_core.environment:create_environment_scripts_only(cart_launch)
[0.652s] DEBUG:colcon.colcon_core.event_handler.log_command:Invoked command in '/home/tutu/mr_ws_ros2/build/cart_launch' returned '0': CMAKE_PREFIX_PATH=${CMAKE_PREFIX_PATH}:/opt/ros/foxy /usr/bin/cmake --install /home/tutu/mr_ws_ros2/build/cart_launch
[0.654s] Level 1:colcon.colcon_core.environment:checking '/home/tutu/mr_ws_ros2/install/cart_launch' for CMake module files
[0.655s] Level 1:colcon.colcon_core.environment:checking '/home/tutu/mr_ws_ros2/install/cart_launch' for CMake config files
[0.656s] Level 1:colcon.colcon_core.shell:create_environment_hook('cart_launch', 'cmake_prefix_path')
[0.656s] INFO:colcon.colcon_core.shell:Creating environment hook '/home/tutu/mr_ws_ros2/install/cart_launch/share/cart_launch/hook/cmake_prefix_path.ps1'
[0.658s] INFO:colcon.colcon_core.shell:Creating environment descriptor '/home/tutu/mr_ws_ros2/install/cart_launch/share/cart_launch/hook/cmake_prefix_path.dsv'
[0.659s] INFO:colcon.colcon_core.shell:Creating environment hook '/home/tutu/mr_ws_ros2/install/cart_launch/share/cart_launch/hook/cmake_prefix_path.sh'
[0.661s] Level 1:colcon.colcon_core.environment:checking '/home/tutu/mr_ws_ros2/install/cart_launch/bin'
[0.661s] Level 1:colcon.colcon_core.environment:checking '/home/tutu/mr_ws_ros2/install/cart_launch/lib/pkgconfig/cart_launch.pc'
[0.661s] Level 1:colcon.colcon_core.environment:checking '/home/tutu/mr_ws_ros2/install/cart_launch/lib/python3.8/site-packages'
[0.662s] Level 1:colcon.colcon_core.environment:checking '/home/tutu/mr_ws_ros2/install/cart_launch/bin'
[0.662s] INFO:colcon.colcon_core.shell:Creating package script '/home/tutu/mr_ws_ros2/install/cart_launch/share/cart_launch/package.ps1'
[0.664s] INFO:colcon.colcon_core.shell:Creating package descriptor '/home/tutu/mr_ws_ros2/install/cart_launch/share/cart_launch/package.dsv'
[0.665s] INFO:colcon.colcon_core.shell:Creating package script '/home/tutu/mr_ws_ros2/install/cart_launch/share/cart_launch/package.sh'
[0.666s] INFO:colcon.colcon_core.shell:Creating package script '/home/tutu/mr_ws_ros2/install/cart_launch/share/cart_launch/package.bash'
[0.668s] INFO:colcon.colcon_core.shell:Creating package script '/home/tutu/mr_ws_ros2/install/cart_launch/share/cart_launch/package.zsh'
[0.669s] Level 1:colcon.colcon_core.environment:create_file_with_runtime_dependencies(/home/tutu/mr_ws_ros2/install/cart_launch/share/colcon-core/packages/cart_launch)
[0.697s] DEBUG:colcon.colcon_core.event_handler.log_command:Invoking command in '/home/tutu/mr_ws_ros2/build/simple_controller': CMAKE_PREFIX_PATH=${CMAKE_PREFIX_PATH}:/opt/ros/foxy /usr/bin/cmake --install /home/tutu/mr_ws_ros2/build/simple_controller
[0.713s] DEBUG:colcon.colcon_core.event_handler.log_command:Invoking command in '/home/tutu/mr_ws_ros2/build/stage_controller': CMAKE_PREFIX_PATH=${CMAKE_PREFIX_PATH}:/opt/ros/foxy /usr/bin/cmake --install /home/tutu/mr_ws_ros2/build/stage_controller
[0.715s] Level 1:colcon.colcon_core.environment:create_environment_scripts_only(cart_launch)
[0.715s] Level 1:colcon.colcon_core.environment:checking '/home/tutu/mr_ws_ros2/install/cart_launch' for CMake module files
[0.718s] Level 1:colcon.colcon_core.environment:checking '/home/tutu/mr_ws_ros2/install/cart_launch' for CMake config files
[0.719s] Level 1:colcon.colcon_core.shell:create_environment_hook('cart_launch', 'cmake_prefix_path')
[0.719s] INFO:colcon.colcon_core.shell:Creating environment hook '/home/tutu/mr_ws_ros2/install/cart_launch/share/cart_launch/hook/cmake_prefix_path.ps1'
[0.721s] INFO:colcon.colcon_core.shell:Creating environment descriptor '/home/tutu/mr_ws_ros2/install/cart_launch/share/cart_launch/hook/cmake_prefix_path.dsv'
[0.722s] INFO:colcon.colcon_core.shell:Creating environment hook '/home/tutu/mr_ws_ros2/install/cart_launch/share/cart_launch/hook/cmake_prefix_path.sh'
[0.724s] Level 1:colcon.colcon_core.environment:checking '/home/tutu/mr_ws_ros2/install/cart_launch/bin'
[0.724s] Level 1:colcon.colcon_core.environment:checking '/home/tutu/mr_ws_ros2/install/cart_launch/lib/pkgconfig/cart_launch.pc'
[0.725s] Level 1:colcon.colcon_core.environment:checking '/home/tutu/mr_ws_ros2/install/cart_launch/lib/python3.8/site-packages'
[0.725s] Level 1:colcon.colcon_core.environment:checking '/home/tutu/mr_ws_ros2/install/cart_launch/bin'
[0.726s] INFO:colcon.colcon_core.shell:Creating package script '/home/tutu/mr_ws_ros2/install/cart_launch/share/cart_launch/package.ps1'
[0.728s] INFO:colcon.colcon_core.shell:Creating package descriptor '/home/tutu/mr_ws_ros2/install/cart_launch/share/cart_launch/package.dsv'
[0.729s] INFO:colcon.colcon_core.shell:Creating package script '/home/tutu/mr_ws_ros2/install/cart_launch/share/cart_launch/package.sh'
[0.730s] INFO:colcon.colcon_core.shell:Creating package script '/home/tutu/mr_ws_ros2/install/cart_launch/share/cart_launch/package.bash'
[0.732s] INFO:colcon.colcon_core.shell:Creating package script '/home/tutu/mr_ws_ros2/install/cart_launch/share/cart_launch/package.zsh'
[0.732s] Level 1:colcon.colcon_core.environment:create_file_with_runtime_dependencies(/home/tutu/mr_ws_ros2/install/cart_launch/share/colcon-core/packages/cart_launch)
[0.747s] DEBUG:colcon.colcon_core.event_handler.log_command:Invoked command in '/home/tutu/mr_ws_ros2/build/Stage' returned '0': /usr/bin/cmake --build /home/tutu/mr_ws_ros2/build/Stage -- -j8 -l8
[0.750s] Level 1:colcon.colcon_core.environment:create_environment_scripts_only(simple_controller)
[0.751s] Level 1:colcon.colcon_core.environment:checking '/home/tutu/mr_ws_ros2/install/simple_controller' for CMake module files
[0.752s] DEBUG:colcon.colcon_core.event_handler.log_command:Invoked command in '/home/tutu/mr_ws_ros2/build/simple_controller' returned '0': CMAKE_PREFIX_PATH=${CMAKE_PREFIX_PATH}:/opt/ros/foxy /usr/bin/cmake --install /home/tutu/mr_ws_ros2/build/simple_controller
[0.753s] Level 1:colcon.colcon_core.environment:checking '/home/tutu/mr_ws_ros2/install/simple_controller' for CMake config files
[0.753s] Level 1:colcon.colcon_core.shell:create_environment_hook('simple_controller', 'cmake_prefix_path')
[0.754s] INFO:colcon.colcon_core.shell:Creating environment hook '/home/tutu/mr_ws_ros2/install/simple_controller/share/simple_controller/hook/cmake_prefix_path.ps1'
[0.755s] INFO:colcon.colcon_core.shell:Creating environment descriptor '/home/tutu/mr_ws_ros2/install/simple_controller/share/simple_controller/hook/cmake_prefix_path.dsv'
[0.755s] INFO:colcon.colcon_core.shell:Creating environment hook '/home/tutu/mr_ws_ros2/install/simple_controller/share/simple_controller/hook/cmake_prefix_path.sh'
[0.756s] Level 1:colcon.colcon_core.environment:checking '/home/tutu/mr_ws_ros2/install/simple_controller/lib'
[0.757s] Level 1:colcon.colcon_core.environment:checking '/home/tutu/mr_ws_ros2/install/simple_controller/bin'
[0.757s] Level 1:colcon.colcon_core.environment:checking '/home/tutu/mr_ws_ros2/install/simple_controller/lib/pkgconfig/simple_controller.pc'
[0.758s] Level 1:colcon.colcon_core.environment:checking '/home/tutu/mr_ws_ros2/install/simple_controller/lib/python3.8/site-packages'
[0.758s] Level 1:colcon.colcon_core.environment:checking '/home/tutu/mr_ws_ros2/install/simple_controller/bin'
[0.758s] INFO:colcon.colcon_core.shell:Creating package script '/home/tutu/mr_ws_ros2/install/simple_controller/share/simple_controller/package.ps1'
[0.759s] INFO:colcon.colcon_core.shell:Creating package descriptor '/home/tutu/mr_ws_ros2/install/simple_controller/share/simple_controller/package.dsv'
[0.761s] INFO:colcon.colcon_core.shell:Creating package script '/home/tutu/mr_ws_ros2/install/simple_controller/share/simple_controller/package.sh'
[0.762s] INFO:colcon.colcon_core.shell:Creating package script '/home/tutu/mr_ws_ros2/install/simple_controller/share/simple_controller/package.bash'
[0.762s] INFO:colcon.colcon_core.shell:Creating package script '/home/tutu/mr_ws_ros2/install/simple_controller/share/simple_controller/package.zsh'
[0.763s] Level 1:colcon.colcon_core.environment:create_file_with_runtime_dependencies(/home/tutu/mr_ws_ros2/install/simple_controller/share/colcon-core/packages/simple_controller)
[0.768s] Level 1:colcon.colcon_core.environment:create_environment_scripts_only(stage_controller)
[0.769s] Level 1:colcon.colcon_core.environment:checking '/home/tutu/mr_ws_ros2/install/stage_controller' for CMake module files
[0.770s] Level 1:colcon.colcon_core.environment:checking '/home/tutu/mr_ws_ros2/install/stage_controller' for CMake config files
[0.771s] DEBUG:colcon.colcon_core.event_handler.log_command:Invoked command in '/home/tutu/mr_ws_ros2/build/stage_controller' returned '0': CMAKE_PREFIX_PATH=${CMAKE_PREFIX_PATH}:/opt/ros/foxy /usr/bin/cmake --install /home/tutu/mr_ws_ros2/build/stage_controller
[0.771s] Level 1:colcon.colcon_core.shell:create_environment_hook('stage_controller', 'cmake_prefix_path')
[0.772s] INFO:colcon.colcon_core.shell:Creating environment hook '/home/tutu/mr_ws_ros2/install/stage_controller/share/stage_controller/hook/cmake_prefix_path.ps1'
[0.773s] INFO:colcon.colcon_core.shell:Creating environment descriptor '/home/tutu/mr_ws_ros2/install/stage_controller/share/stage_controller/hook/cmake_prefix_path.dsv'
[0.773s] INFO:colcon.colcon_core.shell:Creating environment hook '/home/tutu/mr_ws_ros2/install/stage_controller/share/stage_controller/hook/cmake_prefix_path.sh'
[0.774s] Level 1:colcon.colcon_core.environment:checking '/home/tutu/mr_ws_ros2/install/stage_controller/lib'
[0.774s] Level 1:colcon.colcon_core.environment:checking '/home/tutu/mr_ws_ros2/install/stage_controller/bin'
[0.774s] Level 1:colcon.colcon_core.environment:checking '/home/tutu/mr_ws_ros2/install/stage_controller/lib/pkgconfig/stage_controller.pc'
[0.775s] Level 1:colcon.colcon_core.environment:checking '/home/tutu/mr_ws_ros2/install/stage_controller/lib/python3.8/site-packages'
[0.775s] Level 1:colcon.colcon_core.environment:checking '/home/tutu/mr_ws_ros2/install/stage_controller/bin'
[0.776s] INFO:colcon.colcon_core.shell:Creating package script '/home/tutu/mr_ws_ros2/install/stage_controller/share/stage_controller/package.ps1'
[0.776s] INFO:colcon.colcon_core.shell:Creating package descriptor '/home/tutu/mr_ws_ros2/install/stage_controller/share/stage_controller/package.dsv'
[0.777s] INFO:colcon.colcon_core.shell:Creating package script '/home/tutu/mr_ws_ros2/install/stage_controller/share/stage_controller/package.sh'
[0.777s] INFO:colcon.colcon_core.shell:Creating package script '/home/tutu/mr_ws_ros2/install/stage_controller/share/stage_controller/package.bash'
[0.777s] INFO:colcon.colcon_core.shell:Creating package script '/home/tutu/mr_ws_ros2/install/stage_controller/share/stage_controller/package.zsh'
[0.778s] Level 1:colcon.colcon_core.environment:create_file_with_runtime_dependencies(/home/tutu/mr_ws_ros2/install/stage_controller/share/colcon-core/packages/stage_controller)
[0.793s] DEBUG:colcon.colcon_core.event_handler.log_command:Invoking command in '/home/tutu/mr_ws_ros2/build/Stage': /usr/bin/cmake --install /home/tutu/mr_ws_ros2/build/Stage
[0.795s] Level 1:colcon.colcon_core.environment:create_environment_scripts_only(simple_controller)
[0.795s] Level 1:colcon.colcon_core.environment:checking '/home/tutu/mr_ws_ros2/install/simple_controller' for CMake module files
[0.796s] Level 1:colcon.colcon_core.environment:checking '/home/tutu/mr_ws_ros2/install/simple_controller' for CMake config files
[0.796s] Level 1:colcon.colcon_core.shell:create_environment_hook('simple_controller', 'cmake_prefix_path')
[0.796s] INFO:colcon.colcon_core.shell:Creating environment hook '/home/tutu/mr_ws_ros2/install/simple_controller/share/simple_controller/hook/cmake_prefix_path.ps1'
[0.797s] INFO:colcon.colcon_core.shell:Creating environment descriptor '/home/tutu/mr_ws_ros2/install/simple_controller/share/simple_controller/hook/cmake_prefix_path.dsv'
[0.797s] INFO:colcon.colcon_core.shell:Creating environment hook '/home/tutu/mr_ws_ros2/install/simple_controller/share/simple_controller/hook/cmake_prefix_path.sh'
[0.798s] Level 1:colcon.colcon_core.environment:checking '/home/tutu/mr_ws_ros2/install/simple_controller/lib'
[0.798s] Level 1:colcon.colcon_core.environment:checking '/home/tutu/mr_ws_ros2/install/simple_controller/bin'
[0.798s] Level 1:colcon.colcon_core.environment:checking '/home/tutu/mr_ws_ros2/install/simple_controller/lib/pkgconfig/simple_controller.pc'
[0.799s] Level 1:colcon.colcon_core.environment:checking '/home/tutu/mr_ws_ros2/install/simple_controller/lib/python3.8/site-packages'
[0.799s] Level 1:colcon.colcon_core.environment:checking '/home/tutu/mr_ws_ros2/install/simple_controller/bin'
[0.799s] INFO:colcon.colcon_core.shell:Creating package script '/home/tutu/mr_ws_ros2/install/simple_controller/share/simple_controller/package.ps1'
[0.800s] INFO:colcon.colcon_core.shell:Creating package descriptor '/home/tutu/mr_ws_ros2/install/simple_controller/share/simple_controller/package.dsv'
[0.801s] INFO:colcon.colcon_core.shell:Creating package script '/home/tutu/mr_ws_ros2/install/simple_controller/share/simple_controller/package.sh'
[0.803s] INFO:colcon.colcon_core.shell:Creating package script '/home/tutu/mr_ws_ros2/install/simple_controller/share/simple_controller/package.bash'
[0.805s] INFO:colcon.colcon_core.shell:Creating package script '/home/tutu/mr_ws_ros2/install/simple_controller/share/simple_controller/package.zsh'
[0.806s] Level 1:colcon.colcon_core.environment:create_file_with_runtime_dependencies(/home/tutu/mr_ws_ros2/install/simple_controller/share/colcon-core/packages/simple_controller)
[0.810s] Level 1:colcon.colcon_core.environment:create_environment_scripts_only(stage_controller)
[0.810s] Level 1:colcon.colcon_core.environment:checking '/home/tutu/mr_ws_ros2/install/stage_controller' for CMake module files
[0.813s] Level 1:colcon.colcon_core.environment:checking '/home/tutu/mr_ws_ros2/install/stage_controller' for CMake config files
[0.816s] Level 1:colcon.colcon_core.shell:create_environment_hook('stage_controller', 'cmake_prefix_path')
[0.817s] INFO:colcon.colcon_core.shell:Creating environment hook '/home/tutu/mr_ws_ros2/install/stage_controller/share/stage_controller/hook/cmake_prefix_path.ps1'
[0.818s] INFO:colcon.colcon_core.shell:Creating environment descriptor '/home/tutu/mr_ws_ros2/install/stage_controller/share/stage_controller/hook/cmake_prefix_path.dsv'
[0.820s] INFO:colcon.colcon_core.shell:Creating environment hook '/home/tutu/mr_ws_ros2/install/stage_controller/share/stage_controller/hook/cmake_prefix_path.sh'
[0.822s] Level 1:colcon.colcon_core.environment:checking '/home/tutu/mr_ws_ros2/install/stage_controller/lib'
[0.822s] Level 1:colcon.colcon_core.environment:checking '/home/tutu/mr_ws_ros2/install/stage_controller/bin'
[0.823s] Level 1:colcon.colcon_core.environment:checking '/home/tutu/mr_ws_ros2/install/stage_controller/lib/pkgconfig/stage_controller.pc'
[0.823s] Level 1:colcon.colcon_core.environment:checking '/home/tutu/mr_ws_ros2/install/stage_controller/lib/python3.8/site-packages'
[0.823s] Level 1:colcon.colcon_core.environment:checking '/home/tutu/mr_ws_ros2/install/stage_controller/bin'
[0.824s] INFO:colcon.colcon_core.shell:Creating package script '/home/tutu/mr_ws_ros2/install/stage_controller/share/stage_controller/package.ps1'
[0.824s] INFO:colcon.colcon_core.shell:Creating package descriptor '/home/tutu/mr_ws_ros2/install/stage_controller/share/stage_controller/package.dsv'
[0.825s] INFO:colcon.colcon_core.shell:Creating package script '/home/tutu/mr_ws_ros2/install/stage_controller/share/stage_controller/package.sh'
[0.825s] INFO:colcon.colcon_core.shell:Creating package script '/home/tutu/mr_ws_ros2/install/stage_controller/share/stage_controller/package.bash'
[0.825s] INFO:colcon.colcon_core.shell:Creating package script '/home/tutu/mr_ws_ros2/install/stage_controller/share/stage_controller/package.zsh'
[0.826s] Level 1:colcon.colcon_core.environment:create_file_with_runtime_dependencies(/home/tutu/mr_ws_ros2/install/stage_controller/share/colcon-core/packages/stage_controller)
[0.827s] Level 1:colcon.colcon_core.environment:create_environment_scripts_only(Stage)
[0.827s] Level 1:colcon.colcon_core.environment:checking '/home/tutu/mr_ws_ros2/install/Stage' for CMake module files
[0.828s] DEBUG:colcon.colcon_core.event_handler.log_command:Invoked command in '/home/tutu/mr_ws_ros2/build/Stage' returned '0': /usr/bin/cmake --install /home/tutu/mr_ws_ros2/build/Stage
[0.828s] Level 1:colcon.colcon_core.environment:checking '/home/tutu/mr_ws_ros2/install/Stage' for CMake config files
[0.828s] Level 1:colcon.colcon_core.shell:create_environment_hook('Stage', 'cmake_prefix_path')
[0.828s] INFO:colcon.colcon_core.shell:Creating environment hook '/home/tutu/mr_ws_ros2/install/Stage/share/Stage/hook/cmake_prefix_path.ps1'
[0.829s] INFO:colcon.colcon_core.shell:Creating environment descriptor '/home/tutu/mr_ws_ros2/install/Stage/share/Stage/hook/cmake_prefix_path.dsv'
[0.829s] INFO:colcon.colcon_core.shell:Creating environment hook '/home/tutu/mr_ws_ros2/install/Stage/share/Stage/hook/cmake_prefix_path.sh'
[0.830s] Level 1:colcon.colcon_core.environment:checking '/home/tutu/mr_ws_ros2/install/Stage/lib'
[0.830s] Level 1:colcon.colcon_core.shell:create_environment_hook('Stage', 'ld_library_path_lib')
[0.830s] INFO:colcon.colcon_core.shell:Creating environment hook '/home/tutu/mr_ws_ros2/install/Stage/share/Stage/hook/ld_library_path_lib.ps1'
[0.830s] INFO:colcon.colcon_core.shell:Creating environment descriptor '/home/tutu/mr_ws_ros2/install/Stage/share/Stage/hook/ld_library_path_lib.dsv'
[0.830s] INFO:colcon.colcon_core.shell:Creating environment hook '/home/tutu/mr_ws_ros2/install/Stage/share/Stage/hook/ld_library_path_lib.sh'
[0.831s] Level 1:colcon.colcon_core.environment:checking '/home/tutu/mr_ws_ros2/install/Stage/bin'
[0.831s] Level 1:colcon.colcon_core.shell:create_environment_hook('Stage', 'path')
[0.831s] INFO:colcon.colcon_core.shell:Creating environment hook '/home/tutu/mr_ws_ros2/install/Stage/share/Stage/hook/path.ps1'
[0.831s] INFO:colcon.colcon_core.shell:Creating environment descriptor '/home/tutu/mr_ws_ros2/install/Stage/share/Stage/hook/path.dsv'
[0.832s] INFO:colcon.colcon_core.shell:Creating environment hook '/home/tutu/mr_ws_ros2/install/Stage/share/Stage/hook/path.sh'
[0.833s] Level 1:colcon.colcon_core.environment:checking '/home/tutu/mr_ws_ros2/install/Stage/lib/pkgconfig/Stage.pc'
[0.833s] Level 1:colcon.colcon_core.environment:checking '/home/tutu/mr_ws_ros2/install/Stage/lib/python3.8/site-packages'
[0.833s] Level 1:colcon.colcon_core.environment:checking '/home/tutu/mr_ws_ros2/install/Stage/bin'
[0.833s] Level 1:colcon.colcon_core.shell:create_environment_hook('Stage', 'pythonscriptspath')
[0.834s] INFO:colcon.colcon_core.shell:Creating environment hook '/home/tutu/mr_ws_ros2/install/Stage/share/Stage/hook/pythonscriptspath.ps1'
[0.834s] INFO:colcon.colcon_core.shell:Creating environment descriptor '/home/tutu/mr_ws_ros2/install/Stage/share/Stage/hook/pythonscriptspath.dsv'
[0.835s] INFO:colcon.colcon_core.shell:Creating environment hook '/home/tutu/mr_ws_ros2/install/Stage/share/Stage/hook/pythonscriptspath.sh'
[0.836s] INFO:colcon.colcon_core.shell:Creating package script '/home/tutu/mr_ws_ros2/install/Stage/share/Stage/package.ps1'
[0.838s] INFO:colcon.colcon_core.shell:Creating package descriptor '/home/tutu/mr_ws_ros2/install/Stage/share/Stage/package.dsv'
[0.839s] INFO:colcon.colcon_core.shell:Creating package script '/home/tutu/mr_ws_ros2/install/Stage/share/Stage/package.sh'
[0.840s] INFO:colcon.colcon_core.shell:Creating package script '/home/tutu/mr_ws_ros2/install/Stage/share/Stage/package.bash'
[0.840s] INFO:colcon.colcon_core.shell:Creating package script '/home/tutu/mr_ws_ros2/install/Stage/share/Stage/package.zsh'
[0.841s] Level 1:colcon.colcon_core.environment:create_file_with_runtime_dependencies(/home/tutu/mr_ws_ros2/install/Stage/share/colcon-core/packages/Stage)
[0.842s] INFO:colcon.colcon_ros.task.ament_cmake.build:Building ROS package in '/home/tutu/mr_ws_ros2/src/stage_ros2' with build type 'ament_cmake'
[0.842s] INFO:colcon.colcon_cmake.task.cmake.build:Building CMake package in '/home/tutu/mr_ws_ros2/src/stage_ros2'
[0.842s] INFO:colcon.colcon_core.shell:Skip shell extension 'powershell' for command environment: Not usable outside of PowerShell
[0.842s] DEBUG:colcon.colcon_core.shell:Skip shell extension 'dsv' for command environment
[0.857s] DEBUG:colcon.colcon_core.event_handler.log_command:Invoking command in '/home/tutu/mr_ws_ros2/build/stage_ros2': CMAKE_PREFIX_PATH=/home/tutu/mr_ws_ros2/install/Stage:/home/tutu/mr_ws_ros2/install/stage_ros2:/home/tutu/mr_ws_ros2/install/stage_controller:/home/tutu/mr_ws_ros2/install/simple_controller:/home/tutu/mr_ws_ros2/install/cart_launch:/opt/ros/foxy LD_LIBRARY_PATH=/home/tutu/mr_ws_ros2/install/Stage/lib:/home/tutu/mr_ws_ros2/install/stage_ros2/lib:/opt/ros/foxy/opt/yaml_cpp_vendor/lib:/opt/ros/foxy/opt/rviz_ogre_vendor/lib:/opt/ros/foxy/lib/x86_64-linux-gnu:/opt/ros/foxy/lib /usr/bin/cmake --build /home/tutu/mr_ws_ros2/build/stage_ros2 -- -j8 -l8
[0.966s] DEBUG:colcon.colcon_core.event_handler.log_command:Invoked command in '/home/tutu/mr_ws_ros2/build/stage_ros2' returned '0': CMAKE_PREFIX_PATH=/home/tutu/mr_ws_ros2/install/Stage:/home/tutu/mr_ws_ros2/install/stage_ros2:/home/tutu/mr_ws_ros2/install/stage_controller:/home/tutu/mr_ws_ros2/install/simple_controller:/home/tutu/mr_ws_ros2/install/cart_launch:/opt/ros/foxy LD_LIBRARY_PATH=/home/tutu/mr_ws_ros2/install/Stage/lib:/home/tutu/mr_ws_ros2/install/stage_ros2/lib:/opt/ros/foxy/opt/yaml_cpp_vendor/lib:/opt/ros/foxy/opt/rviz_ogre_vendor/lib:/opt/ros/foxy/lib/x86_64-linux-gnu:/opt/ros/foxy/lib /usr/bin/cmake --build /home/tutu/mr_ws_ros2/build/stage_ros2 -- -j8 -l8
[0.999s] DEBUG:colcon.colcon_core.event_handler.log_command:Invoking command in '/home/tutu/mr_ws_ros2/build/stage_ros2': CMAKE_PREFIX_PATH=/home/tutu/mr_ws_ros2/install/Stage:/home/tutu/mr_ws_ros2/install/stage_ros2:/home/tutu/mr_ws_ros2/install/stage_controller:/home/tutu/mr_ws_ros2/install/simple_controller:/home/tutu/mr_ws_ros2/install/cart_launch:/opt/ros/foxy LD_LIBRARY_PATH=/home/tutu/mr_ws_ros2/install/Stage/lib:/home/tutu/mr_ws_ros2/install/stage_ros2/lib:/opt/ros/foxy/opt/yaml_cpp_vendor/lib:/opt/ros/foxy/opt/rviz_ogre_vendor/lib:/opt/ros/foxy/lib/x86_64-linux-gnu:/opt/ros/foxy/lib /usr/bin/cmake --install /home/tutu/mr_ws_ros2/build/stage_ros2
[1.026s] Level 1:colcon.colcon_core.environment:create_environment_scripts_only(stage_ros2)
[1.027s] Level 1:colcon.colcon_core.environment:checking '/home/tutu/mr_ws_ros2/install/stage_ros2' for CMake module files
[1.027s] DEBUG:colcon.colcon_core.event_handler.log_command:Invoked command in '/home/tutu/mr_ws_ros2/build/stage_ros2' returned '0': CMAKE_PREFIX_PATH=/home/tutu/mr_ws_ros2/install/Stage:/home/tutu/mr_ws_ros2/install/stage_ros2:/home/tutu/mr_ws_ros2/install/stage_controller:/home/tutu/mr_ws_ros2/install/simple_controller:/home/tutu/mr_ws_ros2/install/cart_launch:/opt/ros/foxy LD_LIBRARY_PATH=/home/tutu/mr_ws_ros2/install/Stage/lib:/home/tutu/mr_ws_ros2/install/stage_ros2/lib:/opt/ros/foxy/opt/yaml_cpp_vendor/lib:/opt/ros/foxy/opt/rviz_ogre_vendor/lib:/opt/ros/foxy/lib/x86_64-linux-gnu:/opt/ros/foxy/lib /usr/bin/cmake --install /home/tutu/mr_ws_ros2/build/stage_ros2
[1.028s] Level 1:colcon.colcon_core.environment:checking '/home/tutu/mr_ws_ros2/install/stage_ros2' for CMake config files
[1.028s] Level 1:colcon.colcon_core.shell:create_environment_hook('stage_ros2', 'cmake_prefix_path')
[1.028s] INFO:colcon.colcon_core.shell:Creating environment hook '/home/tutu/mr_ws_ros2/install/stage_ros2/share/stage_ros2/hook/cmake_prefix_path.ps1'
[1.029s] INFO:colcon.colcon_core.shell:Creating environment descriptor '/home/tutu/mr_ws_ros2/install/stage_ros2/share/stage_ros2/hook/cmake_prefix_path.dsv'
[1.029s] INFO:colcon.colcon_core.shell:Creating environment hook '/home/tutu/mr_ws_ros2/install/stage_ros2/share/stage_ros2/hook/cmake_prefix_path.sh'
[1.030s] Level 1:colcon.colcon_core.environment:checking '/home/tutu/mr_ws_ros2/install/stage_ros2/lib'
[1.030s] Level 1:colcon.colcon_core.shell:create_environment_hook('stage_ros2', 'ld_library_path_lib')
[1.030s] INFO:colcon.colcon_core.shell:Creating environment hook '/home/tutu/mr_ws_ros2/install/stage_ros2/share/stage_ros2/hook/ld_library_path_lib.ps1'
[1.030s] INFO:colcon.colcon_core.shell:Creating environment descriptor '/home/tutu/mr_ws_ros2/install/stage_ros2/share/stage_ros2/hook/ld_library_path_lib.dsv'
[1.031s] INFO:colcon.colcon_core.shell:Creating environment hook '/home/tutu/mr_ws_ros2/install/stage_ros2/share/stage_ros2/hook/ld_library_path_lib.sh'
[1.031s] Level 1:colcon.colcon_core.environment:checking '/home/tutu/mr_ws_ros2/install/stage_ros2/bin'
[1.031s] Level 1:colcon.colcon_core.environment:checking '/home/tutu/mr_ws_ros2/install/stage_ros2/lib/pkgconfig/stage_ros2.pc'
[1.031s] Level 1:colcon.colcon_core.environment:checking '/home/tutu/mr_ws_ros2/install/stage_ros2/lib/python3.8/site-packages'
[1.032s] Level 1:colcon.colcon_core.environment:checking '/home/tutu/mr_ws_ros2/install/stage_ros2/bin'
[1.032s] INFO:colcon.colcon_core.shell:Creating package script '/home/tutu/mr_ws_ros2/install/stage_ros2/share/stage_ros2/package.ps1'
[1.033s] INFO:colcon.colcon_core.shell:Creating package descriptor '/home/tutu/mr_ws_ros2/install/stage_ros2/share/stage_ros2/package.dsv'
[1.033s] INFO:colcon.colcon_core.shell:Creating package script '/home/tutu/mr_ws_ros2/install/stage_ros2/share/stage_ros2/package.sh'
[1.034s] INFO:colcon.colcon_core.shell:Creating package script '/home/tutu/mr_ws_ros2/install/stage_ros2/share/stage_ros2/package.bash'
[1.034s] INFO:colcon.colcon_core.shell:Creating package script '/home/tutu/mr_ws_ros2/install/stage_ros2/share/stage_ros2/package.zsh'
[1.035s] Level 1:colcon.colcon_core.environment:create_file_with_runtime_dependencies(/home/tutu/mr_ws_ros2/install/stage_ros2/share/colcon-core/packages/stage_ros2)
[1.066s] Level 1:colcon.colcon_core.environment:create_environment_scripts_only(stage_ros2)
[1.067s] Level 1:colcon.colcon_core.environment:checking '/home/tutu/mr_ws_ros2/install/stage_ros2' for CMake module files
[1.067s] Level 1:colcon.colcon_core.environment:checking '/home/tutu/mr_ws_ros2/install/stage_ros2' for CMake config files
[1.068s] Level 1:colcon.colcon_core.shell:create_environment_hook('stage_ros2', 'cmake_prefix_path')
[1.068s] INFO:colcon.colcon_core.shell:Creating environment hook '/home/tutu/mr_ws_ros2/install/stage_ros2/share/stage_ros2/hook/cmake_prefix_path.ps1'
[1.069s] INFO:colcon.colcon_core.shell:Creating environment descriptor '/home/tutu/mr_ws_ros2/install/stage_ros2/share/stage_ros2/hook/cmake_prefix_path.dsv'
[1.070s] INFO:colcon.colcon_core.shell:Creating environment hook '/home/tutu/mr_ws_ros2/install/stage_ros2/share/stage_ros2/hook/cmake_prefix_path.sh'
[1.071s] Level 1:colcon.colcon_core.environment:checking '/home/tutu/mr_ws_ros2/install/stage_ros2/lib'
[1.071s] Level 1:colcon.colcon_core.shell:create_environment_hook('stage_ros2', 'ld_library_path_lib')
[1.071s] INFO:colcon.colcon_core.shell:Creating environment hook '/home/tutu/mr_ws_ros2/install/stage_ros2/share/stage_ros2/hook/ld_library_path_lib.ps1'
[1.072s] INFO:colcon.colcon_core.shell:Creating environment descriptor '/home/tutu/mr_ws_ros2/install/stage_ros2/share/stage_ros2/hook/ld_library_path_lib.dsv'
[1.072s] INFO:colcon.colcon_core.shell:Creating environment hook '/home/tutu/mr_ws_ros2/install/stage_ros2/share/stage_ros2/hook/ld_library_path_lib.sh'
[1.073s] Level 1:colcon.colcon_core.environment:checking '/home/tutu/mr_ws_ros2/install/stage_ros2/bin'
[1.073s] Level 1:colcon.colcon_core.environment:checking '/home/tutu/mr_ws_ros2/install/stage_ros2/lib/pkgconfig/stage_ros2.pc'
[1.073s] Level 1:colcon.colcon_core.environment:checking '/home/tutu/mr_ws_ros2/install/stage_ros2/lib/python3.8/site-packages'
[1.073s] Level 1:colcon.colcon_core.environment:checking '/home/tutu/mr_ws_ros2/install/stage_ros2/bin'
[1.074s] INFO:colcon.colcon_core.shell:Creating package script '/home/tutu/mr_ws_ros2/install/stage_ros2/share/stage_ros2/package.ps1'
[1.074s] INFO:colcon.colcon_core.shell:Creating package descriptor '/home/tutu/mr_ws_ros2/install/stage_ros2/share/stage_ros2/package.dsv'
[1.075s] INFO:colcon.colcon_core.shell:Creating package script '/home/tutu/mr_ws_ros2/install/stage_ros2/share/stage_ros2/package.sh'
[1.075s] INFO:colcon.colcon_core.shell:Creating package script '/home/tutu/mr_ws_ros2/install/stage_ros2/share/stage_ros2/package.bash'
[1.076s] INFO:colcon.colcon_core.shell:Creating package script '/home/tutu/mr_ws_ros2/install/stage_ros2/share/stage_ros2/package.zsh'
[1.076s] Level 1:colcon.colcon_core.environment:create_file_with_runtime_dependencies(/home/tutu/mr_ws_ros2/install/stage_ros2/share/colcon-core/packages/stage_ros2)
[4.924s] DEBUG:colcon.colcon_core.event_handler.log_command:Invoked command in '/home/tutu/mr_ws_ros2/build/simple_planner' returned '2': CMAKE_PREFIX_PATH=${CMAKE_PREFIX_PATH}:/opt/ros/foxy /usr/bin/cmake --build /home/tutu/mr_ws_ros2/build/simple_planner -- -j8 -l8
[4.945s] Level 1:colcon.colcon_core.environment:create_environment_scripts_only(simple_planner)
[4.945s] Level 1:colcon.colcon_core.environment:checking '/home/tutu/mr_ws_ros2/install/simple_planner' for CMake module files
[4.946s] Level 1:colcon.colcon_core.environment:checking '/home/tutu/mr_ws_ros2/install/simple_planner' for CMake config files
[4.946s] Level 1:colcon.colcon_core.environment:checking '/home/tutu/mr_ws_ros2/install/simple_planner/bin'
[4.946s] Level 1:colcon.colcon_core.environment:checking '/home/tutu/mr_ws_ros2/install/simple_planner/lib/pkgconfig/simple_planner.pc'
[4.946s] Level 1:colcon.colcon_core.environment:checking '/home/tutu/mr_ws_ros2/install/simple_planner/lib/python3.8/site-packages'
[4.947s] Level 1:colcon.colcon_core.environment:checking '/home/tutu/mr_ws_ros2/install/simple_planner/bin'
[4.947s] INFO:colcon.colcon_core.shell:Creating package script '/home/tutu/mr_ws_ros2/install/simple_planner/share/simple_planner/package.ps1'
[4.949s] INFO:colcon.colcon_core.shell:Creating package descriptor '/home/tutu/mr_ws_ros2/install/simple_planner/share/simple_planner/package.dsv'
[4.950s] INFO:colcon.colcon_core.shell:Creating package script '/home/tutu/mr_ws_ros2/install/simple_planner/share/simple_planner/package.sh'
[4.950s] INFO:colcon.colcon_core.shell:Creating package script '/home/tutu/mr_ws_ros2/install/simple_planner/share/simple_planner/package.bash'
[4.951s] INFO:colcon.colcon_core.shell:Creating package script '/home/tutu/mr_ws_ros2/install/simple_planner/share/simple_planner/package.zsh'
[4.951s] Level 1:colcon.colcon_core.environment:create_file_with_runtime_dependencies(/home/tutu/mr_ws_ros2/install/simple_planner/share/colcon-core/packages/simple_planner)
[4.962s] DEBUG:colcon.colcon_parallel_executor.executor.parallel:closing loop
[4.962s] DEBUG:colcon.colcon_parallel_executor.executor.parallel:loop closed
[4.962s] DEBUG:colcon.colcon_parallel_executor.executor.parallel:run_until_complete finished with '2'
[4.962s] DEBUG:colcon.colcon_core.event_reactor:joining thread
[4.971s] INFO:colcon.colcon_core.plugin_system:Skipping extension 'colcon_notification.desktop_notification.terminal_notifier': Not used on non-Darwin systems
[4.972s] INFO:colcon.colcon_core.plugin_system:Skipping extension 'colcon_notification.desktop_notification.win32': Not used on non-Windows systems
[4.972s] INFO:colcon.colcon_notification.desktop_notification:Sending desktop notification using 'notify2'
[4.988s] DEBUG:colcon.colcon_core.event_reactor:joined thread
[4.988s] INFO:colcon.colcon_core.shell:Creating prefix script '/home/tutu/mr_ws_ros2/install/local_setup.ps1'
[4.989s] INFO:colcon.colcon_core.shell:Creating prefix util module '/home/tutu/mr_ws_ros2/install/_local_setup_util_ps1.py'
[4.990s] INFO:colcon.colcon_core.shell:Creating prefix chain script '/home/tutu/mr_ws_ros2/install/setup.ps1'
[4.992s] INFO:colcon.colcon_core.shell:Creating prefix script '/home/tutu/mr_ws_ros2/install/local_setup.sh'
[4.993s] INFO:colcon.colcon_core.shell:Creating prefix util module '/home/tutu/mr_ws_ros2/install/_local_setup_util_sh.py'
[4.993s] INFO:colcon.colcon_core.shell:Creating prefix chain script '/home/tutu/mr_ws_ros2/install/setup.sh'
[4.994s] INFO:colcon.colcon_core.shell:Creating prefix script '/home/tutu/mr_ws_ros2/install/local_setup.bash'
[4.995s] INFO:colcon.colcon_core.shell:Creating prefix chain script '/home/tutu/mr_ws_ros2/install/setup.bash'
[4.996s] INFO:colcon.colcon_core.shell:Creating prefix script '/home/tutu/mr_ws_ros2/install/local_setup.zsh'
[4.996s] INFO:colcon.colcon_core.shell:Creating prefix chain script '/home/tutu/mr_ws_ros2/install/setup.zsh'
