[01m[K/home/tutu/mr_ws_ros2/src/simple_planner/src/planner.cpp:45:6:[m[K [01;31m[Kerror: [m[Kno declaration matches ‘[01m[Kvoid simple_planner::Planner::on_pose(const Odometry&)[m[K’
   45 | void [01;31m[KPlanner[m[K::on_pose(const nav_msgs::msg::Odometry& odom)
      |      [01;31m[K^~~~~~~[m[K
In file included from [01m[K/home/tutu/mr_ws_ros2/src/simple_planner/src/planner.cpp:1[m[K:
[01m[K/home/tutu/mr_ws_ros2/src/simple_planner/src/planner.h:50:10:[m[K [01;36m[Knote: [m[Kcandidate is: ‘[01m[Kvoid simple_planner::Planner::on_pose(nav_msgs::msg::Odometry_<std::allocator<void> >::SharedPtr)[m[K’
   50 |     void [01;36m[Kon_pose[m[K(const nav_msgs::msg::Odometry::SharedPtr odom);
      |          [01;36m[K^~~~~~~[m[K
[01m[K/home/tutu/mr_ws_ros2/src/simple_planner/src/planner.h:39:7:[m[K [01;36m[Knote: [m[K‘[01m[Kclass simple_planner::Planner[m[K’ defined here
   39 | class [01;36m[KPlanner[m[K : public rclcpp::Node
      |       [01;36m[K^~~~~~~[m[K
[01m[K/home/tutu/mr_ws_ros2/src/simple_planner/src/planner.cpp:50:6:[m[K [01;31m[Kerror: [m[Kno declaration matches ‘[01m[Kvoid simple_planner::Planner::on_target(const PoseStamped&)[m[K’
   50 | void [01;31m[KPlanner[m[K::on_target(const geometry_msgs::msg::PoseStamped& pose)
      |      [01;31m[K^~~~~~~[m[K
In file included from [01m[K/home/tutu/mr_ws_ros2/src/simple_planner/src/planner.cpp:1[m[K:
[01m[K/home/tutu/mr_ws_ros2/src/simple_planner/src/planner.h:52:10:[m[K [01;36m[Knote: [m[Kcandidate is: ‘[01m[Kvoid simple_planner::Planner::on_target(geometry_msgs::msg::PoseStamped_<std::allocator<void> >::SharedPtr)[m[K’
   52 |     void [01;36m[Kon_target[m[K(const geometry_msgs::msg::PoseStamped::SharedPtr pose);
      |          [01;36m[K^~~~~~~~~[m[K
[01m[K/home/tutu/mr_ws_ros2/src/simple_planner/src/planner.h:39:7:[m[K [01;36m[Knote: [m[K‘[01m[Kclass simple_planner::Planner[m[K’ defined here
   39 | class [01;36m[KPlanner[m[K : public rclcpp::Node
      |       [01;36m[K^~~~~~~[m[K
[01m[K/home/tutu/mr_ws_ros2/src/simple_planner/src/planner.cpp:[m[K In member function ‘[01m[Kbool simple_planner::Planner::indices_in_map(int, int)[m[K’:
[01m[K/home/tutu/mr_ws_ros2/src/simple_planner/src/planner.cpp:179:34:[m[K [01;35m[Kwarning: [m[Kcomparison of integer expressions of different signedness: ‘[01m[Kint[m[K’ and ‘[01m[Knav_msgs::msg::MapMetaData_<std::allocator<void> >::_width_type[m[K’ {aka ‘[01m[Kunsigned int[m[K’} [[01;35m[K-Wsign-compare[m[K]
  179 |     return i >= 0 && j >= 0 && [01;35m[Ki < map_.info.width[m[K && j < map_.info.height;
      |                                [01;35m[K~~^~~~~~~~~~~~~~~~~[m[K
[01m[K/home/tutu/mr_ws_ros2/src/simple_planner/src/planner.cpp:179:57:[m[K [01;35m[Kwarning: [m[Kcomparison of integer expressions of different signedness: ‘[01m[Kint[m[K’ and ‘[01m[Knav_msgs::msg::MapMetaData_<std::allocator<void> >::_height_type[m[K’ {aka ‘[01m[Kunsigned int[m[K’} [[01;35m[K-Wsign-compare[m[K]
  179 |     return i >= 0 && j >= 0 && i < map_.info.width && [01;35m[Kj < map_.info.height[m[K;
      |                                                       [01;35m[K~~^~~~~~~~~~~~~~~~~~[m[K
[01m[K/home/tutu/mr_ws_ros2/src/simple_planner/src/planner.cpp:[m[K In member function ‘[01m[Kvoid simple_planner::Planner::increase_obstacles(std::size_t)[m[K’:
[01m[K/home/tutu/mr_ws_ros2/src/simple_planner/src/planner.cpp:189:23:[m[K [01;35m[Kwarning: [m[Kcomparison of integer expressions of different signedness: ‘[01m[Kint[m[K’ and ‘[01m[Knav_msgs::msg::MapMetaData_<std::allocator<void> >::_width_type[m[K’ {aka ‘[01m[Kunsigned int[m[K’} [[01;35m[K-Wsign-compare[m[K]
  189 |     for (int i = 0; [01;35m[Ki < map_.info.width[m[K; ++i) {
      |                     [01;35m[K~~^~~~~~~~~~~~~~~~~[m[K
[01m[K/home/tutu/mr_ws_ros2/src/simple_planner/src/planner.cpp:190:27:[m[K [01;35m[Kwarning: [m[Kcomparison of integer expressions of different signedness: ‘[01m[Kint[m[K’ and ‘[01m[Knav_msgs::msg::MapMetaData_<std::allocator<void> >::_height_type[m[K’ {aka ‘[01m[Kunsigned int[m[K’} [[01;35m[K-Wsign-compare[m[K]
  190 |         for (int j = 0; [01;35m[Kj < map_.info.height[m[K; ++j) {
      |                         [01;35m[K~~^~~~~~~~~~~~~~~~~~[m[K
[01m[K/home/tutu/mr_ws_ros2/src/simple_planner/src/planner.cpp:[m[K In member function ‘[01m[Kdouble simple_planner::Planner::heruistic(int, int)[m[K’:
[01m[K/home/tutu/mr_ws_ros2/src/simple_planner/src/planner.cpp:230:31:[m[K [01;35m[Kwarning: [m[Kunused parameter ‘[01m[Ki[m[K’ [[01;35m[K-Wunused-parameter[m[K]
  230 | double Planner::heruistic([01;35m[Kint i[m[K, int j) {
      |                           [01;35m[K~~~~^[m[K
[01m[K/home/tutu/mr_ws_ros2/src/simple_planner/src/planner.cpp:230:38:[m[K [01;35m[Kwarning: [m[Kunused parameter ‘[01m[Kj[m[K’ [[01;35m[K-Wunused-parameter[m[K]
  230 | double Planner::heruistic(int i, [01;35m[Kint j[m[K) {
      |                                  [01;35m[K~~~~^[m[K
[01m[K/home/tutu/mr_ws_ros2/src/simple_planner/src/planner.cpp:[m[K In member function ‘[01m[Kbool simple_planner::CompareSearchNodes::operator()(const simple_planner::MapIndex&, const simple_planner::MapIndex&) const[m[K’:
[01m[K/home/tutu/mr_ws_ros2/src/simple_planner/src/planner.cpp:238:56:[m[K [01;31m[Kerror: [m[K‘[01m[Kstd::vector<simple_planner::SearchNode> simple_planner::Planner::search_map_[m[K’ is private within this context
  238 |         SearchNode& left = planner_.map_value(planner_.[01;31m[Ksearch_map_[m[K, left_index.i, left_index.j);
      |                                                        [01;31m[K^~~~~~~~~~~[m[K
In file included from [01m[K/home/tutu/mr_ws_ros2/src/simple_planner/src/planner.cpp:1[m[K:
[01m[K/home/tutu/mr_ws_ros2/src/simple_planner/src/planner.h:109:29:[m[K [01;36m[Knote: [m[Kdeclared private here
  109 |     std::vector<SearchNode> [01;36m[Ksearch_map_[m[K;
      |                             [01;36m[K^~~~~~~~~~~[m[K
[01m[K/home/tutu/mr_ws_ros2/src/simple_planner/src/planner.cpp:238:95:[m[K [01;31m[Kerror: [m[K‘[01m[KT& simple_planner::Planner::map_value(std::vector<BufferT>&, int, int) [with T = simple_planner::SearchNode][m[K’ is private within this context
  238 |         SearchNode& left = planner_.map_value(planner_.search_map_, left_index.i, left_index.j[01;31m[K)[m[K;
      |                                                                                               [01;31m[K^[m[K
In file included from [01m[K/home/tutu/mr_ws_ros2/src/simple_planner/src/planner.cpp:1[m[K:
[01m[K/home/tutu/mr_ws_ros2/src/simple_planner/src/planner.h:71:8:[m[K [01;36m[Knote: [m[Kdeclared private here
   71 |     T& [01;36m[Kmap_value[m[K(std::vector<T>& data, int i, int j)
      |        [01;36m[K^~~~~~~~~[m[K
[01m[K/home/tutu/mr_ws_ros2/src/simple_planner/src/planner.cpp:239:57:[m[K [01;31m[Kerror: [m[K‘[01m[Kstd::vector<simple_planner::SearchNode> simple_planner::Planner::search_map_[m[K’ is private within this context
  239 |         SearchNode& right = planner_.map_value(planner_.[01;31m[Ksearch_map_[m[K, right_index.i, right_index.j);
      |                                                         [01;31m[K^~~~~~~~~~~[m[K
In file included from [01m[K/home/tutu/mr_ws_ros2/src/simple_planner/src/planner.cpp:1[m[K:
[01m[K/home/tutu/mr_ws_ros2/src/simple_planner/src/planner.h:109:29:[m[K [01;36m[Knote: [m[Kdeclared private here
  109 |     std::vector<SearchNode> [01;36m[Ksearch_map_[m[K;
      |                             [01;36m[K^~~~~~~~~~~[m[K
[01m[K/home/tutu/mr_ws_ros2/src/simple_planner/src/planner.cpp:239:98:[m[K [01;31m[Kerror: [m[K‘[01m[KT& simple_planner::Planner::map_value(std::vector<BufferT>&, int, int) [with T = simple_planner::SearchNode][m[K’ is private within this context
  239 |         SearchNode& right = planner_.map_value(planner_.search_map_, right_index.i, right_index.j[01;31m[K)[m[K;
      |                                                                                                  [01;31m[K^[m[K
In file included from [01m[K/home/tutu/mr_ws_ros2/src/simple_planner/src/planner.cpp:1[m[K:
[01m[K/home/tutu/mr_ws_ros2/src/simple_planner/src/planner.h:71:8:[m[K [01;36m[Knote: [m[Kdeclared private here
   71 |     T& [01;36m[Kmap_value[m[K(std::vector<T>& data, int i, int j)
      |        [01;36m[K^~~~~~~~~[m[K
[01m[K/home/tutu/mr_ws_ros2/src/simple_planner/src/planner.cpp:[m[K In member function ‘[01m[Kvoid simple_planner::Planner::calculate_path()[m[K’:
[01m[K/home/tutu/mr_ws_ros2/src/simple_planner/src/planner.cpp:316:19:[m[K [01;35m[Kwarning: [m[Kunused variable ‘[01m[Knode[m[K’ [[01;35m[K-Wunused-variable[m[K]
  316 |             auto& [01;35m[Knode[m[K = map_value(search_map_, point.i, point.j);
      |                   [01;35m[K^~~~[m[K
make[2]: *** [CMakeFiles/planner.dir/build.make:63：CMakeFiles/planner.dir/src/planner.cpp.o] 错误 1
make[1]: *** [CMakeFiles/Makefile2:105：CMakeFiles/planner.dir/all] 错误 2
make: *** [Makefile:141：all] 错误 2
