[0.014s] Invoking command in '/home/tutu/ros2m/build/stage_controller': CMAKE_PREFIX_PATH=/opt/ros/humble /usr/bin/cmake /home/tutu/ros2m/src/stage_controller -DCMAKE_INSTALL_PREFIX=/home/tutu/ros2m/install/stage_controller
[0.070s] -- The C compiler identification is GNU 11.4.0
[0.132s] -- The CXX compiler identification is GNU 11.4.0
[0.141s] -- Detecting C compiler ABI info
[0.218s] -- Detecting C compiler ABI info - done
[0.225s] -- Check for working C compiler: /usr/bin/cc - skipped
[0.226s] -- Detecting C compile features
[0.226s] -- Detecting C compile features - done
[0.232s] -- Detecting CXX compiler ABI info
[0.328s] -- Detecting CXX compiler ABI info - done
[0.337s] -- Check for working CXX compiler: /usr/bin/c++ - skipped
[0.338s] -- Detecting CXX compile features
[0.339s] -- Detecting CXX compile features - done
[0.343s] -- Found ament_cmake: 1.3.10 (/opt/ros/humble/share/ament_cmake/cmake)
[0.535s] -- Found Python3: /usr/bin/python3 (found version "3.10.12") found components: Interpreter 
[0.640s] -- Found rclcpp: 16.0.10 (/opt/ros/humble/share/rclcpp/cmake)
[0.691s] -- Found rosidl_generator_c: 3.1.5 (/opt/ros/humble/share/rosidl_generator_c/cmake)
[0.697s] -- Found rosidl_adapter: 3.1.5 (/opt/ros/humble/share/rosidl_adapter/cmake)
[0.707s] -- Found rosidl_generator_cpp: 3.1.5 (/opt/ros/humble/share/rosidl_generator_cpp/cmake)
[0.730s] -- Using all available rosidl_typesupport_c: rosidl_typesupport_fastrtps_c;rosidl_typesupport_introspection_c
[0.758s] -- Using all available rosidl_typesupport_cpp: rosidl_typesupport_fastrtps_cpp;rosidl_typesupport_introspection_cpp
[0.810s] -- Found rmw_implementation_cmake: 6.1.2 (/opt/ros/humble/share/rmw_implementation_cmake/cmake)
[0.814s] -- Found rmw_fastrtps_cpp: 6.2.7 (/opt/ros/humble/share/rmw_fastrtps_cpp/cmake)
[0.919s] -- Found OpenSSL: /usr/lib/x86_64-linux-gnu/libcrypto.so (found version "3.0.2")  
[0.949s] -- Found FastRTPS: /opt/ros/humble/include  
[0.996s] -- Using RMW implementation 'rmw_fastrtps_cpp' as default
[1.006s] -- Looking for pthread.h
[1.091s] -- Looking for pthread.h - found
[1.091s] -- Performing Test CMAKE_HAVE_LIBC_PTHREAD
[1.182s] -- Performing Test CMAKE_HAVE_LIBC_PTHREAD - Success
[1.185s] -- Found Threads: TRUE  
[1.240s] -- Found geometry_msgs: 4.2.4 (/opt/ros/humble/share/geometry_msgs/cmake)
[1.337s] -- Configuring done
[1.363s] -- Generating done
[1.373s] -- Build files have been written to: /home/tutu/ros2m/build/stage_controller
[1.384s] Invoked command in '/home/tutu/ros2m/build/stage_controller' returned '0': CMAKE_PREFIX_PATH=/opt/ros/humble /usr/bin/cmake /home/tutu/ros2m/src/stage_controller -DCMAKE_INSTALL_PREFIX=/home/tutu/ros2m/install/stage_controller
[1.385s] Invoking command in '/home/tutu/ros2m/build/stage_controller': CMAKE_PREFIX_PATH=/opt/ros/humble /usr/bin/cmake --build /home/tutu/ros2m/build/stage_controller -- -j1 -l1
[1.435s] [ 25%] [32mBuilding CXX object CMakeFiles/stage_controller.dir/src/stage_controller.cpp.o[0m
[11.889s] [ 50%] [32m[1mLinking CXX executable stage_controller[0m
[12.402s] [ 50%] Built target stage_controller
[12.426s] [ 75%] [32mBuilding CXX object CMakeFiles/stage_throttle.dir/src/stage_throttle.cpp.o[0m
[29.550s] [100%] [32m[1mLinking CXX executable stage_throttle[0m
[30.342s] [100%] Built target stage_throttle
[30.366s] Invoked command in '/home/tutu/ros2m/build/stage_controller' returned '0': CMAKE_PREFIX_PATH=/opt/ros/humble /usr/bin/cmake --build /home/tutu/ros2m/build/stage_controller -- -j1 -l1
[30.369s] Invoking command in '/home/tutu/ros2m/build/stage_controller': CMAKE_PREFIX_PATH=/opt/ros/humble /usr/bin/cmake --install /home/tutu/ros2m/build/stage_controller
[30.389s] -- Install configuration: ""
[30.389s] -- Installing: /home/tutu/ros2m/install/stage_controller/lib/stage_controller/stage_controller
[30.390s] -- Set runtime path of "/home/tutu/ros2m/install/stage_controller/lib/stage_controller/stage_controller" to ""
[30.391s] -- Installing: /home/tutu/ros2m/install/stage_controller/lib/stage_controller/stage_throttle
[30.399s] -- Set runtime path of "/home/tutu/ros2m/install/stage_controller/lib/stage_controller/stage_throttle" to ""
[30.402s] -- Installing: /home/tutu/ros2m/install/stage_controller/share/ament_index/resource_index/package_run_dependencies/stage_controller
[30.403s] -- Installing: /home/tutu/ros2m/install/stage_controller/share/ament_index/resource_index/parent_prefix_path/stage_controller
[30.403s] -- Installing: /home/tutu/ros2m/install/stage_controller/share/stage_controller/environment/ament_prefix_path.sh
[30.412s] -- Installing: /home/tutu/ros2m/install/stage_controller/share/stage_controller/environment/ament_prefix_path.dsv
[30.412s] -- Installing: /home/tutu/ros2m/install/stage_controller/share/stage_controller/environment/path.sh
[30.412s] -- Installing: /home/tutu/ros2m/install/stage_controller/share/stage_controller/environment/path.dsv
[30.413s] -- Installing: /home/tutu/ros2m/install/stage_controller/share/stage_controller/local_setup.bash
[30.413s] -- Installing: /home/tutu/ros2m/install/stage_controller/share/stage_controller/local_setup.sh
[30.413s] -- Installing: /home/tutu/ros2m/install/stage_controller/share/stage_controller/local_setup.zsh
[30.413s] -- Installing: /home/tutu/ros2m/install/stage_controller/share/stage_controller/local_setup.dsv
[30.413s] -- Installing: /home/tutu/ros2m/install/stage_controller/share/stage_controller/package.dsv
[30.413s] -- Installing: /home/tutu/ros2m/install/stage_controller/share/ament_index/resource_index/packages/stage_controller
[30.413s] -- Installing: /home/tutu/ros2m/install/stage_controller/share/stage_controller/cmake/stage_controllerConfig.cmake
[30.417s] -- Installing: /home/tutu/ros2m/install/stage_controller/share/stage_controller/cmake/stage_controllerConfig-version.cmake
[30.417s] -- Installing: /home/tutu/ros2m/install/stage_controller/share/stage_controller/package.xml
[30.419s] Invoked command in '/home/tutu/ros2m/build/stage_controller' returned '0': CMAKE_PREFIX_PATH=/opt/ros/humble /usr/bin/cmake --install /home/tutu/ros2m/build/stage_controller
