[0.025s] Invoking command in '/home/tutu/ros2m/build/simple_controller': AMENT_PREFIX_PATH=/home/tutu/ros2m/install/angles:${AMENT_PREFIX_PATH} CMAKE_PREFIX_PATH=/home/tutu/ros2m/install/angles:/opt/ros/humble PYTHONPATH=/home/tutu/ros2m/install/angles/local/lib/python3.10/dist-packages:${PYTHONPATH} /usr/bin/cmake --build /home/tutu/ros2m/build/simple_controller -- -j1 -l1
[0.119s] [100%] Built target controller_node
[0.136s] Invoked command in '/home/tutu/ros2m/build/simple_controller' returned '0': AMENT_PREFIX_PATH=/home/tutu/ros2m/install/angles:${AMENT_PREFIX_PATH} CMAKE_PREFIX_PATH=/home/tutu/ros2m/install/angles:/opt/ros/humble PYTHONPATH=/home/tutu/ros2m/install/angles/local/lib/python3.10/dist-packages:${PYTHONPATH} /usr/bin/cmake --build /home/tutu/ros2m/build/simple_controller -- -j1 -l1
[0.139s] Invoking command in '/home/tutu/ros2m/build/simple_controller': AMENT_PREFIX_PATH=/home/tutu/ros2m/install/angles:${AMENT_PREFIX_PATH} CMAKE_PREFIX_PATH=/home/tutu/ros2m/install/angles:/opt/ros/humble PYTHONPATH=/home/tutu/ros2m/install/angles/local/lib/python3.10/dist-packages:${PYTHONPATH} /usr/bin/cmake --install /home/tutu/ros2m/build/simple_controller
[0.146s] -- Install configuration: ""
[0.146s] -- Up-to-date: /home/tutu/ros2m/install/simple_controller/lib/simple_controller/controller_node
[0.147s] -- Up-to-date: /home/tutu/ros2m/install/simple_controller/share/simple_controller//launch
[0.148s] -- Up-to-date: /home/tutu/ros2m/install/simple_controller/share/simple_controller//launch/controller_stage.launch.py
[0.152s] -- Up-to-date: /home/tutu/ros2m/install/simple_controller/share/simple_controller//launch/controller1s.yaml
[0.153s] -- Up-to-date: /home/tutu/ros2m/install/simple_controller/share/simple_controller//launch/controller_curv.yaml
[0.153s] -- Up-to-date: /home/tutu/ros2m/install/simple_controller/share/simple_controller//launch/controller.yaml
[0.153s] -- Up-to-date: /home/tutu/ros2m/install/simple_controller/include
[0.153s] -- Up-to-date: /home/tutu/ros2m/install/simple_controller/include/trajectory_segment.h
[0.153s] -- Up-to-date: /home/tutu/ros2m/install/simple_controller/share/ament_index/resource_index/package_run_dependencies/simple_controller
[0.153s] -- Up-to-date: /home/tutu/ros2m/install/simple_controller/share/ament_index/resource_index/parent_prefix_path/simple_controller
[0.153s] -- Up-to-date: /home/tutu/ros2m/install/simple_controller/share/simple_controller/environment/ament_prefix_path.sh
[0.153s] -- Up-to-date: /home/tutu/ros2m/install/simple_controller/share/simple_controller/environment/ament_prefix_path.dsv
[0.153s] -- Up-to-date: /home/tutu/ros2m/install/simple_controller/share/simple_controller/environment/path.sh
[0.153s] -- Up-to-date: /home/tutu/ros2m/install/simple_controller/share/simple_controller/environment/path.dsv
[0.153s] -- Up-to-date: /home/tutu/ros2m/install/simple_controller/share/simple_controller/local_setup.bash
[0.153s] -- Up-to-date: /home/tutu/ros2m/install/simple_controller/share/simple_controller/local_setup.sh
[0.153s] -- Up-to-date: /home/tutu/ros2m/install/simple_controller/share/simple_controller/local_setup.zsh
[0.153s] -- Up-to-date: /home/tutu/ros2m/install/simple_controller/share/simple_controller/local_setup.dsv
[0.153s] -- Installing: /home/tutu/ros2m/install/simple_controller/share/simple_controller/package.dsv
[0.153s] -- Up-to-date: /home/tutu/ros2m/install/simple_controller/share/ament_index/resource_index/packages/simple_controller
[0.153s] -- Up-to-date: /home/tutu/ros2m/install/simple_controller/share/simple_controller/cmake/simple_controllerConfig.cmake
[0.153s] -- Up-to-date: /home/tutu/ros2m/install/simple_controller/share/simple_controller/cmake/simple_controllerConfig-version.cmake
[0.153s] -- Up-to-date: /home/tutu/ros2m/install/simple_controller/share/simple_controller/package.xml
[0.158s] Invoked command in '/home/tutu/ros2m/build/simple_controller' returned '0': AMENT_PREFIX_PATH=/home/tutu/ros2m/install/angles:${AMENT_PREFIX_PATH} CMAKE_PREFIX_PATH=/home/tutu/ros2m/install/angles:/opt/ros/humble PYTHONPATH=/home/tutu/ros2m/install/angles/local/lib/python3.10/dist-packages:${PYTHONPATH} /usr/bin/cmake --install /home/tutu/ros2m/build/simple_controller
