-- The C compiler identification is GNU 11.4.0
-- The CXX compiler identification is GNU 11.4.0
-- Detecting C compiler ABI info
-- Detecting C compiler ABI info - done
-- Check for working C compiler: /usr/bin/cc - skipped
-- Detecting C compile features
-- Detecting C compile features - done
-- Detecting CXX compiler ABI info
-- Detecting CXX compiler ABI info - done
-- Check for working CXX compiler: /usr/bin/c++ - skipped
-- Detecting CXX compile features
-- Detecting CXX compile features - done
-- Found ament_cmake: 1.3.10 (/opt/ros/humble/share/ament_cmake/cmake)
-- Found Python3: /usr/bin/python3 (found version "3.10.12") found components: Interpreter 
-- Configuring done
-- Generating done
-- Build files have been written to: /home/tutu/ros2m/build/cart_launch
-- Install configuration: ""
-- Installing: /home/tutu/ros2m/install/cart_launch/share/cart_launch//launch
-- Installing: /home/tutu/ros2m/install/cart_launch/share/cart_launch//launch/cart.launch.py
-- Installing: /home/tutu/ros2m/install/cart_launch/share/cart_launch//launch/cart_stage.launch.py
-- Installing: /home/tutu/ros2m/install/cart_launch/share/cart_launch//worlds
-- Installing: /home/tutu/ros2m/install/cart_launch/share/cart_launch//worlds/cart_empty.world
-- Installing: /home/tutu/ros2m/install/cart_launch/share/cart_launch//worlds/slam.world
-- Installing: /home/tutu/ros2m/install/cart_launch/share/cart_launch//worlds/simple.world
-- Installing: /home/tutu/ros2m/install/cart_launch/share/cart_launch//worlds/terrain.world
-- Installing: /home/tutu/ros2m/install/cart_launch/share/cart_launch//worlds/simple
-- Installing: /home/tutu/ros2m/install/cart_launch/share/cart_launch//worlds/materials
-- Installing: /home/tutu/ros2m/install/cart_launch/share/cart_launch//worlds/materials/textures
-- Installing: /home/tutu/ros2m/install/cart_launch/share/cart_launch//worlds/materials/textures/grass_dry.png
-- Installing: /home/tutu/ros2m/install/cart_launch/share/cart_launch//worlds/far_empty.world
-- Installing: /home/tutu/ros2m/install/cart_launch/share/cart_launch//worlds/populated.world
-- Installing: /home/tutu/ros2m/install/cart_launch/share/cart_launch//stage_worlds
-- Installing: /home/tutu/ros2m/install/cart_launch/share/cart_launch//stage_worlds/cave.yaml
-- Installing: /home/tutu/ros2m/install/cart_launch/share/cart_launch//stage_worlds/empty.world
-- Installing: /home/tutu/ros2m/install/cart_launch/share/cart_launch//stage_worlds/robots.inc
-- Installing: /home/tutu/ros2m/install/cart_launch/share/cart_launch//stage_worlds/mr.inc
-- Installing: /home/tutu/ros2m/install/cart_launch/share/cart_launch//stage_worlds/bitmaps
-- Installing: /home/tutu/ros2m/install/cart_launch/share/cart_launch//stage_worlds/bitmaps/feature_map.png
-- Installing: /home/tutu/ros2m/install/cart_launch/share/cart_launch//stage_worlds/bitmaps/cave.png
-- Installing: /home/tutu/ros2m/install/cart_launch/share/cart_launch//stage_worlds/bitmaps/empty.png
-- Installing: /home/tutu/ros2m/install/cart_launch/share/cart_launch//stage_worlds/bitmaps/feature_map_simple.png
-- Installing: /home/tutu/ros2m/install/cart_launch/share/cart_launch//stage_worlds/bitmaps/mapping_map.png
-- Installing: /home/tutu/ros2m/install/cart_launch/share/cart_launch//stage_worlds/bitmaps/kalman_map.png
-- Installing: /home/tutu/ros2m/install/cart_launch/share/cart_launch//stage_worlds/pioneer2dx.inc
-- Installing: /home/tutu/ros2m/install/cart_launch/share/cart_launch//stage_worlds/mapping.world
-- Installing: /home/tutu/ros2m/install/cart_launch/share/cart_launch//stage_worlds/simple.world
-- Installing: /home/tutu/ros2m/install/cart_launch/share/cart_launch//stage_worlds/kalman_map.world
-- Installing: /home/tutu/ros2m/install/cart_launch/share/cart_launch//stage_worlds/pioneer.inc
-- Installing: /home/tutu/ros2m/install/cart_launch/share/cart_launch//stage_worlds/map.inc
-- Installing: /home/tutu/ros2m/install/cart_launch/share/cart_launch//stage_worlds/feature_map_simple.world
-- Installing: /home/tutu/ros2m/install/cart_launch/share/cart_launch//stage_worlds/feature_map.world
-- Installing: /home/tutu/ros2m/install/cart_launch/share/cart_launch//stage_worlds/sick20.inc
-- Installing: /home/tutu/ros2m/install/cart_launch/share/cart_launch//stage_worlds/sick.inc
-- Installing: /home/tutu/ros2m/install/cart_launch/share/ament_index/resource_index/package_run_dependencies/cart_launch
-- Installing: /home/tutu/ros2m/install/cart_launch/share/ament_index/resource_index/parent_prefix_path/cart_launch
-- Installing: /home/tutu/ros2m/install/cart_launch/share/cart_launch/environment/ament_prefix_path.sh
-- Installing: /home/tutu/ros2m/install/cart_launch/share/cart_launch/environment/ament_prefix_path.dsv
-- Installing: /home/tutu/ros2m/install/cart_launch/share/cart_launch/environment/path.sh
-- Installing: /home/tutu/ros2m/install/cart_launch/share/cart_launch/environment/path.dsv
-- Installing: /home/tutu/ros2m/install/cart_launch/share/cart_launch/local_setup.bash
-- Installing: /home/tutu/ros2m/install/cart_launch/share/cart_launch/local_setup.sh
-- Installing: /home/tutu/ros2m/install/cart_launch/share/cart_launch/local_setup.zsh
-- Installing: /home/tutu/ros2m/install/cart_launch/share/cart_launch/local_setup.dsv
-- Installing: /home/tutu/ros2m/install/cart_launch/share/cart_launch/package.dsv
-- Installing: /home/tutu/ros2m/install/cart_launch/share/ament_index/resource_index/packages/cart_launch
-- Installing: /home/tutu/ros2m/install/cart_launch/share/cart_launch/cmake/cart_launchConfig.cmake
-- Installing: /home/tutu/ros2m/install/cart_launch/share/cart_launch/cmake/cart_launchConfig-version.cmake
-- Installing: /home/tutu/ros2m/install/cart_launch/share/cart_launch/package.xml
