[0.040s] Invoking command in '/home/tutu/mr_ws_ros2/build/Stage': /usr/bin/cmake /home/tutu/mr_ws_ros2/src/Stage -DCMAKE_BUILD_TYPE=RelWithDebInfo -DCMAKE_INSTALL_PREFIX=/home/tutu/mr_ws_ros2/install/Stage
[0.067s] -- Stage version 4.3.0
[0.068s] -- Operating system is Linux
[0.068s] -- Installing Libraries to /home/tutu/mr_ws_ros2/install/Stage/lib
[0.070s] -- Installing Plugins to /home/tutu/mr_ws_ros2/install/Stage/lib/Stage-4.3
[0.070s] -- Build type RELWITHDEBINFO
[0.070s] -- Checking for libtool
[0.070s] -- Checking for required libraries...
[0.223s] -- Checking for optional libraries...
[0.224s] -- Installation path CMAKE_INSTALL_PREFIX=/home/tutu/mr_ws_ros2/install/Stage
[0.225s] -- Configuring libstage
[0.239s] -- Checking for one of the modules 'playercore>=2.1.0'
[0.245s] --   * Player not detected. If Player is installed but not detected, check your PKG_CONFIG_PATH.
[0.282s] -- Configuring done
[0.370s] -- Generating done
[0.375s] -- Build files have been written to: /home/tutu/mr_ws_ros2/build/Stage
[0.383s] Invoked command in '/home/tutu/mr_ws_ros2/build/Stage' returned '0': /usr/bin/cmake /home/tutu/mr_ws_ros2/src/Stage -DCMAKE_BUILD_TYPE=RelWithDebInfo -DCMAKE_INSTALL_PREFIX=/home/tutu/mr_ws_ros2/install/Stage
[0.390s] Invoking command in '/home/tutu/mr_ws_ros2/build/Stage': /usr/bin/cmake --build /home/tutu/mr_ws_ros2/build/Stage -- -j8 -l8
[0.469s] [ 57%] Built target stage
[0.527s] [ 61%] Built target sink
[0.529s] [ 64%] Built target stagebinary
[0.543s] [ 67%] Built target source
[0.549s] [ 72%] Built target fasr2
[0.558s] [ 77%] Built target fasr
[0.559s] [ 79%] Built target dynamic
[0.563s] [ 83%] Built target wander
[0.577s] [ 86%] Built target rasterize
[0.602s] [ 89%] Built target lasernoise
[0.603s] [ 93%] Built target expand_pioneer
[0.615s] [ 96%] Built target expand_swarm
[0.617s] [100%] Built target pioneer_flocking
[0.635s] Invoked command in '/home/tutu/mr_ws_ros2/build/Stage' returned '0': /usr/bin/cmake --build /home/tutu/mr_ws_ros2/build/Stage -- -j8 -l8
[0.698s] Invoking command in '/home/tutu/mr_ws_ros2/build/Stage': /usr/bin/cmake --install /home/tutu/mr_ws_ros2/build/Stage
[0.710s] -- Install configuration: "RELWITHDEBINFO"
[0.710s] -- Up-to-date: /home/tutu/mr_ws_ros2/install/Stage/lib/pkgconfig/stage.pc
[0.710s] -- Installing: /home/tutu/mr_ws_ros2/install/Stage/lib/cmake/Stage/stage-config.cmake
[0.710s] -- Up-to-date: /home/tutu/mr_ws_ros2/install/Stage/lib/cmake/Stage/stage-config-version.cmake
[0.710s] -- Up-to-date: /home/tutu/mr_ws_ros2/install/Stage/bin/stage
[0.710s] -- Up-to-date: /home/tutu/mr_ws_ros2/install/Stage/lib/libstage.so.4.3.0
[0.711s] -- Up-to-date: /home/tutu/mr_ws_ros2/install/Stage/lib/libstage.so
[0.711s] -- Up-to-date: /home/tutu/mr_ws_ros2/install/Stage/include/Stage-4.3/stage.hh
[0.711s] -- Up-to-date: /home/tutu/mr_ws_ros2/install/Stage/lib/Stage-4.3/fasr.so
[0.711s] -- Up-to-date: /home/tutu/mr_ws_ros2/install/Stage/lib/Stage-4.3/sink.so
[0.711s] -- Up-to-date: /home/tutu/mr_ws_ros2/install/Stage/lib/Stage-4.3/source.so
[0.711s] -- Up-to-date: /home/tutu/mr_ws_ros2/install/Stage/lib/Stage-4.3/wander.so
[0.712s] -- Up-to-date: /home/tutu/mr_ws_ros2/install/Stage/lib/Stage-4.3/pioneer_flocking.so
[0.713s] -- Up-to-date: /home/tutu/mr_ws_ros2/install/Stage/lib/Stage-4.3/rasterize.so
[0.713s] -- Up-to-date: /home/tutu/mr_ws_ros2/install/Stage/lib/Stage-4.3/lasernoise.so
[0.713s] -- Up-to-date: /home/tutu/mr_ws_ros2/install/Stage/lib/Stage-4.3/dynamic.so
[0.714s] -- Up-to-date: /home/tutu/mr_ws_ros2/install/Stage/lib/Stage-4.3/fasr2.so
[0.714s] -- Up-to-date: /home/tutu/mr_ws_ros2/install/Stage/share/stage/assets/blue.png
[0.714s] -- Up-to-date: /home/tutu/mr_ws_ros2/install/Stage/share/stage/assets/death.png
[0.715s] -- Up-to-date: /home/tutu/mr_ws_ros2/install/Stage/share/stage/assets/green.png
[0.715s] -- Up-to-date: /home/tutu/mr_ws_ros2/install/Stage/share/stage/assets/logo.png
[0.715s] -- Up-to-date: /home/tutu/mr_ws_ros2/install/Stage/share/stage/assets/mains.png
[0.715s] -- Up-to-date: /home/tutu/mr_ws_ros2/install/Stage/share/stage/assets/mainspower.png
[0.715s] -- Up-to-date: /home/tutu/mr_ws_ros2/install/Stage/share/stage/assets/question_mark.png
[0.715s] -- Up-to-date: /home/tutu/mr_ws_ros2/install/Stage/share/stage/assets/red.png
[0.715s] -- Up-to-date: /home/tutu/mr_ws_ros2/install/Stage/share/stage/assets/stagelogo.png
[0.715s] -- Up-to-date: /home/tutu/mr_ws_ros2/install/Stage/share/stage/assets/stall-old.png
[0.716s] -- Up-to-date: /home/tutu/mr_ws_ros2/install/Stage/share/stage/assets/stall.png
[0.716s] -- Up-to-date: /home/tutu/mr_ws_ros2/install/Stage/share/stage/assets/rgb.txt
[0.716s] -- Up-to-date: /home/tutu/mr_ws_ros2/install/Stage/share/stage/rgb.txt
[0.716s] -- Up-to-date: /home/tutu/mr_ws_ros2/install/Stage/share/stage/worlds/amcl-sonar.cfg
[0.716s] -- Up-to-date: /home/tutu/mr_ws_ros2/install/Stage/share/stage/worlds/autolab.cfg
[0.716s] -- Up-to-date: /home/tutu/mr_ws_ros2/install/Stage/share/stage/worlds/camera.cfg
[0.716s] -- Up-to-date: /home/tutu/mr_ws_ros2/install/Stage/share/stage/worlds/everything.cfg
[0.716s] -- Up-to-date: /home/tutu/mr_ws_ros2/install/Stage/share/stage/worlds/lsp_test.cfg
[0.716s] -- Up-to-date: /home/tutu/mr_ws_ros2/install/Stage/share/stage/worlds/mbicp.cfg
[0.717s] -- Up-to-date: /home/tutu/mr_ws_ros2/install/Stage/share/stage/worlds/nd.cfg
[0.717s] -- Up-to-date: /home/tutu/mr_ws_ros2/install/Stage/share/stage/worlds/roomba.cfg
[0.717s] -- Up-to-date: /home/tutu/mr_ws_ros2/install/Stage/share/stage/worlds/simple.cfg
[0.717s] -- Up-to-date: /home/tutu/mr_ws_ros2/install/Stage/share/stage/worlds/test.cfg
[0.717s] -- Up-to-date: /home/tutu/mr_ws_ros2/install/Stage/share/stage/worlds/uoa_robotics_lab.cfg
[0.717s] -- Up-to-date: /home/tutu/mr_ws_ros2/install/Stage/share/stage/worlds/vfh.cfg
[0.717s] -- Up-to-date: /home/tutu/mr_ws_ros2/install/Stage/share/stage/worlds/wavefront-remote.cfg
[0.717s] -- Up-to-date: /home/tutu/mr_ws_ros2/install/Stage/share/stage/worlds/wavefront.cfg
[0.717s] -- Up-to-date: /home/tutu/mr_ws_ros2/install/Stage/share/stage/worlds/wifi.cfg
[0.717s] -- Up-to-date: /home/tutu/mr_ws_ros2/install/Stage/share/stage/worlds/SFU.world
[0.717s] -- Up-to-date: /home/tutu/mr_ws_ros2/install/Stage/share/stage/worlds/autolab.world
[0.718s] -- Up-to-date: /home/tutu/mr_ws_ros2/install/Stage/share/stage/worlds/camera.world
[0.718s] -- Up-to-date: /home/tutu/mr_ws_ros2/install/Stage/share/stage/worlds/circuit.world
[0.719s] -- Up-to-date: /home/tutu/mr_ws_ros2/install/Stage/share/stage/worlds/everything.world
[0.720s] -- Up-to-date: /home/tutu/mr_ws_ros2/install/Stage/share/stage/worlds/fasr.world
[0.720s] -- Up-to-date: /home/tutu/mr_ws_ros2/install/Stage/share/stage/worlds/fasr2.world
[0.721s] -- Up-to-date: /home/tutu/mr_ws_ros2/install/Stage/share/stage/worlds/fasr_plan.world
[0.721s] -- Up-to-date: /home/tutu/mr_ws_ros2/install/Stage/share/stage/worlds/large.world
[0.721s] -- Up-to-date: /home/tutu/mr_ws_ros2/install/Stage/share/stage/worlds/lsp_test.world
[0.721s] -- Up-to-date: /home/tutu/mr_ws_ros2/install/Stage/share/stage/worlds/mbicp.world
[0.721s] -- Up-to-date: /home/tutu/mr_ws_ros2/install/Stage/share/stage/worlds/pioneer_flocking.world
[0.722s] -- Up-to-date: /home/tutu/mr_ws_ros2/install/Stage/share/stage/worlds/pioneer_follow.world
[0.722s] -- Up-to-date: /home/tutu/mr_ws_ros2/install/Stage/share/stage/worlds/pioneer_walle.world
[0.722s] -- Up-to-date: /home/tutu/mr_ws_ros2/install/Stage/share/stage/worlds/roomba.world
[0.722s] -- Up-to-date: /home/tutu/mr_ws_ros2/install/Stage/share/stage/worlds/sensor_noise_demo.world
[0.723s] -- Up-to-date: /home/tutu/mr_ws_ros2/install/Stage/share/stage/worlds/sensor_noise_module_demo.world
[0.723s] -- Up-to-date: /home/tutu/mr_ws_ros2/install/Stage/share/stage/worlds/simple.world
[0.723s] -- Up-to-date: /home/tutu/mr_ws_ros2/install/Stage/share/stage/worlds/uoa_robotics_lab.world
[0.723s] -- Up-to-date: /home/tutu/mr_ws_ros2/install/Stage/share/stage/worlds/wifi.world
[0.723s] -- Up-to-date: /home/tutu/mr_ws_ros2/install/Stage/share/stage/worlds/beacons.inc
[0.723s] -- Up-to-date: /home/tutu/mr_ws_ros2/install/Stage/share/stage/worlds/chatterbox.inc
[0.723s] -- Up-to-date: /home/tutu/mr_ws_ros2/install/Stage/share/stage/worlds/hokuyo.inc
[0.724s] -- Up-to-date: /home/tutu/mr_ws_ros2/install/Stage/share/stage/worlds/irobot.inc
[0.724s] -- Up-to-date: /home/tutu/mr_ws_ros2/install/Stage/share/stage/worlds/map.inc
[0.724s] -- Up-to-date: /home/tutu/mr_ws_ros2/install/Stage/share/stage/worlds/objects.inc
[0.724s] -- Up-to-date: /home/tutu/mr_ws_ros2/install/Stage/share/stage/worlds/pantilt.inc
[0.724s] -- Up-to-date: /home/tutu/mr_ws_ros2/install/Stage/share/stage/worlds/pioneer.inc
[0.724s] -- Up-to-date: /home/tutu/mr_ws_ros2/install/Stage/share/stage/worlds/sick.inc
[0.724s] -- Up-to-date: /home/tutu/mr_ws_ros2/install/Stage/share/stage/worlds/ubot.inc
[0.724s] -- Up-to-date: /home/tutu/mr_ws_ros2/install/Stage/share/stage/worlds/uoa_robotics_lab_models.inc
[0.725s] -- Up-to-date: /home/tutu/mr_ws_ros2/install/Stage/share/stage/worlds/walle.inc
[0.725s] -- Up-to-date: /home/tutu/mr_ws_ros2/install/Stage/share/stage/worlds/cfggen.sh
[0.725s] -- Up-to-date: /home/tutu/mr_ws_ros2/install/Stage/share/stage/worlds/test.sh
[0.725s] -- Up-to-date: /home/tutu/mr_ws_ros2/install/Stage/share/stage/worlds/worldgen.sh
[0.725s] -- Up-to-date: /home/tutu/mr_ws_ros2/install/Stage/lib/Stage-4.3/expand_swarm.so
[0.725s] -- Up-to-date: /home/tutu/mr_ws_ros2/install/Stage/lib/Stage-4.3/expand_pioneer.so
[0.725s] -- Up-to-date: /home/tutu/mr_ws_ros2/install/Stage/share/stage/worlds/bitmaps/889_05.png
[0.725s] -- Up-to-date: /home/tutu/mr_ws_ros2/install/Stage/share/stage/worlds/bitmaps/SFU_1200x615.png
[0.725s] -- Up-to-date: /home/tutu/mr_ws_ros2/install/Stage/share/stage/worlds/bitmaps/SRI-AIC-kwing.png
[0.726s] -- Up-to-date: /home/tutu/mr_ws_ros2/install/Stage/share/stage/worlds/bitmaps/autolab.png
[0.726s] -- Up-to-date: /home/tutu/mr_ws_ros2/install/Stage/share/stage/worlds/bitmaps/cave.png
[0.726s] -- Up-to-date: /home/tutu/mr_ws_ros2/install/Stage/share/stage/worlds/bitmaps/cave_compact.png
[0.726s] -- Up-to-date: /home/tutu/mr_ws_ros2/install/Stage/share/stage/worlds/bitmaps/cave_filled.png
[0.726s] -- Up-to-date: /home/tutu/mr_ws_ros2/install/Stage/share/stage/worlds/bitmaps/frieburg.png
[0.726s] -- Up-to-date: /home/tutu/mr_ws_ros2/install/Stage/share/stage/worlds/bitmaps/ghost.png
[0.733s] -- Up-to-date: /home/tutu/mr_ws_ros2/install/Stage/share/stage/worlds/bitmaps/hospital.png
[0.733s] -- Up-to-date: /home/tutu/mr_ws_ros2/install/Stage/share/stage/worlds/bitmaps/hospital_section.png
[0.733s] -- Up-to-date: /home/tutu/mr_ws_ros2/install/Stage/share/stage/worlds/bitmaps/human_outline.png
[0.733s] -- Up-to-date: /home/tutu/mr_ws_ros2/install/Stage/share/stage/worlds/bitmaps/mbicp.png
[0.733s] -- Up-to-date: /home/tutu/mr_ws_ros2/install/Stage/share/stage/worlds/bitmaps/rink.png
[0.733s] -- Up-to-date: /home/tutu/mr_ws_ros2/install/Stage/share/stage/worlds/bitmaps/sal2.png
[0.733s] -- Up-to-date: /home/tutu/mr_ws_ros2/install/Stage/share/stage/worlds/bitmaps/simple_rooms.png
[0.734s] -- Up-to-date: /home/tutu/mr_ws_ros2/install/Stage/share/stage/worlds/bitmaps/space_invader.png
[0.734s] -- Up-to-date: /home/tutu/mr_ws_ros2/install/Stage/share/stage/worlds/bitmaps/submarine.png
[0.734s] -- Up-to-date: /home/tutu/mr_ws_ros2/install/Stage/share/stage/worlds/bitmaps/submarine_small.png
[0.734s] -- Up-to-date: /home/tutu/mr_ws_ros2/install/Stage/share/stage/worlds/bitmaps/table.png
[0.734s] -- Up-to-date: /home/tutu/mr_ws_ros2/install/Stage/share/stage/worlds/bitmaps/uoa_robotics_lab.png
[0.734s] -- Up-to-date: /home/tutu/mr_ws_ros2/install/Stage/share/stage/worlds/wifi/commando.world
[0.734s] -- Up-to-date: /home/tutu/mr_ws_ros2/install/Stage/share/stage/worlds/wifi/hosp_wifi.world
[0.734s] -- Up-to-date: /home/tutu/mr_ws_ros2/install/Stage/share/stage/worlds/wifi/hosp_wifi_5.world
[0.734s] -- Up-to-date: /home/tutu/mr_ws_ros2/install/Stage/share/stage/worlds/wifi/wifi.world
[0.734s] -- Up-to-date: /home/tutu/mr_ws_ros2/install/Stage/share/stage/worlds/wifi/wifi_itu.world
[0.734s] -- Up-to-date: /home/tutu/mr_ws_ros2/install/Stage/share/stage/worlds/wifi/wifi_logdistance.world
[0.735s] -- Up-to-date: /home/tutu/mr_ws_ros2/install/Stage/share/stage/worlds/wifi/wifi_ray.world
[0.735s] -- Up-to-date: /home/tutu/mr_ws_ros2/install/Stage/share/stage/worlds/wifi/wifi_simple.world
[0.735s] -- Up-to-date: /home/tutu/mr_ws_ros2/install/Stage/share/stage/worlds/wifi/map.inc
[0.744s] Invoked command in '/home/tutu/mr_ws_ros2/build/Stage' returned '0': /usr/bin/cmake --install /home/tutu/mr_ws_ros2/build/Stage
