-- The C compiler identification is GNU 11.4.0
-- The CXX compiler identification is GNU 11.4.0
-- Detecting C compiler ABI info
-- Detecting C compiler ABI info - done
-- Check for working C compiler: /usr/bin/cc - skipped
-- Detecting C compile features
-- Detecting C compile features - done
-- Detecting CXX compiler ABI info
-- Detecting CXX compiler ABI info - done
-- Check for working CXX compiler: /usr/bin/c++ - skipped
-- Detecting CXX compile features
-- Detecting CXX compile features - done
-- Found ament_cmake: 1.3.10 (/opt/ros/humble/share/ament_cmake/cmake)
-- Found Python3: /usr/bin/python3 (found version "3.10.12") found components: Interpreter 
-- Found rclcpp: 16.0.10 (/opt/ros/humble/share/rclcpp/cmake)
-- Found rosidl_generator_c: 3.1.5 (/opt/ros/humble/share/rosidl_generator_c/cmake)
-- Found rosidl_adapter: 3.1.5 (/opt/ros/humble/share/rosidl_adapter/cmake)
-- Found rosidl_generator_cpp: 3.1.5 (/opt/ros/humble/share/rosidl_generator_cpp/cmake)
-- Using all available rosidl_typesupport_c: rosidl_typesupport_fastrtps_c;rosidl_typesupport_introspection_c
-- Using all available rosidl_typesupport_cpp: rosidl_typesupport_fastrtps_cpp;rosidl_typesupport_introspection_cpp
-- Found rmw_implementation_cmake: 6.1.2 (/opt/ros/humble/share/rmw_implementation_cmake/cmake)
-- Found rmw_fastrtps_cpp: 6.2.7 (/opt/ros/humble/share/rmw_fastrtps_cpp/cmake)
-- Found OpenSSL: /usr/lib/x86_64-linux-gnu/libcrypto.so (found version "3.0.2")  
-- Found FastRTPS: /opt/ros/humble/include  
-- Using RMW implementation 'rmw_fastrtps_cpp' as default
-- Looking for pthread.h
-- Looking for pthread.h - found
-- Performing Test CMAKE_HAVE_LIBC_PTHREAD
-- Performing Test CMAKE_HAVE_LIBC_PTHREAD - Success
-- Found Threads: TRUE  
-- Found geometry_msgs: 4.2.4 (/opt/ros/humble/share/geometry_msgs/cmake)
-- Found sensor_msgs: 4.2.4 (/opt/ros/humble/share/sensor_msgs/cmake)
-- Found nav_msgs: 4.2.4 (/opt/ros/humble/share/nav_msgs/cmake)
-- Found angles: 1.16.0 (/home/tutu/ros2m/install/angles/share/angles/cmake)
-- Found tf2: 0.25.8 (/opt/ros/humble/share/tf2/cmake)
-- Configuring done
-- Generating done
-- Build files have been written to: /home/tutu/ros2m/build/simple_controller
[ 33%] [32mBuilding CXX object CMakeFiles/controller_node.dir/src/controller_node.cpp.o[0m
[ 66%] [32mBuilding CXX object CMakeFiles/controller_node.dir/src/controller.cpp.o[0m
[100%] [32m[1mLinking CXX executable controller_node[0m
[100%] Built target controller_node
-- Install configuration: ""
-- Installing: /home/tutu/ros2m/install/simple_controller/lib/simple_controller/controller_node
-- Set runtime path of "/home/tutu/ros2m/install/simple_controller/lib/simple_controller/controller_node" to ""
-- Installing: /home/tutu/ros2m/install/simple_controller/share/simple_controller//launch
-- Installing: /home/tutu/ros2m/install/simple_controller/share/simple_controller//launch/controller_stage.launch.py
-- Installing: /home/tutu/ros2m/install/simple_controller/share/simple_controller//launch/controller1s.yaml
-- Installing: /home/tutu/ros2m/install/simple_controller/share/simple_controller//launch/controller_curv.yaml
-- Installing: /home/tutu/ros2m/install/simple_controller/share/simple_controller//launch/controller.yaml
-- Installing: /home/tutu/ros2m/install/simple_controller/include
-- Installing: /home/tutu/ros2m/install/simple_controller/include/trajectory_segment.h
-- Installing: /home/tutu/ros2m/install/simple_controller/share/ament_index/resource_index/package_run_dependencies/simple_controller
-- Installing: /home/tutu/ros2m/install/simple_controller/share/ament_index/resource_index/parent_prefix_path/simple_controller
-- Installing: /home/tutu/ros2m/install/simple_controller/share/simple_controller/environment/ament_prefix_path.sh
-- Installing: /home/tutu/ros2m/install/simple_controller/share/simple_controller/environment/ament_prefix_path.dsv
-- Installing: /home/tutu/ros2m/install/simple_controller/share/simple_controller/environment/path.sh
-- Installing: /home/tutu/ros2m/install/simple_controller/share/simple_controller/environment/path.dsv
-- Installing: /home/tutu/ros2m/install/simple_controller/share/simple_controller/local_setup.bash
-- Installing: /home/tutu/ros2m/install/simple_controller/share/simple_controller/local_setup.sh
-- Installing: /home/tutu/ros2m/install/simple_controller/share/simple_controller/local_setup.zsh
-- Installing: /home/tutu/ros2m/install/simple_controller/share/simple_controller/local_setup.dsv
-- Installing: /home/tutu/ros2m/install/simple_controller/share/simple_controller/package.dsv
-- Installing: /home/tutu/ros2m/install/simple_controller/share/ament_index/resource_index/packages/simple_controller
-- Installing: /home/tutu/ros2m/install/simple_controller/share/simple_controller/cmake/simple_controllerConfig.cmake
-- Installing: /home/tutu/ros2m/install/simple_controller/share/simple_controller/cmake/simple_controllerConfig-version.cmake
-- Installing: /home/tutu/ros2m/install/simple_controller/share/simple_controller/package.xml
