[0.038s] Invoking command in '/home/tutu/mr_ws_ros2/build/simple_controller': CMAKE_PREFIX_PATH=${CMAKE_PREFIX_PATH}:/opt/ros/foxy /usr/bin/cmake --build /home/tutu/mr_ws_ros2/build/simple_controller -- -j8 -l8
[0.154s] [100%] Built target controller_node
[0.161s] Invoked command in '/home/tutu/mr_ws_ros2/build/simple_controller' returned '0': CMAKE_PREFIX_PATH=${CMAKE_PREFIX_PATH}:/opt/ros/foxy /usr/bin/cmake --build /home/tutu/mr_ws_ros2/build/simple_controller -- -j8 -l8
[0.247s] Invoking command in '/home/tutu/mr_ws_ros2/build/simple_controller': CMAKE_PREFIX_PATH=${CMAKE_PREFIX_PATH}:/opt/ros/foxy /usr/bin/cmake --install /home/tutu/mr_ws_ros2/build/simple_controller
[0.265s] -- Install configuration: "RelWithDebInfo"
[0.265s] -- Execute custom install script
[0.265s] -- Up-to-date symlink: /home/tutu/mr_ws_ros2/install/simple_controller/share/ament_index/resource_index/package_run_dependencies/simple_controller
[0.266s] -- Up-to-date symlink: /home/tutu/mr_ws_ros2/install/simple_controller/share/ament_index/resource_index/parent_prefix_path/simple_controller
[0.266s] -- Up-to-date symlink: /home/tutu/mr_ws_ros2/install/simple_controller/share/simple_controller/environment/ament_prefix_path.sh
[0.266s] -- Up-to-date symlink: /home/tutu/mr_ws_ros2/install/simple_controller/share/simple_controller/environment/ament_prefix_path.dsv
[0.267s] -- Up-to-date symlink: /home/tutu/mr_ws_ros2/install/simple_controller/share/simple_controller/environment/path.sh
[0.267s] -- Up-to-date symlink: /home/tutu/mr_ws_ros2/install/simple_controller/share/simple_controller/environment/path.dsv
[0.268s] -- Up-to-date symlink: /home/tutu/mr_ws_ros2/install/simple_controller/share/simple_controller/local_setup.bash
[0.268s] -- Up-to-date symlink: /home/tutu/mr_ws_ros2/install/simple_controller/share/simple_controller/local_setup.sh
[0.269s] -- Up-to-date symlink: /home/tutu/mr_ws_ros2/install/simple_controller/share/simple_controller/local_setup.zsh
[0.269s] -- Up-to-date symlink: /home/tutu/mr_ws_ros2/install/simple_controller/share/simple_controller/local_setup.dsv
[0.269s] -- Symlinking: /home/tutu/mr_ws_ros2/install/simple_controller/share/simple_controller/package.dsv
[0.289s] -- Up-to-date symlink: /home/tutu/mr_ws_ros2/install/simple_controller/share/ament_index/resource_index/packages/simple_controller
[0.290s] -- Up-to-date symlink: /home/tutu/mr_ws_ros2/install/simple_controller/share/simple_controller/cmake/simple_controllerConfig.cmake
[0.290s] -- Up-to-date symlink: /home/tutu/mr_ws_ros2/install/simple_controller/share/simple_controller/cmake/simple_controllerConfig-version.cmake
[0.290s] -- Up-to-date symlink: /home/tutu/mr_ws_ros2/install/simple_controller/share/simple_controller/package.xml
[0.290s] -- Up-to-date symlink: /home/tutu/mr_ws_ros2/install/simple_controller/lib/simple_controller/controller_node
[0.291s] -- Up-to-date symlink: /home/tutu/mr_ws_ros2/install/simple_controller/share/simple_controller/launch/controller.launch.py
[0.291s] -- Up-to-date symlink: /home/tutu/mr_ws_ros2/install/simple_controller/share/simple_controller/launch/controller.yaml
[0.292s] -- Up-to-date symlink: /home/tutu/mr_ws_ros2/install/simple_controller/share/simple_controller/launch/controller1s.yaml
[0.292s] -- Up-to-date symlink: /home/tutu/mr_ws_ros2/install/simple_controller/share/simple_controller/launch/controller_curv.yaml
[0.293s] -- Up-to-date symlink: /home/tutu/mr_ws_ros2/install/simple_controller/share/simple_controller/launch/controller_stage.launch.py
[0.293s] -- Up-to-date symlink: /home/tutu/mr_ws_ros2/install/simple_controller/share/simple_controller/launch/slam.launch
[0.293s] -- Up-to-date symlink: /home/tutu/mr_ws_ros2/install/simple_controller/lib/simple_controller/start_rqt
[0.294s] -- Up-to-date symlink: /home/tutu/mr_ws_ros2/install/simple_controller/share/simple_controller/rqt_cfg/steer_error.perspective
[0.313s] Invoked command in '/home/tutu/mr_ws_ros2/build/simple_controller' returned '0': CMAKE_PREFIX_PATH=${CMAKE_PREFIX_PATH}:/opt/ros/foxy /usr/bin/cmake --install /home/tutu/mr_ws_ros2/build/simple_controller
