[ 50%] Built target stage_controller
[100%] Built target stage_throttle
-- Install configuration: ""
-- Up-to-date: /home/tutu/ros2m/install/stage_controller/lib/stage_controller/stage_controller
-- Up-to-date: /home/tutu/ros2m/install/stage_controller/lib/stage_controller/stage_throttle
-- Up-to-date: /home/tutu/ros2m/install/stage_controller/share/ament_index/resource_index/package_run_dependencies/stage_controller
-- Up-to-date: /home/tutu/ros2m/install/stage_controller/share/ament_index/resource_index/parent_prefix_path/stage_controller
-- Up-to-date: /home/tutu/ros2m/install/stage_controller/share/stage_controller/environment/ament_prefix_path.sh
-- Up-to-date: /home/tutu/ros2m/install/stage_controller/share/stage_controller/environment/ament_prefix_path.dsv
-- Up-to-date: /home/tutu/ros2m/install/stage_controller/share/stage_controller/environment/path.sh
-- Up-to-date: /home/tutu/ros2m/install/stage_controller/share/stage_controller/environment/path.dsv
-- Up-to-date: /home/tutu/ros2m/install/stage_controller/share/stage_controller/local_setup.bash
-- Up-to-date: /home/tutu/ros2m/install/stage_controller/share/stage_controller/local_setup.sh
-- Up-to-date: /home/tutu/ros2m/install/stage_controller/share/stage_controller/local_setup.zsh
-- Up-to-date: /home/tutu/ros2m/install/stage_controller/share/stage_controller/local_setup.dsv
-- Installing: /home/tutu/ros2m/install/stage_controller/share/stage_controller/package.dsv
-- Up-to-date: /home/tutu/ros2m/install/stage_controller/share/ament_index/resource_index/packages/stage_controller
-- Up-to-date: /home/tutu/ros2m/install/stage_controller/share/stage_controller/cmake/stage_controllerConfig.cmake
-- Up-to-date: /home/tutu/ros2m/install/stage_controller/share/stage_controller/cmake/stage_controllerConfig-version.cmake
-- Up-to-date: /home/tutu/ros2m/install/stage_controller/share/stage_controller/package.xml
