[0.022s] Invoking command in '/home/tutu/ros2m/build/stage_controller': CMAKE_PREFIX_PATH=${CMAKE_PREFIX_PATH}:/opt/ros/humble /usr/bin/cmake --build /home/tutu/ros2m/build/stage_controller -- -j1 -l1
[0.144s] [ 50%] Built target stage_controller
[0.196s] [100%] Built target stage_throttle
[0.228s] Invoked command in '/home/tutu/ros2m/build/stage_controller' returned '0': CMAKE_PREFIX_PATH=${CMAKE_PREFIX_PATH}:/opt/ros/humble /usr/bin/cmake --build /home/tutu/ros2m/build/stage_controller -- -j1 -l1
[0.234s] Invoking command in '/home/tutu/ros2m/build/stage_controller': CMAKE_PREFIX_PATH=${CMAKE_PREFIX_PATH}:/opt/ros/humble /usr/bin/cmake --install /home/tutu/ros2m/build/stage_controller
[0.257s] -- Install configuration: ""
[0.258s] -- Up-to-date: /home/tutu/ros2m/install/stage_controller/lib/stage_controller/stage_controller
[0.258s] -- Up-to-date: /home/tutu/ros2m/install/stage_controller/lib/stage_controller/stage_throttle
[0.258s] -- Up-to-date: /home/tutu/ros2m/install/stage_controller/share/ament_index/resource_index/package_run_dependencies/stage_controller
[0.259s] -- Up-to-date: /home/tutu/ros2m/install/stage_controller/share/ament_index/resource_index/parent_prefix_path/stage_controller
[0.260s] -- Up-to-date: /home/tutu/ros2m/install/stage_controller/share/stage_controller/environment/ament_prefix_path.sh
[0.260s] -- Up-to-date: /home/tutu/ros2m/install/stage_controller/share/stage_controller/environment/ament_prefix_path.dsv
[0.261s] -- Up-to-date: /home/tutu/ros2m/install/stage_controller/share/stage_controller/environment/path.sh
[0.261s] -- Up-to-date: /home/tutu/ros2m/install/stage_controller/share/stage_controller/environment/path.dsv
[0.262s] -- Up-to-date: /home/tutu/ros2m/install/stage_controller/share/stage_controller/local_setup.bash
[0.262s] -- Up-to-date: /home/tutu/ros2m/install/stage_controller/share/stage_controller/local_setup.sh
[0.263s] -- Up-to-date: /home/tutu/ros2m/install/stage_controller/share/stage_controller/local_setup.zsh
[0.263s] -- Up-to-date: /home/tutu/ros2m/install/stage_controller/share/stage_controller/local_setup.dsv
[0.264s] -- Installing: /home/tutu/ros2m/install/stage_controller/share/stage_controller/package.dsv
[0.267s] -- Up-to-date: /home/tutu/ros2m/install/stage_controller/share/ament_index/resource_index/packages/stage_controller
[0.270s] -- Up-to-date: /home/tutu/ros2m/install/stage_controller/share/stage_controller/cmake/stage_controllerConfig.cmake
[0.270s] -- Up-to-date: /home/tutu/ros2m/install/stage_controller/share/stage_controller/cmake/stage_controllerConfig-version.cmake
[0.270s] -- Up-to-date: /home/tutu/ros2m/install/stage_controller/share/stage_controller/package.xml
[0.273s] Invoked command in '/home/tutu/ros2m/build/stage_controller' returned '0': CMAKE_PREFIX_PATH=${CMAKE_PREFIX_PATH}:/opt/ros/humble /usr/bin/cmake --install /home/tutu/ros2m/build/stage_controller
