[0.178s] DEBUG:colcon:Command line arguments: ['/usr/bin/colcon', 'build', '--symlink-install', '--event-handlers', 'console_cohesion+', '--base-paths', '/home/tutu/mr_ws_ros2', '--cmake-args', '-DCMAKE_BUILD_TYPE=RelWithDebInfo']
[0.178s] DEBUG:colcon:Parsed command line arguments: Namespace(allow_overriding=[], ament_cmake_args=None, base_paths=['/home/tutu/mr_ws_ros2'], build_base='build', catkin_cmake_args=None, catkin_skip_building_tests=False, cmake_args=['-DCMAKE_BUILD_TYPE=RelWithDebInfo'], cmake_clean_cache=False, cmake_clean_first=False, cmake_force_configure=False, cmake_target=None, cmake_target_skip_unavailable=False, continue_on_error=False, event_handlers=['console_cohesion+'], executor='parallel', ignore_user_meta=False, install_base='install', log_base=None, log_level=None, main=<bound method BuildVerb.main of <colcon_core.verb.build.BuildVerb object at 0x7fd9fec192b0>>, merge_install=False, metas=['./colcon.meta'], packages_above=None, packages_above_and_dependencies=None, packages_above_depth=None, packages_end=None, packages_ignore=None, packages_ignore_regex=None, packages_select=None, packages_select_build_failed=False, packages_select_by_dep=None, packages_select_regex=None, packages_select_test_failures=False, packages_skip=None, packages_skip_build_finished=False, packages_skip_by_dep=None, packages_skip_regex=None, packages_skip_test_passed=False, packages_skip_up_to=None, packages_start=None, packages_up_to=None, packages_up_to_regex=None, parallel_workers=8, paths=None, symlink_install=True, test_result_base=None, verb_extension=<colcon_core.verb.build.BuildVerb object at 0x7fd9fec192b0>, verb_name='build', verb_parser=<colcon_defaults.argument_parser.defaults.DefaultArgumentsDecorator object at 0x7fd9feaa9190>)
[0.331s] Level 1:colcon.colcon_core.package_discovery:discover_packages(colcon_meta) check parameters
[0.331s] Level 1:colcon.colcon_core.package_discovery:discover_packages(recursive) check parameters
[0.331s] Level 1:colcon.colcon_core.package_discovery:discover_packages(ignore) check parameters
[0.331s] Level 1:colcon.colcon_core.package_discovery:discover_packages(path) check parameters
[0.331s] Level 1:colcon.colcon_core.package_discovery:discover_packages(recursive) discover
[0.331s] INFO:colcon.colcon_core.package_discovery:Crawling recursively for packages in '/home/tutu/mr_ws_ros2'
[0.331s] Level 1:colcon.colcon_core.package_identification:_identify(/home/tutu/mr_ws_ros2) by extensions ['ignore', 'ignore_ament_install']
[0.331s] Level 1:colcon.colcon_core.package_identification:_identify(/home/tutu/mr_ws_ros2) by extension 'ignore'
[0.332s] Level 1:colcon.colcon_core.package_identification:_identify(/home/tutu/mr_ws_ros2) by extension 'ignore_ament_install'
[0.332s] Level 1:colcon.colcon_core.package_identification:_identify(/home/tutu/mr_ws_ros2) by extensions ['colcon_pkg']
[0.332s] Level 1:colcon.colcon_core.package_identification:_identify(/home/tutu/mr_ws_ros2) by extension 'colcon_pkg'
[0.332s] Level 1:colcon.colcon_core.package_identification:_identify(/home/tutu/mr_ws_ros2) by extensions ['colcon_meta']
[0.332s] Level 1:colcon.colcon_core.package_identification:_identify(/home/tutu/mr_ws_ros2) by extension 'colcon_meta'
[0.332s] Level 1:colcon.colcon_core.package_identification:_identify(/home/tutu/mr_ws_ros2) by extensions ['ros']
[0.332s] Level 1:colcon.colcon_core.package_identification:_identify(/home/tutu/mr_ws_ros2) by extension 'ros'
[0.344s] Level 1:colcon.colcon_core.package_identification:_identify(/home/tutu/mr_ws_ros2) by extensions ['cmake', 'python']
[0.344s] Level 1:colcon.colcon_core.package_identification:_identify(/home/tutu/mr_ws_ros2) by extension 'cmake'
[0.344s] Level 1:colcon.colcon_core.package_identification:_identify(/home/tutu/mr_ws_ros2) by extension 'python'
[0.344s] Level 1:colcon.colcon_core.package_identification:_identify(/home/tutu/mr_ws_ros2) by extensions ['python_setup_py']
[0.344s] Level 1:colcon.colcon_core.package_identification:_identify(/home/tutu/mr_ws_ros2) by extension 'python_setup_py'
[0.344s] Level 1:colcon.colcon_core.package_identification:_identify(/home/tutu/mr_ws_ros2/build) by extensions ['ignore', 'ignore_ament_install']
[0.344s] Level 1:colcon.colcon_core.package_identification:_identify(/home/tutu/mr_ws_ros2/build) by extension 'ignore'
[0.344s] Level 1:colcon.colcon_core.package_identification:_identify(/home/tutu/mr_ws_ros2/build) ignored
[0.344s] Level 1:colcon.colcon_core.package_identification:_identify(/home/tutu/mr_ws_ros2/install) by extensions ['ignore', 'ignore_ament_install']
[0.344s] Level 1:colcon.colcon_core.package_identification:_identify(/home/tutu/mr_ws_ros2/install) by extension 'ignore'
[0.345s] Level 1:colcon.colcon_core.package_identification:_identify(/home/tutu/mr_ws_ros2/install) ignored
[0.345s] Level 1:colcon.colcon_core.package_identification:_identify(/home/tutu/mr_ws_ros2/log) by extensions ['ignore', 'ignore_ament_install']
[0.345s] Level 1:colcon.colcon_core.package_identification:_identify(/home/tutu/mr_ws_ros2/log) by extension 'ignore'
[0.345s] Level 1:colcon.colcon_core.package_identification:_identify(/home/tutu/mr_ws_ros2/log) ignored
[0.345s] Level 1:colcon.colcon_core.package_identification:_identify(/home/tutu/mr_ws_ros2/src) by extensions ['ignore', 'ignore_ament_install']
[0.345s] Level 1:colcon.colcon_core.package_identification:_identify(/home/tutu/mr_ws_ros2/src) by extension 'ignore'
[0.345s] Level 1:colcon.colcon_core.package_identification:_identify(/home/tutu/mr_ws_ros2/src) by extension 'ignore_ament_install'
[0.345s] Level 1:colcon.colcon_core.package_identification:_identify(/home/tutu/mr_ws_ros2/src) by extensions ['colcon_pkg']
[0.345s] Level 1:colcon.colcon_core.package_identification:_identify(/home/tutu/mr_ws_ros2/src) by extension 'colcon_pkg'
[0.345s] Level 1:colcon.colcon_core.package_identification:_identify(/home/tutu/mr_ws_ros2/src) by extensions ['colcon_meta']
[0.345s] Level 1:colcon.colcon_core.package_identification:_identify(/home/tutu/mr_ws_ros2/src) by extension 'colcon_meta'
[0.345s] Level 1:colcon.colcon_core.package_identification:_identify(/home/tutu/mr_ws_ros2/src) by extensions ['ros']
[0.345s] Level 1:colcon.colcon_core.package_identification:_identify(/home/tutu/mr_ws_ros2/src) by extension 'ros'
[0.345s] Level 1:colcon.colcon_core.package_identification:_identify(/home/tutu/mr_ws_ros2/src) by extensions ['cmake', 'python']
[0.345s] Level 1:colcon.colcon_core.package_identification:_identify(/home/tutu/mr_ws_ros2/src) by extension 'cmake'
[0.345s] Level 1:colcon.colcon_core.package_identification:_identify(/home/tutu/mr_ws_ros2/src) by extension 'python'
[0.345s] Level 1:colcon.colcon_core.package_identification:_identify(/home/tutu/mr_ws_ros2/src) by extensions ['python_setup_py']
[0.345s] Level 1:colcon.colcon_core.package_identification:_identify(/home/tutu/mr_ws_ros2/src) by extension 'python_setup_py'
[0.345s] Level 1:colcon.colcon_core.package_identification:_identify(/home/tutu/mr_ws_ros2/src/Stage) by extensions ['ignore', 'ignore_ament_install']
[0.346s] Level 1:colcon.colcon_core.package_identification:_identify(/home/tutu/mr_ws_ros2/src/Stage) by extension 'ignore'
[0.346s] Level 1:colcon.colcon_core.package_identification:_identify(/home/tutu/mr_ws_ros2/src/Stage) by extension 'ignore_ament_install'
[0.346s] Level 1:colcon.colcon_core.package_identification:_identify(/home/tutu/mr_ws_ros2/src/Stage) by extensions ['colcon_pkg']
[0.346s] Level 1:colcon.colcon_core.package_identification:_identify(/home/tutu/mr_ws_ros2/src/Stage) by extension 'colcon_pkg'
[0.346s] Level 1:colcon.colcon_core.package_identification:_identify(/home/tutu/mr_ws_ros2/src/Stage) by extensions ['colcon_meta']
[0.346s] Level 1:colcon.colcon_core.package_identification:_identify(/home/tutu/mr_ws_ros2/src/Stage) by extension 'colcon_meta'
[0.346s] Level 1:colcon.colcon_core.package_identification:_identify(/home/tutu/mr_ws_ros2/src/Stage) by extensions ['ros']
[0.346s] Level 1:colcon.colcon_core.package_identification:_identify(/home/tutu/mr_ws_ros2/src/Stage) by extension 'ros'
[0.346s] Level 1:colcon.colcon_core.package_identification:_identify(/home/tutu/mr_ws_ros2/src/Stage) by extensions ['cmake', 'python']
[0.346s] Level 1:colcon.colcon_core.package_identification:_identify(/home/tutu/mr_ws_ros2/src/Stage) by extension 'cmake'
[0.349s] Level 1:colcon.colcon_core.package_identification:_identify(/home/tutu/mr_ws_ros2/src/Stage) by extension 'python'
[0.349s] DEBUG:colcon.colcon_core.package_identification:Package '/home/tutu/mr_ws_ros2/src/Stage' with type 'cmake' and name 'Stage'
[0.349s] Level 1:colcon.colcon_core.package_identification:_identify(/home/tutu/mr_ws_ros2/src/cart_launch) by extensions ['ignore', 'ignore_ament_install']
[0.349s] Level 1:colcon.colcon_core.package_identification:_identify(/home/tutu/mr_ws_ros2/src/cart_launch) by extension 'ignore'
[0.349s] Level 1:colcon.colcon_core.package_identification:_identify(/home/tutu/mr_ws_ros2/src/cart_launch) by extension 'ignore_ament_install'
[0.349s] Level 1:colcon.colcon_core.package_identification:_identify(/home/tutu/mr_ws_ros2/src/cart_launch) by extensions ['colcon_pkg']
[0.349s] Level 1:colcon.colcon_core.package_identification:_identify(/home/tutu/mr_ws_ros2/src/cart_launch) by extension 'colcon_pkg'
[0.349s] Level 1:colcon.colcon_core.package_identification:_identify(/home/tutu/mr_ws_ros2/src/cart_launch) by extensions ['colcon_meta']
[0.350s] Level 1:colcon.colcon_core.package_identification:_identify(/home/tutu/mr_ws_ros2/src/cart_launch) by extension 'colcon_meta'
[0.350s] Level 1:colcon.colcon_core.package_identification:_identify(/home/tutu/mr_ws_ros2/src/cart_launch) by extensions ['ros']
[0.350s] Level 1:colcon.colcon_core.package_identification:_identify(/home/tutu/mr_ws_ros2/src/cart_launch) by extension 'ros'
[0.352s] DEBUG:colcon.colcon_core.package_identification:Package '/home/tutu/mr_ws_ros2/src/cart_launch' with type 'ros.ament_cmake' and name 'cart_launch'
[0.352s] Level 1:colcon.colcon_core.package_identification:_identify(/home/tutu/mr_ws_ros2/src/simple_controller) by extensions ['ignore', 'ignore_ament_install']
[0.352s] Level 1:colcon.colcon_core.package_identification:_identify(/home/tutu/mr_ws_ros2/src/simple_controller) by extension 'ignore'
[0.352s] Level 1:colcon.colcon_core.package_identification:_identify(/home/tutu/mr_ws_ros2/src/simple_controller) by extension 'ignore_ament_install'
[0.352s] Level 1:colcon.colcon_core.package_identification:_identify(/home/tutu/mr_ws_ros2/src/simple_controller) by extensions ['colcon_pkg']
[0.352s] Level 1:colcon.colcon_core.package_identification:_identify(/home/tutu/mr_ws_ros2/src/simple_controller) by extension 'colcon_pkg'
[0.352s] Level 1:colcon.colcon_core.package_identification:_identify(/home/tutu/mr_ws_ros2/src/simple_controller) by extensions ['colcon_meta']
[0.352s] Level 1:colcon.colcon_core.package_identification:_identify(/home/tutu/mr_ws_ros2/src/simple_controller) by extension 'colcon_meta'
[0.352s] Level 1:colcon.colcon_core.package_identification:_identify(/home/tutu/mr_ws_ros2/src/simple_controller) by extensions ['ros']
[0.352s] Level 1:colcon.colcon_core.package_identification:_identify(/home/tutu/mr_ws_ros2/src/simple_controller) by extension 'ros'
[0.353s] DEBUG:colcon.colcon_core.package_identification:Package '/home/tutu/mr_ws_ros2/src/simple_controller' with type 'ros.ament_cmake' and name 'simple_controller'
[0.353s] Level 1:colcon.colcon_core.package_identification:_identify(/home/tutu/mr_ws_ros2/src/simple_planner) by extensions ['ignore', 'ignore_ament_install']
[0.353s] Level 1:colcon.colcon_core.package_identification:_identify(/home/tutu/mr_ws_ros2/src/simple_planner) by extension 'ignore'
[0.353s] Level 1:colcon.colcon_core.package_identification:_identify(/home/tutu/mr_ws_ros2/src/simple_planner) by extension 'ignore_ament_install'
[0.353s] Level 1:colcon.colcon_core.package_identification:_identify(/home/tutu/mr_ws_ros2/src/simple_planner) by extensions ['colcon_pkg']
[0.353s] Level 1:colcon.colcon_core.package_identification:_identify(/home/tutu/mr_ws_ros2/src/simple_planner) by extension 'colcon_pkg'
[0.353s] Level 1:colcon.colcon_core.package_identification:_identify(/home/tutu/mr_ws_ros2/src/simple_planner) by extensions ['colcon_meta']
[0.353s] Level 1:colcon.colcon_core.package_identification:_identify(/home/tutu/mr_ws_ros2/src/simple_planner) by extension 'colcon_meta'
[0.353s] Level 1:colcon.colcon_core.package_identification:_identify(/home/tutu/mr_ws_ros2/src/simple_planner) by extensions ['ros']
[0.353s] Level 1:colcon.colcon_core.package_identification:_identify(/home/tutu/mr_ws_ros2/src/simple_planner) by extension 'ros'
[0.354s] DEBUG:colcon.colcon_core.package_identification:Package '/home/tutu/mr_ws_ros2/src/simple_planner' with type 'ros.ament_cmake' and name 'simple_planner'
[0.355s] Level 1:colcon.colcon_core.package_identification:_identify(/home/tutu/mr_ws_ros2/src/stage_controller) by extensions ['ignore', 'ignore_ament_install']
[0.355s] Level 1:colcon.colcon_core.package_identification:_identify(/home/tutu/mr_ws_ros2/src/stage_controller) by extension 'ignore'
[0.355s] Level 1:colcon.colcon_core.package_identification:_identify(/home/tutu/mr_ws_ros2/src/stage_controller) by extension 'ignore_ament_install'
[0.355s] Level 1:colcon.colcon_core.package_identification:_identify(/home/tutu/mr_ws_ros2/src/stage_controller) by extensions ['colcon_pkg']
[0.355s] Level 1:colcon.colcon_core.package_identification:_identify(/home/tutu/mr_ws_ros2/src/stage_controller) by extension 'colcon_pkg'
[0.355s] Level 1:colcon.colcon_core.package_identification:_identify(/home/tutu/mr_ws_ros2/src/stage_controller) by extensions ['colcon_meta']
[0.355s] Level 1:colcon.colcon_core.package_identification:_identify(/home/tutu/mr_ws_ros2/src/stage_controller) by extension 'colcon_meta'
[0.355s] Level 1:colcon.colcon_core.package_identification:_identify(/home/tutu/mr_ws_ros2/src/stage_controller) by extensions ['ros']
[0.355s] Level 1:colcon.colcon_core.package_identification:_identify(/home/tutu/mr_ws_ros2/src/stage_controller) by extension 'ros'
[0.356s] DEBUG:colcon.colcon_core.package_identification:Package '/home/tutu/mr_ws_ros2/src/stage_controller' with type 'ros.ament_cmake' and name 'stage_controller'
[0.356s] Level 1:colcon.colcon_core.package_identification:_identify(/home/tutu/mr_ws_ros2/src/stage_ros2) by extensions ['ignore', 'ignore_ament_install']
[0.356s] Level 1:colcon.colcon_core.package_identification:_identify(/home/tutu/mr_ws_ros2/src/stage_ros2) by extension 'ignore'
[0.356s] Level 1:colcon.colcon_core.package_identification:_identify(/home/tutu/mr_ws_ros2/src/stage_ros2) by extension 'ignore_ament_install'
[0.356s] Level 1:colcon.colcon_core.package_identification:_identify(/home/tutu/mr_ws_ros2/src/stage_ros2) by extensions ['colcon_pkg']
[0.356s] Level 1:colcon.colcon_core.package_identification:_identify(/home/tutu/mr_ws_ros2/src/stage_ros2) by extension 'colcon_pkg'
[0.356s] Level 1:colcon.colcon_core.package_identification:_identify(/home/tutu/mr_ws_ros2/src/stage_ros2) by extensions ['colcon_meta']
[0.356s] Level 1:colcon.colcon_core.package_identification:_identify(/home/tutu/mr_ws_ros2/src/stage_ros2) by extension 'colcon_meta'
[0.356s] Level 1:colcon.colcon_core.package_identification:_identify(/home/tutu/mr_ws_ros2/src/stage_ros2) by extensions ['ros']
[0.356s] Level 1:colcon.colcon_core.package_identification:_identify(/home/tutu/mr_ws_ros2/src/stage_ros2) by extension 'ros'
[0.357s] DEBUG:colcon.colcon_core.package_identification:Package '/home/tutu/mr_ws_ros2/src/stage_ros2' with type 'ros.ament_cmake' and name 'stage_ros2'
[0.358s] Level 1:colcon.colcon_core.package_discovery:discover_packages(recursive) using defaults
[0.373s] Level 1:colcon.colcon_core.package_discovery:discover_packages(prefix_path) check parameters
[0.373s] Level 1:colcon.colcon_core.package_discovery:discover_packages(prefix_path) discover
[0.376s] DEBUG:colcon.colcon_installed_package_information.package_discovery:Found 6 installed packages in /home/tutu/mr_ws_ros2/install
[0.377s] DEBUG:colcon.colcon_installed_package_information.package_discovery:Found 260 installed packages in /opt/ros/foxy
[0.378s] Level 1:colcon.colcon_core.package_discovery:discover_packages(prefix_path) using defaults
[0.443s] Level 5:colcon.colcon_core.verb:set package 'Stage' build argument 'cmake_args' from command line to '['-DCMAKE_BUILD_TYPE=RelWithDebInfo']'
[0.443s] Level 5:colcon.colcon_core.verb:set package 'Stage' build argument 'cmake_target' from command line to 'None'
[0.443s] Level 5:colcon.colcon_core.verb:set package 'Stage' build argument 'cmake_target_skip_unavailable' from command line to 'False'
[0.443s] Level 5:colcon.colcon_core.verb:set package 'Stage' build argument 'cmake_clean_cache' from command line to 'False'
[0.443s] Level 5:colcon.colcon_core.verb:set package 'Stage' build argument 'cmake_clean_first' from command line to 'False'
[0.443s] Level 5:colcon.colcon_core.verb:set package 'Stage' build argument 'cmake_force_configure' from command line to 'False'
[0.443s] Level 5:colcon.colcon_core.verb:set package 'Stage' build argument 'ament_cmake_args' from command line to 'None'
[0.443s] Level 5:colcon.colcon_core.verb:set package 'Stage' build argument 'catkin_cmake_args' from command line to 'None'
[0.443s] Level 5:colcon.colcon_core.verb:set package 'Stage' build argument 'catkin_skip_building_tests' from command line to 'False'
[0.443s] DEBUG:colcon.colcon_core.verb:Building package 'Stage' with the following arguments: {'ament_cmake_args': None, 'build_base': '/home/tutu/mr_ws_ros2/build/Stage', 'catkin_cmake_args': None, 'catkin_skip_building_tests': False, 'cmake_args': ['-DCMAKE_BUILD_TYPE=RelWithDebInfo'], 'cmake_clean_cache': False, 'cmake_clean_first': False, 'cmake_force_configure': False, 'cmake_target': None, 'cmake_target_skip_unavailable': False, 'install_base': '/home/tutu/mr_ws_ros2/install/Stage', 'merge_install': False, 'path': '/home/tutu/mr_ws_ros2/src/Stage', 'symlink_install': True, 'test_result_base': None}
[0.443s] Level 5:colcon.colcon_core.verb:set package 'cart_launch' build argument 'cmake_args' from command line to '['-DCMAKE_BUILD_TYPE=RelWithDebInfo']'
[0.444s] Level 5:colcon.colcon_core.verb:set package 'cart_launch' build argument 'cmake_target' from command line to 'None'
[0.444s] Level 5:colcon.colcon_core.verb:set package 'cart_launch' build argument 'cmake_target_skip_unavailable' from command line to 'False'
[0.444s] Level 5:colcon.colcon_core.verb:set package 'cart_launch' build argument 'cmake_clean_cache' from command line to 'False'
[0.444s] Level 5:colcon.colcon_core.verb:set package 'cart_launch' build argument 'cmake_clean_first' from command line to 'False'
[0.444s] Level 5:colcon.colcon_core.verb:set package 'cart_launch' build argument 'cmake_force_configure' from command line to 'False'
[0.444s] Level 5:colcon.colcon_core.verb:set package 'cart_launch' build argument 'ament_cmake_args' from command line to 'None'
[0.444s] Level 5:colcon.colcon_core.verb:set package 'cart_launch' build argument 'catkin_cmake_args' from command line to 'None'
[0.444s] Level 5:colcon.colcon_core.verb:set package 'cart_launch' build argument 'catkin_skip_building_tests' from command line to 'False'
[0.444s] DEBUG:colcon.colcon_core.verb:Building package 'cart_launch' with the following arguments: {'ament_cmake_args': None, 'build_base': '/home/tutu/mr_ws_ros2/build/cart_launch', 'catkin_cmake_args': None, 'catkin_skip_building_tests': False, 'cmake_args': ['-DCMAKE_BUILD_TYPE=RelWithDebInfo'], 'cmake_clean_cache': False, 'cmake_clean_first': False, 'cmake_force_configure': False, 'cmake_target': None, 'cmake_target_skip_unavailable': False, 'install_base': '/home/tutu/mr_ws_ros2/install/cart_launch', 'merge_install': False, 'path': '/home/tutu/mr_ws_ros2/src/cart_launch', 'symlink_install': True, 'test_result_base': None}
[0.444s] Level 5:colcon.colcon_core.verb:set package 'simple_controller' build argument 'cmake_args' from command line to '['-DCMAKE_BUILD_TYPE=RelWithDebInfo']'
[0.444s] Level 5:colcon.colcon_core.verb:set package 'simple_controller' build argument 'cmake_target' from command line to 'None'
[0.444s] Level 5:colcon.colcon_core.verb:set package 'simple_controller' build argument 'cmake_target_skip_unavailable' from command line to 'False'
[0.444s] Level 5:colcon.colcon_core.verb:set package 'simple_controller' build argument 'cmake_clean_cache' from command line to 'False'
[0.444s] Level 5:colcon.colcon_core.verb:set package 'simple_controller' build argument 'cmake_clean_first' from command line to 'False'
[0.444s] Level 5:colcon.colcon_core.verb:set package 'simple_controller' build argument 'cmake_force_configure' from command line to 'False'
[0.444s] Level 5:colcon.colcon_core.verb:set package 'simple_controller' build argument 'ament_cmake_args' from command line to 'None'
[0.444s] Level 5:colcon.colcon_core.verb:set package 'simple_controller' build argument 'catkin_cmake_args' from command line to 'None'
[0.444s] Level 5:colcon.colcon_core.verb:set package 'simple_controller' build argument 'catkin_skip_building_tests' from command line to 'False'
[0.444s] DEBUG:colcon.colcon_core.verb:Building package 'simple_controller' with the following arguments: {'ament_cmake_args': None, 'build_base': '/home/tutu/mr_ws_ros2/build/simple_controller', 'catkin_cmake_args': None, 'catkin_skip_building_tests': False, 'cmake_args': ['-DCMAKE_BUILD_TYPE=RelWithDebInfo'], 'cmake_clean_cache': False, 'cmake_clean_first': False, 'cmake_force_configure': False, 'cmake_target': None, 'cmake_target_skip_unavailable': False, 'install_base': '/home/tutu/mr_ws_ros2/install/simple_controller', 'merge_install': False, 'path': '/home/tutu/mr_ws_ros2/src/simple_controller', 'symlink_install': True, 'test_result_base': None}
[0.445s] Level 5:colcon.colcon_core.verb:set package 'simple_planner' build argument 'cmake_args' from command line to '['-DCMAKE_BUILD_TYPE=RelWithDebInfo']'
[0.445s] Level 5:colcon.colcon_core.verb:set package 'simple_planner' build argument 'cmake_target' from command line to 'None'
[0.445s] Level 5:colcon.colcon_core.verb:set package 'simple_planner' build argument 'cmake_target_skip_unavailable' from command line to 'False'
[0.445s] Level 5:colcon.colcon_core.verb:set package 'simple_planner' build argument 'cmake_clean_cache' from command line to 'False'
[0.445s] Level 5:colcon.colcon_core.verb:set package 'simple_planner' build argument 'cmake_clean_first' from command line to 'False'
[0.445s] Level 5:colcon.colcon_core.verb:set package 'simple_planner' build argument 'cmake_force_configure' from command line to 'False'
[0.445s] Level 5:colcon.colcon_core.verb:set package 'simple_planner' build argument 'ament_cmake_args' from command line to 'None'
[0.445s] Level 5:colcon.colcon_core.verb:set package 'simple_planner' build argument 'catkin_cmake_args' from command line to 'None'
[0.445s] Level 5:colcon.colcon_core.verb:set package 'simple_planner' build argument 'catkin_skip_building_tests' from command line to 'False'
[0.445s] DEBUG:colcon.colcon_core.verb:Building package 'simple_planner' with the following arguments: {'ament_cmake_args': None, 'build_base': '/home/tutu/mr_ws_ros2/build/simple_planner', 'catkin_cmake_args': None, 'catkin_skip_building_tests': False, 'cmake_args': ['-DCMAKE_BUILD_TYPE=RelWithDebInfo'], 'cmake_clean_cache': False, 'cmake_clean_first': False, 'cmake_force_configure': False, 'cmake_target': None, 'cmake_target_skip_unavailable': False, 'install_base': '/home/tutu/mr_ws_ros2/install/simple_planner', 'merge_install': False, 'path': '/home/tutu/mr_ws_ros2/src/simple_planner', 'symlink_install': True, 'test_result_base': None}
[0.445s] Level 5:colcon.colcon_core.verb:set package 'stage_controller' build argument 'cmake_args' from command line to '['-DCMAKE_BUILD_TYPE=RelWithDebInfo']'
[0.445s] Level 5:colcon.colcon_core.verb:set package 'stage_controller' build argument 'cmake_target' from command line to 'None'
[0.445s] Level 5:colcon.colcon_core.verb:set package 'stage_controller' build argument 'cmake_target_skip_unavailable' from command line to 'False'
[0.445s] Level 5:colcon.colcon_core.verb:set package 'stage_controller' build argument 'cmake_clean_cache' from command line to 'False'
[0.445s] Level 5:colcon.colcon_core.verb:set package 'stage_controller' build argument 'cmake_clean_first' from command line to 'False'
[0.445s] Level 5:colcon.colcon_core.verb:set package 'stage_controller' build argument 'cmake_force_configure' from command line to 'False'
[0.445s] Level 5:colcon.colcon_core.verb:set package 'stage_controller' build argument 'ament_cmake_args' from command line to 'None'
[0.445s] Level 5:colcon.colcon_core.verb:set package 'stage_controller' build argument 'catkin_cmake_args' from command line to 'None'
[0.445s] Level 5:colcon.colcon_core.verb:set package 'stage_controller' build argument 'catkin_skip_building_tests' from command line to 'False'
[0.445s] DEBUG:colcon.colcon_core.verb:Building package 'stage_controller' with the following arguments: {'ament_cmake_args': None, 'build_base': '/home/tutu/mr_ws_ros2/build/stage_controller', 'catkin_cmake_args': None, 'catkin_skip_building_tests': False, 'cmake_args': ['-DCMAKE_BUILD_TYPE=RelWithDebInfo'], 'cmake_clean_cache': False, 'cmake_clean_first': False, 'cmake_force_configure': False, 'cmake_target': None, 'cmake_target_skip_unavailable': False, 'install_base': '/home/tutu/mr_ws_ros2/install/stage_controller', 'merge_install': False, 'path': '/home/tutu/mr_ws_ros2/src/stage_controller', 'symlink_install': True, 'test_result_base': None}
[0.446s] Level 5:colcon.colcon_core.verb:set package 'stage_ros2' build argument 'cmake_args' from command line to '['-DCMAKE_BUILD_TYPE=RelWithDebInfo']'
[0.446s] Level 5:colcon.colcon_core.verb:set package 'stage_ros2' build argument 'cmake_target' from command line to 'None'
[0.446s] Level 5:colcon.colcon_core.verb:set package 'stage_ros2' build argument 'cmake_target_skip_unavailable' from command line to 'False'
[0.446s] Level 5:colcon.colcon_core.verb:set package 'stage_ros2' build argument 'cmake_clean_cache' from command line to 'False'
[0.446s] Level 5:colcon.colcon_core.verb:set package 'stage_ros2' build argument 'cmake_clean_first' from command line to 'False'
[0.446s] Level 5:colcon.colcon_core.verb:set package 'stage_ros2' build argument 'cmake_force_configure' from command line to 'False'
[0.446s] Level 5:colcon.colcon_core.verb:set package 'stage_ros2' build argument 'ament_cmake_args' from command line to 'None'
[0.446s] Level 5:colcon.colcon_core.verb:set package 'stage_ros2' build argument 'catkin_cmake_args' from command line to 'None'
[0.446s] Level 5:colcon.colcon_core.verb:set package 'stage_ros2' build argument 'catkin_skip_building_tests' from command line to 'False'
[0.446s] DEBUG:colcon.colcon_core.verb:Building package 'stage_ros2' with the following arguments: {'ament_cmake_args': None, 'build_base': '/home/tutu/mr_ws_ros2/build/stage_ros2', 'catkin_cmake_args': None, 'catkin_skip_building_tests': False, 'cmake_args': ['-DCMAKE_BUILD_TYPE=RelWithDebInfo'], 'cmake_clean_cache': False, 'cmake_clean_first': False, 'cmake_force_configure': False, 'cmake_target': None, 'cmake_target_skip_unavailable': False, 'install_base': '/home/tutu/mr_ws_ros2/install/stage_ros2', 'merge_install': False, 'path': '/home/tutu/mr_ws_ros2/src/stage_ros2', 'symlink_install': True, 'test_result_base': None}
[0.446s] INFO:colcon.colcon_core.executor:Executing jobs using 'parallel' executor
[0.447s] DEBUG:colcon.colcon_parallel_executor.executor.parallel:run_until_complete
[0.447s] INFO:colcon.colcon_cmake.task.cmake.build:Building CMake package in '/home/tutu/mr_ws_ros2/src/Stage'
[0.449s] INFO:colcon.colcon_core.plugin_system:Skipping extension 'colcon_core.shell.bat': Not used on non-Windows systems
[0.449s] INFO:colcon.colcon_core.shell:Skip shell extension 'powershell' for command environment: Not usable outside of PowerShell
[0.449s] DEBUG:colcon.colcon_core.shell:Skip shell extension 'dsv' for command environment
[0.453s] INFO:colcon.colcon_ros.task.ament_cmake.build:Building ROS package in '/home/tutu/mr_ws_ros2/src/cart_launch' with build type 'ament_cmake'
[0.454s] INFO:colcon.colcon_cmake.task.cmake.build:Building CMake package in '/home/tutu/mr_ws_ros2/src/cart_launch'
[0.454s] INFO:colcon.colcon_core.shell:Skip shell extension 'powershell' for command environment: Not usable outside of PowerShell
[0.455s] DEBUG:colcon.colcon_core.shell:Skip shell extension 'dsv' for command environment
[0.461s] INFO:colcon.colcon_ros.task.ament_cmake.build:Building ROS package in '/home/tutu/mr_ws_ros2/src/simple_controller' with build type 'ament_cmake'
[0.462s] INFO:colcon.colcon_cmake.task.cmake.build:Building CMake package in '/home/tutu/mr_ws_ros2/src/simple_controller'
[0.462s] INFO:colcon.colcon_core.shell:Skip shell extension 'powershell' for command environment: Not usable outside of PowerShell
[0.462s] DEBUG:colcon.colcon_core.shell:Skip shell extension 'dsv' for command environment
[0.467s] INFO:colcon.colcon_ros.task.ament_cmake.build:Building ROS package in '/home/tutu/mr_ws_ros2/src/simple_planner' with build type 'ament_cmake'
[0.467s] INFO:colcon.colcon_cmake.task.cmake.build:Building CMake package in '/home/tutu/mr_ws_ros2/src/simple_planner'
[0.468s] INFO:colcon.colcon_core.shell:Skip shell extension 'powershell' for command environment: Not usable outside of PowerShell
[0.468s] DEBUG:colcon.colcon_core.shell:Skip shell extension 'dsv' for command environment
[0.473s] INFO:colcon.colcon_ros.task.ament_cmake.build:Building ROS package in '/home/tutu/mr_ws_ros2/src/stage_controller' with build type 'ament_cmake'
[0.473s] INFO:colcon.colcon_cmake.task.cmake.build:Building CMake package in '/home/tutu/mr_ws_ros2/src/stage_controller'
[0.474s] INFO:colcon.colcon_core.shell:Skip shell extension 'powershell' for command environment: Not usable outside of PowerShell
[0.474s] DEBUG:colcon.colcon_core.shell:Skip shell extension 'dsv' for command environment
[0.489s] DEBUG:colcon.colcon_core.event_handler.log_command:Invoking command in '/home/tutu/mr_ws_ros2/build/Stage': /usr/bin/cmake --build /home/tutu/mr_ws_ros2/build/Stage -- -j8 -l8
[0.496s] DEBUG:colcon.colcon_core.event_handler.log_command:Invoking command in '/home/tutu/mr_ws_ros2/build/cart_launch': CMAKE_PREFIX_PATH=${CMAKE_PREFIX_PATH}:/opt/ros/foxy /usr/bin/cmake --build /home/tutu/mr_ws_ros2/build/cart_launch -- -j8 -l8
[0.502s] DEBUG:colcon.colcon_core.event_handler.log_command:Invoking command in '/home/tutu/mr_ws_ros2/build/simple_controller': CMAKE_PREFIX_PATH=${CMAKE_PREFIX_PATH}:/opt/ros/foxy /usr/bin/cmake --build /home/tutu/mr_ws_ros2/build/simple_controller -- -j8 -l8
[0.510s] DEBUG:colcon.colcon_core.event_handler.log_command:Invoking command in '/home/tutu/mr_ws_ros2/build/simple_planner': CMAKE_PREFIX_PATH=${CMAKE_PREFIX_PATH}:/opt/ros/foxy /usr/bin/cmake --build /home/tutu/mr_ws_ros2/build/simple_planner -- -j8 -l8
[0.518s] DEBUG:colcon.colcon_core.event_handler.log_command:Invoking command in '/home/tutu/mr_ws_ros2/build/stage_controller': CMAKE_PREFIX_PATH=${CMAKE_PREFIX_PATH}:/opt/ros/foxy /usr/bin/cmake --build /home/tutu/mr_ws_ros2/build/stage_controller -- -j8 -l8
[0.547s] DEBUG:colcon.colcon_core.event_handler.log_command:Invoked command in '/home/tutu/mr_ws_ros2/build/cart_launch' returned '0': CMAKE_PREFIX_PATH=${CMAKE_PREFIX_PATH}:/opt/ros/foxy /usr/bin/cmake --build /home/tutu/mr_ws_ros2/build/cart_launch -- -j8 -l8
[0.607s] DEBUG:colcon.colcon_core.event_handler.log_command:Invoking command in '/home/tutu/mr_ws_ros2/build/cart_launch': CMAKE_PREFIX_PATH=${CMAKE_PREFIX_PATH}:/opt/ros/foxy /usr/bin/cmake --install /home/tutu/mr_ws_ros2/build/cart_launch
[0.615s] DEBUG:colcon.colcon_core.event_handler.log_command:Invoked command in '/home/tutu/mr_ws_ros2/build/simple_controller' returned '0': CMAKE_PREFIX_PATH=${CMAKE_PREFIX_PATH}:/opt/ros/foxy /usr/bin/cmake --build /home/tutu/mr_ws_ros2/build/simple_controller -- -j8 -l8
[0.650s] DEBUG:colcon.colcon_core.event_handler.log_command:Invoked command in '/home/tutu/mr_ws_ros2/build/stage_controller' returned '0': CMAKE_PREFIX_PATH=${CMAKE_PREFIX_PATH}:/opt/ros/foxy /usr/bin/cmake --build /home/tutu/mr_ws_ros2/build/stage_controller -- -j8 -l8
[0.670s] Level 1:colcon.colcon_core.environment:create_environment_scripts_only(cart_launch)
[0.671s] DEBUG:colcon.colcon_core.event_handler.log_command:Invoked command in '/home/tutu/mr_ws_ros2/build/cart_launch' returned '0': CMAKE_PREFIX_PATH=${CMAKE_PREFIX_PATH}:/opt/ros/foxy /usr/bin/cmake --install /home/tutu/mr_ws_ros2/build/cart_launch
[0.681s] Level 1:colcon.colcon_core.environment:checking '/home/tutu/mr_ws_ros2/install/cart_launch' for CMake module files
[0.682s] Level 1:colcon.colcon_core.environment:checking '/home/tutu/mr_ws_ros2/install/cart_launch' for CMake config files
[0.682s] Level 1:colcon.colcon_core.shell:create_environment_hook('cart_launch', 'cmake_prefix_path')
[0.683s] INFO:colcon.colcon_core.shell:Creating environment hook '/home/tutu/mr_ws_ros2/install/cart_launch/share/cart_launch/hook/cmake_prefix_path.ps1'
[0.684s] INFO:colcon.colcon_core.shell:Creating environment descriptor '/home/tutu/mr_ws_ros2/install/cart_launch/share/cart_launch/hook/cmake_prefix_path.dsv'
[0.685s] INFO:colcon.colcon_core.shell:Creating environment hook '/home/tutu/mr_ws_ros2/install/cart_launch/share/cart_launch/hook/cmake_prefix_path.sh'
[0.686s] Level 1:colcon.colcon_core.environment:checking '/home/tutu/mr_ws_ros2/install/cart_launch/bin'
[0.687s] Level 1:colcon.colcon_core.environment:checking '/home/tutu/mr_ws_ros2/install/cart_launch/lib/pkgconfig/cart_launch.pc'
[0.687s] Level 1:colcon.colcon_core.environment:checking '/home/tutu/mr_ws_ros2/install/cart_launch/lib/python3.8/site-packages'
[0.687s] Level 1:colcon.colcon_core.environment:checking '/home/tutu/mr_ws_ros2/install/cart_launch/bin'
[0.688s] INFO:colcon.colcon_core.shell:Creating package script '/home/tutu/mr_ws_ros2/install/cart_launch/share/cart_launch/package.ps1'
[0.689s] INFO:colcon.colcon_core.shell:Creating package descriptor '/home/tutu/mr_ws_ros2/install/cart_launch/share/cart_launch/package.dsv'
[0.690s] INFO:colcon.colcon_core.shell:Creating package script '/home/tutu/mr_ws_ros2/install/cart_launch/share/cart_launch/package.sh'
[0.693s] INFO:colcon.colcon_core.shell:Creating package script '/home/tutu/mr_ws_ros2/install/cart_launch/share/cart_launch/package.bash'
[0.695s] INFO:colcon.colcon_core.shell:Creating package script '/home/tutu/mr_ws_ros2/install/cart_launch/share/cart_launch/package.zsh'
[0.696s] Level 1:colcon.colcon_core.environment:create_file_with_runtime_dependencies(/home/tutu/mr_ws_ros2/install/cart_launch/share/colcon-core/packages/cart_launch)
[0.704s] DEBUG:colcon.colcon_core.event_handler.log_command:Invoking command in '/home/tutu/mr_ws_ros2/build/stage_controller': CMAKE_PREFIX_PATH=${CMAKE_PREFIX_PATH}:/opt/ros/foxy /usr/bin/cmake --install /home/tutu/mr_ws_ros2/build/stage_controller
[0.713s] DEBUG:colcon.colcon_core.event_handler.log_command:Invoking command in '/home/tutu/mr_ws_ros2/build/simple_controller': CMAKE_PREFIX_PATH=${CMAKE_PREFIX_PATH}:/opt/ros/foxy /usr/bin/cmake --install /home/tutu/mr_ws_ros2/build/simple_controller
[0.730s] DEBUG:colcon.colcon_core.event_handler.log_command:Invoked command in '/home/tutu/mr_ws_ros2/build/Stage' returned '0': /usr/bin/cmake --build /home/tutu/mr_ws_ros2/build/Stage -- -j8 -l8
[0.733s] Level 1:colcon.colcon_core.environment:create_environment_scripts_only(cart_launch)
[0.733s] Level 1:colcon.colcon_core.environment:checking '/home/tutu/mr_ws_ros2/install/cart_launch' for CMake module files
[0.734s] Level 1:colcon.colcon_core.environment:checking '/home/tutu/mr_ws_ros2/install/cart_launch' for CMake config files
[0.734s] Level 1:colcon.colcon_core.shell:create_environment_hook('cart_launch', 'cmake_prefix_path')
[0.735s] INFO:colcon.colcon_core.shell:Creating environment hook '/home/tutu/mr_ws_ros2/install/cart_launch/share/cart_launch/hook/cmake_prefix_path.ps1'
[0.736s] INFO:colcon.colcon_core.shell:Creating environment descriptor '/home/tutu/mr_ws_ros2/install/cart_launch/share/cart_launch/hook/cmake_prefix_path.dsv'
[0.738s] INFO:colcon.colcon_core.shell:Creating environment hook '/home/tutu/mr_ws_ros2/install/cart_launch/share/cart_launch/hook/cmake_prefix_path.sh'
[0.740s] Level 1:colcon.colcon_core.environment:checking '/home/tutu/mr_ws_ros2/install/cart_launch/bin'
[0.740s] Level 1:colcon.colcon_core.environment:checking '/home/tutu/mr_ws_ros2/install/cart_launch/lib/pkgconfig/cart_launch.pc'
[0.741s] Level 1:colcon.colcon_core.environment:checking '/home/tutu/mr_ws_ros2/install/cart_launch/lib/python3.8/site-packages'
[0.743s] Level 1:colcon.colcon_core.environment:checking '/home/tutu/mr_ws_ros2/install/cart_launch/bin'
[0.743s] INFO:colcon.colcon_core.shell:Creating package script '/home/tutu/mr_ws_ros2/install/cart_launch/share/cart_launch/package.ps1'
[0.749s] INFO:colcon.colcon_core.shell:Creating package descriptor '/home/tutu/mr_ws_ros2/install/cart_launch/share/cart_launch/package.dsv'
[0.750s] INFO:colcon.colcon_core.shell:Creating package script '/home/tutu/mr_ws_ros2/install/cart_launch/share/cart_launch/package.sh'
[0.751s] INFO:colcon.colcon_core.shell:Creating package script '/home/tutu/mr_ws_ros2/install/cart_launch/share/cart_launch/package.bash'
[0.751s] INFO:colcon.colcon_core.shell:Creating package script '/home/tutu/mr_ws_ros2/install/cart_launch/share/cart_launch/package.zsh'
[0.752s] Level 1:colcon.colcon_core.environment:create_file_with_runtime_dependencies(/home/tutu/mr_ws_ros2/install/cart_launch/share/colcon-core/packages/cart_launch)
[0.754s] Level 1:colcon.colcon_core.environment:create_environment_scripts_only(stage_controller)
[0.754s] Level 1:colcon.colcon_core.environment:checking '/home/tutu/mr_ws_ros2/install/stage_controller' for CMake module files
[0.755s] DEBUG:colcon.colcon_core.event_handler.log_command:Invoked command in '/home/tutu/mr_ws_ros2/build/stage_controller' returned '0': CMAKE_PREFIX_PATH=${CMAKE_PREFIX_PATH}:/opt/ros/foxy /usr/bin/cmake --install /home/tutu/mr_ws_ros2/build/stage_controller
[0.756s] Level 1:colcon.colcon_core.environment:checking '/home/tutu/mr_ws_ros2/install/stage_controller' for CMake config files
[0.757s] Level 1:colcon.colcon_core.shell:create_environment_hook('stage_controller', 'cmake_prefix_path')
[0.757s] INFO:colcon.colcon_core.shell:Creating environment hook '/home/tutu/mr_ws_ros2/install/stage_controller/share/stage_controller/hook/cmake_prefix_path.ps1'
[0.759s] INFO:colcon.colcon_core.shell:Creating environment descriptor '/home/tutu/mr_ws_ros2/install/stage_controller/share/stage_controller/hook/cmake_prefix_path.dsv'
[0.759s] INFO:colcon.colcon_core.shell:Creating environment hook '/home/tutu/mr_ws_ros2/install/stage_controller/share/stage_controller/hook/cmake_prefix_path.sh'
[0.761s] Level 1:colcon.colcon_core.environment:checking '/home/tutu/mr_ws_ros2/install/stage_controller/lib'
[0.761s] Level 1:colcon.colcon_core.environment:checking '/home/tutu/mr_ws_ros2/install/stage_controller/bin'
[0.761s] Level 1:colcon.colcon_core.environment:checking '/home/tutu/mr_ws_ros2/install/stage_controller/lib/pkgconfig/stage_controller.pc'
[0.761s] Level 1:colcon.colcon_core.environment:checking '/home/tutu/mr_ws_ros2/install/stage_controller/lib/python3.8/site-packages'
[0.762s] Level 1:colcon.colcon_core.environment:checking '/home/tutu/mr_ws_ros2/install/stage_controller/bin'
[0.762s] INFO:colcon.colcon_core.shell:Creating package script '/home/tutu/mr_ws_ros2/install/stage_controller/share/stage_controller/package.ps1'
[0.763s] INFO:colcon.colcon_core.shell:Creating package descriptor '/home/tutu/mr_ws_ros2/install/stage_controller/share/stage_controller/package.dsv'
[0.764s] INFO:colcon.colcon_core.shell:Creating package script '/home/tutu/mr_ws_ros2/install/stage_controller/share/stage_controller/package.sh'
[0.764s] INFO:colcon.colcon_core.shell:Creating package script '/home/tutu/mr_ws_ros2/install/stage_controller/share/stage_controller/package.bash'
[0.765s] INFO:colcon.colcon_core.shell:Creating package script '/home/tutu/mr_ws_ros2/install/stage_controller/share/stage_controller/package.zsh'
[0.765s] Level 1:colcon.colcon_core.environment:create_file_with_runtime_dependencies(/home/tutu/mr_ws_ros2/install/stage_controller/share/colcon-core/packages/stage_controller)
[0.769s] Level 1:colcon.colcon_core.environment:create_environment_scripts_only(simple_controller)
[0.770s] Level 1:colcon.colcon_core.environment:checking '/home/tutu/mr_ws_ros2/install/simple_controller' for CMake module files
[0.771s] DEBUG:colcon.colcon_core.event_handler.log_command:Invoked command in '/home/tutu/mr_ws_ros2/build/simple_controller' returned '0': CMAKE_PREFIX_PATH=${CMAKE_PREFIX_PATH}:/opt/ros/foxy /usr/bin/cmake --install /home/tutu/mr_ws_ros2/build/simple_controller
[0.771s] Level 1:colcon.colcon_core.environment:checking '/home/tutu/mr_ws_ros2/install/simple_controller' for CMake config files
[0.772s] Level 1:colcon.colcon_core.shell:create_environment_hook('simple_controller', 'cmake_prefix_path')
[0.772s] INFO:colcon.colcon_core.shell:Creating environment hook '/home/tutu/mr_ws_ros2/install/simple_controller/share/simple_controller/hook/cmake_prefix_path.ps1'
[0.773s] INFO:colcon.colcon_core.shell:Creating environment descriptor '/home/tutu/mr_ws_ros2/install/simple_controller/share/simple_controller/hook/cmake_prefix_path.dsv'
[0.774s] INFO:colcon.colcon_core.shell:Creating environment hook '/home/tutu/mr_ws_ros2/install/simple_controller/share/simple_controller/hook/cmake_prefix_path.sh'
[0.775s] Level 1:colcon.colcon_core.environment:checking '/home/tutu/mr_ws_ros2/install/simple_controller/lib'
[0.775s] Level 1:colcon.colcon_core.environment:checking '/home/tutu/mr_ws_ros2/install/simple_controller/bin'
[0.775s] Level 1:colcon.colcon_core.environment:checking '/home/tutu/mr_ws_ros2/install/simple_controller/lib/pkgconfig/simple_controller.pc'
[0.776s] Level 1:colcon.colcon_core.environment:checking '/home/tutu/mr_ws_ros2/install/simple_controller/lib/python3.8/site-packages'
[0.776s] Level 1:colcon.colcon_core.environment:checking '/home/tutu/mr_ws_ros2/install/simple_controller/bin'
[0.777s] INFO:colcon.colcon_core.shell:Creating package script '/home/tutu/mr_ws_ros2/install/simple_controller/share/simple_controller/package.ps1'
[0.778s] INFO:colcon.colcon_core.shell:Creating package descriptor '/home/tutu/mr_ws_ros2/install/simple_controller/share/simple_controller/package.dsv'
[0.778s] INFO:colcon.colcon_core.shell:Creating package script '/home/tutu/mr_ws_ros2/install/simple_controller/share/simple_controller/package.sh'
[0.779s] INFO:colcon.colcon_core.shell:Creating package script '/home/tutu/mr_ws_ros2/install/simple_controller/share/simple_controller/package.bash'
[0.779s] INFO:colcon.colcon_core.shell:Creating package script '/home/tutu/mr_ws_ros2/install/simple_controller/share/simple_controller/package.zsh'
[0.780s] Level 1:colcon.colcon_core.environment:create_file_with_runtime_dependencies(/home/tutu/mr_ws_ros2/install/simple_controller/share/colcon-core/packages/simple_controller)
[0.786s] DEBUG:colcon.colcon_core.event_handler.log_command:Invoking command in '/home/tutu/mr_ws_ros2/build/Stage': /usr/bin/cmake --install /home/tutu/mr_ws_ros2/build/Stage
[0.795s] Level 1:colcon.colcon_core.environment:create_environment_scripts_only(stage_controller)
[0.796s] Level 1:colcon.colcon_core.environment:checking '/home/tutu/mr_ws_ros2/install/stage_controller' for CMake module files
[0.799s] Level 1:colcon.colcon_core.environment:checking '/home/tutu/mr_ws_ros2/install/stage_controller' for CMake config files
[0.804s] Level 1:colcon.colcon_core.shell:create_environment_hook('stage_controller', 'cmake_prefix_path')
[0.804s] INFO:colcon.colcon_core.shell:Creating environment hook '/home/tutu/mr_ws_ros2/install/stage_controller/share/stage_controller/hook/cmake_prefix_path.ps1'
[0.807s] INFO:colcon.colcon_core.shell:Creating environment descriptor '/home/tutu/mr_ws_ros2/install/stage_controller/share/stage_controller/hook/cmake_prefix_path.dsv'
[0.811s] INFO:colcon.colcon_core.shell:Creating environment hook '/home/tutu/mr_ws_ros2/install/stage_controller/share/stage_controller/hook/cmake_prefix_path.sh'
[0.812s] Level 1:colcon.colcon_core.environment:checking '/home/tutu/mr_ws_ros2/install/stage_controller/lib'
[0.812s] Level 1:colcon.colcon_core.environment:checking '/home/tutu/mr_ws_ros2/install/stage_controller/bin'
[0.812s] Level 1:colcon.colcon_core.environment:checking '/home/tutu/mr_ws_ros2/install/stage_controller/lib/pkgconfig/stage_controller.pc'
[0.813s] Level 1:colcon.colcon_core.environment:checking '/home/tutu/mr_ws_ros2/install/stage_controller/lib/python3.8/site-packages'
[0.813s] Level 1:colcon.colcon_core.environment:checking '/home/tutu/mr_ws_ros2/install/stage_controller/bin'
[0.813s] INFO:colcon.colcon_core.shell:Creating package script '/home/tutu/mr_ws_ros2/install/stage_controller/share/stage_controller/package.ps1'
[0.814s] INFO:colcon.colcon_core.shell:Creating package descriptor '/home/tutu/mr_ws_ros2/install/stage_controller/share/stage_controller/package.dsv'
[0.815s] INFO:colcon.colcon_core.shell:Creating package script '/home/tutu/mr_ws_ros2/install/stage_controller/share/stage_controller/package.sh'
[0.815s] INFO:colcon.colcon_core.shell:Creating package script '/home/tutu/mr_ws_ros2/install/stage_controller/share/stage_controller/package.bash'
[0.816s] INFO:colcon.colcon_core.shell:Creating package script '/home/tutu/mr_ws_ros2/install/stage_controller/share/stage_controller/package.zsh'
[0.817s] Level 1:colcon.colcon_core.environment:create_file_with_runtime_dependencies(/home/tutu/mr_ws_ros2/install/stage_controller/share/colcon-core/packages/stage_controller)
[0.818s] Level 1:colcon.colcon_core.environment:create_environment_scripts_only(simple_controller)
[0.818s] Level 1:colcon.colcon_core.environment:checking '/home/tutu/mr_ws_ros2/install/simple_controller' for CMake module files
[0.819s] Level 1:colcon.colcon_core.environment:checking '/home/tutu/mr_ws_ros2/install/simple_controller' for CMake config files
[0.820s] Level 1:colcon.colcon_core.shell:create_environment_hook('simple_controller', 'cmake_prefix_path')
[0.820s] INFO:colcon.colcon_core.shell:Creating environment hook '/home/tutu/mr_ws_ros2/install/simple_controller/share/simple_controller/hook/cmake_prefix_path.ps1'
[0.821s] INFO:colcon.colcon_core.shell:Creating environment descriptor '/home/tutu/mr_ws_ros2/install/simple_controller/share/simple_controller/hook/cmake_prefix_path.dsv'
[0.821s] INFO:colcon.colcon_core.shell:Creating environment hook '/home/tutu/mr_ws_ros2/install/simple_controller/share/simple_controller/hook/cmake_prefix_path.sh'
[0.822s] Level 1:colcon.colcon_core.environment:checking '/home/tutu/mr_ws_ros2/install/simple_controller/lib'
[0.822s] Level 1:colcon.colcon_core.environment:checking '/home/tutu/mr_ws_ros2/install/simple_controller/bin'
[0.822s] Level 1:colcon.colcon_core.environment:checking '/home/tutu/mr_ws_ros2/install/simple_controller/lib/pkgconfig/simple_controller.pc'
[0.823s] Level 1:colcon.colcon_core.environment:checking '/home/tutu/mr_ws_ros2/install/simple_controller/lib/python3.8/site-packages'
[0.823s] Level 1:colcon.colcon_core.environment:checking '/home/tutu/mr_ws_ros2/install/simple_controller/bin'
[0.823s] INFO:colcon.colcon_core.shell:Creating package script '/home/tutu/mr_ws_ros2/install/simple_controller/share/simple_controller/package.ps1'
[0.824s] INFO:colcon.colcon_core.shell:Creating package descriptor '/home/tutu/mr_ws_ros2/install/simple_controller/share/simple_controller/package.dsv'
[0.825s] INFO:colcon.colcon_core.shell:Creating package script '/home/tutu/mr_ws_ros2/install/simple_controller/share/simple_controller/package.sh'
[0.826s] INFO:colcon.colcon_core.shell:Creating package script '/home/tutu/mr_ws_ros2/install/simple_controller/share/simple_controller/package.bash'
[0.826s] INFO:colcon.colcon_core.shell:Creating package script '/home/tutu/mr_ws_ros2/install/simple_controller/share/simple_controller/package.zsh'
[0.827s] Level 1:colcon.colcon_core.environment:create_file_with_runtime_dependencies(/home/tutu/mr_ws_ros2/install/simple_controller/share/colcon-core/packages/simple_controller)
[0.827s] Level 1:colcon.colcon_core.environment:create_environment_scripts_only(Stage)
[0.827s] Level 1:colcon.colcon_core.environment:checking '/home/tutu/mr_ws_ros2/install/Stage' for CMake module files
[0.828s] Level 1:colcon.colcon_core.environment:checking '/home/tutu/mr_ws_ros2/install/Stage' for CMake config files
[0.828s] DEBUG:colcon.colcon_core.event_handler.log_command:Invoked command in '/home/tutu/mr_ws_ros2/build/Stage' returned '0': /usr/bin/cmake --install /home/tutu/mr_ws_ros2/build/Stage
[0.829s] Level 1:colcon.colcon_core.shell:create_environment_hook('Stage', 'cmake_prefix_path')
[0.829s] INFO:colcon.colcon_core.shell:Creating environment hook '/home/tutu/mr_ws_ros2/install/Stage/share/Stage/hook/cmake_prefix_path.ps1'
[0.829s] INFO:colcon.colcon_core.shell:Creating environment descriptor '/home/tutu/mr_ws_ros2/install/Stage/share/Stage/hook/cmake_prefix_path.dsv'
[0.830s] INFO:colcon.colcon_core.shell:Creating environment hook '/home/tutu/mr_ws_ros2/install/Stage/share/Stage/hook/cmake_prefix_path.sh'
[0.830s] Level 1:colcon.colcon_core.environment:checking '/home/tutu/mr_ws_ros2/install/Stage/lib'
[0.830s] Level 1:colcon.colcon_core.shell:create_environment_hook('Stage', 'ld_library_path_lib')
[0.830s] INFO:colcon.colcon_core.shell:Creating environment hook '/home/tutu/mr_ws_ros2/install/Stage/share/Stage/hook/ld_library_path_lib.ps1'
[0.831s] INFO:colcon.colcon_core.shell:Creating environment descriptor '/home/tutu/mr_ws_ros2/install/Stage/share/Stage/hook/ld_library_path_lib.dsv'
[0.831s] INFO:colcon.colcon_core.shell:Creating environment hook '/home/tutu/mr_ws_ros2/install/Stage/share/Stage/hook/ld_library_path_lib.sh'
[0.831s] Level 1:colcon.colcon_core.environment:checking '/home/tutu/mr_ws_ros2/install/Stage/bin'
[0.832s] Level 1:colcon.colcon_core.shell:create_environment_hook('Stage', 'path')
[0.832s] INFO:colcon.colcon_core.shell:Creating environment hook '/home/tutu/mr_ws_ros2/install/Stage/share/Stage/hook/path.ps1'
[0.832s] INFO:colcon.colcon_core.shell:Creating environment descriptor '/home/tutu/mr_ws_ros2/install/Stage/share/Stage/hook/path.dsv'
[0.833s] INFO:colcon.colcon_core.shell:Creating environment hook '/home/tutu/mr_ws_ros2/install/Stage/share/Stage/hook/path.sh'
[0.833s] Level 1:colcon.colcon_core.environment:checking '/home/tutu/mr_ws_ros2/install/Stage/lib/pkgconfig/Stage.pc'
[0.833s] Level 1:colcon.colcon_core.environment:checking '/home/tutu/mr_ws_ros2/install/Stage/lib/python3.8/site-packages'
[0.833s] Level 1:colcon.colcon_core.environment:checking '/home/tutu/mr_ws_ros2/install/Stage/bin'
[0.833s] Level 1:colcon.colcon_core.shell:create_environment_hook('Stage', 'pythonscriptspath')
[0.834s] INFO:colcon.colcon_core.shell:Creating environment hook '/home/tutu/mr_ws_ros2/install/Stage/share/Stage/hook/pythonscriptspath.ps1'
[0.834s] INFO:colcon.colcon_core.shell:Creating environment descriptor '/home/tutu/mr_ws_ros2/install/Stage/share/Stage/hook/pythonscriptspath.dsv'
[0.834s] INFO:colcon.colcon_core.shell:Creating environment hook '/home/tutu/mr_ws_ros2/install/Stage/share/Stage/hook/pythonscriptspath.sh'
[0.835s] INFO:colcon.colcon_core.shell:Creating package script '/home/tutu/mr_ws_ros2/install/Stage/share/Stage/package.ps1'
[0.836s] INFO:colcon.colcon_core.shell:Creating package descriptor '/home/tutu/mr_ws_ros2/install/Stage/share/Stage/package.dsv'
[0.836s] INFO:colcon.colcon_core.shell:Creating package script '/home/tutu/mr_ws_ros2/install/Stage/share/Stage/package.sh'
[0.837s] INFO:colcon.colcon_core.shell:Creating package script '/home/tutu/mr_ws_ros2/install/Stage/share/Stage/package.bash'
[0.837s] INFO:colcon.colcon_core.shell:Creating package script '/home/tutu/mr_ws_ros2/install/Stage/share/Stage/package.zsh'
[0.838s] Level 1:colcon.colcon_core.environment:create_file_with_runtime_dependencies(/home/tutu/mr_ws_ros2/install/Stage/share/colcon-core/packages/Stage)
[0.838s] INFO:colcon.colcon_ros.task.ament_cmake.build:Building ROS package in '/home/tutu/mr_ws_ros2/src/stage_ros2' with build type 'ament_cmake'
[0.838s] INFO:colcon.colcon_cmake.task.cmake.build:Building CMake package in '/home/tutu/mr_ws_ros2/src/stage_ros2'
[0.839s] INFO:colcon.colcon_core.shell:Skip shell extension 'powershell' for command environment: Not usable outside of PowerShell
[0.839s] DEBUG:colcon.colcon_core.shell:Skip shell extension 'dsv' for command environment
[0.852s] DEBUG:colcon.colcon_core.event_handler.log_command:Invoking command in '/home/tutu/mr_ws_ros2/build/stage_ros2': CMAKE_PREFIX_PATH=/home/tutu/mr_ws_ros2/install/Stage:/home/tutu/mr_ws_ros2/install/stage_ros2:/home/tutu/mr_ws_ros2/install/stage_controller:/home/tutu/mr_ws_ros2/install/simple_controller:/home/tutu/mr_ws_ros2/install/cart_launch:/opt/ros/foxy LD_LIBRARY_PATH=/home/tutu/mr_ws_ros2/install/Stage/lib:/home/tutu/mr_ws_ros2/install/stage_ros2/lib:/opt/ros/foxy/opt/yaml_cpp_vendor/lib:/opt/ros/foxy/opt/rviz_ogre_vendor/lib:/opt/ros/foxy/lib/x86_64-linux-gnu:/opt/ros/foxy/lib /usr/bin/cmake --build /home/tutu/mr_ws_ros2/build/stage_ros2 -- -j8 -l8
[0.986s] DEBUG:colcon.colcon_core.event_handler.log_command:Invoked command in '/home/tutu/mr_ws_ros2/build/stage_ros2' returned '0': CMAKE_PREFIX_PATH=/home/tutu/mr_ws_ros2/install/Stage:/home/tutu/mr_ws_ros2/install/stage_ros2:/home/tutu/mr_ws_ros2/install/stage_controller:/home/tutu/mr_ws_ros2/install/simple_controller:/home/tutu/mr_ws_ros2/install/cart_launch:/opt/ros/foxy LD_LIBRARY_PATH=/home/tutu/mr_ws_ros2/install/Stage/lib:/home/tutu/mr_ws_ros2/install/stage_ros2/lib:/opt/ros/foxy/opt/yaml_cpp_vendor/lib:/opt/ros/foxy/opt/rviz_ogre_vendor/lib:/opt/ros/foxy/lib/x86_64-linux-gnu:/opt/ros/foxy/lib /usr/bin/cmake --build /home/tutu/mr_ws_ros2/build/stage_ros2 -- -j8 -l8
[1.019s] DEBUG:colcon.colcon_core.event_handler.log_command:Invoking command in '/home/tutu/mr_ws_ros2/build/stage_ros2': CMAKE_PREFIX_PATH=/home/tutu/mr_ws_ros2/install/Stage:/home/tutu/mr_ws_ros2/install/stage_ros2:/home/tutu/mr_ws_ros2/install/stage_controller:/home/tutu/mr_ws_ros2/install/simple_controller:/home/tutu/mr_ws_ros2/install/cart_launch:/opt/ros/foxy LD_LIBRARY_PATH=/home/tutu/mr_ws_ros2/install/Stage/lib:/home/tutu/mr_ws_ros2/install/stage_ros2/lib:/opt/ros/foxy/opt/yaml_cpp_vendor/lib:/opt/ros/foxy/opt/rviz_ogre_vendor/lib:/opt/ros/foxy/lib/x86_64-linux-gnu:/opt/ros/foxy/lib /usr/bin/cmake --install /home/tutu/mr_ws_ros2/build/stage_ros2
[1.047s] Level 1:colcon.colcon_core.environment:create_environment_scripts_only(stage_ros2)
[1.047s] Level 1:colcon.colcon_core.environment:checking '/home/tutu/mr_ws_ros2/install/stage_ros2' for CMake module files
[1.048s] DEBUG:colcon.colcon_core.event_handler.log_command:Invoked command in '/home/tutu/mr_ws_ros2/build/stage_ros2' returned '0': CMAKE_PREFIX_PATH=/home/tutu/mr_ws_ros2/install/Stage:/home/tutu/mr_ws_ros2/install/stage_ros2:/home/tutu/mr_ws_ros2/install/stage_controller:/home/tutu/mr_ws_ros2/install/simple_controller:/home/tutu/mr_ws_ros2/install/cart_launch:/opt/ros/foxy LD_LIBRARY_PATH=/home/tutu/mr_ws_ros2/install/Stage/lib:/home/tutu/mr_ws_ros2/install/stage_ros2/lib:/opt/ros/foxy/opt/yaml_cpp_vendor/lib:/opt/ros/foxy/opt/rviz_ogre_vendor/lib:/opt/ros/foxy/lib/x86_64-linux-gnu:/opt/ros/foxy/lib /usr/bin/cmake --install /home/tutu/mr_ws_ros2/build/stage_ros2
[1.048s] Level 1:colcon.colcon_core.environment:checking '/home/tutu/mr_ws_ros2/install/stage_ros2' for CMake config files
[1.049s] Level 1:colcon.colcon_core.shell:create_environment_hook('stage_ros2', 'cmake_prefix_path')
[1.049s] INFO:colcon.colcon_core.shell:Creating environment hook '/home/tutu/mr_ws_ros2/install/stage_ros2/share/stage_ros2/hook/cmake_prefix_path.ps1'
[1.049s] INFO:colcon.colcon_core.shell:Creating environment descriptor '/home/tutu/mr_ws_ros2/install/stage_ros2/share/stage_ros2/hook/cmake_prefix_path.dsv'
[1.050s] INFO:colcon.colcon_core.shell:Creating environment hook '/home/tutu/mr_ws_ros2/install/stage_ros2/share/stage_ros2/hook/cmake_prefix_path.sh'
[1.050s] Level 1:colcon.colcon_core.environment:checking '/home/tutu/mr_ws_ros2/install/stage_ros2/lib'
[1.050s] Level 1:colcon.colcon_core.shell:create_environment_hook('stage_ros2', 'ld_library_path_lib')
[1.050s] INFO:colcon.colcon_core.shell:Creating environment hook '/home/tutu/mr_ws_ros2/install/stage_ros2/share/stage_ros2/hook/ld_library_path_lib.ps1'
[1.051s] INFO:colcon.colcon_core.shell:Creating environment descriptor '/home/tutu/mr_ws_ros2/install/stage_ros2/share/stage_ros2/hook/ld_library_path_lib.dsv'
[1.051s] INFO:colcon.colcon_core.shell:Creating environment hook '/home/tutu/mr_ws_ros2/install/stage_ros2/share/stage_ros2/hook/ld_library_path_lib.sh'
[1.051s] Level 1:colcon.colcon_core.environment:checking '/home/tutu/mr_ws_ros2/install/stage_ros2/bin'
[1.051s] Level 1:colcon.colcon_core.environment:checking '/home/tutu/mr_ws_ros2/install/stage_ros2/lib/pkgconfig/stage_ros2.pc'
[1.052s] Level 1:colcon.colcon_core.environment:checking '/home/tutu/mr_ws_ros2/install/stage_ros2/lib/python3.8/site-packages'
[1.052s] Level 1:colcon.colcon_core.environment:checking '/home/tutu/mr_ws_ros2/install/stage_ros2/bin'
[1.052s] INFO:colcon.colcon_core.shell:Creating package script '/home/tutu/mr_ws_ros2/install/stage_ros2/share/stage_ros2/package.ps1'
[1.053s] INFO:colcon.colcon_core.shell:Creating package descriptor '/home/tutu/mr_ws_ros2/install/stage_ros2/share/stage_ros2/package.dsv'
[1.053s] INFO:colcon.colcon_core.shell:Creating package script '/home/tutu/mr_ws_ros2/install/stage_ros2/share/stage_ros2/package.sh'
[1.054s] INFO:colcon.colcon_core.shell:Creating package script '/home/tutu/mr_ws_ros2/install/stage_ros2/share/stage_ros2/package.bash'
[1.054s] INFO:colcon.colcon_core.shell:Creating package script '/home/tutu/mr_ws_ros2/install/stage_ros2/share/stage_ros2/package.zsh'
[1.054s] Level 1:colcon.colcon_core.environment:create_file_with_runtime_dependencies(/home/tutu/mr_ws_ros2/install/stage_ros2/share/colcon-core/packages/stage_ros2)
[1.086s] Level 1:colcon.colcon_core.environment:create_environment_scripts_only(stage_ros2)
[1.086s] Level 1:colcon.colcon_core.environment:checking '/home/tutu/mr_ws_ros2/install/stage_ros2' for CMake module files
[1.086s] Level 1:colcon.colcon_core.environment:checking '/home/tutu/mr_ws_ros2/install/stage_ros2' for CMake config files
[1.087s] Level 1:colcon.colcon_core.shell:create_environment_hook('stage_ros2', 'cmake_prefix_path')
[1.087s] INFO:colcon.colcon_core.shell:Creating environment hook '/home/tutu/mr_ws_ros2/install/stage_ros2/share/stage_ros2/hook/cmake_prefix_path.ps1'
[1.088s] INFO:colcon.colcon_core.shell:Creating environment descriptor '/home/tutu/mr_ws_ros2/install/stage_ros2/share/stage_ros2/hook/cmake_prefix_path.dsv'
[1.088s] INFO:colcon.colcon_core.shell:Creating environment hook '/home/tutu/mr_ws_ros2/install/stage_ros2/share/stage_ros2/hook/cmake_prefix_path.sh'
[1.089s] Level 1:colcon.colcon_core.environment:checking '/home/tutu/mr_ws_ros2/install/stage_ros2/lib'
[1.089s] Level 1:colcon.colcon_core.shell:create_environment_hook('stage_ros2', 'ld_library_path_lib')
[1.089s] INFO:colcon.colcon_core.shell:Creating environment hook '/home/tutu/mr_ws_ros2/install/stage_ros2/share/stage_ros2/hook/ld_library_path_lib.ps1'
[1.090s] INFO:colcon.colcon_core.shell:Creating environment descriptor '/home/tutu/mr_ws_ros2/install/stage_ros2/share/stage_ros2/hook/ld_library_path_lib.dsv'
[1.091s] INFO:colcon.colcon_core.shell:Creating environment hook '/home/tutu/mr_ws_ros2/install/stage_ros2/share/stage_ros2/hook/ld_library_path_lib.sh'
[1.091s] Level 1:colcon.colcon_core.environment:checking '/home/tutu/mr_ws_ros2/install/stage_ros2/bin'
[1.092s] Level 1:colcon.colcon_core.environment:checking '/home/tutu/mr_ws_ros2/install/stage_ros2/lib/pkgconfig/stage_ros2.pc'
[1.092s] Level 1:colcon.colcon_core.environment:checking '/home/tutu/mr_ws_ros2/install/stage_ros2/lib/python3.8/site-packages'
[1.092s] Level 1:colcon.colcon_core.environment:checking '/home/tutu/mr_ws_ros2/install/stage_ros2/bin'
[1.092s] INFO:colcon.colcon_core.shell:Creating package script '/home/tutu/mr_ws_ros2/install/stage_ros2/share/stage_ros2/package.ps1'
[1.093s] INFO:colcon.colcon_core.shell:Creating package descriptor '/home/tutu/mr_ws_ros2/install/stage_ros2/share/stage_ros2/package.dsv'
[1.094s] INFO:colcon.colcon_core.shell:Creating package script '/home/tutu/mr_ws_ros2/install/stage_ros2/share/stage_ros2/package.sh'
[1.094s] INFO:colcon.colcon_core.shell:Creating package script '/home/tutu/mr_ws_ros2/install/stage_ros2/share/stage_ros2/package.bash'
[1.095s] INFO:colcon.colcon_core.shell:Creating package script '/home/tutu/mr_ws_ros2/install/stage_ros2/share/stage_ros2/package.zsh'
[1.095s] Level 1:colcon.colcon_core.environment:create_file_with_runtime_dependencies(/home/tutu/mr_ws_ros2/install/stage_ros2/share/colcon-core/packages/stage_ros2)
[4.855s] DEBUG:colcon.colcon_core.event_handler.log_command:Invoked command in '/home/tutu/mr_ws_ros2/build/simple_planner' returned '2': CMAKE_PREFIX_PATH=${CMAKE_PREFIX_PATH}:/opt/ros/foxy /usr/bin/cmake --build /home/tutu/mr_ws_ros2/build/simple_planner -- -j8 -l8
[4.877s] Level 1:colcon.colcon_core.environment:create_environment_scripts_only(simple_planner)
[4.878s] Level 1:colcon.colcon_core.environment:checking '/home/tutu/mr_ws_ros2/install/simple_planner' for CMake module files
[4.878s] Level 1:colcon.colcon_core.environment:checking '/home/tutu/mr_ws_ros2/install/simple_planner' for CMake config files
[4.878s] Level 1:colcon.colcon_core.environment:checking '/home/tutu/mr_ws_ros2/install/simple_planner/bin'
[4.878s] Level 1:colcon.colcon_core.environment:checking '/home/tutu/mr_ws_ros2/install/simple_planner/lib/pkgconfig/simple_planner.pc'
[4.879s] Level 1:colcon.colcon_core.environment:checking '/home/tutu/mr_ws_ros2/install/simple_planner/lib/python3.8/site-packages'
[4.879s] Level 1:colcon.colcon_core.environment:checking '/home/tutu/mr_ws_ros2/install/simple_planner/bin'
[4.879s] INFO:colcon.colcon_core.shell:Creating package script '/home/tutu/mr_ws_ros2/install/simple_planner/share/simple_planner/package.ps1'
[4.879s] INFO:colcon.colcon_core.shell:Creating package descriptor '/home/tutu/mr_ws_ros2/install/simple_planner/share/simple_planner/package.dsv'
[4.880s] INFO:colcon.colcon_core.shell:Creating package script '/home/tutu/mr_ws_ros2/install/simple_planner/share/simple_planner/package.sh'
[4.880s] INFO:colcon.colcon_core.shell:Creating package script '/home/tutu/mr_ws_ros2/install/simple_planner/share/simple_planner/package.bash'
[4.881s] INFO:colcon.colcon_core.shell:Creating package script '/home/tutu/mr_ws_ros2/install/simple_planner/share/simple_planner/package.zsh'
[4.881s] Level 1:colcon.colcon_core.environment:create_file_with_runtime_dependencies(/home/tutu/mr_ws_ros2/install/simple_planner/share/colcon-core/packages/simple_planner)
[4.891s] DEBUG:colcon.colcon_parallel_executor.executor.parallel:closing loop
[4.892s] DEBUG:colcon.colcon_parallel_executor.executor.parallel:loop closed
[4.892s] DEBUG:colcon.colcon_parallel_executor.executor.parallel:run_until_complete finished with '2'
[4.892s] DEBUG:colcon.colcon_core.event_reactor:joining thread
[4.897s] INFO:colcon.colcon_core.plugin_system:Skipping extension 'colcon_notification.desktop_notification.terminal_notifier': Not used on non-Darwin systems
[4.897s] INFO:colcon.colcon_core.plugin_system:Skipping extension 'colcon_notification.desktop_notification.win32': Not used on non-Windows systems
[4.897s] INFO:colcon.colcon_notification.desktop_notification:Sending desktop notification using 'notify2'
[4.914s] DEBUG:colcon.colcon_core.event_reactor:joined thread
[4.914s] INFO:colcon.colcon_core.shell:Creating prefix script '/home/tutu/mr_ws_ros2/install/local_setup.ps1'
[4.915s] INFO:colcon.colcon_core.shell:Creating prefix util module '/home/tutu/mr_ws_ros2/install/_local_setup_util_ps1.py'
[4.917s] INFO:colcon.colcon_core.shell:Creating prefix chain script '/home/tutu/mr_ws_ros2/install/setup.ps1'
[4.918s] INFO:colcon.colcon_core.shell:Creating prefix script '/home/tutu/mr_ws_ros2/install/local_setup.sh'
[4.920s] INFO:colcon.colcon_core.shell:Creating prefix util module '/home/tutu/mr_ws_ros2/install/_local_setup_util_sh.py'
[4.921s] INFO:colcon.colcon_core.shell:Creating prefix chain script '/home/tutu/mr_ws_ros2/install/setup.sh'
[4.923s] INFO:colcon.colcon_core.shell:Creating prefix script '/home/tutu/mr_ws_ros2/install/local_setup.bash'
[4.923s] INFO:colcon.colcon_core.shell:Creating prefix chain script '/home/tutu/mr_ws_ros2/install/setup.bash'
[4.925s] INFO:colcon.colcon_core.shell:Creating prefix script '/home/tutu/mr_ws_ros2/install/local_setup.zsh'
[4.925s] INFO:colcon.colcon_core.shell:Creating prefix chain script '/home/tutu/mr_ws_ros2/install/setup.zsh'
