[0.019s] Invoking command in '/home/tutu/ros2m/build/feature_matcher': CMAKE_PREFIX_PATH=${CMAKE_PREFIX_PATH}:/opt/ros/humble /usr/bin/cmake --build /home/tutu/ros2m/build/feature_matcher -- -j1 -l1
[0.280s] [100%] Built target feature_matcher
[0.302s] Invoked command in '/home/tutu/ros2m/build/feature_matcher' returned '0': CMAKE_PREFIX_PATH=${CMAKE_PREFIX_PATH}:/opt/ros/humble /usr/bin/cmake --build /home/tutu/ros2m/build/feature_matcher -- -j1 -l1
[0.307s] Invoking command in '/home/tutu/ros2m/build/feature_matcher': CMAKE_PREFIX_PATH=${CMAKE_PREFIX_PATH}:/opt/ros/humble /usr/bin/cmake --install /home/tutu/ros2m/build/feature_matcher
[0.324s] -- Install configuration: ""
[0.327s] -- Up-to-date: /home/tutu/ros2m/install/feature_matcher/lib/feature_matcher/feature_matcher
[0.327s] -- Up-to-date: /home/tutu/ros2m/install/feature_matcher/share/feature_matcher//launch
[0.328s] -- Up-to-date: /home/tutu/ros2m/install/feature_matcher/share/feature_matcher//launch/matcher.rviz
[0.329s] -- Up-to-date: /home/tutu/ros2m/install/feature_matcher/share/feature_matcher//launch/matcher.launch.py
[0.329s] -- Up-to-date: /home/tutu/ros2m/install/feature_matcher/share/ament_index/resource_index/package_run_dependencies/feature_matcher
[0.329s] -- Up-to-date: /home/tutu/ros2m/install/feature_matcher/share/ament_index/resource_index/parent_prefix_path/feature_matcher
[0.329s] -- Up-to-date: /home/tutu/ros2m/install/feature_matcher/share/feature_matcher/environment/ament_prefix_path.sh
[0.329s] -- Up-to-date: /home/tutu/ros2m/install/feature_matcher/share/feature_matcher/environment/ament_prefix_path.dsv
[0.330s] -- Up-to-date: /home/tutu/ros2m/install/feature_matcher/share/feature_matcher/environment/path.sh
[0.332s] -- Up-to-date: /home/tutu/ros2m/install/feature_matcher/share/feature_matcher/environment/path.dsv
[0.332s] -- Up-to-date: /home/tutu/ros2m/install/feature_matcher/share/feature_matcher/local_setup.bash
[0.332s] -- Up-to-date: /home/tutu/ros2m/install/feature_matcher/share/feature_matcher/local_setup.sh
[0.334s] -- Up-to-date: /home/tutu/ros2m/install/feature_matcher/share/feature_matcher/local_setup.zsh
[0.334s] -- Up-to-date: /home/tutu/ros2m/install/feature_matcher/share/feature_matcher/local_setup.dsv
[0.334s] -- Installing: /home/tutu/ros2m/install/feature_matcher/share/feature_matcher/package.dsv
[0.338s] -- Up-to-date: /home/tutu/ros2m/install/feature_matcher/share/ament_index/resource_index/packages/feature_matcher
[0.339s] -- Up-to-date: /home/tutu/ros2m/install/feature_matcher/share/feature_matcher/cmake/feature_matcherConfig.cmake
[0.340s] -- Up-to-date: /home/tutu/ros2m/install/feature_matcher/share/feature_matcher/cmake/feature_matcherConfig-version.cmake
[0.341s] -- Up-to-date: /home/tutu/ros2m/install/feature_matcher/share/feature_matcher/package.xml
[0.344s] Invoked command in '/home/tutu/ros2m/build/feature_matcher' returned '0': CMAKE_PREFIX_PATH=${CMAKE_PREFIX_PATH}:/opt/ros/humble /usr/bin/cmake --install /home/tutu/ros2m/build/feature_matcher
