[35m[1mConsolidate compiler generated dependencies of target feature_matcher[0m
[100%] Built target feature_matcher
-- Install configuration: ""
-- Up-to-date: /home/tutu/ros2m/install/feature_matcher/lib/feature_matcher/feature_matcher
-- Up-to-date: /home/tutu/ros2m/install/feature_matcher/share/feature_matcher//launch
-- Up-to-date: /home/tutu/ros2m/install/feature_matcher/share/feature_matcher//launch/matcher.rviz
-- Up-to-date: /home/tutu/ros2m/install/feature_matcher/share/feature_matcher//launch/matcher.launch.py
-- Up-to-date: /home/tutu/ros2m/install/feature_matcher/share/ament_index/resource_index/package_run_dependencies/feature_matcher
-- Up-to-date: /home/tutu/ros2m/install/feature_matcher/share/ament_index/resource_index/parent_prefix_path/feature_matcher
-- Up-to-date: /home/tutu/ros2m/install/feature_matcher/share/feature_matcher/environment/ament_prefix_path.sh
-- Up-to-date: /home/tutu/ros2m/install/feature_matcher/share/feature_matcher/environment/ament_prefix_path.dsv
-- Up-to-date: /home/tutu/ros2m/install/feature_matcher/share/feature_matcher/environment/path.sh
-- Up-to-date: /home/tutu/ros2m/install/feature_matcher/share/feature_matcher/environment/path.dsv
-- Up-to-date: /home/tutu/ros2m/install/feature_matcher/share/feature_matcher/local_setup.bash
-- Up-to-date: /home/tutu/ros2m/install/feature_matcher/share/feature_matcher/local_setup.sh
-- Up-to-date: /home/tutu/ros2m/install/feature_matcher/share/feature_matcher/local_setup.zsh
-- Up-to-date: /home/tutu/ros2m/install/feature_matcher/share/feature_matcher/local_setup.dsv
-- Installing: /home/tutu/ros2m/install/feature_matcher/share/feature_matcher/package.dsv
-- Up-to-date: /home/tutu/ros2m/install/feature_matcher/share/ament_index/resource_index/packages/feature_matcher
-- Up-to-date: /home/tutu/ros2m/install/feature_matcher/share/feature_matcher/cmake/feature_matcherConfig.cmake
-- Up-to-date: /home/tutu/ros2m/install/feature_matcher/share/feature_matcher/cmake/feature_matcherConfig-version.cmake
-- Up-to-date: /home/tutu/ros2m/install/feature_matcher/share/feature_matcher/package.xml
