[0.044s] Invoking command in '/home/tutu/mr_ws_ros2/build/simple_planner': CMAKE_PREFIX_PATH=${CMAKE_PREFIX_PATH}:/opt/ros/foxy /usr/bin/cmake --build /home/tutu/mr_ws_ros2/build/simple_planner -- -j8 -l8
[0.096s] [35m[1mScanning dependencies of target planner[0m
[0.178s] [ 50%] [32mBuilding CXX object CMakeFiles/planner.dir/src/planner.cpp.o[0m
[2.059s] [01m[K/home/tutu/mr_ws_ros2/src/simple_planner/src/planner.cpp:[m[K In member function ‘[01m[Kstd::unique_lock<std::mutex> simple_planner::Planner::move_to_position(double, double, double, double)[m[K’:
[2.059s] [01m[K/home/tutu/mr_ws_ros2/src/simple_planner/src/planner.cpp:114:23:[m[K [01;35m[Kwarning: [m[Kmoving a local object in a return statement prevents copy elision [[01;35m[K-Wpessimizing-move[m[K]
[2.059s]   114 |       return [01;35m[Kstd::move(lock)[m[K;
[2.059s]       |              [01;35m[K~~~~~~~~~^~~~~~[m[K
[2.060s] [01m[K/home/tutu/mr_ws_ros2/src/simple_planner/src/planner.cpp:114:23:[m[K [01;36m[Knote: [m[Kremove ‘[01m[Kstd::move[m[K’ call
[2.068s] [01m[K/home/tutu/mr_ws_ros2/src/simple_planner/src/planner.cpp:139:27:[m[K [01;35m[Kwarning: [m[Kmoving a local object in a return statement prevents copy elision [[01;35m[K-Wpessimizing-move[m[K]
[2.068s]   139 |           return [01;35m[Kstd::move(lock)[m[K;
[2.068s]       |                  [01;35m[K~~~~~~~~~^~~~~~[m[K
[2.068s] [01m[K/home/tutu/mr_ws_ros2/src/simple_planner/src/planner.cpp:139:27:[m[K [01;36m[Knote: [m[Kremove ‘[01m[Kstd::move[m[K’ call
[2.079s] [01m[K/home/tutu/mr_ws_ros2/src/simple_planner/src/planner.cpp:[m[K In member function ‘[01m[Kbool simple_planner::Planner::indices_in_map(int, int)[m[K’:
[2.079s] [01m[K/home/tutu/mr_ws_ros2/src/simple_planner/src/planner.cpp:179:32:[m[K [01;35m[Kwarning: [m[Kcomparison of integer expressions of different signedness: ‘[01m[Kint[m[K’ and ‘[01m[Knav_msgs::msg::MapMetaData_<std::allocator<void> >::_width_type[m[K’ {aka ‘[01m[Kunsigned int[m[K’} [[01;35m[K-Wsign-compare[m[K]
[2.079s]   179 |   return i >= 0 && j >= 0 && [01;35m[Ki < map_.info.width[m[K && j < map_.info.height;
[2.079s]       |                              [01;35m[K~~^~~~~~~~~~~~~~~~~[m[K
[2.079s] [01m[K/home/tutu/mr_ws_ros2/src/simple_planner/src/planner.cpp:179:55:[m[K [01;35m[Kwarning: [m[Kcomparison of integer expressions of different signedness: ‘[01m[Kint[m[K’ and ‘[01m[Knav_msgs::msg::MapMetaData_<std::allocator<void> >::_height_type[m[K’ {aka ‘[01m[Kunsigned int[m[K’} [[01;35m[K-Wsign-compare[m[K]
[2.079s]   179 |   return i >= 0 && j >= 0 && i < map_.info.width && [01;35m[Kj < map_.info.height[m[K;
[2.080s]       |                                                     [01;35m[K~~^~~~~~~~~~~~~~~~~~[m[K
[2.085s] [01m[K/home/tutu/mr_ws_ros2/src/simple_planner/src/planner.cpp:[m[K In member function ‘[01m[Kvoid simple_planner::Planner::increase_obstacles(std::size_t)[m[K’:
[2.085s] [01m[K/home/tutu/mr_ws_ros2/src/simple_planner/src/planner.cpp:190:21:[m[K [01;35m[Kwarning: [m[Kcomparison of integer expressions of different signedness: ‘[01m[Kint[m[K’ and ‘[01m[Knav_msgs::msg::MapMetaData_<std::allocator<void> >::_width_type[m[K’ {aka ‘[01m[Kunsigned int[m[K’} [[01;35m[K-Wsign-compare[m[K]
[2.085s]   190 |   for (int i = 0; [01;35m[Ki < map_.info.width[m[K; ++i)
[2.085s]       |                   [01;35m[K~~^~~~~~~~~~~~~~~~~[m[K
[2.085s] [01m[K/home/tutu/mr_ws_ros2/src/simple_planner/src/planner.cpp:192:23:[m[K [01;35m[Kwarning: [m[Kcomparison of integer expressions of different signedness: ‘[01m[Kint[m[K’ and ‘[01m[Knav_msgs::msg::MapMetaData_<std::allocator<void> >::_height_type[m[K’ {aka ‘[01m[Kunsigned int[m[K’} [[01;35m[K-Wsign-compare[m[K]
[2.085s]   192 |     for (int j = 0; [01;35m[Kj < map_.info.height[m[K; ++j)
[2.085s]       |                     [01;35m[K~~^~~~~~~~~~~~~~~~~~[m[K
[2.088s] [01m[K/home/tutu/mr_ws_ros2/src/simple_planner/src/planner.cpp:[m[K In member function ‘[01m[Kdouble simple_planner::Planner::heruistic(int, int)[m[K’:
[2.089s] [01m[K/home/tutu/mr_ws_ros2/src/simple_planner/src/planner.cpp:240:31:[m[K [01;35m[Kwarning: [m[Kunused parameter ‘[01m[Ki[m[K’ [[01;35m[K-Wunused-parameter[m[K]
[2.089s]   240 | double Planner::heruistic([01;35m[Kint i[m[K, int j) {
[2.089s]       |                           [01;35m[K~~~~^[m[K
[2.089s] [01m[K/home/tutu/mr_ws_ros2/src/simple_planner/src/planner.cpp:240:38:[m[K [01;35m[Kwarning: [m[Kunused parameter ‘[01m[Kj[m[K’ [[01;35m[K-Wunused-parameter[m[K]
[2.089s]   240 | double Planner::heruistic(int i, [01;35m[Kint j[m[K) {
[2.089s]       |                                  [01;35m[K~~~~^[m[K
[2.092s] [01m[K/home/tutu/mr_ws_ros2/src/simple_planner/src/planner.cpp:[m[K In member function ‘[01m[Kbool simple_planner::CompareSearchNodes::operator()(const simple_planner::MapIndex&, const simple_planner::MapIndex&) const[m[K’:
[2.092s] [01m[K/home/tutu/mr_ws_ros2/src/simple_planner/src/planner.cpp:249:42:[m[K [01;31m[Kerror: [m[K‘[01m[Ksearch_map_[m[K’ was not declared in this scope
[2.092s]   249 |    SearchNode& left = planner_.map_value([01;31m[Ksearch_map_[m[K, left_index.i, left_index.j);
[2.092s]       |                                          [01;31m[K^~~~~~~~~~~[m[K
[2.104s] [01m[K/home/tutu/mr_ws_ros2/src/simple_planner/src/planner.cpp:[m[K In member function ‘[01m[Kvoid simple_planner::Planner::calculate_path()[m[K’:
[2.104s] [01m[K/home/tutu/mr_ws_ros2/src/simple_planner/src/planner.cpp:333:13:[m[K [01;35m[Kwarning: [m[Kunused variable ‘[01m[Knode[m[K’ [[01;35m[K-Wunused-variable[m[K]
[2.104s]   333 |       auto& [01;35m[Knode[m[K = map_value(search_map_, point.i, point.j);
[2.104s]       |             [01;35m[K^~~~[m[K
[2.105s] [01m[K/home/tutu/mr_ws_ros2/src/simple_planner/src/planner.cpp:[m[K At global scope:
[2.105s] [01m[K/home/tutu/mr_ws_ros2/src/simple_planner/src/planner.cpp:338:1:[m[K [01;31m[Kerror: [m[Kexpected ‘[01m[K}[m[K’ at end of input
[2.105s]   338 | [01;31m[K}[m[K
[2.105s]       | [01;31m[K^[m[K
[2.105s] [01m[K/home/tutu/mr_ws_ros2/src/simple_planner/src/planner.cpp:12:1:[m[K [01;36m[Knote: [m[Kto match this ‘[01m[K{[m[K’
[2.105s]    12 | [01;36m[K{[m[K
[2.106s]       | [01;36m[K^[m[K
[4.671s] make[2]: *** [CMakeFiles/planner.dir/build.make:63：CMakeFiles/planner.dir/src/planner.cpp.o] 错误 1
[4.672s] make[1]: *** [CMakeFiles/Makefile2:105：CMakeFiles/planner.dir/all] 错误 2
[4.672s] make: *** [Makefile:141：all] 错误 2
[4.674s] Invoked command in '/home/tutu/mr_ws_ros2/build/simple_planner' returned '2': CMAKE_PREFIX_PATH=${CMAKE_PREFIX_PATH}:/opt/ros/foxy /usr/bin/cmake --build /home/tutu/mr_ws_ros2/build/simple_planner -- -j8 -l8
