-- Found ament_cmake: 0.9.12 (/opt/ros/foxy/share/ament_cmake/cmake)
-- Using PYTHON_EXECUTABLE: /usr/bin/python3
-- Override CMake install command with custom implementation using symlinks instead of copying resources
-- Found rclcpp: 2.4.3 (/opt/ros/foxy/share/rclcpp/cmake)
-- Using all available rosidl_typesupport_c: rosidl_typesupport_fastrtps_c;rosidl_typesupport_introspection_c
-- Found rosidl_adapter: 1.3.1 (/opt/ros/foxy/share/rosidl_adapter/cmake)
-- Using all available rosidl_typesupport_cpp: rosidl_typesupport_fastrtps_cpp;rosidl_typesupport_introspection_cpp
-- Found rmw_implementation_cmake: 1.0.4 (/opt/ros/foxy/share/rmw_implementation_cmake/cmake)
-- Using RMW implementation 'rmw_fastrtps_cpp' as default
-- Found nav_msgs: 2.0.5 (/opt/ros/foxy/share/nav_msgs/cmake)
-- Found tf2: 0.13.14 (/opt/ros/foxy/share/tf2/cmake)
-- Found angles: 1.12.6 (/opt/ros/foxy/share/angles/cmake)
-- Found ament_lint_auto: 0.9.8 (/opt/ros/foxy/share/ament_lint_auto/cmake)
-- Added test 'copyright' to check source files copyright and LICENSE
-- Added test 'cppcheck' to perform static code analysis on C / C++ code
-- Configured cppcheck include dirs: 
-- Configured cppcheck exclude dirs and/or files: 
-- Added test 'cpplint' to check C / C++ code against the Google style
-- Configured cpplint exclude dirs and/or files: 
-- Added test 'flake8' to check Python code syntax and style conventions
-- Added test 'lint_cmake' to check CMake code style
-- Added test 'pep257' to check Python code against some of the style conventions in PEP 257
-- Added test 'uncrustify' to check C / C++ code style
-- Configured uncrustify additional arguments: 
-- Added test 'xmllint' to check XML markup files
-- Configuring done
-- Generating done
-- Build files have been written to: /home/tutu/mr_ws_ros2/build/simple_controller
[ 33%] [32mBuilding CXX object CMakeFiles/controller_node.dir/src/controller.cpp.o[0m
[ 66%] [32mBuilding CXX object CMakeFiles/controller_node.dir/src/controller_node.cpp.o[0m
[01m[K/home/tutu/mr_ws_ros2/src/simple_controller/src/controller_node.cpp:[m[K In function ‘[01m[Kint main(int, char**)[m[K’:
[01m[K/home/tutu/mr_ws_ros2/src/simple_controller/src/controller_node.cpp:39:7:[m[K [01;35m[Kwarning: [m[Kignoring return value of ‘[01m[Krclcpp::node_interfaces::OnSetParametersCallbackHandle::SharedPtr rclcpp::Node::add_on_set_parameters_callback(rclcpp::Node::OnParametersSetCallbackType)[m[K’, declared with attribute warn_unused_result [[01;35m[K-Wunused-result[m[K]
   39 |     })[01;35m[K;[m[K
      |       [01;35m[K^[m[K
In file included from [01m[K/opt/ros/foxy/include/rclcpp/executors/single_threaded_executor.hpp:28[m[K,
                 from [01m[K/opt/ros/foxy/include/rclcpp/executors.hpp:22[m[K,
                 from [01m[K/opt/ros/foxy/include/rclcpp/rclcpp.hpp:146[m[K,
                 from [01m[K/home/tutu/mr_ws_ros2/src/simple_controller/src/controller_node.cpp:1[m[K:
[01m[K/opt/ros/foxy/include/rclcpp/node.hpp:819:3:[m[K [01;36m[Knote: [m[Kdeclared here
  819 |   [01;36m[Kadd_on_set_parameters_callback[m[K(OnParametersSetCallbackType callback);
      |   [01;36m[K^~~~~~~~~~~~~~~~~~~~~~~~~~~~~~[m[K
[01m[K/home/tutu/mr_ws_ros2/src/simple_controller/src/controller.cpp:[m[K In member function ‘[01m[Kstd::size_t simple_controller::Controller::get_nearest_path_pose_index(int, std::size_t)[m[K’:
[01m[K/home/tutu/mr_ws_ros2/src/simple_controller/src/controller.cpp:86:10:[m[K [01;35m[Kwarning: [m[K‘[01m[Knearest_index[m[K’ may be used uninitialized in this function [[01;35m[K-Wmaybe-uninitialized[m[K]
   86 |   return [01;35m[Knearest_index[m[K;
      |          [01;35m[K^~~~~~~~~~~~~[m[K
[100%] [32m[1mLinking CXX executable controller_node[0m
[100%] Built target controller_node
-- Install configuration: "RelWithDebInfo"
-- Execute custom install script
-- Symlinking: /home/tutu/mr_ws_ros2/install/simple_controller/share/ament_index/resource_index/package_run_dependencies/simple_controller
-- Symlinking: /home/tutu/mr_ws_ros2/install/simple_controller/share/ament_index/resource_index/parent_prefix_path/simple_controller
-- Symlinking: /home/tutu/mr_ws_ros2/install/simple_controller/share/simple_controller/environment/ament_prefix_path.sh
-- Symlinking: /home/tutu/mr_ws_ros2/install/simple_controller/share/simple_controller/environment/ament_prefix_path.dsv
-- Symlinking: /home/tutu/mr_ws_ros2/install/simple_controller/share/simple_controller/environment/path.sh
-- Symlinking: /home/tutu/mr_ws_ros2/install/simple_controller/share/simple_controller/environment/path.dsv
-- Symlinking: /home/tutu/mr_ws_ros2/install/simple_controller/share/simple_controller/local_setup.bash
-- Symlinking: /home/tutu/mr_ws_ros2/install/simple_controller/share/simple_controller/local_setup.sh
-- Symlinking: /home/tutu/mr_ws_ros2/install/simple_controller/share/simple_controller/local_setup.zsh
-- Symlinking: /home/tutu/mr_ws_ros2/install/simple_controller/share/simple_controller/local_setup.dsv
-- Symlinking: /home/tutu/mr_ws_ros2/install/simple_controller/share/simple_controller/package.dsv
-- Symlinking: /home/tutu/mr_ws_ros2/install/simple_controller/share/ament_index/resource_index/packages/simple_controller
-- Symlinking: /home/tutu/mr_ws_ros2/install/simple_controller/share/simple_controller/cmake/simple_controllerConfig.cmake
-- Symlinking: /home/tutu/mr_ws_ros2/install/simple_controller/share/simple_controller/cmake/simple_controllerConfig-version.cmake
-- Symlinking: /home/tutu/mr_ws_ros2/install/simple_controller/share/simple_controller/package.xml
-- Symlinking: /home/tutu/mr_ws_ros2/install/simple_controller/lib/simple_controller/controller_node
-- Symlinking: /home/tutu/mr_ws_ros2/install/simple_controller/share/simple_controller/launch/controller.launch.py
-- Symlinking: /home/tutu/mr_ws_ros2/install/simple_controller/share/simple_controller/launch/controller.yaml
-- Symlinking: /home/tutu/mr_ws_ros2/install/simple_controller/share/simple_controller/launch/controller1s.yaml
-- Symlinking: /home/tutu/mr_ws_ros2/install/simple_controller/share/simple_controller/launch/controller_curv.yaml
-- Symlinking: /home/tutu/mr_ws_ros2/install/simple_controller/share/simple_controller/launch/controller_stage.launch.py
-- Symlinking: /home/tutu/mr_ws_ros2/install/simple_controller/share/simple_controller/launch/slam.launch
-- Symlinking: /home/tutu/mr_ws_ros2/install/simple_controller/lib/simple_controller/start_rqt
-- Symlinking: /home/tutu/mr_ws_ros2/install/simple_controller/share/simple_controller/rqt_cfg/steer_error.perspective
