[0.031s] Invoking command in '/home/tutu/mr_ws_ros2/build/simple_controller': CMAKE_PREFIX_PATH=${CMAKE_PREFIX_PATH}:/opt/ros/foxy /usr/bin/cmake /home/tutu/mr_ws_ros2/src/simple_controller -DCMAKE_BUILD_TYPE=RelWithDebInfo -DAMENT_CMAKE_SYMLINK_INSTALL=1 -DCMAKE_INSTALL_PREFIX=/home/tutu/mr_ws_ros2/install/simple_controller
[0.048s] -- Found ament_cmake: 0.9.12 (/opt/ros/foxy/share/ament_cmake/cmake)
[0.072s] -- Using PYTHON_EXECUTABLE: /usr/bin/python3
[0.285s] -- Override CMake install command with custom implementation using symlinks instead of copying resources
[0.294s] -- Found rclcpp: 2.4.3 (/opt/ros/foxy/share/rclcpp/cmake)
[0.345s] -- Using all available rosidl_typesupport_c: rosidl_typesupport_fastrtps_c;rosidl_typesupport_introspection_c
[0.353s] -- Found rosidl_adapter: 1.3.1 (/opt/ros/foxy/share/rosidl_adapter/cmake)
[0.768s] -- Using all available rosidl_typesupport_cpp: rosidl_typesupport_fastrtps_cpp;rosidl_typesupport_introspection_cpp
[0.886s] -- Found rmw_implementation_cmake: 1.0.4 (/opt/ros/foxy/share/rmw_implementation_cmake/cmake)
[0.893s] -- Using RMW implementation 'rmw_fastrtps_cpp' as default
[1.403s] -- Found nav_msgs: 2.0.5 (/opt/ros/foxy/share/nav_msgs/cmake)
[1.850s] -- Found tf2: 0.13.14 (/opt/ros/foxy/share/tf2/cmake)
[1.899s] -- Found angles: 1.12.6 (/opt/ros/foxy/share/angles/cmake)
[1.911s] -- Found ament_lint_auto: 0.9.8 (/opt/ros/foxy/share/ament_lint_auto/cmake)
[2.116s] -- Added test 'copyright' to check source files copyright and LICENSE
[2.118s] -- Added test 'cppcheck' to perform static code analysis on C / C++ code
[2.119s] -- Configured cppcheck include dirs: 
[2.119s] -- Configured cppcheck exclude dirs and/or files: 
[2.121s] -- Added test 'cpplint' to check C / C++ code against the Google style
[2.122s] -- Configured cpplint exclude dirs and/or files: 
[2.129s] -- Added test 'flake8' to check Python code syntax and style conventions
[2.130s] -- Added test 'lint_cmake' to check CMake code style
[2.130s] -- Added test 'pep257' to check Python code against some of the style conventions in PEP 257
[2.132s] -- Added test 'uncrustify' to check C / C++ code style
[2.132s] -- Configured uncrustify additional arguments: 
[2.133s] -- Added test 'xmllint' to check XML markup files
[2.150s] -- Configuring done
[2.213s] -- Generating done
[2.216s] -- Build files have been written to: /home/tutu/mr_ws_ros2/build/simple_controller
[2.236s] Invoked command in '/home/tutu/mr_ws_ros2/build/simple_controller' returned '0': CMAKE_PREFIX_PATH=${CMAKE_PREFIX_PATH}:/opt/ros/foxy /usr/bin/cmake /home/tutu/mr_ws_ros2/src/simple_controller -DCMAKE_BUILD_TYPE=RelWithDebInfo -DAMENT_CMAKE_SYMLINK_INSTALL=1 -DCMAKE_INSTALL_PREFIX=/home/tutu/mr_ws_ros2/install/simple_controller
[2.238s] Invoking command in '/home/tutu/mr_ws_ros2/build/simple_controller': CMAKE_PREFIX_PATH=${CMAKE_PREFIX_PATH}:/opt/ros/foxy /usr/bin/cmake --build /home/tutu/mr_ws_ros2/build/simple_controller -- -j8 -l8
[2.529s] [ 33%] [32mBuilding CXX object CMakeFiles/controller_node.dir/src/controller.cpp.o[0m
[2.566s] [ 66%] [32mBuilding CXX object CMakeFiles/controller_node.dir/src/controller_node.cpp.o[0m
[7.442s] [01m[K/home/tutu/mr_ws_ros2/src/simple_controller/src/controller_node.cpp:[m[K In function ‘[01m[Kint main(int, char**)[m[K’:
[7.442s] [01m[K/home/tutu/mr_ws_ros2/src/simple_controller/src/controller_node.cpp:39:7:[m[K [01;35m[Kwarning: [m[Kignoring return value of ‘[01m[Krclcpp::node_interfaces::OnSetParametersCallbackHandle::SharedPtr rclcpp::Node::add_on_set_parameters_callback(rclcpp::Node::OnParametersSetCallbackType)[m[K’, declared with attribute warn_unused_result [[01;35m[K-Wunused-result[m[K]
[7.442s]    39 |     })[01;35m[K;[m[K
[7.443s]       |       [01;35m[K^[m[K
[7.443s] In file included from [01m[K/opt/ros/foxy/include/rclcpp/executors/single_threaded_executor.hpp:28[m[K,
[7.443s]                  from [01m[K/opt/ros/foxy/include/rclcpp/executors.hpp:22[m[K,
[7.443s]                  from [01m[K/opt/ros/foxy/include/rclcpp/rclcpp.hpp:146[m[K,
[7.443s]                  from [01m[K/home/tutu/mr_ws_ros2/src/simple_controller/src/controller_node.cpp:1[m[K:
[7.443s] [01m[K/opt/ros/foxy/include/rclcpp/node.hpp:819:3:[m[K [01;36m[Knote: [m[Kdeclared here
[7.443s]   819 |   [01;36m[Kadd_on_set_parameters_callback[m[K(OnParametersSetCallbackType callback);
[7.444s]       |   [01;36m[K^~~~~~~~~~~~~~~~~~~~~~~~~~~~~~[m[K
[29.459s] [01m[K/home/tutu/mr_ws_ros2/src/simple_controller/src/controller.cpp:[m[K In member function ‘[01m[Kstd::size_t simple_controller::Controller::get_nearest_path_pose_index(int, std::size_t)[m[K’:
[29.459s] [01m[K/home/tutu/mr_ws_ros2/src/simple_controller/src/controller.cpp:86:10:[m[K [01;35m[Kwarning: [m[K‘[01m[Knearest_index[m[K’ may be used uninitialized in this function [[01;35m[K-Wmaybe-uninitialized[m[K]
[29.459s]    86 |   return [01;35m[Knearest_index[m[K;
[29.459s]       |          [01;35m[K^~~~~~~~~~~~~[m[K
[48.364s] [100%] [32m[1mLinking CXX executable controller_node[0m
[48.800s] [100%] Built target controller_node
[48.815s] Invoked command in '/home/tutu/mr_ws_ros2/build/simple_controller' returned '0': CMAKE_PREFIX_PATH=${CMAKE_PREFIX_PATH}:/opt/ros/foxy /usr/bin/cmake --build /home/tutu/mr_ws_ros2/build/simple_controller -- -j8 -l8
[48.852s] Invoking command in '/home/tutu/mr_ws_ros2/build/simple_controller': CMAKE_PREFIX_PATH=${CMAKE_PREFIX_PATH}:/opt/ros/foxy /usr/bin/cmake --install /home/tutu/mr_ws_ros2/build/simple_controller
[48.862s] -- Install configuration: "RelWithDebInfo"
[48.863s] -- Execute custom install script
[48.863s] -- Symlinking: /home/tutu/mr_ws_ros2/install/simple_controller/share/ament_index/resource_index/package_run_dependencies/simple_controller
[48.875s] -- Symlinking: /home/tutu/mr_ws_ros2/install/simple_controller/share/ament_index/resource_index/parent_prefix_path/simple_controller
[48.888s] -- Symlinking: /home/tutu/mr_ws_ros2/install/simple_controller/share/simple_controller/environment/ament_prefix_path.sh
[48.899s] -- Symlinking: /home/tutu/mr_ws_ros2/install/simple_controller/share/simple_controller/environment/ament_prefix_path.dsv
[48.911s] -- Symlinking: /home/tutu/mr_ws_ros2/install/simple_controller/share/simple_controller/environment/path.sh
[48.924s] -- Symlinking: /home/tutu/mr_ws_ros2/install/simple_controller/share/simple_controller/environment/path.dsv
[48.937s] -- Symlinking: /home/tutu/mr_ws_ros2/install/simple_controller/share/simple_controller/local_setup.bash
[48.947s] -- Symlinking: /home/tutu/mr_ws_ros2/install/simple_controller/share/simple_controller/local_setup.sh
[48.960s] -- Symlinking: /home/tutu/mr_ws_ros2/install/simple_controller/share/simple_controller/local_setup.zsh
[48.973s] -- Symlinking: /home/tutu/mr_ws_ros2/install/simple_controller/share/simple_controller/local_setup.dsv
[48.986s] -- Symlinking: /home/tutu/mr_ws_ros2/install/simple_controller/share/simple_controller/package.dsv
[48.997s] -- Symlinking: /home/tutu/mr_ws_ros2/install/simple_controller/share/ament_index/resource_index/packages/simple_controller
[49.009s] -- Symlinking: /home/tutu/mr_ws_ros2/install/simple_controller/share/simple_controller/cmake/simple_controllerConfig.cmake
[49.021s] -- Symlinking: /home/tutu/mr_ws_ros2/install/simple_controller/share/simple_controller/cmake/simple_controllerConfig-version.cmake
[49.030s] -- Symlinking: /home/tutu/mr_ws_ros2/install/simple_controller/share/simple_controller/package.xml
[49.042s] -- Symlinking: /home/tutu/mr_ws_ros2/install/simple_controller/lib/simple_controller/controller_node
[49.054s] -- Symlinking: /home/tutu/mr_ws_ros2/install/simple_controller/share/simple_controller/launch/controller.launch.py
[49.064s] -- Symlinking: /home/tutu/mr_ws_ros2/install/simple_controller/share/simple_controller/launch/controller.yaml
[49.075s] -- Symlinking: /home/tutu/mr_ws_ros2/install/simple_controller/share/simple_controller/launch/controller1s.yaml
[49.088s] -- Symlinking: /home/tutu/mr_ws_ros2/install/simple_controller/share/simple_controller/launch/controller_curv.yaml
[49.098s] -- Symlinking: /home/tutu/mr_ws_ros2/install/simple_controller/share/simple_controller/launch/controller_stage.launch.py
[49.110s] -- Symlinking: /home/tutu/mr_ws_ros2/install/simple_controller/share/simple_controller/launch/slam.launch
[49.122s] -- Symlinking: /home/tutu/mr_ws_ros2/install/simple_controller/lib/simple_controller/start_rqt
[49.135s] -- Symlinking: /home/tutu/mr_ws_ros2/install/simple_controller/share/simple_controller/rqt_cfg/steer_error.perspective
[49.148s] Invoked command in '/home/tutu/mr_ws_ros2/build/simple_controller' returned '0': CMAKE_PREFIX_PATH=${CMAKE_PREFIX_PATH}:/opt/ros/foxy /usr/bin/cmake --install /home/tutu/mr_ws_ros2/build/simple_controller
