[0.030s] Invoking command in '/home/tutu/ros2m/build/stage_ros2': CMAKE_PREFIX_PATH=/home/tutu/ros2m/install/Stage:/home/tutu/ros2m/install/stage_ros2:/home/tutu/ros2m/install/stage_controller:/home/tutu/ros2m/install/simple_planner:/home/tutu/ros2m/install/simple_controller:/home/tutu/ros2m/install/feature_matcher:/home/tutu/ros2m/install/cart_launch:/home/tutu/ros2m/install/barrel_slam:/home/tutu/ros2m/install/angles:/opt/ros/humble LD_LIBRARY_PATH=/home/tutu/ros2m/install/Stage/lib:/home/tutu/ros2m/install/stage_ros2/lib:/usr/lib/x86_64-linux-gnu/gazebo-11/plugins:/opt/ros/humble/opt/rviz_ogre_vendor/lib:/opt/ros/humble/lib/x86_64-linux-gnu:/opt/ros/humble/lib /usr/bin/cmake --build /home/tutu/ros2m/build/stage_ros2 -- -j1 -l1
[0.168s] [ 71%] Built target stage_node
[0.241s] [100%] Built target stage_ros2
[0.265s] Invoked command in '/home/tutu/ros2m/build/stage_ros2' returned '0': CMAKE_PREFIX_PATH=/home/tutu/ros2m/install/Stage:/home/tutu/ros2m/install/stage_ros2:/home/tutu/ros2m/install/stage_controller:/home/tutu/ros2m/install/simple_planner:/home/tutu/ros2m/install/simple_controller:/home/tutu/ros2m/install/feature_matcher:/home/tutu/ros2m/install/cart_launch:/home/tutu/ros2m/install/barrel_slam:/home/tutu/ros2m/install/angles:/opt/ros/humble LD_LIBRARY_PATH=/home/tutu/ros2m/install/Stage/lib:/home/tutu/ros2m/install/stage_ros2/lib:/usr/lib/x86_64-linux-gnu/gazebo-11/plugins:/opt/ros/humble/opt/rviz_ogre_vendor/lib:/opt/ros/humble/lib/x86_64-linux-gnu:/opt/ros/humble/lib /usr/bin/cmake --build /home/tutu/ros2m/build/stage_ros2 -- -j1 -l1
[0.269s] Invoking command in '/home/tutu/ros2m/build/stage_ros2': CMAKE_PREFIX_PATH=/home/tutu/ros2m/install/Stage:/home/tutu/ros2m/install/stage_ros2:/home/tutu/ros2m/install/stage_controller:/home/tutu/ros2m/install/simple_planner:/home/tutu/ros2m/install/simple_controller:/home/tutu/ros2m/install/feature_matcher:/home/tutu/ros2m/install/cart_launch:/home/tutu/ros2m/install/barrel_slam:/home/tutu/ros2m/install/angles:/opt/ros/humble LD_LIBRARY_PATH=/home/tutu/ros2m/install/Stage/lib:/home/tutu/ros2m/install/stage_ros2/lib:/usr/lib/x86_64-linux-gnu/gazebo-11/plugins:/opt/ros/humble/opt/rviz_ogre_vendor/lib:/opt/ros/humble/lib/x86_64-linux-gnu:/opt/ros/humble/lib /usr/bin/cmake --install /home/tutu/ros2m/build/stage_ros2
[0.286s] -- Install configuration: ""
[0.286s] -- Up-to-date: /home/tutu/ros2m/install/stage_ros2/share/stage_ros2/environment/library_path.sh
[0.287s] -- Up-to-date: /home/tutu/ros2m/install/stage_ros2/share/stage_ros2/environment/library_path.dsv
[0.287s] -- Up-to-date: /home/tutu/ros2m/install/stage_ros2/share/stage_ros2//launch
[0.288s] -- Up-to-date: /home/tutu/ros2m/install/stage_ros2/share/stage_ros2//launch/f710.launch.py
[0.288s] -- Up-to-date: /home/tutu/ros2m/install/stage_ros2/share/stage_ros2//launch/rviz.launch.py
[0.288s] -- Up-to-date: /home/tutu/ros2m/install/stage_ros2/share/stage_ros2//launch/rviz_ns.launch.py
[0.289s] -- Up-to-date: /home/tutu/ros2m/install/stage_ros2/share/stage_ros2//launch/stage.launch.py
[0.293s] -- Up-to-date: /home/tutu/ros2m/install/stage_ros2/share/stage_ros2//launch/demo.launch.py
[0.293s] -- Up-to-date: /home/tutu/ros2m/install/stage_ros2/share/stage_ros2//world
[0.293s] -- Up-to-date: /home/tutu/ros2m/install/stage_ros2/share/stage_ros2//world/willow-four-erratics-multisensor.world
[0.293s] -- Up-to-date: /home/tutu/ros2m/install/stage_ros2/share/stage_ros2//world/cave.world
[0.293s] -- Up-to-date: /home/tutu/ros2m/install/stage_ros2/share/stage_ros2//world/cave_seven_robots.world
[0.293s] -- Up-to-date: /home/tutu/ros2m/install/stage_ros2/share/stage_ros2//world/bitmaps
[0.293s] -- Up-to-date: /home/tutu/ros2m/install/stage_ros2/share/stage_ros2//world/bitmaps/hallway.png
[0.293s] -- Up-to-date: /home/tutu/ros2m/install/stage_ros2/share/stage_ros2//world/bitmaps/cave.png
[0.293s] -- Up-to-date: /home/tutu/ros2m/install/stage_ros2/share/stage_ros2//world/bitmaps/hallway.pgm
[0.293s] -- Up-to-date: /home/tutu/ros2m/install/stage_ros2/share/stage_ros2//world/bitmaps/warehouse200.pgm
[0.293s] -- Up-to-date: /home/tutu/ros2m/install/stage_ros2/share/stage_ros2//world/bitmaps/line.png
[0.294s] -- Up-to-date: /home/tutu/ros2m/install/stage_ros2/share/stage_ros2//world/bitmaps/warehouse032.pgm
[0.294s] -- Up-to-date: /home/tutu/ros2m/install/stage_ros2/share/stage_ros2//world/bitmaps/willow-full.pgm
[0.294s] -- Up-to-date: /home/tutu/ros2m/install/stage_ros2/share/stage_ros2//world/bitmaps/warehouse008.pgm
[0.294s] -- Up-to-date: /home/tutu/ros2m/install/stage_ros2/share/stage_ros2//world/bitmaps/straden.png
[0.294s] -- Up-to-date: /home/tutu/ros2m/install/stage_ros2/share/stage_ros2//world/include
[0.294s] -- Up-to-date: /home/tutu/ros2m/install/stage_ros2/share/stage_ros2//world/include/robots.inc
[0.295s] -- Up-to-date: /home/tutu/ros2m/install/stage_ros2/share/stage_ros2//world/include/pioneer2dx.inc
[0.295s] -- Up-to-date: /home/tutu/ros2m/install/stage_ros2/share/stage_ros2//world/cave_three_robots.world
[0.295s] -- Up-to-date: /home/tutu/ros2m/install/stage_ros2/share/stage_ros2//world/lines.world
[0.295s] -- Up-to-date: /home/tutu/ros2m/install/stage_ros2/share/stage_ros2//world/cave_multi.world
[0.297s] -- Up-to-date: /home/tutu/ros2m/install/stage_ros2/share/stage_ros2//world/straden.world
[0.297s] -- Up-to-date: /home/tutu/ros2m/install/stage_ros2/share/stage_ros2//world/hallway.world
[0.297s] -- Up-to-date: /home/tutu/ros2m/install/stage_ros2/share/stage_ros2//config
[0.297s] -- Up-to-date: /home/tutu/ros2m/install/stage_ros2/share/stage_ros2//config/teleop_twist_joy
[0.297s] -- Up-to-date: /home/tutu/ros2m/install/stage_ros2/share/stage_ros2//config/teleop_twist_joy/f710.config.yaml
[0.298s] -- Up-to-date: /home/tutu/ros2m/install/stage_ros2/share/stage_ros2//config/rviz
[0.298s] -- Up-to-date: /home/tutu/ros2m/install/stage_ros2/share/stage_ros2//config/rviz/lines.rviz
[0.298s] -- Up-to-date: /home/tutu/ros2m/install/stage_ros2/share/stage_ros2//config/rviz/robot0.rviz
[0.298s] -- Up-to-date: /home/tutu/ros2m/install/stage_ros2/share/stage_ros2//config/rviz/cave_seven_robots.rviz
[0.298s] -- Up-to-date: /home/tutu/ros2m/install/stage_ros2/share/stage_ros2//config/rviz/cave_three_robots.rviz
[0.298s] -- Up-to-date: /home/tutu/ros2m/install/stage_ros2/share/stage_ros2//config/rviz/robot_ns_depth.rviz
[0.298s] -- Up-to-date: /home/tutu/ros2m/install/stage_ros2/share/stage_ros2//config/rviz/robot_ns.rviz
[0.298s] -- Up-to-date: /home/tutu/ros2m/install/stage_ros2/share/stage_ros2//config/rviz/cave.rviz
[0.298s] -- Up-to-date: /home/tutu/ros2m/install/stage_ros2/lib/libstage_node.so
[0.298s] -- Up-to-date: /home/tutu/ros2m/install/stage_ros2/lib/stage_ros2/stage_ros2
[0.298s] -- Up-to-date: /home/tutu/ros2m/install/stage_ros2/share/ament_index/resource_index/package_run_dependencies/stage_ros2
[0.298s] -- Up-to-date: /home/tutu/ros2m/install/stage_ros2/share/ament_index/resource_index/parent_prefix_path/stage_ros2
[0.298s] -- Up-to-date: /home/tutu/ros2m/install/stage_ros2/share/stage_ros2/environment/ament_prefix_path.sh
[0.298s] -- Up-to-date: /home/tutu/ros2m/install/stage_ros2/share/stage_ros2/environment/ament_prefix_path.dsv
[0.298s] -- Up-to-date: /home/tutu/ros2m/install/stage_ros2/share/stage_ros2/environment/path.sh
[0.298s] -- Up-to-date: /home/tutu/ros2m/install/stage_ros2/share/stage_ros2/environment/path.dsv
[0.298s] -- Up-to-date: /home/tutu/ros2m/install/stage_ros2/share/stage_ros2/local_setup.bash
[0.298s] -- Up-to-date: /home/tutu/ros2m/install/stage_ros2/share/stage_ros2/local_setup.sh
[0.298s] -- Up-to-date: /home/tutu/ros2m/install/stage_ros2/share/stage_ros2/local_setup.zsh
[0.298s] -- Up-to-date: /home/tutu/ros2m/install/stage_ros2/share/stage_ros2/local_setup.dsv
[0.299s] -- Installing: /home/tutu/ros2m/install/stage_ros2/share/stage_ros2/package.dsv
[0.299s] -- Up-to-date: /home/tutu/ros2m/install/stage_ros2/share/ament_index/resource_index/packages/stage_ros2
[0.305s] -- Up-to-date: /home/tutu/ros2m/install/stage_ros2/share/stage_ros2/cmake/stage_ros2Config.cmake
[0.306s] -- Up-to-date: /home/tutu/ros2m/install/stage_ros2/share/stage_ros2/cmake/stage_ros2Config-version.cmake
[0.306s] -- Up-to-date: /home/tutu/ros2m/install/stage_ros2/share/stage_ros2/package.xml
[0.306s] Invoked command in '/home/tutu/ros2m/build/stage_ros2' returned '0': CMAKE_PREFIX_PATH=/home/tutu/ros2m/install/Stage:/home/tutu/ros2m/install/stage_ros2:/home/tutu/ros2m/install/stage_controller:/home/tutu/ros2m/install/simple_planner:/home/tutu/ros2m/install/simple_controller:/home/tutu/ros2m/install/feature_matcher:/home/tutu/ros2m/install/cart_launch:/home/tutu/ros2m/install/barrel_slam:/home/tutu/ros2m/install/angles:/opt/ros/humble LD_LIBRARY_PATH=/home/tutu/ros2m/install/Stage/lib:/home/tutu/ros2m/install/stage_ros2/lib:/usr/lib/x86_64-linux-gnu/gazebo-11/plugins:/opt/ros/humble/opt/rviz_ogre_vendor/lib:/opt/ros/humble/lib/x86_64-linux-gnu:/opt/ros/humble/lib /usr/bin/cmake --install /home/tutu/ros2m/build/stage_ros2
