[0.156s] DEBUG:colcon:Command line arguments: ['/usr/bin/colcon', 'build']
[0.156s] DEBUG:colcon:Parsed command line arguments: Namespace(allow_overriding=[], ament_cmake_args=None, base_paths=['.'], build_base='build', catkin_cmake_args=None, catkin_skip_building_tests=False, cmake_args=None, cmake_clean_cache=False, cmake_clean_first=False, cmake_force_configure=False, cmake_target=None, cmake_target_skip_unavailable=False, continue_on_error=False, event_handlers=None, executor='parallel', ignore_user_meta=False, install_base='install', log_base=None, log_level=None, main=<bound method BuildVerb.main of <colcon_core.verb.build.BuildVerb object at 0x7f4e052ec100>>, merge_install=False, metas=['./colcon.meta'], packages_above=None, packages_above_and_dependencies=None, packages_above_depth=None, packages_end=None, packages_ignore=None, packages_ignore_regex=None, packages_select=None, packages_select_build_failed=False, packages_select_by_dep=None, packages_select_regex=None, packages_select_test_failures=False, packages_skip=None, packages_skip_build_finished=False, packages_skip_by_dep=None, packages_skip_regex=None, packages_skip_test_passed=False, packages_skip_up_to=None, packages_start=None, packages_up_to=None, packages_up_to_regex=None, parallel_workers=8, paths=None, symlink_install=False, test_result_base=None, verb_extension=<colcon_core.verb.build.BuildVerb object at 0x7f4e052ec100>, verb_name='build', verb_parser=<colcon_defaults.argument_parser.defaults.DefaultArgumentsDecorator object at 0x7f4e0516de80>)
[0.275s] Level 1:colcon.colcon_core.package_discovery:discover_packages(colcon_meta) check parameters
[0.275s] Level 1:colcon.colcon_core.package_discovery:discover_packages(recursive) check parameters
[0.275s] Level 1:colcon.colcon_core.package_discovery:discover_packages(ignore) check parameters
[0.275s] Level 1:colcon.colcon_core.package_discovery:discover_packages(path) check parameters
[0.275s] Level 1:colcon.colcon_core.package_discovery:discover_packages(colcon_meta) discover
[0.275s] Level 1:colcon.colcon_core.package_discovery:discover_packages(recursive) discover
[0.275s] INFO:colcon.colcon_core.package_discovery:Crawling recursively for packages in '/home/tutu/mr_ws_ros2'
[0.275s] Level 1:colcon.colcon_core.package_identification:_identify(.) by extensions ['ignore', 'ignore_ament_install']
[0.275s] Level 1:colcon.colcon_core.package_identification:_identify(.) by extension 'ignore'
[0.275s] Level 1:colcon.colcon_core.package_identification:_identify(.) by extension 'ignore_ament_install'
[0.275s] Level 1:colcon.colcon_core.package_identification:_identify(.) by extensions ['colcon_pkg']
[0.275s] Level 1:colcon.colcon_core.package_identification:_identify(.) by extension 'colcon_pkg'
[0.275s] Level 1:colcon.colcon_core.package_identification:_identify(.) by extensions ['colcon_meta']
[0.275s] Level 1:colcon.colcon_core.package_identification:_identify(.) by extension 'colcon_meta'
[0.275s] Level 1:colcon.colcon_core.package_identification:_identify(.) by extensions ['ros']
[0.275s] Level 1:colcon.colcon_core.package_identification:_identify(.) by extension 'ros'
[0.285s] Level 1:colcon.colcon_core.package_identification:_identify(.) by extensions ['cmake', 'python']
[0.285s] Level 1:colcon.colcon_core.package_identification:_identify(.) by extension 'cmake'
[0.285s] Level 1:colcon.colcon_core.package_identification:_identify(.) by extension 'python'
[0.285s] Level 1:colcon.colcon_core.package_identification:_identify(.) by extensions ['python_setup_py']
[0.285s] Level 1:colcon.colcon_core.package_identification:_identify(.) by extension 'python_setup_py'
[0.285s] Level 1:colcon.colcon_core.package_identification:_identify(build) by extensions ['ignore', 'ignore_ament_install']
[0.285s] Level 1:colcon.colcon_core.package_identification:_identify(build) by extension 'ignore'
[0.285s] Level 1:colcon.colcon_core.package_identification:_identify(build) ignored
[0.285s] Level 1:colcon.colcon_core.package_identification:_identify(install) by extensions ['ignore', 'ignore_ament_install']
[0.285s] Level 1:colcon.colcon_core.package_identification:_identify(install) by extension 'ignore'
[0.285s] Level 1:colcon.colcon_core.package_identification:_identify(install) ignored
[0.285s] Level 1:colcon.colcon_core.package_identification:_identify(log) by extensions ['ignore', 'ignore_ament_install']
[0.285s] Level 1:colcon.colcon_core.package_identification:_identify(log) by extension 'ignore'
[0.285s] Level 1:colcon.colcon_core.package_identification:_identify(log) ignored
[0.286s] Level 1:colcon.colcon_core.package_identification:_identify(src) by extensions ['ignore', 'ignore_ament_install']
[0.286s] Level 1:colcon.colcon_core.package_identification:_identify(src) by extension 'ignore'
[0.286s] Level 1:colcon.colcon_core.package_identification:_identify(src) by extension 'ignore_ament_install'
[0.286s] Level 1:colcon.colcon_core.package_identification:_identify(src) by extensions ['colcon_pkg']
[0.286s] Level 1:colcon.colcon_core.package_identification:_identify(src) by extension 'colcon_pkg'
[0.286s] Level 1:colcon.colcon_core.package_identification:_identify(src) by extensions ['colcon_meta']
[0.286s] Level 1:colcon.colcon_core.package_identification:_identify(src) by extension 'colcon_meta'
[0.286s] Level 1:colcon.colcon_core.package_identification:_identify(src) by extensions ['ros']
[0.286s] Level 1:colcon.colcon_core.package_identification:_identify(src) by extension 'ros'
[0.286s] Level 1:colcon.colcon_core.package_identification:_identify(src) by extensions ['cmake', 'python']
[0.286s] Level 1:colcon.colcon_core.package_identification:_identify(src) by extension 'cmake'
[0.286s] Level 1:colcon.colcon_core.package_identification:_identify(src) by extension 'python'
[0.286s] Level 1:colcon.colcon_core.package_identification:_identify(src) by extensions ['python_setup_py']
[0.286s] Level 1:colcon.colcon_core.package_identification:_identify(src) by extension 'python_setup_py'
[0.286s] Level 1:colcon.colcon_core.package_identification:_identify(src/Stage) by extensions ['ignore', 'ignore_ament_install']
[0.286s] Level 1:colcon.colcon_core.package_identification:_identify(src/Stage) by extension 'ignore'
[0.286s] Level 1:colcon.colcon_core.package_identification:_identify(src/Stage) by extension 'ignore_ament_install'
[0.286s] Level 1:colcon.colcon_core.package_identification:_identify(src/Stage) by extensions ['colcon_pkg']
[0.286s] Level 1:colcon.colcon_core.package_identification:_identify(src/Stage) by extension 'colcon_pkg'
[0.286s] Level 1:colcon.colcon_core.package_identification:_identify(src/Stage) by extensions ['colcon_meta']
[0.286s] Level 1:colcon.colcon_core.package_identification:_identify(src/Stage) by extension 'colcon_meta'
[0.286s] Level 1:colcon.colcon_core.package_identification:_identify(src/Stage) by extensions ['ros']
[0.286s] Level 1:colcon.colcon_core.package_identification:_identify(src/Stage) by extension 'ros'
[0.286s] Level 1:colcon.colcon_core.package_identification:_identify(src/Stage) by extensions ['cmake', 'python']
[0.287s] Level 1:colcon.colcon_core.package_identification:_identify(src/Stage) by extension 'cmake'
[0.289s] Level 1:colcon.colcon_core.package_identification:_identify(src/Stage) by extension 'python'
[0.290s] DEBUG:colcon.colcon_core.package_identification:Package 'src/Stage' with type 'cmake' and name 'Stage'
[0.290s] Level 1:colcon.colcon_core.package_identification:_identify(src/cart_launch) by extensions ['ignore', 'ignore_ament_install']
[0.290s] Level 1:colcon.colcon_core.package_identification:_identify(src/cart_launch) by extension 'ignore'
[0.290s] Level 1:colcon.colcon_core.package_identification:_identify(src/cart_launch) by extension 'ignore_ament_install'
[0.290s] Level 1:colcon.colcon_core.package_identification:_identify(src/cart_launch) by extensions ['colcon_pkg']
[0.290s] Level 1:colcon.colcon_core.package_identification:_identify(src/cart_launch) by extension 'colcon_pkg'
[0.290s] Level 1:colcon.colcon_core.package_identification:_identify(src/cart_launch) by extensions ['colcon_meta']
[0.290s] Level 1:colcon.colcon_core.package_identification:_identify(src/cart_launch) by extension 'colcon_meta'
[0.290s] Level 1:colcon.colcon_core.package_identification:_identify(src/cart_launch) by extensions ['ros']
[0.290s] Level 1:colcon.colcon_core.package_identification:_identify(src/cart_launch) by extension 'ros'
[0.292s] DEBUG:colcon.colcon_core.package_identification:Package 'src/cart_launch' with type 'ros.ament_cmake' and name 'cart_launch'
[0.292s] Level 1:colcon.colcon_core.package_identification:_identify(src/simple_controller) by extensions ['ignore', 'ignore_ament_install']
[0.292s] Level 1:colcon.colcon_core.package_identification:_identify(src/simple_controller) by extension 'ignore'
[0.292s] Level 1:colcon.colcon_core.package_identification:_identify(src/simple_controller) by extension 'ignore_ament_install'
[0.292s] Level 1:colcon.colcon_core.package_identification:_identify(src/simple_controller) by extensions ['colcon_pkg']
[0.292s] Level 1:colcon.colcon_core.package_identification:_identify(src/simple_controller) by extension 'colcon_pkg'
[0.292s] Level 1:colcon.colcon_core.package_identification:_identify(src/simple_controller) by extensions ['colcon_meta']
[0.292s] Level 1:colcon.colcon_core.package_identification:_identify(src/simple_controller) by extension 'colcon_meta'
[0.292s] Level 1:colcon.colcon_core.package_identification:_identify(src/simple_controller) by extensions ['ros']
[0.292s] Level 1:colcon.colcon_core.package_identification:_identify(src/simple_controller) by extension 'ros'
[0.293s] DEBUG:colcon.colcon_core.package_identification:Package 'src/simple_controller' with type 'ros.ament_cmake' and name 'simple_controller'
[0.293s] Level 1:colcon.colcon_core.package_identification:_identify(src/stage_controller) by extensions ['ignore', 'ignore_ament_install']
[0.293s] Level 1:colcon.colcon_core.package_identification:_identify(src/stage_controller) by extension 'ignore'
[0.293s] Level 1:colcon.colcon_core.package_identification:_identify(src/stage_controller) by extension 'ignore_ament_install'
[0.293s] Level 1:colcon.colcon_core.package_identification:_identify(src/stage_controller) by extensions ['colcon_pkg']
[0.293s] Level 1:colcon.colcon_core.package_identification:_identify(src/stage_controller) by extension 'colcon_pkg'
[0.293s] Level 1:colcon.colcon_core.package_identification:_identify(src/stage_controller) by extensions ['colcon_meta']
[0.293s] Level 1:colcon.colcon_core.package_identification:_identify(src/stage_controller) by extension 'colcon_meta'
[0.293s] Level 1:colcon.colcon_core.package_identification:_identify(src/stage_controller) by extensions ['ros']
[0.293s] Level 1:colcon.colcon_core.package_identification:_identify(src/stage_controller) by extension 'ros'
[0.294s] DEBUG:colcon.colcon_core.package_identification:Package 'src/stage_controller' with type 'ros.ament_cmake' and name 'stage_controller'
[0.294s] Level 1:colcon.colcon_core.package_identification:_identify(src/stage_ros2) by extensions ['ignore', 'ignore_ament_install']
[0.294s] Level 1:colcon.colcon_core.package_identification:_identify(src/stage_ros2) by extension 'ignore'
[0.294s] Level 1:colcon.colcon_core.package_identification:_identify(src/stage_ros2) by extension 'ignore_ament_install'
[0.294s] Level 1:colcon.colcon_core.package_identification:_identify(src/stage_ros2) by extensions ['colcon_pkg']
[0.294s] Level 1:colcon.colcon_core.package_identification:_identify(src/stage_ros2) by extension 'colcon_pkg'
[0.294s] Level 1:colcon.colcon_core.package_identification:_identify(src/stage_ros2) by extensions ['colcon_meta']
[0.294s] Level 1:colcon.colcon_core.package_identification:_identify(src/stage_ros2) by extension 'colcon_meta'
[0.294s] Level 1:colcon.colcon_core.package_identification:_identify(src/stage_ros2) by extensions ['ros']
[0.294s] Level 1:colcon.colcon_core.package_identification:_identify(src/stage_ros2) by extension 'ros'
[0.295s] DEBUG:colcon.colcon_core.package_identification:Package 'src/stage_ros2' with type 'ros.ament_cmake' and name 'stage_ros2'
[0.295s] Level 1:colcon.colcon_core.package_discovery:discover_packages(recursive) using defaults
[0.295s] Level 1:colcon.colcon_core.package_discovery:discover_packages(ignore) discover
[0.295s] Level 1:colcon.colcon_core.package_discovery:discover_packages(ignore) using defaults
[0.295s] Level 1:colcon.colcon_core.package_discovery:discover_packages(path) discover
[0.295s] Level 1:colcon.colcon_core.package_discovery:discover_packages(path) using defaults
[0.308s] Level 1:colcon.colcon_core.package_discovery:discover_packages(prefix_path) check parameters
[0.308s] Level 1:colcon.colcon_core.package_discovery:discover_packages(prefix_path) discover
[0.310s] DEBUG:colcon.colcon_installed_package_information.package_discovery:Found 260 installed packages in /opt/ros/foxy
[0.311s] Level 1:colcon.colcon_core.package_discovery:discover_packages(prefix_path) using defaults
[0.364s] Level 5:colcon.colcon_core.verb:set package 'Stage' build argument 'cmake_args' from command line to 'None'
[0.364s] Level 5:colcon.colcon_core.verb:set package 'Stage' build argument 'cmake_target' from command line to 'None'
[0.364s] Level 5:colcon.colcon_core.verb:set package 'Stage' build argument 'cmake_target_skip_unavailable' from command line to 'False'
[0.364s] Level 5:colcon.colcon_core.verb:set package 'Stage' build argument 'cmake_clean_cache' from command line to 'False'
[0.364s] Level 5:colcon.colcon_core.verb:set package 'Stage' build argument 'cmake_clean_first' from command line to 'False'
[0.364s] Level 5:colcon.colcon_core.verb:set package 'Stage' build argument 'cmake_force_configure' from command line to 'False'
[0.364s] Level 5:colcon.colcon_core.verb:set package 'Stage' build argument 'ament_cmake_args' from command line to 'None'
[0.364s] Level 5:colcon.colcon_core.verb:set package 'Stage' build argument 'catkin_cmake_args' from command line to 'None'
[0.364s] Level 5:colcon.colcon_core.verb:set package 'Stage' build argument 'catkin_skip_building_tests' from command line to 'False'
[0.364s] DEBUG:colcon.colcon_core.verb:Building package 'Stage' with the following arguments: {'ament_cmake_args': None, 'build_base': '/home/tutu/mr_ws_ros2/build/Stage', 'catkin_cmake_args': None, 'catkin_skip_building_tests': False, 'cmake_args': None, 'cmake_clean_cache': False, 'cmake_clean_first': False, 'cmake_force_configure': False, 'cmake_target': None, 'cmake_target_skip_unavailable': False, 'install_base': '/home/tutu/mr_ws_ros2/install/Stage', 'merge_install': False, 'path': '/home/tutu/mr_ws_ros2/src/Stage', 'symlink_install': False, 'test_result_base': None}
[0.365s] Level 5:colcon.colcon_core.verb:set package 'cart_launch' build argument 'cmake_args' from command line to 'None'
[0.365s] Level 5:colcon.colcon_core.verb:set package 'cart_launch' build argument 'cmake_target' from command line to 'None'
[0.365s] Level 5:colcon.colcon_core.verb:set package 'cart_launch' build argument 'cmake_target_skip_unavailable' from command line to 'False'
[0.365s] Level 5:colcon.colcon_core.verb:set package 'cart_launch' build argument 'cmake_clean_cache' from command line to 'False'
[0.365s] Level 5:colcon.colcon_core.verb:set package 'cart_launch' build argument 'cmake_clean_first' from command line to 'False'
[0.365s] Level 5:colcon.colcon_core.verb:set package 'cart_launch' build argument 'cmake_force_configure' from command line to 'False'
[0.365s] Level 5:colcon.colcon_core.verb:set package 'cart_launch' build argument 'ament_cmake_args' from command line to 'None'
[0.365s] Level 5:colcon.colcon_core.verb:set package 'cart_launch' build argument 'catkin_cmake_args' from command line to 'None'
[0.365s] Level 5:colcon.colcon_core.verb:set package 'cart_launch' build argument 'catkin_skip_building_tests' from command line to 'False'
[0.365s] DEBUG:colcon.colcon_core.verb:Building package 'cart_launch' with the following arguments: {'ament_cmake_args': None, 'build_base': '/home/tutu/mr_ws_ros2/build/cart_launch', 'catkin_cmake_args': None, 'catkin_skip_building_tests': False, 'cmake_args': None, 'cmake_clean_cache': False, 'cmake_clean_first': False, 'cmake_force_configure': False, 'cmake_target': None, 'cmake_target_skip_unavailable': False, 'install_base': '/home/tutu/mr_ws_ros2/install/cart_launch', 'merge_install': False, 'path': '/home/tutu/mr_ws_ros2/src/cart_launch', 'symlink_install': False, 'test_result_base': None}
[0.365s] Level 5:colcon.colcon_core.verb:set package 'simple_controller' build argument 'cmake_args' from command line to 'None'
[0.366s] Level 5:colcon.colcon_core.verb:set package 'simple_controller' build argument 'cmake_target' from command line to 'None'
[0.366s] Level 5:colcon.colcon_core.verb:set package 'simple_controller' build argument 'cmake_target_skip_unavailable' from command line to 'False'
[0.366s] Level 5:colcon.colcon_core.verb:set package 'simple_controller' build argument 'cmake_clean_cache' from command line to 'False'
[0.366s] Level 5:colcon.colcon_core.verb:set package 'simple_controller' build argument 'cmake_clean_first' from command line to 'False'
[0.366s] Level 5:colcon.colcon_core.verb:set package 'simple_controller' build argument 'cmake_force_configure' from command line to 'False'
[0.366s] Level 5:colcon.colcon_core.verb:set package 'simple_controller' build argument 'ament_cmake_args' from command line to 'None'
[0.366s] Level 5:colcon.colcon_core.verb:set package 'simple_controller' build argument 'catkin_cmake_args' from command line to 'None'
[0.366s] Level 5:colcon.colcon_core.verb:set package 'simple_controller' build argument 'catkin_skip_building_tests' from command line to 'False'
[0.366s] DEBUG:colcon.colcon_core.verb:Building package 'simple_controller' with the following arguments: {'ament_cmake_args': None, 'build_base': '/home/tutu/mr_ws_ros2/build/simple_controller', 'catkin_cmake_args': None, 'catkin_skip_building_tests': False, 'cmake_args': None, 'cmake_clean_cache': False, 'cmake_clean_first': False, 'cmake_force_configure': False, 'cmake_target': None, 'cmake_target_skip_unavailable': False, 'install_base': '/home/tutu/mr_ws_ros2/install/simple_controller', 'merge_install': False, 'path': '/home/tutu/mr_ws_ros2/src/simple_controller', 'symlink_install': False, 'test_result_base': None}
[0.366s] Level 5:colcon.colcon_core.verb:set package 'stage_controller' build argument 'cmake_args' from command line to 'None'
[0.366s] Level 5:colcon.colcon_core.verb:set package 'stage_controller' build argument 'cmake_target' from command line to 'None'
[0.366s] Level 5:colcon.colcon_core.verb:set package 'stage_controller' build argument 'cmake_target_skip_unavailable' from command line to 'False'
[0.366s] Level 5:colcon.colcon_core.verb:set package 'stage_controller' build argument 'cmake_clean_cache' from command line to 'False'
[0.366s] Level 5:colcon.colcon_core.verb:set package 'stage_controller' build argument 'cmake_clean_first' from command line to 'False'
[0.366s] Level 5:colcon.colcon_core.verb:set package 'stage_controller' build argument 'cmake_force_configure' from command line to 'False'
[0.366s] Level 5:colcon.colcon_core.verb:set package 'stage_controller' build argument 'ament_cmake_args' from command line to 'None'
[0.366s] Level 5:colcon.colcon_core.verb:set package 'stage_controller' build argument 'catkin_cmake_args' from command line to 'None'
[0.366s] Level 5:colcon.colcon_core.verb:set package 'stage_controller' build argument 'catkin_skip_building_tests' from command line to 'False'
[0.366s] DEBUG:colcon.colcon_core.verb:Building package 'stage_controller' with the following arguments: {'ament_cmake_args': None, 'build_base': '/home/tutu/mr_ws_ros2/build/stage_controller', 'catkin_cmake_args': None, 'catkin_skip_building_tests': False, 'cmake_args': None, 'cmake_clean_cache': False, 'cmake_clean_first': False, 'cmake_force_configure': False, 'cmake_target': None, 'cmake_target_skip_unavailable': False, 'install_base': '/home/tutu/mr_ws_ros2/install/stage_controller', 'merge_install': False, 'path': '/home/tutu/mr_ws_ros2/src/stage_controller', 'symlink_install': False, 'test_result_base': None}
[0.366s] Level 5:colcon.colcon_core.verb:set package 'stage_ros2' build argument 'cmake_args' from command line to 'None'
[0.367s] Level 5:colcon.colcon_core.verb:set package 'stage_ros2' build argument 'cmake_target' from command line to 'None'
[0.367s] Level 5:colcon.colcon_core.verb:set package 'stage_ros2' build argument 'cmake_target_skip_unavailable' from command line to 'False'
[0.367s] Level 5:colcon.colcon_core.verb:set package 'stage_ros2' build argument 'cmake_clean_cache' from command line to 'False'
[0.367s] Level 5:colcon.colcon_core.verb:set package 'stage_ros2' build argument 'cmake_clean_first' from command line to 'False'
[0.367s] Level 5:colcon.colcon_core.verb:set package 'stage_ros2' build argument 'cmake_force_configure' from command line to 'False'
[0.367s] Level 5:colcon.colcon_core.verb:set package 'stage_ros2' build argument 'ament_cmake_args' from command line to 'None'
[0.367s] Level 5:colcon.colcon_core.verb:set package 'stage_ros2' build argument 'catkin_cmake_args' from command line to 'None'
[0.367s] Level 5:colcon.colcon_core.verb:set package 'stage_ros2' build argument 'catkin_skip_building_tests' from command line to 'False'
[0.367s] DEBUG:colcon.colcon_core.verb:Building package 'stage_ros2' with the following arguments: {'ament_cmake_args': None, 'build_base': '/home/tutu/mr_ws_ros2/build/stage_ros2', 'catkin_cmake_args': None, 'catkin_skip_building_tests': False, 'cmake_args': None, 'cmake_clean_cache': False, 'cmake_clean_first': False, 'cmake_force_configure': False, 'cmake_target': None, 'cmake_target_skip_unavailable': False, 'install_base': '/home/tutu/mr_ws_ros2/install/stage_ros2', 'merge_install': False, 'path': '/home/tutu/mr_ws_ros2/src/stage_ros2', 'symlink_install': False, 'test_result_base': None}
[0.367s] INFO:colcon.colcon_core.executor:Executing jobs using 'parallel' executor
[0.368s] DEBUG:colcon.colcon_parallel_executor.executor.parallel:run_until_complete
[0.368s] INFO:colcon.colcon_cmake.task.cmake.build:Building CMake package in '/home/tutu/mr_ws_ros2/src/Stage'
[0.370s] INFO:colcon.colcon_core.plugin_system:Skipping extension 'colcon_core.shell.bat': Not used on non-Windows systems
[0.370s] INFO:colcon.colcon_core.shell:Skip shell extension 'powershell' for command environment: Not usable outside of PowerShell
[0.370s] DEBUG:colcon.colcon_core.shell:Skip shell extension 'dsv' for command environment
[0.374s] INFO:colcon.colcon_ros.task.ament_cmake.build:Building ROS package in '/home/tutu/mr_ws_ros2/src/cart_launch' with build type 'ament_cmake'
[0.374s] INFO:colcon.colcon_cmake.task.cmake.build:Building CMake package in '/home/tutu/mr_ws_ros2/src/cart_launch'
[0.374s] INFO:colcon.colcon_core.shell:Skip shell extension 'powershell' for command environment: Not usable outside of PowerShell
[0.374s] DEBUG:colcon.colcon_core.shell:Skip shell extension 'dsv' for command environment
[0.378s] INFO:colcon.colcon_ros.task.ament_cmake.build:Building ROS package in '/home/tutu/mr_ws_ros2/src/simple_controller' with build type 'ament_cmake'
[0.378s] INFO:colcon.colcon_cmake.task.cmake.build:Building CMake package in '/home/tutu/mr_ws_ros2/src/simple_controller'
[0.379s] INFO:colcon.colcon_core.shell:Skip shell extension 'powershell' for command environment: Not usable outside of PowerShell
[0.379s] DEBUG:colcon.colcon_core.shell:Skip shell extension 'dsv' for command environment
[0.383s] INFO:colcon.colcon_ros.task.ament_cmake.build:Building ROS package in '/home/tutu/mr_ws_ros2/src/stage_controller' with build type 'ament_cmake'
[0.383s] INFO:colcon.colcon_cmake.task.cmake.build:Building CMake package in '/home/tutu/mr_ws_ros2/src/stage_controller'
[0.384s] INFO:colcon.colcon_core.shell:Skip shell extension 'powershell' for command environment: Not usable outside of PowerShell
[0.384s] DEBUG:colcon.colcon_core.shell:Skip shell extension 'dsv' for command environment
[0.394s] DEBUG:colcon.colcon_core.event_handler.log_command:Invoking command in '/home/tutu/mr_ws_ros2/build/Stage': /usr/bin/cmake --build /home/tutu/mr_ws_ros2/build/Stage -- -j8 -l8
[0.398s] DEBUG:colcon.colcon_core.event_handler.log_command:Invoking command in '/home/tutu/mr_ws_ros2/build/cart_launch': CMAKE_PREFIX_PATH=/opt/ros/foxy /usr/bin/cmake --build /home/tutu/mr_ws_ros2/build/cart_launch -- -j8 -l8
[0.403s] DEBUG:colcon.colcon_core.event_handler.log_command:Invoking command in '/home/tutu/mr_ws_ros2/build/simple_controller': CMAKE_PREFIX_PATH=/opt/ros/foxy /usr/bin/cmake --build /home/tutu/mr_ws_ros2/build/simple_controller -- -j8 -l8
[0.410s] DEBUG:colcon.colcon_core.event_handler.log_command:Invoking command in '/home/tutu/mr_ws_ros2/build/stage_controller': CMAKE_PREFIX_PATH=/opt/ros/foxy /usr/bin/cmake --build /home/tutu/mr_ws_ros2/build/stage_controller -- -j8 -l8
[0.432s] DEBUG:colcon.colcon_core.event_handler.log_command:Invoked command in '/home/tutu/mr_ws_ros2/build/cart_launch' returned '0': CMAKE_PREFIX_PATH=/opt/ros/foxy /usr/bin/cmake --build /home/tutu/mr_ws_ros2/build/cart_launch -- -j8 -l8
[0.501s] DEBUG:colcon.colcon_core.event_handler.log_command:Invoking command in '/home/tutu/mr_ws_ros2/build/cart_launch': CMAKE_PREFIX_PATH=/opt/ros/foxy /usr/bin/cmake --install /home/tutu/mr_ws_ros2/build/cart_launch
[0.503s] DEBUG:colcon.colcon_core.event_handler.log_command:Invoked command in '/home/tutu/mr_ws_ros2/build/simple_controller' returned '0': CMAKE_PREFIX_PATH=/opt/ros/foxy /usr/bin/cmake --build /home/tutu/mr_ws_ros2/build/simple_controller -- -j8 -l8
[0.508s] DEBUG:colcon.colcon_core.event_handler.log_command:Invoked command in '/home/tutu/mr_ws_ros2/build/stage_controller' returned '0': CMAKE_PREFIX_PATH=/opt/ros/foxy /usr/bin/cmake --build /home/tutu/mr_ws_ros2/build/stage_controller -- -j8 -l8
[0.531s] DEBUG:colcon.colcon_core.event_handler.log_command:Invoked command in '/home/tutu/mr_ws_ros2/build/Stage' returned '0': /usr/bin/cmake --build /home/tutu/mr_ws_ros2/build/Stage -- -j8 -l8
[0.535s] DEBUG:colcon.colcon_core.event_handler.log_command:Invoking command in '/home/tutu/mr_ws_ros2/build/simple_controller': CMAKE_PREFIX_PATH=/opt/ros/foxy /usr/bin/cmake --install /home/tutu/mr_ws_ros2/build/simple_controller
[0.539s] DEBUG:colcon.colcon_core.event_handler.log_command:Invoking command in '/home/tutu/mr_ws_ros2/build/stage_controller': CMAKE_PREFIX_PATH=/opt/ros/foxy /usr/bin/cmake --install /home/tutu/mr_ws_ros2/build/stage_controller
[0.540s] Level 1:colcon.colcon_core.environment:create_environment_scripts_only(cart_launch)
[0.541s] DEBUG:colcon.colcon_core.event_handler.log_command:Invoked command in '/home/tutu/mr_ws_ros2/build/cart_launch' returned '0': CMAKE_PREFIX_PATH=/opt/ros/foxy /usr/bin/cmake --install /home/tutu/mr_ws_ros2/build/cart_launch
[0.544s] Level 1:colcon.colcon_core.environment:checking '/home/tutu/mr_ws_ros2/install/cart_launch' for CMake module files
[0.545s] Level 1:colcon.colcon_core.environment:checking '/home/tutu/mr_ws_ros2/install/cart_launch' for CMake config files
[0.545s] Level 1:colcon.colcon_core.shell:create_environment_hook('cart_launch', 'cmake_prefix_path')
[0.546s] INFO:colcon.colcon_core.shell:Creating environment hook '/home/tutu/mr_ws_ros2/install/cart_launch/share/cart_launch/hook/cmake_prefix_path.ps1'
[0.547s] INFO:colcon.colcon_core.shell:Creating environment descriptor '/home/tutu/mr_ws_ros2/install/cart_launch/share/cart_launch/hook/cmake_prefix_path.dsv'
[0.548s] INFO:colcon.colcon_core.shell:Creating environment hook '/home/tutu/mr_ws_ros2/install/cart_launch/share/cart_launch/hook/cmake_prefix_path.sh'
[0.551s] Level 1:colcon.colcon_core.environment:checking '/home/tutu/mr_ws_ros2/install/cart_launch/bin'
[0.552s] Level 1:colcon.colcon_core.environment:checking '/home/tutu/mr_ws_ros2/install/cart_launch/lib/pkgconfig/cart_launch.pc'
[0.552s] Level 1:colcon.colcon_core.environment:checking '/home/tutu/mr_ws_ros2/install/cart_launch/lib/python3.8/site-packages'
[0.552s] Level 1:colcon.colcon_core.environment:checking '/home/tutu/mr_ws_ros2/install/cart_launch/bin'
[0.553s] INFO:colcon.colcon_core.shell:Creating package script '/home/tutu/mr_ws_ros2/install/cart_launch/share/cart_launch/package.ps1'
[0.554s] INFO:colcon.colcon_core.shell:Creating package descriptor '/home/tutu/mr_ws_ros2/install/cart_launch/share/cart_launch/package.dsv'
[0.555s] INFO:colcon.colcon_core.shell:Creating package script '/home/tutu/mr_ws_ros2/install/cart_launch/share/cart_launch/package.sh'
[0.555s] INFO:colcon.colcon_core.shell:Creating package script '/home/tutu/mr_ws_ros2/install/cart_launch/share/cart_launch/package.bash'
[0.556s] INFO:colcon.colcon_core.shell:Creating package script '/home/tutu/mr_ws_ros2/install/cart_launch/share/cart_launch/package.zsh'
[0.557s] Level 1:colcon.colcon_core.environment:create_file_with_runtime_dependencies(/home/tutu/mr_ws_ros2/install/cart_launch/share/colcon-core/packages/cart_launch)
[0.566s] DEBUG:colcon.colcon_core.event_handler.log_command:Invoking command in '/home/tutu/mr_ws_ros2/build/Stage': /usr/bin/cmake --install /home/tutu/mr_ws_ros2/build/Stage
[0.567s] Level 1:colcon.colcon_core.environment:create_environment_scripts_only(simple_controller)
[0.568s] Level 1:colcon.colcon_core.environment:checking '/home/tutu/mr_ws_ros2/install/simple_controller' for CMake module files
[0.568s] DEBUG:colcon.colcon_core.event_handler.log_command:Invoked command in '/home/tutu/mr_ws_ros2/build/simple_controller' returned '0': CMAKE_PREFIX_PATH=/opt/ros/foxy /usr/bin/cmake --install /home/tutu/mr_ws_ros2/build/simple_controller
[0.569s] Level 1:colcon.colcon_core.environment:checking '/home/tutu/mr_ws_ros2/install/simple_controller' for CMake config files
[0.569s] Level 1:colcon.colcon_core.shell:create_environment_hook('simple_controller', 'cmake_prefix_path')
[0.570s] INFO:colcon.colcon_core.shell:Creating environment hook '/home/tutu/mr_ws_ros2/install/simple_controller/share/simple_controller/hook/cmake_prefix_path.ps1'
[0.570s] INFO:colcon.colcon_core.shell:Creating environment descriptor '/home/tutu/mr_ws_ros2/install/simple_controller/share/simple_controller/hook/cmake_prefix_path.dsv'
[0.571s] INFO:colcon.colcon_core.shell:Creating environment hook '/home/tutu/mr_ws_ros2/install/simple_controller/share/simple_controller/hook/cmake_prefix_path.sh'
[0.571s] Level 1:colcon.colcon_core.environment:checking '/home/tutu/mr_ws_ros2/install/simple_controller/lib'
[0.571s] Level 1:colcon.colcon_core.environment:checking '/home/tutu/mr_ws_ros2/install/simple_controller/bin'
[0.572s] Level 1:colcon.colcon_core.environment:checking '/home/tutu/mr_ws_ros2/install/simple_controller/lib/pkgconfig/simple_controller.pc'
[0.572s] Level 1:colcon.colcon_core.environment:checking '/home/tutu/mr_ws_ros2/install/simple_controller/lib/python3.8/site-packages'
[0.572s] Level 1:colcon.colcon_core.environment:checking '/home/tutu/mr_ws_ros2/install/simple_controller/bin'
[0.572s] INFO:colcon.colcon_core.shell:Creating package script '/home/tutu/mr_ws_ros2/install/simple_controller/share/simple_controller/package.ps1'
[0.574s] INFO:colcon.colcon_core.shell:Creating package descriptor '/home/tutu/mr_ws_ros2/install/simple_controller/share/simple_controller/package.dsv'
[0.575s] INFO:colcon.colcon_core.shell:Creating package script '/home/tutu/mr_ws_ros2/install/simple_controller/share/simple_controller/package.sh'
[0.576s] INFO:colcon.colcon_core.shell:Creating package script '/home/tutu/mr_ws_ros2/install/simple_controller/share/simple_controller/package.bash'
[0.577s] INFO:colcon.colcon_core.shell:Creating package script '/home/tutu/mr_ws_ros2/install/simple_controller/share/simple_controller/package.zsh'
[0.579s] Level 1:colcon.colcon_core.environment:create_file_with_runtime_dependencies(/home/tutu/mr_ws_ros2/install/simple_controller/share/colcon-core/packages/simple_controller)
[0.585s] Level 1:colcon.colcon_core.environment:create_environment_scripts_only(stage_controller)
[0.585s] Level 1:colcon.colcon_core.environment:checking '/home/tutu/mr_ws_ros2/install/stage_controller' for CMake module files
[0.586s] DEBUG:colcon.colcon_core.event_handler.log_command:Invoked command in '/home/tutu/mr_ws_ros2/build/stage_controller' returned '0': CMAKE_PREFIX_PATH=/opt/ros/foxy /usr/bin/cmake --install /home/tutu/mr_ws_ros2/build/stage_controller
[0.586s] Level 1:colcon.colcon_core.environment:checking '/home/tutu/mr_ws_ros2/install/stage_controller' for CMake config files
[0.586s] Level 1:colcon.colcon_core.shell:create_environment_hook('stage_controller', 'cmake_prefix_path')
[0.587s] INFO:colcon.colcon_core.shell:Creating environment hook '/home/tutu/mr_ws_ros2/install/stage_controller/share/stage_controller/hook/cmake_prefix_path.ps1'
[0.587s] INFO:colcon.colcon_core.shell:Creating environment descriptor '/home/tutu/mr_ws_ros2/install/stage_controller/share/stage_controller/hook/cmake_prefix_path.dsv'
[0.587s] INFO:colcon.colcon_core.shell:Creating environment hook '/home/tutu/mr_ws_ros2/install/stage_controller/share/stage_controller/hook/cmake_prefix_path.sh'
[0.588s] Level 1:colcon.colcon_core.environment:checking '/home/tutu/mr_ws_ros2/install/stage_controller/lib'
[0.588s] Level 1:colcon.colcon_core.environment:checking '/home/tutu/mr_ws_ros2/install/stage_controller/bin'
[0.588s] Level 1:colcon.colcon_core.environment:checking '/home/tutu/mr_ws_ros2/install/stage_controller/lib/pkgconfig/stage_controller.pc'
[0.588s] Level 1:colcon.colcon_core.environment:checking '/home/tutu/mr_ws_ros2/install/stage_controller/lib/python3.8/site-packages'
[0.588s] Level 1:colcon.colcon_core.environment:checking '/home/tutu/mr_ws_ros2/install/stage_controller/bin'
[0.589s] INFO:colcon.colcon_core.shell:Creating package script '/home/tutu/mr_ws_ros2/install/stage_controller/share/stage_controller/package.ps1'
[0.589s] INFO:colcon.colcon_core.shell:Creating package descriptor '/home/tutu/mr_ws_ros2/install/stage_controller/share/stage_controller/package.dsv'
[0.589s] INFO:colcon.colcon_core.shell:Creating package script '/home/tutu/mr_ws_ros2/install/stage_controller/share/stage_controller/package.sh'
[0.590s] INFO:colcon.colcon_core.shell:Creating package script '/home/tutu/mr_ws_ros2/install/stage_controller/share/stage_controller/package.bash'
[0.590s] INFO:colcon.colcon_core.shell:Creating package script '/home/tutu/mr_ws_ros2/install/stage_controller/share/stage_controller/package.zsh'
[0.590s] Level 1:colcon.colcon_core.environment:create_file_with_runtime_dependencies(/home/tutu/mr_ws_ros2/install/stage_controller/share/colcon-core/packages/stage_controller)
[0.594s] Level 1:colcon.colcon_core.environment:create_environment_scripts_only(cart_launch)
[0.594s] Level 1:colcon.colcon_core.environment:checking '/home/tutu/mr_ws_ros2/install/cart_launch' for CMake module files
[0.595s] Level 1:colcon.colcon_core.environment:checking '/home/tutu/mr_ws_ros2/install/cart_launch' for CMake config files
[0.596s] Level 1:colcon.colcon_core.shell:create_environment_hook('cart_launch', 'cmake_prefix_path')
[0.596s] INFO:colcon.colcon_core.shell:Creating environment hook '/home/tutu/mr_ws_ros2/install/cart_launch/share/cart_launch/hook/cmake_prefix_path.ps1'
[0.597s] INFO:colcon.colcon_core.shell:Creating environment descriptor '/home/tutu/mr_ws_ros2/install/cart_launch/share/cart_launch/hook/cmake_prefix_path.dsv'
[0.597s] INFO:colcon.colcon_core.shell:Creating environment hook '/home/tutu/mr_ws_ros2/install/cart_launch/share/cart_launch/hook/cmake_prefix_path.sh'
[0.598s] Level 1:colcon.colcon_core.environment:checking '/home/tutu/mr_ws_ros2/install/cart_launch/bin'
[0.598s] Level 1:colcon.colcon_core.environment:checking '/home/tutu/mr_ws_ros2/install/cart_launch/lib/pkgconfig/cart_launch.pc'
[0.598s] Level 1:colcon.colcon_core.environment:checking '/home/tutu/mr_ws_ros2/install/cart_launch/lib/python3.8/site-packages'
[0.598s] Level 1:colcon.colcon_core.environment:checking '/home/tutu/mr_ws_ros2/install/cart_launch/bin'
[0.598s] INFO:colcon.colcon_core.shell:Creating package script '/home/tutu/mr_ws_ros2/install/cart_launch/share/cart_launch/package.ps1'
[0.599s] INFO:colcon.colcon_core.shell:Creating package descriptor '/home/tutu/mr_ws_ros2/install/cart_launch/share/cart_launch/package.dsv'
[0.599s] INFO:colcon.colcon_core.shell:Creating package script '/home/tutu/mr_ws_ros2/install/cart_launch/share/cart_launch/package.sh'
[0.600s] INFO:colcon.colcon_core.shell:Creating package script '/home/tutu/mr_ws_ros2/install/cart_launch/share/cart_launch/package.bash'
[0.600s] INFO:colcon.colcon_core.shell:Creating package script '/home/tutu/mr_ws_ros2/install/cart_launch/share/cart_launch/package.zsh'
[0.601s] Level 1:colcon.colcon_core.environment:create_file_with_runtime_dependencies(/home/tutu/mr_ws_ros2/install/cart_launch/share/colcon-core/packages/cart_launch)
[0.602s] Level 1:colcon.colcon_core.environment:create_environment_scripts_only(Stage)
[0.602s] Level 1:colcon.colcon_core.environment:checking '/home/tutu/mr_ws_ros2/install/Stage' for CMake module files
[0.603s] DEBUG:colcon.colcon_core.event_handler.log_command:Invoked command in '/home/tutu/mr_ws_ros2/build/Stage' returned '0': /usr/bin/cmake --install /home/tutu/mr_ws_ros2/build/Stage
[0.603s] Level 1:colcon.colcon_core.environment:checking '/home/tutu/mr_ws_ros2/install/Stage' for CMake config files
[0.603s] Level 1:colcon.colcon_core.shell:create_environment_hook('Stage', 'cmake_prefix_path')
[0.604s] INFO:colcon.colcon_core.shell:Creating environment hook '/home/tutu/mr_ws_ros2/install/Stage/share/Stage/hook/cmake_prefix_path.ps1'
[0.604s] INFO:colcon.colcon_core.shell:Creating environment descriptor '/home/tutu/mr_ws_ros2/install/Stage/share/Stage/hook/cmake_prefix_path.dsv'
[0.604s] INFO:colcon.colcon_core.shell:Creating environment hook '/home/tutu/mr_ws_ros2/install/Stage/share/Stage/hook/cmake_prefix_path.sh'
[0.605s] Level 1:colcon.colcon_core.environment:checking '/home/tutu/mr_ws_ros2/install/Stage/lib'
[0.605s] Level 1:colcon.colcon_core.shell:create_environment_hook('Stage', 'ld_library_path_lib')
[0.605s] INFO:colcon.colcon_core.shell:Creating environment hook '/home/tutu/mr_ws_ros2/install/Stage/share/Stage/hook/ld_library_path_lib.ps1'
[0.605s] INFO:colcon.colcon_core.shell:Creating environment descriptor '/home/tutu/mr_ws_ros2/install/Stage/share/Stage/hook/ld_library_path_lib.dsv'
[0.606s] INFO:colcon.colcon_core.shell:Creating environment hook '/home/tutu/mr_ws_ros2/install/Stage/share/Stage/hook/ld_library_path_lib.sh'
[0.606s] Level 1:colcon.colcon_core.environment:checking '/home/tutu/mr_ws_ros2/install/Stage/bin'
[0.606s] Level 1:colcon.colcon_core.shell:create_environment_hook('Stage', 'path')
[0.606s] INFO:colcon.colcon_core.shell:Creating environment hook '/home/tutu/mr_ws_ros2/install/Stage/share/Stage/hook/path.ps1'
[0.607s] INFO:colcon.colcon_core.shell:Creating environment descriptor '/home/tutu/mr_ws_ros2/install/Stage/share/Stage/hook/path.dsv'
[0.607s] INFO:colcon.colcon_core.shell:Creating environment hook '/home/tutu/mr_ws_ros2/install/Stage/share/Stage/hook/path.sh'
[0.607s] Level 1:colcon.colcon_core.environment:checking '/home/tutu/mr_ws_ros2/install/Stage/lib/pkgconfig/Stage.pc'
[0.607s] Level 1:colcon.colcon_core.environment:checking '/home/tutu/mr_ws_ros2/install/Stage/lib/python3.8/site-packages'
[0.607s] Level 1:colcon.colcon_core.environment:checking '/home/tutu/mr_ws_ros2/install/Stage/bin'
[0.608s] Level 1:colcon.colcon_core.shell:create_environment_hook('Stage', 'pythonscriptspath')
[0.608s] INFO:colcon.colcon_core.shell:Creating environment hook '/home/tutu/mr_ws_ros2/install/Stage/share/Stage/hook/pythonscriptspath.ps1'
[0.608s] INFO:colcon.colcon_core.shell:Creating environment descriptor '/home/tutu/mr_ws_ros2/install/Stage/share/Stage/hook/pythonscriptspath.dsv'
[0.608s] INFO:colcon.colcon_core.shell:Creating environment hook '/home/tutu/mr_ws_ros2/install/Stage/share/Stage/hook/pythonscriptspath.sh'
[0.609s] INFO:colcon.colcon_core.shell:Creating package script '/home/tutu/mr_ws_ros2/install/Stage/share/Stage/package.ps1'
[0.609s] INFO:colcon.colcon_core.shell:Creating package descriptor '/home/tutu/mr_ws_ros2/install/Stage/share/Stage/package.dsv'
[0.610s] INFO:colcon.colcon_core.shell:Creating package script '/home/tutu/mr_ws_ros2/install/Stage/share/Stage/package.sh'
[0.610s] INFO:colcon.colcon_core.shell:Creating package script '/home/tutu/mr_ws_ros2/install/Stage/share/Stage/package.bash'
[0.611s] INFO:colcon.colcon_core.shell:Creating package script '/home/tutu/mr_ws_ros2/install/Stage/share/Stage/package.zsh'
[0.611s] Level 1:colcon.colcon_core.environment:create_file_with_runtime_dependencies(/home/tutu/mr_ws_ros2/install/Stage/share/colcon-core/packages/Stage)
[0.612s] INFO:colcon.colcon_ros.task.ament_cmake.build:Building ROS package in '/home/tutu/mr_ws_ros2/src/stage_ros2' with build type 'ament_cmake'
[0.612s] INFO:colcon.colcon_cmake.task.cmake.build:Building CMake package in '/home/tutu/mr_ws_ros2/src/stage_ros2'
[0.612s] INFO:colcon.colcon_core.shell:Skip shell extension 'powershell' for command environment: Not usable outside of PowerShell
[0.612s] DEBUG:colcon.colcon_core.shell:Skip shell extension 'dsv' for command environment
[0.616s] Level 1:colcon.colcon_core.environment:create_environment_scripts_only(simple_controller)
[0.617s] Level 1:colcon.colcon_core.environment:checking '/home/tutu/mr_ws_ros2/install/simple_controller' for CMake module files
[0.617s] Level 1:colcon.colcon_core.environment:checking '/home/tutu/mr_ws_ros2/install/simple_controller' for CMake config files
[0.618s] Level 1:colcon.colcon_core.shell:create_environment_hook('simple_controller', 'cmake_prefix_path')
[0.618s] INFO:colcon.colcon_core.shell:Creating environment hook '/home/tutu/mr_ws_ros2/install/simple_controller/share/simple_controller/hook/cmake_prefix_path.ps1'
[0.618s] INFO:colcon.colcon_core.shell:Creating environment descriptor '/home/tutu/mr_ws_ros2/install/simple_controller/share/simple_controller/hook/cmake_prefix_path.dsv'
[0.619s] INFO:colcon.colcon_core.shell:Creating environment hook '/home/tutu/mr_ws_ros2/install/simple_controller/share/simple_controller/hook/cmake_prefix_path.sh'
[0.619s] Level 1:colcon.colcon_core.environment:checking '/home/tutu/mr_ws_ros2/install/simple_controller/lib'
[0.619s] Level 1:colcon.colcon_core.environment:checking '/home/tutu/mr_ws_ros2/install/simple_controller/bin'
[0.619s] Level 1:colcon.colcon_core.environment:checking '/home/tutu/mr_ws_ros2/install/simple_controller/lib/pkgconfig/simple_controller.pc'
[0.619s] Level 1:colcon.colcon_core.environment:checking '/home/tutu/mr_ws_ros2/install/simple_controller/lib/python3.8/site-packages'
[0.619s] Level 1:colcon.colcon_core.environment:checking '/home/tutu/mr_ws_ros2/install/simple_controller/bin'
[0.620s] INFO:colcon.colcon_core.shell:Creating package script '/home/tutu/mr_ws_ros2/install/simple_controller/share/simple_controller/package.ps1'
[0.620s] INFO:colcon.colcon_core.shell:Creating package descriptor '/home/tutu/mr_ws_ros2/install/simple_controller/share/simple_controller/package.dsv'
[0.620s] INFO:colcon.colcon_core.shell:Creating package script '/home/tutu/mr_ws_ros2/install/simple_controller/share/simple_controller/package.sh'
[0.621s] INFO:colcon.colcon_core.shell:Creating package script '/home/tutu/mr_ws_ros2/install/simple_controller/share/simple_controller/package.bash'
[0.621s] INFO:colcon.colcon_core.shell:Creating package script '/home/tutu/mr_ws_ros2/install/simple_controller/share/simple_controller/package.zsh'
[0.621s] Level 1:colcon.colcon_core.environment:create_file_with_runtime_dependencies(/home/tutu/mr_ws_ros2/install/simple_controller/share/colcon-core/packages/simple_controller)
[0.622s] Level 1:colcon.colcon_core.environment:create_environment_scripts_only(stage_controller)
[0.622s] Level 1:colcon.colcon_core.environment:checking '/home/tutu/mr_ws_ros2/install/stage_controller' for CMake module files
[0.623s] Level 1:colcon.colcon_core.environment:checking '/home/tutu/mr_ws_ros2/install/stage_controller' for CMake config files
[0.623s] Level 1:colcon.colcon_core.shell:create_environment_hook('stage_controller', 'cmake_prefix_path')
[0.623s] INFO:colcon.colcon_core.shell:Creating environment hook '/home/tutu/mr_ws_ros2/install/stage_controller/share/stage_controller/hook/cmake_prefix_path.ps1'
[0.624s] INFO:colcon.colcon_core.shell:Creating environment descriptor '/home/tutu/mr_ws_ros2/install/stage_controller/share/stage_controller/hook/cmake_prefix_path.dsv'
[0.624s] INFO:colcon.colcon_core.shell:Creating environment hook '/home/tutu/mr_ws_ros2/install/stage_controller/share/stage_controller/hook/cmake_prefix_path.sh'
[0.624s] Level 1:colcon.colcon_core.environment:checking '/home/tutu/mr_ws_ros2/install/stage_controller/lib'
[0.624s] Level 1:colcon.colcon_core.environment:checking '/home/tutu/mr_ws_ros2/install/stage_controller/bin'
[0.624s] Level 1:colcon.colcon_core.environment:checking '/home/tutu/mr_ws_ros2/install/stage_controller/lib/pkgconfig/stage_controller.pc'
[0.624s] Level 1:colcon.colcon_core.environment:checking '/home/tutu/mr_ws_ros2/install/stage_controller/lib/python3.8/site-packages'
[0.625s] Level 1:colcon.colcon_core.environment:checking '/home/tutu/mr_ws_ros2/install/stage_controller/bin'
[0.625s] INFO:colcon.colcon_core.shell:Creating package script '/home/tutu/mr_ws_ros2/install/stage_controller/share/stage_controller/package.ps1'
[0.625s] INFO:colcon.colcon_core.shell:Creating package descriptor '/home/tutu/mr_ws_ros2/install/stage_controller/share/stage_controller/package.dsv'
[0.625s] INFO:colcon.colcon_core.shell:Creating package script '/home/tutu/mr_ws_ros2/install/stage_controller/share/stage_controller/package.sh'
[0.626s] INFO:colcon.colcon_core.shell:Creating package script '/home/tutu/mr_ws_ros2/install/stage_controller/share/stage_controller/package.bash'
[0.626s] INFO:colcon.colcon_core.shell:Creating package script '/home/tutu/mr_ws_ros2/install/stage_controller/share/stage_controller/package.zsh'
[0.627s] Level 1:colcon.colcon_core.environment:create_file_with_runtime_dependencies(/home/tutu/mr_ws_ros2/install/stage_controller/share/colcon-core/packages/stage_controller)
[0.632s] DEBUG:colcon.colcon_core.event_handler.log_command:Invoking command in '/home/tutu/mr_ws_ros2/build/stage_ros2': CMAKE_PREFIX_PATH=/home/tutu/mr_ws_ros2/install/Stage:/opt/ros/foxy LD_LIBRARY_PATH=/home/tutu/mr_ws_ros2/install/Stage/lib:${LD_LIBRARY_PATH} PATH=/home/tutu/mr_ws_ros2/install/Stage/bin:${PATH} /usr/bin/cmake --build /home/tutu/mr_ws_ros2/build/stage_ros2 -- -j8 -l8
[0.739s] DEBUG:colcon.colcon_core.event_handler.log_command:Invoked command in '/home/tutu/mr_ws_ros2/build/stage_ros2' returned '0': CMAKE_PREFIX_PATH=/home/tutu/mr_ws_ros2/install/Stage:/opt/ros/foxy LD_LIBRARY_PATH=/home/tutu/mr_ws_ros2/install/Stage/lib:${LD_LIBRARY_PATH} PATH=/home/tutu/mr_ws_ros2/install/Stage/bin:${PATH} /usr/bin/cmake --build /home/tutu/mr_ws_ros2/build/stage_ros2 -- -j8 -l8
[0.765s] DEBUG:colcon.colcon_core.event_handler.log_command:Invoking command in '/home/tutu/mr_ws_ros2/build/stage_ros2': CMAKE_PREFIX_PATH=/home/tutu/mr_ws_ros2/install/Stage:/opt/ros/foxy LD_LIBRARY_PATH=/home/tutu/mr_ws_ros2/install/Stage/lib:${LD_LIBRARY_PATH} PATH=/home/tutu/mr_ws_ros2/install/Stage/bin:${PATH} /usr/bin/cmake --install /home/tutu/mr_ws_ros2/build/stage_ros2
[0.790s] Level 1:colcon.colcon_core.environment:create_environment_scripts_only(stage_ros2)
[0.791s] Level 1:colcon.colcon_core.environment:checking '/home/tutu/mr_ws_ros2/install/stage_ros2' for CMake module files
[0.791s] DEBUG:colcon.colcon_core.event_handler.log_command:Invoked command in '/home/tutu/mr_ws_ros2/build/stage_ros2' returned '0': CMAKE_PREFIX_PATH=/home/tutu/mr_ws_ros2/install/Stage:/opt/ros/foxy LD_LIBRARY_PATH=/home/tutu/mr_ws_ros2/install/Stage/lib:${LD_LIBRARY_PATH} PATH=/home/tutu/mr_ws_ros2/install/Stage/bin:${PATH} /usr/bin/cmake --install /home/tutu/mr_ws_ros2/build/stage_ros2
[0.792s] Level 1:colcon.colcon_core.environment:checking '/home/tutu/mr_ws_ros2/install/stage_ros2' for CMake config files
[0.792s] Level 1:colcon.colcon_core.shell:create_environment_hook('stage_ros2', 'cmake_prefix_path')
[0.792s] INFO:colcon.colcon_core.shell:Creating environment hook '/home/tutu/mr_ws_ros2/install/stage_ros2/share/stage_ros2/hook/cmake_prefix_path.ps1'
[0.793s] INFO:colcon.colcon_core.shell:Creating environment descriptor '/home/tutu/mr_ws_ros2/install/stage_ros2/share/stage_ros2/hook/cmake_prefix_path.dsv'
[0.793s] INFO:colcon.colcon_core.shell:Creating environment hook '/home/tutu/mr_ws_ros2/install/stage_ros2/share/stage_ros2/hook/cmake_prefix_path.sh'
[0.794s] Level 1:colcon.colcon_core.environment:checking '/home/tutu/mr_ws_ros2/install/stage_ros2/lib'
[0.794s] Level 1:colcon.colcon_core.shell:create_environment_hook('stage_ros2', 'ld_library_path_lib')
[0.794s] INFO:colcon.colcon_core.shell:Creating environment hook '/home/tutu/mr_ws_ros2/install/stage_ros2/share/stage_ros2/hook/ld_library_path_lib.ps1'
[0.794s] INFO:colcon.colcon_core.shell:Creating environment descriptor '/home/tutu/mr_ws_ros2/install/stage_ros2/share/stage_ros2/hook/ld_library_path_lib.dsv'
[0.795s] INFO:colcon.colcon_core.shell:Creating environment hook '/home/tutu/mr_ws_ros2/install/stage_ros2/share/stage_ros2/hook/ld_library_path_lib.sh'
[0.795s] Level 1:colcon.colcon_core.environment:checking '/home/tutu/mr_ws_ros2/install/stage_ros2/bin'
[0.796s] Level 1:colcon.colcon_core.environment:checking '/home/tutu/mr_ws_ros2/install/stage_ros2/lib/pkgconfig/stage_ros2.pc'
[0.796s] Level 1:colcon.colcon_core.environment:checking '/home/tutu/mr_ws_ros2/install/stage_ros2/lib/python3.8/site-packages'
[0.796s] Level 1:colcon.colcon_core.environment:checking '/home/tutu/mr_ws_ros2/install/stage_ros2/bin'
[0.797s] INFO:colcon.colcon_core.shell:Creating package script '/home/tutu/mr_ws_ros2/install/stage_ros2/share/stage_ros2/package.ps1'
[0.797s] INFO:colcon.colcon_core.shell:Creating package descriptor '/home/tutu/mr_ws_ros2/install/stage_ros2/share/stage_ros2/package.dsv'
[0.798s] INFO:colcon.colcon_core.shell:Creating package script '/home/tutu/mr_ws_ros2/install/stage_ros2/share/stage_ros2/package.sh'
[0.798s] INFO:colcon.colcon_core.shell:Creating package script '/home/tutu/mr_ws_ros2/install/stage_ros2/share/stage_ros2/package.bash'
[0.799s] INFO:colcon.colcon_core.shell:Creating package script '/home/tutu/mr_ws_ros2/install/stage_ros2/share/stage_ros2/package.zsh'
[0.799s] Level 1:colcon.colcon_core.environment:create_file_with_runtime_dependencies(/home/tutu/mr_ws_ros2/install/stage_ros2/share/colcon-core/packages/stage_ros2)
[0.829s] Level 1:colcon.colcon_core.environment:create_environment_scripts_only(stage_ros2)
[0.830s] Level 1:colcon.colcon_core.environment:checking '/home/tutu/mr_ws_ros2/install/stage_ros2' for CMake module files
[0.830s] Level 1:colcon.colcon_core.environment:checking '/home/tutu/mr_ws_ros2/install/stage_ros2' for CMake config files
[0.830s] Level 1:colcon.colcon_core.shell:create_environment_hook('stage_ros2', 'cmake_prefix_path')
[0.830s] INFO:colcon.colcon_core.shell:Creating environment hook '/home/tutu/mr_ws_ros2/install/stage_ros2/share/stage_ros2/hook/cmake_prefix_path.ps1'
[0.831s] INFO:colcon.colcon_core.shell:Creating environment descriptor '/home/tutu/mr_ws_ros2/install/stage_ros2/share/stage_ros2/hook/cmake_prefix_path.dsv'
[0.831s] INFO:colcon.colcon_core.shell:Creating environment hook '/home/tutu/mr_ws_ros2/install/stage_ros2/share/stage_ros2/hook/cmake_prefix_path.sh'
[0.832s] Level 1:colcon.colcon_core.environment:checking '/home/tutu/mr_ws_ros2/install/stage_ros2/lib'
[0.832s] Level 1:colcon.colcon_core.shell:create_environment_hook('stage_ros2', 'ld_library_path_lib')
[0.832s] INFO:colcon.colcon_core.shell:Creating environment hook '/home/tutu/mr_ws_ros2/install/stage_ros2/share/stage_ros2/hook/ld_library_path_lib.ps1'
[0.832s] INFO:colcon.colcon_core.shell:Creating environment descriptor '/home/tutu/mr_ws_ros2/install/stage_ros2/share/stage_ros2/hook/ld_library_path_lib.dsv'
[0.833s] INFO:colcon.colcon_core.shell:Creating environment hook '/home/tutu/mr_ws_ros2/install/stage_ros2/share/stage_ros2/hook/ld_library_path_lib.sh'
[0.833s] Level 1:colcon.colcon_core.environment:checking '/home/tutu/mr_ws_ros2/install/stage_ros2/bin'
[0.833s] Level 1:colcon.colcon_core.environment:checking '/home/tutu/mr_ws_ros2/install/stage_ros2/lib/pkgconfig/stage_ros2.pc'
[0.833s] Level 1:colcon.colcon_core.environment:checking '/home/tutu/mr_ws_ros2/install/stage_ros2/lib/python3.8/site-packages'
[0.834s] Level 1:colcon.colcon_core.environment:checking '/home/tutu/mr_ws_ros2/install/stage_ros2/bin'
[0.834s] INFO:colcon.colcon_core.shell:Creating package script '/home/tutu/mr_ws_ros2/install/stage_ros2/share/stage_ros2/package.ps1'
[0.835s] INFO:colcon.colcon_core.shell:Creating package descriptor '/home/tutu/mr_ws_ros2/install/stage_ros2/share/stage_ros2/package.dsv'
[0.835s] INFO:colcon.colcon_core.shell:Creating package script '/home/tutu/mr_ws_ros2/install/stage_ros2/share/stage_ros2/package.sh'
[0.836s] INFO:colcon.colcon_core.shell:Creating package script '/home/tutu/mr_ws_ros2/install/stage_ros2/share/stage_ros2/package.bash'
[0.836s] INFO:colcon.colcon_core.shell:Creating package script '/home/tutu/mr_ws_ros2/install/stage_ros2/share/stage_ros2/package.zsh'
[0.837s] Level 1:colcon.colcon_core.environment:create_file_with_runtime_dependencies(/home/tutu/mr_ws_ros2/install/stage_ros2/share/colcon-core/packages/stage_ros2)
[0.837s] DEBUG:colcon.colcon_parallel_executor.executor.parallel:closing loop
[0.838s] DEBUG:colcon.colcon_parallel_executor.executor.parallel:loop closed
[0.838s] DEBUG:colcon.colcon_parallel_executor.executor.parallel:run_until_complete finished with '0'
[0.838s] DEBUG:colcon.colcon_core.event_reactor:joining thread
[0.844s] INFO:colcon.colcon_core.plugin_system:Skipping extension 'colcon_notification.desktop_notification.terminal_notifier': Not used on non-Darwin systems
[0.844s] INFO:colcon.colcon_core.plugin_system:Skipping extension 'colcon_notification.desktop_notification.win32': Not used on non-Windows systems
[0.844s] INFO:colcon.colcon_notification.desktop_notification:Sending desktop notification using 'notify2'
[0.857s] DEBUG:colcon.colcon_core.event_reactor:joined thread
[0.858s] INFO:colcon.colcon_core.shell:Creating prefix script '/home/tutu/mr_ws_ros2/install/local_setup.ps1'
[0.859s] INFO:colcon.colcon_core.shell:Creating prefix util module '/home/tutu/mr_ws_ros2/install/_local_setup_util_ps1.py'
[0.860s] INFO:colcon.colcon_core.shell:Creating prefix chain script '/home/tutu/mr_ws_ros2/install/setup.ps1'
[0.861s] INFO:colcon.colcon_core.shell:Creating prefix script '/home/tutu/mr_ws_ros2/install/local_setup.sh'
[0.862s] INFO:colcon.colcon_core.shell:Creating prefix util module '/home/tutu/mr_ws_ros2/install/_local_setup_util_sh.py'
[0.862s] INFO:colcon.colcon_core.shell:Creating prefix chain script '/home/tutu/mr_ws_ros2/install/setup.sh'
[0.863s] INFO:colcon.colcon_core.shell:Creating prefix script '/home/tutu/mr_ws_ros2/install/local_setup.bash'
[0.864s] INFO:colcon.colcon_core.shell:Creating prefix chain script '/home/tutu/mr_ws_ros2/install/setup.bash'
[0.865s] INFO:colcon.colcon_core.shell:Creating prefix script '/home/tutu/mr_ws_ros2/install/local_setup.zsh'
[0.866s] INFO:colcon.colcon_core.shell:Creating prefix chain script '/home/tutu/mr_ws_ros2/install/setup.zsh'
