[0.038s] Invoking command in '/home/tutu/mr_ws_ros2/build/simple_controller': CMAKE_PREFIX_PATH=${CMAKE_PREFIX_PATH}:/opt/ros/foxy /usr/bin/cmake /home/tutu/mr_ws_ros2/src/simple_controller -DCMAKE_BUILD_TYPE=RelWithDebInfo -DAMENT_CMAKE_SYMLINK_INSTALL=1 -DCMAKE_INSTALL_PREFIX=/home/tutu/mr_ws_ros2/install/simple_controller
[0.056s] -- Found ament_cmake: 0.9.12 (/opt/ros/foxy/share/ament_cmake/cmake)
[0.095s] -- Using PYTHON_EXECUTABLE: /usr/bin/python3
[0.418s] -- Override CMake install command with custom implementation using symlinks instead of copying resources
[0.431s] -- Found rclcpp: 2.4.3 (/opt/ros/foxy/share/rclcpp/cmake)
[0.490s] -- Using all available rosidl_typesupport_c: rosidl_typesupport_fastrtps_c;rosidl_typesupport_introspection_c
[0.500s] -- Found rosidl_adapter: 1.3.1 (/opt/ros/foxy/share/rosidl_adapter/cmake)
[0.720s] -- Using all available rosidl_typesupport_cpp: rosidl_typesupport_fastrtps_cpp;rosidl_typesupport_introspection_cpp
[0.814s] -- Found rmw_implementation_cmake: 1.0.4 (/opt/ros/foxy/share/rmw_implementation_cmake/cmake)
[0.819s] -- Using RMW implementation 'rmw_fastrtps_cpp' as default
[0.982s] -- Found nav_msgs: 2.0.5 (/opt/ros/foxy/share/nav_msgs/cmake)
[1.130s] -- Found tf2: 0.13.14 (/opt/ros/foxy/share/tf2/cmake)
[1.142s] -- Found angles: 1.12.6 (/opt/ros/foxy/share/angles/cmake)
[1.144s] -- Found ament_lint_auto: 0.9.8 (/opt/ros/foxy/share/ament_lint_auto/cmake)
[1.242s] -- Added test 'copyright' to check source files copyright and LICENSE
[1.246s] -- Added test 'cppcheck' to perform static code analysis on C / C++ code
[1.246s] -- Configured cppcheck include dirs: 
[1.246s] -- Configured cppcheck exclude dirs and/or files: 
[1.247s] -- Added test 'cpplint' to check C / C++ code against the Google style
[1.247s] -- Configured cpplint exclude dirs and/or files: 
[1.248s] -- Added test 'flake8' to check Python code syntax and style conventions
[1.249s] -- Added test 'lint_cmake' to check CMake code style
[1.249s] -- Added test 'pep257' to check Python code against some of the style conventions in PEP 257
[1.250s] -- Added test 'uncrustify' to check C / C++ code style
[1.250s] -- Configured uncrustify additional arguments: 
[1.250s] -- Added test 'xmllint' to check XML markup files
[1.262s] -- Configuring done
[1.280s] -- Generating done
[1.281s] -- Build files have been written to: /home/tutu/mr_ws_ros2/build/simple_controller
[1.297s] Invoked command in '/home/tutu/mr_ws_ros2/build/simple_controller' returned '0': CMAKE_PREFIX_PATH=${CMAKE_PREFIX_PATH}:/opt/ros/foxy /usr/bin/cmake /home/tutu/mr_ws_ros2/src/simple_controller -DCMAKE_BUILD_TYPE=RelWithDebInfo -DAMENT_CMAKE_SYMLINK_INSTALL=1 -DCMAKE_INSTALL_PREFIX=/home/tutu/mr_ws_ros2/install/simple_controller
[1.299s] Invoking command in '/home/tutu/mr_ws_ros2/build/simple_controller': CMAKE_PREFIX_PATH=${CMAKE_PREFIX_PATH}:/opt/ros/foxy /usr/bin/cmake --build /home/tutu/mr_ws_ros2/build/simple_controller -- -j8 -l8
[1.370s] [100%] Built target controller_node
[1.382s] Invoked command in '/home/tutu/mr_ws_ros2/build/simple_controller' returned '0': CMAKE_PREFIX_PATH=${CMAKE_PREFIX_PATH}:/opt/ros/foxy /usr/bin/cmake --build /home/tutu/mr_ws_ros2/build/simple_controller -- -j8 -l8
[1.413s] Invoking command in '/home/tutu/mr_ws_ros2/build/simple_controller': CMAKE_PREFIX_PATH=${CMAKE_PREFIX_PATH}:/opt/ros/foxy /usr/bin/cmake --install /home/tutu/mr_ws_ros2/build/simple_controller
[1.420s] -- Install configuration: "RelWithDebInfo"
[1.420s] -- Execute custom install script
[1.420s] -- Up-to-date symlink: /home/tutu/mr_ws_ros2/install/simple_controller/share/ament_index/resource_index/package_run_dependencies/simple_controller
[1.421s] -- Up-to-date symlink: /home/tutu/mr_ws_ros2/install/simple_controller/share/ament_index/resource_index/parent_prefix_path/simple_controller
[1.421s] -- Up-to-date symlink: /home/tutu/mr_ws_ros2/install/simple_controller/share/simple_controller/environment/ament_prefix_path.sh
[1.422s] -- Up-to-date symlink: /home/tutu/mr_ws_ros2/install/simple_controller/share/simple_controller/environment/ament_prefix_path.dsv
[1.422s] -- Up-to-date symlink: /home/tutu/mr_ws_ros2/install/simple_controller/share/simple_controller/environment/path.sh
[1.422s] -- Up-to-date symlink: /home/tutu/mr_ws_ros2/install/simple_controller/share/simple_controller/environment/path.dsv
[1.423s] -- Up-to-date symlink: /home/tutu/mr_ws_ros2/install/simple_controller/share/simple_controller/local_setup.bash
[1.424s] -- Up-to-date symlink: /home/tutu/mr_ws_ros2/install/simple_controller/share/simple_controller/local_setup.sh
[1.426s] -- Up-to-date symlink: /home/tutu/mr_ws_ros2/install/simple_controller/share/simple_controller/local_setup.zsh
[1.426s] -- Up-to-date symlink: /home/tutu/mr_ws_ros2/install/simple_controller/share/simple_controller/local_setup.dsv
[1.427s] -- Symlinking: /home/tutu/mr_ws_ros2/install/simple_controller/share/simple_controller/package.dsv
[1.434s] -- Up-to-date symlink: /home/tutu/mr_ws_ros2/install/simple_controller/share/ament_index/resource_index/packages/simple_controller
[1.434s] -- Up-to-date symlink: /home/tutu/mr_ws_ros2/install/simple_controller/share/simple_controller/cmake/simple_controllerConfig.cmake
[1.434s] -- Up-to-date symlink: /home/tutu/mr_ws_ros2/install/simple_controller/share/simple_controller/cmake/simple_controllerConfig-version.cmake
[1.435s] -- Up-to-date symlink: /home/tutu/mr_ws_ros2/install/simple_controller/share/simple_controller/package.xml
[1.435s] -- Up-to-date symlink: /home/tutu/mr_ws_ros2/install/simple_controller/lib/simple_controller/controller_node
[1.436s] -- Up-to-date symlink: /home/tutu/mr_ws_ros2/install/simple_controller/share/simple_controller/launch/controller.launch.py
[1.436s] -- Up-to-date symlink: /home/tutu/mr_ws_ros2/install/simple_controller/share/simple_controller/launch/controller.yaml
[1.436s] -- Up-to-date symlink: /home/tutu/mr_ws_ros2/install/simple_controller/share/simple_controller/launch/controller1s.yaml
[1.436s] -- Up-to-date symlink: /home/tutu/mr_ws_ros2/install/simple_controller/share/simple_controller/launch/controller_curv.yaml
[1.436s] -- Up-to-date symlink: /home/tutu/mr_ws_ros2/install/simple_controller/share/simple_controller/launch/controller_stage.launch.py
[1.436s] -- Up-to-date symlink: /home/tutu/mr_ws_ros2/install/simple_controller/share/simple_controller/launch/slam.launch
[1.437s] -- Up-to-date symlink: /home/tutu/mr_ws_ros2/install/simple_controller/lib/simple_controller/start_rqt
[1.437s] -- Up-to-date symlink: /home/tutu/mr_ws_ros2/install/simple_controller/share/simple_controller/rqt_cfg/steer_error.perspective
[1.440s] Invoked command in '/home/tutu/mr_ws_ros2/build/simple_controller' returned '0': CMAKE_PREFIX_PATH=${CMAKE_PREFIX_PATH}:/opt/ros/foxy /usr/bin/cmake --install /home/tutu/mr_ws_ros2/build/simple_controller
