[0.025s] Invoking command in '/home/tutu/ros2m/build/stage_ros2': CMAKE_PREFIX_PATH=/home/tutu/ros2m/install/Stage:/opt/ros/humble LD_LIBRARY_PATH=/home/tutu/ros2m/install/Stage/lib:${LD_LIBRARY_PATH} PATH=/home/tutu/ros2m/install/Stage/bin:${PATH} /usr/bin/cmake --build /home/tutu/ros2m/build/stage_ros2 -- -j1 -l1
[0.084s] [35m[1mConsolidate compiler generated dependencies of target stage_node[0m
[0.147s] [ 71%] Built target stage_node
[0.160s] [35m[1mConsolidate compiler generated dependencies of target stage_ros2[0m
[0.186s] [100%] Built target stage_ros2
[0.204s] Invoked command in '/home/tutu/ros2m/build/stage_ros2' returned '0': CMAKE_PREFIX_PATH=/home/tutu/ros2m/install/Stage:/opt/ros/humble LD_LIBRARY_PATH=/home/tutu/ros2m/install/Stage/lib:${LD_LIBRARY_PATH} PATH=/home/tutu/ros2m/install/Stage/bin:${PATH} /usr/bin/cmake --build /home/tutu/ros2m/build/stage_ros2 -- -j1 -l1
[0.205s] Invoking command in '/home/tutu/ros2m/build/stage_ros2': CMAKE_PREFIX_PATH=/home/tutu/ros2m/install/Stage:/opt/ros/humble LD_LIBRARY_PATH=/home/tutu/ros2m/install/Stage/lib:${LD_LIBRARY_PATH} PATH=/home/tutu/ros2m/install/Stage/bin:${PATH} /usr/bin/cmake --install /home/tutu/ros2m/build/stage_ros2
[0.214s] -- Install configuration: ""
[0.215s] -- Up-to-date: /home/tutu/ros2m/install/stage_ros2/share/stage_ros2/environment/library_path.sh
[0.215s] -- Up-to-date: /home/tutu/ros2m/install/stage_ros2/share/stage_ros2/environment/library_path.dsv
[0.215s] -- Up-to-date: /home/tutu/ros2m/install/stage_ros2/share/stage_ros2//launch
[0.215s] -- Up-to-date: /home/tutu/ros2m/install/stage_ros2/share/stage_ros2//launch/f710.launch.py
[0.215s] -- Up-to-date: /home/tutu/ros2m/install/stage_ros2/share/stage_ros2//launch/rviz.launch.py
[0.216s] -- Up-to-date: /home/tutu/ros2m/install/stage_ros2/share/stage_ros2//launch/rviz_ns.launch.py
[0.216s] -- Up-to-date: /home/tutu/ros2m/install/stage_ros2/share/stage_ros2//launch/stage.launch.py
[0.216s] -- Up-to-date: /home/tutu/ros2m/install/stage_ros2/share/stage_ros2//launch/demo.launch.py
[0.219s] -- Up-to-date: /home/tutu/ros2m/install/stage_ros2/share/stage_ros2//world
[0.219s] -- Up-to-date: /home/tutu/ros2m/install/stage_ros2/share/stage_ros2//world/willow-four-erratics-multisensor.world
[0.219s] -- Up-to-date: /home/tutu/ros2m/install/stage_ros2/share/stage_ros2//world/cave.world
[0.219s] -- Up-to-date: /home/tutu/ros2m/install/stage_ros2/share/stage_ros2//world/cave_seven_robots.world
[0.219s] -- Up-to-date: /home/tutu/ros2m/install/stage_ros2/share/stage_ros2//world/bitmaps
[0.219s] -- Up-to-date: /home/tutu/ros2m/install/stage_ros2/share/stage_ros2//world/bitmaps/hallway.png
[0.219s] -- Up-to-date: /home/tutu/ros2m/install/stage_ros2/share/stage_ros2//world/bitmaps/cave.png
[0.219s] -- Up-to-date: /home/tutu/ros2m/install/stage_ros2/share/stage_ros2//world/bitmaps/hallway.pgm
[0.219s] -- Up-to-date: /home/tutu/ros2m/install/stage_ros2/share/stage_ros2//world/bitmaps/warehouse200.pgm
[0.219s] -- Up-to-date: /home/tutu/ros2m/install/stage_ros2/share/stage_ros2//world/bitmaps/line.png
[0.219s] -- Up-to-date: /home/tutu/ros2m/install/stage_ros2/share/stage_ros2//world/bitmaps/warehouse032.pgm
[0.220s] -- Up-to-date: /home/tutu/ros2m/install/stage_ros2/share/stage_ros2//world/bitmaps/willow-full.pgm
[0.221s] -- Up-to-date: /home/tutu/ros2m/install/stage_ros2/share/stage_ros2//world/bitmaps/warehouse008.pgm
[0.221s] -- Up-to-date: /home/tutu/ros2m/install/stage_ros2/share/stage_ros2//world/bitmaps/straden.png
[0.221s] -- Up-to-date: /home/tutu/ros2m/install/stage_ros2/share/stage_ros2//world/include
[0.221s] -- Up-to-date: /home/tutu/ros2m/install/stage_ros2/share/stage_ros2//world/include/robots.inc
[0.221s] -- Up-to-date: /home/tutu/ros2m/install/stage_ros2/share/stage_ros2//world/include/pioneer2dx.inc
[0.221s] -- Up-to-date: /home/tutu/ros2m/install/stage_ros2/share/stage_ros2//world/cave_three_robots.world
[0.225s] -- Up-to-date: /home/tutu/ros2m/install/stage_ros2/share/stage_ros2//world/lines.world
[0.225s] -- Up-to-date: /home/tutu/ros2m/install/stage_ros2/share/stage_ros2//world/cave_multi.world
[0.225s] -- Up-to-date: /home/tutu/ros2m/install/stage_ros2/share/stage_ros2//world/straden.world
[0.225s] -- Up-to-date: /home/tutu/ros2m/install/stage_ros2/share/stage_ros2//world/hallway.world
[0.225s] -- Up-to-date: /home/tutu/ros2m/install/stage_ros2/share/stage_ros2//config
[0.226s] -- Up-to-date: /home/tutu/ros2m/install/stage_ros2/share/stage_ros2//config/teleop_twist_joy
[0.227s] -- Up-to-date: /home/tutu/ros2m/install/stage_ros2/share/stage_ros2//config/teleop_twist_joy/f710.config.yaml
[0.227s] -- Up-to-date: /home/tutu/ros2m/install/stage_ros2/share/stage_ros2//config/rviz
[0.228s] -- Up-to-date: /home/tutu/ros2m/install/stage_ros2/share/stage_ros2//config/rviz/lines.rviz
[0.228s] -- Up-to-date: /home/tutu/ros2m/install/stage_ros2/share/stage_ros2//config/rviz/robot0.rviz
[0.228s] -- Up-to-date: /home/tutu/ros2m/install/stage_ros2/share/stage_ros2//config/rviz/cave_seven_robots.rviz
[0.228s] -- Up-to-date: /home/tutu/ros2m/install/stage_ros2/share/stage_ros2//config/rviz/cave_three_robots.rviz
[0.228s] -- Up-to-date: /home/tutu/ros2m/install/stage_ros2/share/stage_ros2//config/rviz/robot_ns_depth.rviz
[0.235s] -- Up-to-date: /home/tutu/ros2m/install/stage_ros2/share/stage_ros2//config/rviz/robot_ns.rviz
[0.236s] -- Up-to-date: /home/tutu/ros2m/install/stage_ros2/share/stage_ros2//config/rviz/cave.rviz
[0.236s] -- Up-to-date: /home/tutu/ros2m/install/stage_ros2/lib/libstage_node.so
[0.236s] -- Up-to-date: /home/tutu/ros2m/install/stage_ros2/lib/stage_ros2/stage_ros2
[0.236s] -- Up-to-date: /home/tutu/ros2m/install/stage_ros2/share/ament_index/resource_index/package_run_dependencies/stage_ros2
[0.236s] -- Up-to-date: /home/tutu/ros2m/install/stage_ros2/share/ament_index/resource_index/parent_prefix_path/stage_ros2
[0.236s] -- Up-to-date: /home/tutu/ros2m/install/stage_ros2/share/stage_ros2/environment/ament_prefix_path.sh
[0.236s] -- Up-to-date: /home/tutu/ros2m/install/stage_ros2/share/stage_ros2/environment/ament_prefix_path.dsv
[0.236s] -- Up-to-date: /home/tutu/ros2m/install/stage_ros2/share/stage_ros2/environment/path.sh
[0.236s] -- Up-to-date: /home/tutu/ros2m/install/stage_ros2/share/stage_ros2/environment/path.dsv
[0.236s] -- Up-to-date: /home/tutu/ros2m/install/stage_ros2/share/stage_ros2/local_setup.bash
[0.236s] -- Up-to-date: /home/tutu/ros2m/install/stage_ros2/share/stage_ros2/local_setup.sh
[0.236s] -- Up-to-date: /home/tutu/ros2m/install/stage_ros2/share/stage_ros2/local_setup.zsh
[0.236s] -- Up-to-date: /home/tutu/ros2m/install/stage_ros2/share/stage_ros2/local_setup.dsv
[0.237s] -- Installing: /home/tutu/ros2m/install/stage_ros2/share/stage_ros2/package.dsv
[0.237s] -- Up-to-date: /home/tutu/ros2m/install/stage_ros2/share/ament_index/resource_index/packages/stage_ros2
[0.237s] -- Up-to-date: /home/tutu/ros2m/install/stage_ros2/share/stage_ros2/cmake/stage_ros2Config.cmake
[0.237s] -- Up-to-date: /home/tutu/ros2m/install/stage_ros2/share/stage_ros2/cmake/stage_ros2Config-version.cmake
[0.238s] -- Up-to-date: /home/tutu/ros2m/install/stage_ros2/share/stage_ros2/package.xml
[0.238s] Invoked command in '/home/tutu/ros2m/build/stage_ros2' returned '0': CMAKE_PREFIX_PATH=/home/tutu/ros2m/install/Stage:/opt/ros/humble LD_LIBRARY_PATH=/home/tutu/ros2m/install/Stage/lib:${LD_LIBRARY_PATH} PATH=/home/tutu/ros2m/install/Stage/bin:${PATH} /usr/bin/cmake --install /home/tutu/ros2m/build/stage_ros2
