[0.010s] Invoking command in '/home/tutu/ros2m/build/Stage': /usr/bin/cmake /home/tutu/ros2m/src/Stage -DCMAKE_INSTALL_PREFIX=/home/tutu/ros2m/install/Stage
[0.081s] -- The C compiler identification is GNU 11.4.0
[0.166s] -- The CXX compiler identification is GNU 11.4.0
[0.173s] -- Detecting C compiler ABI info
[0.293s] -- Detecting C compiler ABI info - done
[0.302s] -- Check for working C compiler: /usr/bin/cc - skipped
[0.303s] -- Detecting C compile features
[0.304s] -- Detecting C compile features - done
[0.307s] -- Detecting CXX compiler ABI info
[0.443s] -- Detecting CXX compiler ABI info - done
[0.450s] -- Check for working CXX compiler: /usr/bin/c++ - skipped
[0.452s] -- Detecting CXX compile features
[0.458s] -- Detecting CXX compile features - done
[0.459s] -- Stage version 4.3.0
[0.459s] -- Operating system is Linux
[0.459s] -- Installing Libraries to /home/tutu/ros2m/install/Stage/lib
[0.459s] -- Installing Plugins to /home/tutu/ros2m/install/Stage/lib/Stage-4.3
[0.460s] -- Build type RELEASE
[0.461s] -- Checking for libtool
[0.529s] -- Checking for required libraries...
[0.664s] -- Found JPEG: /usr/lib/x86_64-linux-gnu/libjpeg.so (found version "80") 
[0.675s] -- Found ZLIB: /usr/lib/x86_64-linux-gnu/libz.so (found version "1.2.11") 
[0.690s] -- Found PNG: /usr/lib/x86_64-linux-gnu/libpng.so (found version "1.6.37") 
[0.696s] [33mCMake Warning (dev) at /usr/share/cmake-3.22/Modules/FindOpenGL.cmake:315 (message):
[0.697s]   Policy CMP0072 is not set: FindOpenGL prefers GLVND by default when
[0.697s]   available.  Run "cmake --help-policy CMP0072" for policy details.  Use the
[0.698s]   cmake_policy command to set the policy and suppress this warning.
[0.698s] 
[0.698s]   FindOpenGL found both a legacy GL library:
[0.698s] 
[0.698s]     OPENGL_gl_LIBRARY: /usr/lib/x86_64-linux-gnu/libGL.so
[0.701s] 
[0.701s]   and GLVND libraries for OpenGL and GLX:
[0.701s] 
[0.701s]     OPENGL_opengl_LIBRARY: /usr/lib/x86_64-linux-gnu/libOpenGL.so
[0.701s]     OPENGL_glx_LIBRARY: /usr/lib/x86_64-linux-gnu/libGLX.so
[0.701s] 
[0.701s]   OpenGL_GL_PREFERENCE has not been set to "GLVND" or "LEGACY", so for
[0.701s]   compatibility with CMake 3.10 and below the legacy GL library will be used.
[0.701s] Call Stack (most recent call first):
[0.703s] -- Found OpenGL: /usr/lib/x86_64-linux-gnu/libOpenGL.so   
[0.703s]   /usr/share/cmake-3.22/Modules/FindFLTK.cmake:87 (find_package)
[0.703s]   CMakeLists.txt:100 (find_package)
[0.703s] This warning is for project developers.  Use -Wno-dev to suppress it.
[0.703s] [0m
[0.819s] -- Found X11: /usr/include   
[0.822s] -- Looking for XOpenDisplay in /usr/lib/x86_64-linux-gnu/libX11.so;/usr/lib/x86_64-linux-gnu/libXext.so
[0.975s] -- Looking for XOpenDisplay in /usr/lib/x86_64-linux-gnu/libX11.so;/usr/lib/x86_64-linux-gnu/libXext.so - found
[0.977s] -- Looking for gethostbyname
[1.094s] -- Looking for gethostbyname - found
[1.095s] -- Looking for connect
[1.206s] -- Looking for connect - found
[1.206s] -- Looking for remove
[1.298s] -- Looking for remove - found
[1.299s] -- Looking for shmat
[1.386s] -- Looking for shmat - found
[1.389s] -- Looking for IceConnectionNumber in ICE
[1.484s] -- Looking for IceConnectionNumber in ICE - found
[1.652s] -- Found FLTK: fltk_images;fltk_forms;fltk_gl;/usr/lib/x86_64-linux-gnu/libGL.so;fltk  
[1.658s] -- Checking for optional libraries...
[1.660s] -- Installation path CMAKE_INSTALL_PREFIX=/home/tutu/ros2m/install/Stage
[1.661s] -- Configuring libstage
[1.677s] -- Found PkgConfig: /usr/bin/pkg-config (found version "0.29.2") 
[1.678s] -- Checking for one of the modules 'playercore>=2.1.0'
[1.686s] --   * Player not detected. If Player is installed but not detected, check your PKG_CONFIG_PATH.
[1.705s] -- Configuring done
[1.793s] -- Generating done
[1.807s] -- Build files have been written to: /home/tutu/ros2m/build/Stage
[1.816s] Invoked command in '/home/tutu/ros2m/build/Stage' returned '0': /usr/bin/cmake /home/tutu/ros2m/src/Stage -DCMAKE_INSTALL_PREFIX=/home/tutu/ros2m/install/Stage
[1.818s] Invoking command in '/home/tutu/ros2m/build/Stage': /usr/bin/cmake --build /home/tutu/ros2m/build/Stage -- -j1 -l1
[1.883s] [  1%] [32mBuilding CXX object libstage/CMakeFiles/stage.dir/block.cc.o[0m
[3.703s] [  3%] [32mBuilding CXX object libstage/CMakeFiles/stage.dir/blockgroup.cc.o[0m
[5.428s] [  5%] [32mBuilding CXX object libstage/CMakeFiles/stage.dir/camera.cc.o[0m
[6.761s] [  6%] [32mBuilding CXX object libstage/CMakeFiles/stage.dir/color.cc.o[0m
[8.427s] [  8%] [32mBuilding CXX object libstage/CMakeFiles/stage.dir/file_manager.cc.o[0m
[10.128s] [ 10%] [32mBuilding CXX object libstage/CMakeFiles/stage.dir/gl.cc.o[0m
[11.403s] [ 11%] [32mBuilding CXX object libstage/CMakeFiles/stage.dir/logentry.cc.o[0m
[12.661s] [ 13%] [32mBuilding CXX object libstage/CMakeFiles/stage.dir/model.cc.o[0m
[15.398s] [ 15%] [32mBuilding CXX object libstage/CMakeFiles/stage.dir/model_actuator.cc.o[0m
[16.778s] [ 16%] [32mBuilding CXX object libstage/CMakeFiles/stage.dir/model_blinkenlight.cc.o[0m
[18.282s] [ 18%] [32mBuilding CXX object libstage/CMakeFiles/stage.dir/model_blobfinder.cc.o[0m
[19.838s] [ 20%] [32mBuilding CXX object libstage/CMakeFiles/stage.dir/model_bumper.cc.o[0m
[21.210s] [ 22%] [32mBuilding CXX object libstage/CMakeFiles/stage.dir/model_callbacks.cc.o[0m
[22.676s] [ 23%] [32mBuilding CXX object libstage/CMakeFiles/stage.dir/model_camera.cc.o[0m
[24.177s] [ 25%] [32mBuilding CXX object libstage/CMakeFiles/stage.dir/model_draw.cc.o[0m
[25.872s] [ 27%] [32mBuilding CXX object libstage/CMakeFiles/stage.dir/model_fiducial.cc.o[0m
[27.519s] [ 28%] [32mBuilding CXX object libstage/CMakeFiles/stage.dir/model_gripper.cc.o[0m
[29.228s] [ 30%] [32mBuilding CXX object libstage/CMakeFiles/stage.dir/model_lightindicator.cc.o[0m
[30.676s] [ 32%] [32mBuilding CXX object libstage/CMakeFiles/stage.dir/model_position.cc.o[0m
[32.430s] [ 33%] [32mBuilding CXX object libstage/CMakeFiles/stage.dir/model_ranger.cc.o[0m
[34.201s] [ 35%] [32mBuilding CXX object libstage/CMakeFiles/stage.dir/option.cc.o[0m
[35.538s] [ 37%] [32mBuilding CXX object libstage/CMakeFiles/stage.dir/powerpack.cc.o[0m
[36.970s] [ 38%] [32mBuilding CXX object libstage/CMakeFiles/stage.dir/region.cc.o[0m
[38.765s] [ 40%] [32mBuilding CXX object libstage/CMakeFiles/stage.dir/stage.cc.o[0m
[40.704s] [ 42%] [32mBuilding CXX object libstage/CMakeFiles/stage.dir/texture_manager.cc.o[0m
[41.923s] [ 44%] [32mBuilding CXX object libstage/CMakeFiles/stage.dir/typetable.cc.o[0m
[43.435s] [ 45%] [32mBuilding CXX object libstage/CMakeFiles/stage.dir/world.cc.o[0m
[46.712s] [ 47%] [32mBuilding CXX object libstage/CMakeFiles/stage.dir/worldfile.cc.o[0m
[49.287s] [ 49%] [32mBuilding CXX object libstage/CMakeFiles/stage.dir/canvas.cc.o[0m
[51.503s] [ 50%] [32mBuilding CXX object libstage/CMakeFiles/stage.dir/options_dlg.cc.o[0m
[52.799s] [ 52%] [32mBuilding CXX object libstage/CMakeFiles/stage.dir/vis_strip.cc.o[0m
[54.093s] [ 54%] [32mBuilding CXX object libstage/CMakeFiles/stage.dir/worldgui.cc.o[0m
[56.121s] [ 55%] [32mBuilding CXX object libstage/CMakeFiles/stage.dir/ancestor.cc.o[0m
[57.579s] [ 57%] [32m[1mLinking CXX shared library libstage.so[0m
[57.835s] [ 57%] Built target stage
[57.858s] [ 59%] [32mBuilding CXX object libstage/CMakeFiles/stagebinary.dir/main.cc.o[0m
[59.140s] [ 61%] [32m[1mLinking CXX executable stage[0m
[59.283s] [ 61%] Built target stagebinary
[59.307s] [ 62%] [32mBuilding CXX object examples/ctrl/CMakeFiles/fasr.dir/fasr.cc.o[0m
[60.592s] [ 64%] [32m[1mLinking CXX shared module fasr.so[0m
[60.719s] [ 64%] Built target fasr
[60.753s] [ 66%] [32mBuilding CXX object examples/ctrl/CMakeFiles/sink.dir/sink.cc.o[0m
[61.949s] [ 67%] [32m[1mLinking CXX shared module sink.so[0m
[62.086s] [ 67%] Built target sink
[62.112s] [ 69%] [32mBuilding CXX object examples/ctrl/CMakeFiles/source.dir/source.cc.o[0m
[63.413s] [ 71%] [32m[1mLinking CXX shared module source.so[0m
[63.524s] [ 71%] Built target source
[63.546s] [ 72%] [32mBuilding CXX object examples/ctrl/CMakeFiles/wander.dir/wander.cc.o[0m
[64.765s] [ 74%] [32m[1mLinking CXX shared module wander.so[0m
[64.876s] [ 74%] Built target wander
[64.905s] [ 76%] [32mBuilding CXX object examples/ctrl/CMakeFiles/pioneer_flocking.dir/pioneer_flocking.cc.o[0m
[66.306s] [ 77%] [32m[1mLinking CXX shared module pioneer_flocking.so[0m
[66.432s] [ 77%] Built target pioneer_flocking
[66.456s] [ 79%] [32mBuilding CXX object examples/ctrl/CMakeFiles/rasterize.dir/rasterize.cc.o[0m
[67.670s] [ 81%] [32m[1mLinking CXX shared module rasterize.so[0m
[67.786s] [ 81%] Built target rasterize
[67.809s] [ 83%] [32mBuilding CXX object examples/ctrl/CMakeFiles/lasernoise.dir/lasernoise.cc.o[0m
[69.074s] [ 84%] [32m[1mLinking CXX shared module lasernoise.so[0m
[69.192s] [ 84%] Built target lasernoise
[69.218s] [ 86%] [32mBuilding CXX object examples/ctrl/CMakeFiles/dynamic.dir/dynamic.cc.o[0m
[70.436s] [ 88%] [32m[1mLinking CXX shared module dynamic.so[0m
[70.548s] [ 88%] Built target dynamic
[70.573s] [ 89%] [32mBuilding CXX object examples/ctrl/CMakeFiles/fasr2.dir/fasr2.cc.o[0m
[72.458s] [ 91%] [32mBuilding CXX object examples/ctrl/CMakeFiles/fasr2.dir/astar/findpath.cpp.o[0m
[73.405s] [ 93%] [32m[1mLinking CXX shared module fasr2.so[0m
[73.552s] [ 93%] Built target fasr2
[73.574s] [ 94%] [32mBuilding CXX object worlds/benchmark/CMakeFiles/expand_swarm.dir/expand_swarm.cc.o[0m
[74.789s] [ 96%] [32m[1mLinking CXX shared module expand_swarm.so[0m
[74.926s] [ 96%] Built target expand_swarm
[74.954s] [ 98%] [32mBuilding CXX object worlds/benchmark/CMakeFiles/expand_pioneer.dir/expand_pioneer.cc.o[0m
[76.184s] [100%] [32m[1mLinking CXX shared module expand_pioneer.so[0m
[76.321s] [100%] Built target expand_pioneer
[76.336s] Invoked command in '/home/tutu/ros2m/build/Stage' returned '0': /usr/bin/cmake --build /home/tutu/ros2m/build/Stage -- -j1 -l1
[76.339s] Invoking command in '/home/tutu/ros2m/build/Stage': /usr/bin/cmake --install /home/tutu/ros2m/build/Stage
[76.358s] -- Install configuration: "RELEASE"
[76.359s] -- Installing: /home/tutu/ros2m/install/Stage/lib/pkgconfig/stage.pc
[76.360s] -- Installing: /home/tutu/ros2m/install/Stage/lib/cmake/Stage/stage-config.cmake
[76.360s] -- Installing: /home/tutu/ros2m/install/Stage/lib/cmake/Stage/stage-config-version.cmake
[76.363s] -- Installing: /home/tutu/ros2m/install/Stage/bin/stage
[76.363s] -- Set runtime path of "/home/tutu/ros2m/install/Stage/bin/stage" to ""
[76.364s] -- Installing: /home/tutu/ros2m/install/Stage/lib/libstage.so.4.3.0
[76.365s] -- Installing: /home/tutu/ros2m/install/Stage/lib/libstage.so
[76.367s] -- Installing: /home/tutu/ros2m/install/Stage/include/Stage-4.3/stage.hh
[76.368s] -- Installing: /home/tutu/ros2m/install/Stage/lib/Stage-4.3/fasr.so
[76.368s] -- Set runtime path of "/home/tutu/ros2m/install/Stage/lib/Stage-4.3/fasr.so" to ""
[76.369s] -- Installing: /home/tutu/ros2m/install/Stage/lib/Stage-4.3/sink.so
[76.373s] -- Set runtime path of "/home/tutu/ros2m/install/Stage/lib/Stage-4.3/sink.so" to ""
[76.373s] -- Installing: /home/tutu/ros2m/install/Stage/lib/Stage-4.3/source.so
[76.374s] -- Set runtime path of "/home/tutu/ros2m/install/Stage/lib/Stage-4.3/source.so" to ""
[76.374s] -- Installing: /home/tutu/ros2m/install/Stage/lib/Stage-4.3/wander.so
[76.375s] -- Set runtime path of "/home/tutu/ros2m/install/Stage/lib/Stage-4.3/wander.so" to ""
[76.375s] -- Installing: /home/tutu/ros2m/install/Stage/lib/Stage-4.3/pioneer_flocking.so
[76.376s] -- Set runtime path of "/home/tutu/ros2m/install/Stage/lib/Stage-4.3/pioneer_flocking.so" to ""
[76.376s] -- Installing: /home/tutu/ros2m/install/Stage/lib/Stage-4.3/rasterize.so
[76.377s] -- Set runtime path of "/home/tutu/ros2m/install/Stage/lib/Stage-4.3/rasterize.so" to ""
[76.378s] -- Installing: /home/tutu/ros2m/install/Stage/lib/Stage-4.3/lasernoise.so
[76.379s] -- Set runtime path of "/home/tutu/ros2m/install/Stage/lib/Stage-4.3/lasernoise.so" to ""
[76.379s] -- Installing: /home/tutu/ros2m/install/Stage/lib/Stage-4.3/dynamic.so
[76.382s] -- Set runtime path of "/home/tutu/ros2m/install/Stage/lib/Stage-4.3/dynamic.so" to ""
[76.383s] -- Installing: /home/tutu/ros2m/install/Stage/lib/Stage-4.3/fasr2.so
[76.383s] -- Set runtime path of "/home/tutu/ros2m/install/Stage/lib/Stage-4.3/fasr2.so" to ""
[76.383s] -- Installing: /home/tutu/ros2m/install/Stage/share/stage/assets/blue.png
[76.384s] -- Installing: /home/tutu/ros2m/install/Stage/share/stage/assets/death.png
[76.384s] -- Installing: /home/tutu/ros2m/install/Stage/share/stage/assets/green.png
[76.385s] -- Installing: /home/tutu/ros2m/install/Stage/share/stage/assets/logo.png
[76.386s] -- Installing: /home/tutu/ros2m/install/Stage/share/stage/assets/mains.png
[76.386s] -- Installing: /home/tutu/ros2m/install/Stage/share/stage/assets/mainspower.png
[76.387s] -- Installing: /home/tutu/ros2m/install/Stage/share/stage/assets/question_mark.png
[76.387s] -- Installing: /home/tutu/ros2m/install/Stage/share/stage/assets/red.png
[76.387s] -- Installing: /home/tutu/ros2m/install/Stage/share/stage/assets/stagelogo.png
[76.388s] -- Installing: /home/tutu/ros2m/install/Stage/share/stage/assets/stall-old.png
[76.388s] -- Installing: /home/tutu/ros2m/install/Stage/share/stage/assets/stall.png
[76.389s] -- Installing: /home/tutu/ros2m/install/Stage/share/stage/assets/rgb.txt
[76.389s] -- Installing: /home/tutu/ros2m/install/Stage/share/stage/rgb.txt
[76.391s] -- Installing: /home/tutu/ros2m/install/Stage/share/stage/worlds/amcl-sonar.cfg
[76.391s] -- Installing: /home/tutu/ros2m/install/Stage/share/stage/worlds/autolab.cfg
[76.392s] -- Installing: /home/tutu/ros2m/install/Stage/share/stage/worlds/camera.cfg
[76.392s] -- Installing: /home/tutu/ros2m/install/Stage/share/stage/worlds/everything.cfg
[76.393s] -- Installing: /home/tutu/ros2m/install/Stage/share/stage/worlds/lsp_test.cfg
[76.393s] -- Installing: /home/tutu/ros2m/install/Stage/share/stage/worlds/mbicp.cfg
[76.394s] -- Installing: /home/tutu/ros2m/install/Stage/share/stage/worlds/nd.cfg
[76.394s] -- Installing: /home/tutu/ros2m/install/Stage/share/stage/worlds/roomba.cfg
[76.395s] -- Installing: /home/tutu/ros2m/install/Stage/share/stage/worlds/simple.cfg
[76.397s] -- Installing: /home/tutu/ros2m/install/Stage/share/stage/worlds/test.cfg
[76.398s] -- Installing: /home/tutu/ros2m/install/Stage/share/stage/worlds/uoa_robotics_lab.cfg
[76.398s] -- Installing: /home/tutu/ros2m/install/Stage/share/stage/worlds/vfh.cfg
[76.398s] -- Installing: /home/tutu/ros2m/install/Stage/share/stage/worlds/wavefront-remote.cfg
[76.398s] -- Installing: /home/tutu/ros2m/install/Stage/share/stage/worlds/wavefront.cfg
[76.399s] -- Installing: /home/tutu/ros2m/install/Stage/share/stage/worlds/wifi.cfg
[76.399s] -- Installing: /home/tutu/ros2m/install/Stage/share/stage/worlds/SFU.world
[76.399s] -- Installing: /home/tutu/ros2m/install/Stage/share/stage/worlds/autolab.world
[76.400s] -- Installing: /home/tutu/ros2m/install/Stage/share/stage/worlds/camera.world
[76.401s] -- Installing: /home/tutu/ros2m/install/Stage/share/stage/worlds/circuit.world
[76.401s] -- Installing: /home/tutu/ros2m/install/Stage/share/stage/worlds/everything.world
[76.402s] -- Installing: /home/tutu/ros2m/install/Stage/share/stage/worlds/fasr.world
[76.403s] -- Installing: /home/tutu/ros2m/install/Stage/share/stage/worlds/fasr2.world
[76.403s] -- Installing: /home/tutu/ros2m/install/Stage/share/stage/worlds/fasr_plan.world
[76.404s] -- Installing: /home/tutu/ros2m/install/Stage/share/stage/worlds/large.world
[76.404s] -- Installing: /home/tutu/ros2m/install/Stage/share/stage/worlds/lsp_test.world
[76.405s] -- Installing: /home/tutu/ros2m/install/Stage/share/stage/worlds/mbicp.world
[76.405s] -- Installing: /home/tutu/ros2m/install/Stage/share/stage/worlds/pioneer_flocking.world
[76.405s] -- Installing: /home/tutu/ros2m/install/Stage/share/stage/worlds/pioneer_follow.world
[76.406s] -- Installing: /home/tutu/ros2m/install/Stage/share/stage/worlds/pioneer_walle.world
[76.407s] -- Installing: /home/tutu/ros2m/install/Stage/share/stage/worlds/roomba.world
[76.407s] -- Installing: /home/tutu/ros2m/install/Stage/share/stage/worlds/sensor_noise_demo.world
[76.407s] -- Installing: /home/tutu/ros2m/install/Stage/share/stage/worlds/sensor_noise_module_demo.world
[76.408s] -- Installing: /home/tutu/ros2m/install/Stage/share/stage/worlds/simple.world
[76.408s] -- Installing: /home/tutu/ros2m/install/Stage/share/stage/worlds/uoa_robotics_lab.world
[76.409s] -- Installing: /home/tutu/ros2m/install/Stage/share/stage/worlds/wifi.world
[76.409s] -- Installing: /home/tutu/ros2m/install/Stage/share/stage/worlds/beacons.inc
[76.410s] -- Installing: /home/tutu/ros2m/install/Stage/share/stage/worlds/chatterbox.inc
[76.410s] -- Installing: /home/tutu/ros2m/install/Stage/share/stage/worlds/hokuyo.inc
[76.411s] -- Installing: /home/tutu/ros2m/install/Stage/share/stage/worlds/irobot.inc
[76.411s] -- Installing: /home/tutu/ros2m/install/Stage/share/stage/worlds/map.inc
[76.414s] -- Installing: /home/tutu/ros2m/install/Stage/share/stage/worlds/objects.inc
[76.415s] -- Installing: /home/tutu/ros2m/install/Stage/share/stage/worlds/pantilt.inc
[76.415s] -- Installing: /home/tutu/ros2m/install/Stage/share/stage/worlds/pioneer.inc
[76.415s] -- Installing: /home/tutu/ros2m/install/Stage/share/stage/worlds/sick.inc
[76.415s] -- Installing: /home/tutu/ros2m/install/Stage/share/stage/worlds/ubot.inc
[76.415s] -- Installing: /home/tutu/ros2m/install/Stage/share/stage/worlds/uoa_robotics_lab_models.inc
[76.417s] -- Installing: /home/tutu/ros2m/install/Stage/share/stage/worlds/walle.inc
[76.417s] -- Installing: /home/tutu/ros2m/install/Stage/share/stage/worlds/cfggen.sh
[76.417s] -- Installing: /home/tutu/ros2m/install/Stage/share/stage/worlds/test.sh
[76.417s] -- Installing: /home/tutu/ros2m/install/Stage/share/stage/worlds/worldgen.sh
[76.420s] -- Installing: /home/tutu/ros2m/install/Stage/lib/Stage-4.3/expand_swarm.so
[76.421s] -- Set runtime path of "/home/tutu/ros2m/install/Stage/lib/Stage-4.3/expand_swarm.so" to ""
[76.422s] -- Installing: /home/tutu/ros2m/install/Stage/lib/Stage-4.3/expand_pioneer.so
[76.422s] -- Set runtime path of "/home/tutu/ros2m/install/Stage/lib/Stage-4.3/expand_pioneer.so" to ""
[76.422s] -- Installing: /home/tutu/ros2m/install/Stage/share/stage/worlds/bitmaps/889_05.png
[76.423s] -- Installing: /home/tutu/ros2m/install/Stage/share/stage/worlds/bitmaps/SFU_1200x615.png
[76.423s] -- Installing: /home/tutu/ros2m/install/Stage/share/stage/worlds/bitmaps/SRI-AIC-kwing.png
[76.423s] -- Installing: /home/tutu/ros2m/install/Stage/share/stage/worlds/bitmaps/autolab.png
[76.423s] -- Installing: /home/tutu/ros2m/install/Stage/share/stage/worlds/bitmaps/cave.png
[76.423s] -- Installing: /home/tutu/ros2m/install/Stage/share/stage/worlds/bitmaps/cave_compact.png
[76.423s] -- Installing: /home/tutu/ros2m/install/Stage/share/stage/worlds/bitmaps/cave_filled.png
[76.425s] -- Installing: /home/tutu/ros2m/install/Stage/share/stage/worlds/bitmaps/frieburg.png
[76.425s] -- Installing: /home/tutu/ros2m/install/Stage/share/stage/worlds/bitmaps/ghost.png
[76.425s] -- Installing: /home/tutu/ros2m/install/Stage/share/stage/worlds/bitmaps/hospital.png
[76.425s] -- Installing: /home/tutu/ros2m/install/Stage/share/stage/worlds/bitmaps/hospital_section.png
[76.425s] -- Installing: /home/tutu/ros2m/install/Stage/share/stage/worlds/bitmaps/human_outline.png
[76.425s] -- Installing: /home/tutu/ros2m/install/Stage/share/stage/worlds/bitmaps/mbicp.png
[76.425s] -- Installing: /home/tutu/ros2m/install/Stage/share/stage/worlds/bitmaps/rink.png
[76.425s] -- Installing: /home/tutu/ros2m/install/Stage/share/stage/worlds/bitmaps/sal2.png
[76.425s] -- Installing: /home/tutu/ros2m/install/Stage/share/stage/worlds/bitmaps/simple_rooms.png
[76.427s] -- Installing: /home/tutu/ros2m/install/Stage/share/stage/worlds/bitmaps/space_invader.png
[76.427s] -- Installing: /home/tutu/ros2m/install/Stage/share/stage/worlds/bitmaps/submarine.png
[76.429s] -- Installing: /home/tutu/ros2m/install/Stage/share/stage/worlds/bitmaps/submarine_small.png
[76.429s] -- Installing: /home/tutu/ros2m/install/Stage/share/stage/worlds/bitmaps/table.png
[76.429s] -- Installing: /home/tutu/ros2m/install/Stage/share/stage/worlds/bitmaps/uoa_robotics_lab.png
[76.429s] -- Installing: /home/tutu/ros2m/install/Stage/share/stage/worlds/wifi/commando.world
[76.429s] -- Installing: /home/tutu/ros2m/install/Stage/share/stage/worlds/wifi/hosp_wifi.world
[76.431s] -- Installing: /home/tutu/ros2m/install/Stage/share/stage/worlds/wifi/hosp_wifi_5.world
[76.431s] -- Installing: /home/tutu/ros2m/install/Stage/share/stage/worlds/wifi/wifi.world
[76.431s] -- Installing: /home/tutu/ros2m/install/Stage/share/stage/worlds/wifi/wifi_itu.world
[76.431s] -- Installing: /home/tutu/ros2m/install/Stage/share/stage/worlds/wifi/wifi_logdistance.world
[76.432s] -- Installing: /home/tutu/ros2m/install/Stage/share/stage/worlds/wifi/wifi_ray.world
[76.433s] -- Installing: /home/tutu/ros2m/install/Stage/share/stage/worlds/wifi/wifi_simple.world
[76.435s] -- Installing: /home/tutu/ros2m/install/Stage/share/stage/worlds/wifi/map.inc
[76.437s] Invoked command in '/home/tutu/ros2m/build/Stage' returned '0': /usr/bin/cmake --install /home/tutu/ros2m/build/Stage
