[0.043s] Invoking command in '/home/tutu/mr_ws_ros2/build/Stage': /usr/bin/cmake --build /home/tutu/mr_ws_ros2/build/Stage -- -j8 -l8
[0.120s] [ 57%] Built target stage
[0.173s] [ 61%] Built target stagebinary
[0.174s] [ 66%] Built target fasr2
[0.180s] [ 69%] Built target source
[0.184s] [ 72%] Built target sink
[0.198s] [ 76%] Built target fasr
[0.200s] [ 79%] Built target dynamic
[0.201s] [ 83%] Built target wander
[0.204s] [ 86%] Built target rasterize
[0.244s] [ 89%] Built target expand_swarm
[0.244s] [ 93%] Built target lasernoise
[0.251s] [ 96%] Built target expand_pioneer
[0.251s] [100%] Built target pioneer_flocking
[0.280s] Invoked command in '/home/tutu/mr_ws_ros2/build/Stage' returned '0': /usr/bin/cmake --build /home/tutu/mr_ws_ros2/build/Stage -- -j8 -l8
[0.348s] Invoking command in '/home/tutu/mr_ws_ros2/build/Stage': /usr/bin/cmake --install /home/tutu/mr_ws_ros2/build/Stage
[0.360s] -- Install configuration: "RELWITHDEBINFO"
[0.360s] -- Up-to-date: /home/tutu/mr_ws_ros2/install/Stage/lib/pkgconfig/stage.pc
[0.360s] -- Up-to-date: /home/tutu/mr_ws_ros2/install/Stage/lib/cmake/Stage/stage-config.cmake
[0.360s] -- Up-to-date: /home/tutu/mr_ws_ros2/install/Stage/lib/cmake/Stage/stage-config-version.cmake
[0.362s] -- Up-to-date: /home/tutu/mr_ws_ros2/install/Stage/bin/stage
[0.363s] -- Up-to-date: /home/tutu/mr_ws_ros2/install/Stage/lib/libstage.so.4.3.0
[0.364s] -- Up-to-date: /home/tutu/mr_ws_ros2/install/Stage/lib/libstage.so
[0.364s] -- Up-to-date: /home/tutu/mr_ws_ros2/install/Stage/include/Stage-4.3/stage.hh
[0.366s] -- Up-to-date: /home/tutu/mr_ws_ros2/install/Stage/lib/Stage-4.3/fasr.so
[0.367s] -- Up-to-date: /home/tutu/mr_ws_ros2/install/Stage/lib/Stage-4.3/sink.so
[0.371s] -- Up-to-date: /home/tutu/mr_ws_ros2/install/Stage/lib/Stage-4.3/source.so
[0.372s] -- Up-to-date: /home/tutu/mr_ws_ros2/install/Stage/lib/Stage-4.3/wander.so
[0.374s] -- Up-to-date: /home/tutu/mr_ws_ros2/install/Stage/lib/Stage-4.3/pioneer_flocking.so
[0.385s] -- Up-to-date: /home/tutu/mr_ws_ros2/install/Stage/lib/Stage-4.3/rasterize.so
[0.385s] -- Up-to-date: /home/tutu/mr_ws_ros2/install/Stage/lib/Stage-4.3/lasernoise.so
[0.385s] -- Up-to-date: /home/tutu/mr_ws_ros2/install/Stage/lib/Stage-4.3/dynamic.so
[0.386s] -- Up-to-date: /home/tutu/mr_ws_ros2/install/Stage/lib/Stage-4.3/fasr2.so
[0.388s] -- Up-to-date: /home/tutu/mr_ws_ros2/install/Stage/share/stage/assets/blue.png
[0.389s] -- Up-to-date: /home/tutu/mr_ws_ros2/install/Stage/share/stage/assets/death.png
[0.389s] -- Up-to-date: /home/tutu/mr_ws_ros2/install/Stage/share/stage/assets/green.png
[0.390s] -- Up-to-date: /home/tutu/mr_ws_ros2/install/Stage/share/stage/assets/logo.png
[0.390s] -- Up-to-date: /home/tutu/mr_ws_ros2/install/Stage/share/stage/assets/mains.png
[0.390s] -- Up-to-date: /home/tutu/mr_ws_ros2/install/Stage/share/stage/assets/mainspower.png
[0.390s] -- Up-to-date: /home/tutu/mr_ws_ros2/install/Stage/share/stage/assets/question_mark.png
[0.391s] -- Up-to-date: /home/tutu/mr_ws_ros2/install/Stage/share/stage/assets/red.png
[0.391s] -- Up-to-date: /home/tutu/mr_ws_ros2/install/Stage/share/stage/assets/stagelogo.png
[0.392s] -- Up-to-date: /home/tutu/mr_ws_ros2/install/Stage/share/stage/assets/stall-old.png
[0.393s] -- Up-to-date: /home/tutu/mr_ws_ros2/install/Stage/share/stage/assets/stall.png
[0.394s] -- Up-to-date: /home/tutu/mr_ws_ros2/install/Stage/share/stage/assets/rgb.txt
[0.394s] -- Up-to-date: /home/tutu/mr_ws_ros2/install/Stage/share/stage/rgb.txt
[0.395s] -- Up-to-date: /home/tutu/mr_ws_ros2/install/Stage/share/stage/worlds/amcl-sonar.cfg
[0.395s] -- Up-to-date: /home/tutu/mr_ws_ros2/install/Stage/share/stage/worlds/autolab.cfg
[0.395s] -- Up-to-date: /home/tutu/mr_ws_ros2/install/Stage/share/stage/worlds/camera.cfg
[0.395s] -- Up-to-date: /home/tutu/mr_ws_ros2/install/Stage/share/stage/worlds/everything.cfg
[0.395s] -- Up-to-date: /home/tutu/mr_ws_ros2/install/Stage/share/stage/worlds/lsp_test.cfg
[0.396s] -- Up-to-date: /home/tutu/mr_ws_ros2/install/Stage/share/stage/worlds/mbicp.cfg
[0.396s] -- Up-to-date: /home/tutu/mr_ws_ros2/install/Stage/share/stage/worlds/nd.cfg
[0.396s] -- Up-to-date: /home/tutu/mr_ws_ros2/install/Stage/share/stage/worlds/roomba.cfg
[0.396s] -- Up-to-date: /home/tutu/mr_ws_ros2/install/Stage/share/stage/worlds/simple.cfg
[0.396s] -- Up-to-date: /home/tutu/mr_ws_ros2/install/Stage/share/stage/worlds/test.cfg
[0.399s] -- Up-to-date: /home/tutu/mr_ws_ros2/install/Stage/share/stage/worlds/uoa_robotics_lab.cfg
[0.403s] -- Up-to-date: /home/tutu/mr_ws_ros2/install/Stage/share/stage/worlds/vfh.cfg
[0.403s] -- Up-to-date: /home/tutu/mr_ws_ros2/install/Stage/share/stage/worlds/wavefront-remote.cfg
[0.403s] -- Up-to-date: /home/tutu/mr_ws_ros2/install/Stage/share/stage/worlds/wavefront.cfg
[0.404s] -- Up-to-date: /home/tutu/mr_ws_ros2/install/Stage/share/stage/worlds/wifi.cfg
[0.405s] -- Up-to-date: /home/tutu/mr_ws_ros2/install/Stage/share/stage/worlds/SFU.world
[0.405s] -- Up-to-date: /home/tutu/mr_ws_ros2/install/Stage/share/stage/worlds/autolab.world
[0.406s] -- Up-to-date: /home/tutu/mr_ws_ros2/install/Stage/share/stage/worlds/camera.world
[0.406s] -- Up-to-date: /home/tutu/mr_ws_ros2/install/Stage/share/stage/worlds/circuit.world
[0.406s] -- Up-to-date: /home/tutu/mr_ws_ros2/install/Stage/share/stage/worlds/everything.world
[0.406s] -- Up-to-date: /home/tutu/mr_ws_ros2/install/Stage/share/stage/worlds/fasr.world
[0.406s] -- Up-to-date: /home/tutu/mr_ws_ros2/install/Stage/share/stage/worlds/fasr2.world
[0.406s] -- Up-to-date: /home/tutu/mr_ws_ros2/install/Stage/share/stage/worlds/fasr_plan.world
[0.406s] -- Up-to-date: /home/tutu/mr_ws_ros2/install/Stage/share/stage/worlds/large.world
[0.407s] -- Up-to-date: /home/tutu/mr_ws_ros2/install/Stage/share/stage/worlds/lsp_test.world
[0.407s] -- Up-to-date: /home/tutu/mr_ws_ros2/install/Stage/share/stage/worlds/mbicp.world
[0.407s] -- Up-to-date: /home/tutu/mr_ws_ros2/install/Stage/share/stage/worlds/pioneer_flocking.world
[0.408s] -- Up-to-date: /home/tutu/mr_ws_ros2/install/Stage/share/stage/worlds/pioneer_follow.world
[0.408s] -- Up-to-date: /home/tutu/mr_ws_ros2/install/Stage/share/stage/worlds/pioneer_walle.world
[0.409s] -- Up-to-date: /home/tutu/mr_ws_ros2/install/Stage/share/stage/worlds/roomba.world
[0.409s] -- Up-to-date: /home/tutu/mr_ws_ros2/install/Stage/share/stage/worlds/sensor_noise_demo.world
[0.415s] -- Up-to-date: /home/tutu/mr_ws_ros2/install/Stage/share/stage/worlds/sensor_noise_module_demo.world
[0.415s] -- Up-to-date: /home/tutu/mr_ws_ros2/install/Stage/share/stage/worlds/simple.world
[0.415s] -- Up-to-date: /home/tutu/mr_ws_ros2/install/Stage/share/stage/worlds/uoa_robotics_lab.world
[0.415s] -- Up-to-date: /home/tutu/mr_ws_ros2/install/Stage/share/stage/worlds/wifi.world
[0.415s] -- Up-to-date: /home/tutu/mr_ws_ros2/install/Stage/share/stage/worlds/beacons.inc
[0.415s] -- Up-to-date: /home/tutu/mr_ws_ros2/install/Stage/share/stage/worlds/chatterbox.inc
[0.415s] -- Up-to-date: /home/tutu/mr_ws_ros2/install/Stage/share/stage/worlds/hokuyo.inc
[0.415s] -- Up-to-date: /home/tutu/mr_ws_ros2/install/Stage/share/stage/worlds/irobot.inc
[0.415s] -- Up-to-date: /home/tutu/mr_ws_ros2/install/Stage/share/stage/worlds/map.inc
[0.415s] -- Up-to-date: /home/tutu/mr_ws_ros2/install/Stage/share/stage/worlds/objects.inc
[0.415s] -- Up-to-date: /home/tutu/mr_ws_ros2/install/Stage/share/stage/worlds/pantilt.inc
[0.415s] -- Up-to-date: /home/tutu/mr_ws_ros2/install/Stage/share/stage/worlds/pioneer.inc
[0.416s] -- Up-to-date: /home/tutu/mr_ws_ros2/install/Stage/share/stage/worlds/sick.inc
[0.416s] -- Up-to-date: /home/tutu/mr_ws_ros2/install/Stage/share/stage/worlds/ubot.inc
[0.416s] -- Up-to-date: /home/tutu/mr_ws_ros2/install/Stage/share/stage/worlds/uoa_robotics_lab_models.inc
[0.416s] -- Up-to-date: /home/tutu/mr_ws_ros2/install/Stage/share/stage/worlds/walle.inc
[0.416s] -- Up-to-date: /home/tutu/mr_ws_ros2/install/Stage/share/stage/worlds/cfggen.sh
[0.416s] -- Up-to-date: /home/tutu/mr_ws_ros2/install/Stage/share/stage/worlds/test.sh
[0.416s] -- Up-to-date: /home/tutu/mr_ws_ros2/install/Stage/share/stage/worlds/worldgen.sh
[0.416s] -- Up-to-date: /home/tutu/mr_ws_ros2/install/Stage/lib/Stage-4.3/expand_swarm.so
[0.416s] -- Up-to-date: /home/tutu/mr_ws_ros2/install/Stage/lib/Stage-4.3/expand_pioneer.so
[0.416s] -- Up-to-date: /home/tutu/mr_ws_ros2/install/Stage/share/stage/worlds/bitmaps/889_05.png
[0.416s] -- Up-to-date: /home/tutu/mr_ws_ros2/install/Stage/share/stage/worlds/bitmaps/SFU_1200x615.png
[0.417s] -- Up-to-date: /home/tutu/mr_ws_ros2/install/Stage/share/stage/worlds/bitmaps/SRI-AIC-kwing.png
[0.417s] -- Up-to-date: /home/tutu/mr_ws_ros2/install/Stage/share/stage/worlds/bitmaps/autolab.png
[0.417s] -- Up-to-date: /home/tutu/mr_ws_ros2/install/Stage/share/stage/worlds/bitmaps/cave.png
[0.417s] -- Up-to-date: /home/tutu/mr_ws_ros2/install/Stage/share/stage/worlds/bitmaps/cave_compact.png
[0.417s] -- Up-to-date: /home/tutu/mr_ws_ros2/install/Stage/share/stage/worlds/bitmaps/cave_filled.png
[0.417s] -- Up-to-date: /home/tutu/mr_ws_ros2/install/Stage/share/stage/worlds/bitmaps/frieburg.png
[0.417s] -- Up-to-date: /home/tutu/mr_ws_ros2/install/Stage/share/stage/worlds/bitmaps/ghost.png
[0.417s] -- Up-to-date: /home/tutu/mr_ws_ros2/install/Stage/share/stage/worlds/bitmaps/hospital.png
[0.417s] -- Up-to-date: /home/tutu/mr_ws_ros2/install/Stage/share/stage/worlds/bitmaps/hospital_section.png
[0.417s] -- Up-to-date: /home/tutu/mr_ws_ros2/install/Stage/share/stage/worlds/bitmaps/human_outline.png
[0.417s] -- Up-to-date: /home/tutu/mr_ws_ros2/install/Stage/share/stage/worlds/bitmaps/mbicp.png
[0.417s] -- Up-to-date: /home/tutu/mr_ws_ros2/install/Stage/share/stage/worlds/bitmaps/rink.png
[0.417s] -- Up-to-date: /home/tutu/mr_ws_ros2/install/Stage/share/stage/worlds/bitmaps/sal2.png
[0.417s] -- Up-to-date: /home/tutu/mr_ws_ros2/install/Stage/share/stage/worlds/bitmaps/simple_rooms.png
[0.418s] -- Up-to-date: /home/tutu/mr_ws_ros2/install/Stage/share/stage/worlds/bitmaps/space_invader.png
[0.418s] -- Up-to-date: /home/tutu/mr_ws_ros2/install/Stage/share/stage/worlds/bitmaps/submarine.png
[0.418s] -- Up-to-date: /home/tutu/mr_ws_ros2/install/Stage/share/stage/worlds/bitmaps/submarine_small.png
[0.418s] -- Up-to-date: /home/tutu/mr_ws_ros2/install/Stage/share/stage/worlds/bitmaps/table.png
[0.418s] -- Up-to-date: /home/tutu/mr_ws_ros2/install/Stage/share/stage/worlds/bitmaps/uoa_robotics_lab.png
[0.418s] -- Up-to-date: /home/tutu/mr_ws_ros2/install/Stage/share/stage/worlds/wifi/commando.world
[0.418s] -- Up-to-date: /home/tutu/mr_ws_ros2/install/Stage/share/stage/worlds/wifi/hosp_wifi.world
[0.418s] -- Up-to-date: /home/tutu/mr_ws_ros2/install/Stage/share/stage/worlds/wifi/hosp_wifi_5.world
[0.418s] -- Up-to-date: /home/tutu/mr_ws_ros2/install/Stage/share/stage/worlds/wifi/wifi.world
[0.418s] -- Up-to-date: /home/tutu/mr_ws_ros2/install/Stage/share/stage/worlds/wifi/wifi_itu.world
[0.418s] -- Up-to-date: /home/tutu/mr_ws_ros2/install/Stage/share/stage/worlds/wifi/wifi_logdistance.world
[0.418s] -- Up-to-date: /home/tutu/mr_ws_ros2/install/Stage/share/stage/worlds/wifi/wifi_ray.world
[0.418s] -- Up-to-date: /home/tutu/mr_ws_ros2/install/Stage/share/stage/worlds/wifi/wifi_simple.world
[0.418s] -- Up-to-date: /home/tutu/mr_ws_ros2/install/Stage/share/stage/worlds/wifi/map.inc
[0.419s] Invoked command in '/home/tutu/mr_ws_ros2/build/Stage' returned '0': /usr/bin/cmake --install /home/tutu/mr_ws_ros2/build/Stage
