[0.045s] Invoking command in '/home/tutu/mr_ws_ros2/build/feature_matcher': CMAKE_PREFIX_PATH=/opt/ros/foxy /usr/bin/cmake /home/tutu/mr_ws_ros2/src/feature_matcher -DCMAKE_INSTALL_PREFIX=/home/tutu/mr_ws_ros2/install/feature_matcher
[0.161s] -- The C compiler identification is GNU 9.4.0
[0.277s] -- The CXX compiler identification is GNU 9.4.0
[0.282s] -- Check for working C compiler: /usr/bin/cc
[0.375s] -- Check for working C compiler: /usr/bin/cc -- works
[0.375s] -- Detecting C compiler ABI info
[0.466s] -- Detecting C compiler ABI info - done
[0.479s] -- Detecting C compile features
[0.479s] -- Detecting C compile features - done
[0.484s] -- Check for working CXX compiler: /usr/bin/c++
[0.610s] -- Check for working CXX compiler: /usr/bin/c++ -- works
[0.610s] -- Detecting CXX compiler ABI info
[0.689s] -- Detecting CXX compiler ABI info - done
[0.706s] -- Detecting CXX compile features
[0.706s] -- Detecting CXX compile features - done
[0.710s] -- Found ament_cmake: 0.9.12 (/opt/ros/foxy/share/ament_cmake/cmake)
[0.743s] -- Found PythonInterp: /usr/bin/python3 (found suitable version "3.8.10", minimum required is "3") 
[0.743s] -- Using PYTHON_EXECUTABLE: /usr/bin/python3
[1.042s] -- Found rclcpp: 2.4.3 (/opt/ros/foxy/share/rclcpp/cmake)
[1.091s] -- Using all available rosidl_typesupport_c: rosidl_typesupport_fastrtps_c;rosidl_typesupport_introspection_c
[1.097s] -- Found rosidl_adapter: 1.3.1 (/opt/ros/foxy/share/rosidl_adapter/cmake)
[1.187s] -- Found OpenSSL: /usr/lib/x86_64-linux-gnu/libcrypto.so (found version "1.1.1f")  
[1.219s] -- Found FastRTPS: /opt/ros/foxy/include  
[1.293s] -- Using all available rosidl_typesupport_cpp: rosidl_typesupport_fastrtps_cpp;rosidl_typesupport_introspection_cpp
[1.350s] -- Found rmw_implementation_cmake: 1.0.4 (/opt/ros/foxy/share/rmw_implementation_cmake/cmake)
[1.351s] -- Using RMW implementation 'rmw_fastrtps_cpp' as default
[1.352s] -- Looking for pthread.h
[1.419s] -- Looking for pthread.h - found
[1.419s] -- Performing Test CMAKE_HAVE_LIBC_PTHREAD
[1.492s] -- Performing Test CMAKE_HAVE_LIBC_PTHREAD - Failed
[1.492s] -- Looking for pthread_create in pthreads
[1.562s] -- Looking for pthread_create in pthreads - not found
[1.562s] -- Looking for pthread_create in pthread
[1.626s] -- Looking for pthread_create in pthread - found
[1.627s] -- Found Threads: TRUE  
[1.789s] -- Found geometry_msgs: 2.0.5 (/opt/ros/foxy/share/geometry_msgs/cmake)
[1.825s] -- Found sensor_msgs: 2.0.5 (/opt/ros/foxy/share/sensor_msgs/cmake)
[1.896s] -- Found visualization_msgs: 2.0.5 (/opt/ros/foxy/share/visualization_msgs/cmake)
[1.971s] -- Found nav_msgs: 2.0.5 (/opt/ros/foxy/share/nav_msgs/cmake)
[2.052s] -- Found tf2: 0.13.14 (/opt/ros/foxy/share/tf2/cmake)
[2.068s] -- Found tf2_ros: 0.13.14 (/opt/ros/foxy/share/tf2_ros/cmake)
[2.735s] -- Configuring done
[2.760s] -- Generating done
[2.764s] -- Build files have been written to: /home/tutu/mr_ws_ros2/build/feature_matcher
[2.777s] Invoked command in '/home/tutu/mr_ws_ros2/build/feature_matcher' returned '0': CMAKE_PREFIX_PATH=/opt/ros/foxy /usr/bin/cmake /home/tutu/mr_ws_ros2/src/feature_matcher -DCMAKE_INSTALL_PREFIX=/home/tutu/mr_ws_ros2/install/feature_matcher
[2.781s] Invoking command in '/home/tutu/mr_ws_ros2/build/feature_matcher': CMAKE_PREFIX_PATH=/opt/ros/foxy /usr/bin/cmake --build /home/tutu/mr_ws_ros2/build/feature_matcher -- -j8 -l8
[2.840s] [35m[1mScanning dependencies of target feature_matcher[0m
[2.928s] [ 33%] [32mBuilding CXX object CMakeFiles/feature_matcher.dir/src/feature_matcher.cpp.o[0m
[2.933s] [ 66%] [32mBuilding CXX object CMakeFiles/feature_matcher.dir/src/matcher.cpp.o[0m
[5.625s] In file included from [01m[K/usr/include/c++/9/ext/alloc_traits.h:36[m[K,
[5.626s]                  from [01m[K/usr/include/c++/9/bits/stl_construct.h:61[m[K,
[5.626s]                  from [01m[K/usr/include/c++/9/memory:64[m[K,
[5.626s]                  from [01m[K/opt/ros/foxy/include/rclcpp/rclcpp.hpp:144[m[K,
[5.626s]                  from [01m[K/home/tutu/mr_ws_ros2/src/feature_matcher/src/matcher.h:3[m[K,
[5.626s]                  from [01m[K/home/tutu/mr_ws_ros2/src/feature_matcher/src/matcher.cpp:1[m[K:
[5.626s] /usr/include/c++/9/bits/alloc_traits.h: In instantiation of ‘[01m[Kstruct std::allocator_traits<std::allocator<const sensor_msgs::msg::LaserScan_<std::allocator<void> >&> >[m[K’:
[5.626s] [01m[K/opt/ros/foxy/include/rclcpp/message_memory_strategy.hpp:47:9:[m[K   required from ‘[01m[Kclass rclcpp::message_memory_strategy::MessageMemoryStrategy<const sensor_msgs::msg::LaserScan_<std::allocator<void> >&, std::allocator<void> >[m[K’
[5.626s] [01m[K/opt/ros/foxy/include/rclcpp/node_impl.hpp:91:1:[m[K   required by substitution of ‘[01m[Ktemplate<class MessageT, class CallbackT, class AllocatorT, class CallbackMessageT, class SubscriptionT, class MessageMemoryStrategyT> std::shared_ptr<SubscriptionT> rclcpp::Node::create_subscription(const string&, const rclcpp::QoS&, CallbackT&&, const rclcpp::SubscriptionOptionsWithAllocator<AllocatorT>&, typename MessageMemoryStrategyT::SharedPtr) [with MessageT = sensor_msgs::msg::LaserScan_<std::allocator<void> >; CallbackT = std::_Bind<void (Matcher::*(Matcher*, std::_Placeholder<1>))(const sensor_msgs::msg::LaserScan_<std::allocator<void> >&)>; AllocatorT = std::allocator<void>; CallbackMessageT = const sensor_msgs::msg::LaserScan_<std::allocator<void> >&; SubscriptionT = rclcpp::Subscription<const sensor_msgs::msg::LaserScan_<std::allocator<void> >&, std::allocator<void>, rclcpp::message_memory_strategy::MessageMemoryStrategy<const sensor_msgs::msg::LaserScan_<std::allocator<void> >&, std::allocator<void> > >; MessageMemoryStrategyT = rclcpp::message_memory_strategy::MessageMemoryStrategy<const sensor_msgs::msg::LaserScan_<std::allocator<void> >&, std::allocator<void> >][m[K’
[5.626s] [01m[K/home/tutu/mr_ws_ros2/src/feature_matcher/src/matcher.cpp:9:131:[m[K   required from here
[5.627s] [01m[K/usr/include/c++/9/bits/alloc_traits.h:399:13:[m[K [01;31m[Kerror: [m[Kforming pointer to reference type ‘[01m[Kconst sensor_msgs::msg::LaserScan_<std::allocator<void> >&[m[K’
[5.627s]   399 |       using [01;31m[Kpointer[m[K = _Tp*;
[5.627s]       |             [01;31m[K^~~~~~~[m[K
[5.627s] [01m[K/usr/include/c++/9/bits/alloc_traits.h:402:13:[m[K [01;31m[Kerror: [m[Kforming pointer to reference type ‘[01m[Kconst sensor_msgs::msg::LaserScan_<std::allocator<void> >&[m[K’
[5.627s]   402 |       using [01;31m[Kconst_pointer[m[K = const _Tp*;
[5.627s]       |             [01;31m[K^~~~~~~~~~~~~[m[K
[5.629s] In file included from [01m[K/usr/include/c++/9/memory:80[m[K,
[5.629s]                  from [01m[K/opt/ros/foxy/include/rclcpp/rclcpp.hpp:144[m[K,
[5.629s]                  from [01m[K/home/tutu/mr_ws_ros2/src/feature_matcher/src/matcher.h:3[m[K,
[5.629s]                  from [01m[K/home/tutu/mr_ws_ros2/src/feature_matcher/src/matcher.cpp:1[m[K:
[5.629s] /usr/include/c++/9/bits/unique_ptr.h: In instantiation of ‘[01m[Kstruct std::default_delete<const sensor_msgs::msg::LaserScan_<std::allocator<void> >&>[m[K’:
[5.630s] [01m[K/opt/ros/foxy/include/rclcpp/message_memory_strategy.hpp:119:18:[m[K   required from ‘[01m[Kclass rclcpp::message_memory_strategy::MessageMemoryStrategy<const sensor_msgs::msg::LaserScan_<std::allocator<void> >&, std::allocator<void> >[m[K’
[5.630s] [01m[K/opt/ros/foxy/include/rclcpp/node_impl.hpp:91:1:[m[K   required by substitution of ‘[01m[Ktemplate<class MessageT, class CallbackT, class AllocatorT, class CallbackMessageT, class SubscriptionT, class MessageMemoryStrategyT> std::shared_ptr<SubscriptionT> rclcpp::Node::create_subscription(const string&, const rclcpp::QoS&, CallbackT&&, const rclcpp::SubscriptionOptionsWithAllocator<AllocatorT>&, typename MessageMemoryStrategyT::SharedPtr) [with MessageT = sensor_msgs::msg::LaserScan_<std::allocator<void> >; CallbackT = std::_Bind<void (Matcher::*(Matcher*, std::_Placeholder<1>))(const sensor_msgs::msg::LaserScan_<std::allocator<void> >&)>; AllocatorT = std::allocator<void>; CallbackMessageT = const sensor_msgs::msg::LaserScan_<std::allocator<void> >&; SubscriptionT = rclcpp::Subscription<const sensor_msgs::msg::LaserScan_<std::allocator<void> >&, std::allocator<void>, rclcpp::message_memory_strategy::MessageMemoryStrategy<const sensor_msgs::msg::LaserScan_<std::allocator<void> >&, std::allocator<void> > >; MessageMemoryStrategyT = rclcpp::message_memory_strategy::MessageMemoryStrategy<const sensor_msgs::msg::LaserScan_<std::allocator<void> >&, std::allocator<void> >][m[K’
[5.630s] [01m[K/home/tutu/mr_ws_ros2/src/feature_matcher/src/matcher.cpp:9:131:[m[K   required from here
[5.630s] [01m[K/usr/include/c++/9/bits/unique_ptr.h:71:9:[m[K [01;31m[Kerror: [m[Kforming pointer to reference type ‘[01m[Kconst sensor_msgs::msg::LaserScan_<std::allocator<void> >&[m[K’
[5.630s]    71 |         [01;31m[Kdefault_delete[m[K(const default_delete<_Up>&) noexcept { }
[5.630s]       |         [01;31m[K^~~~~~~~~~~~~~[m[K
[5.630s] [01m[K/usr/include/c++/9/bits/unique_ptr.h:75:7:[m[K [01;31m[Kerror: [m[Kforming pointer to reference type ‘[01m[Kconst sensor_msgs::msg::LaserScan_<std::allocator<void> >&[m[K’
[5.631s]    75 |       [01;31m[Koperator[m[K()(_Tp* __ptr) const
[5.631s]       |       [01;31m[K^~~~~~~~[m[K
[5.640s] In file included from [01m[K/opt/ros/foxy/include/rclcpp/subscription_base.hpp:29[m[K,
[5.640s]                  from [01m[K/opt/ros/foxy/include/rclcpp/callback_group.hpp:26[m[K,
[5.640s]                  from [01m[K/opt/ros/foxy/include/rclcpp/any_executable.hpp:20[m[K,
[5.640s]                  from [01m[K/opt/ros/foxy/include/rclcpp/memory_strategy.hpp:24[m[K,
[5.641s]                  from [01m[K/opt/ros/foxy/include/rclcpp/memory_strategies.hpp:18[m[K,
[5.641s]                  from [01m[K/opt/ros/foxy/include/rclcpp/executor_options.hpp:20[m[K,
[5.641s]                  from [01m[K/opt/ros/foxy/include/rclcpp/executor.hpp:33[m[K,
[5.641s]                  from [01m[K/opt/ros/foxy/include/rclcpp/executors/multi_threaded_executor.hpp:26[m[K,
[5.641s]                  from [01m[K/opt/ros/foxy/include/rclcpp/executors.hpp:21[m[K,
[5.641s]                  from [01m[K/opt/ros/foxy/include/rclcpp/rclcpp.hpp:146[m[K,
[5.641s]                  from [01m[K/home/tutu/mr_ws_ros2/src/feature_matcher/src/matcher.h:3[m[K,
[5.641s]                  from [01m[K/home/tutu/mr_ws_ros2/src/feature_matcher/src/matcher.cpp:1[m[K:
[5.641s] /opt/ros/foxy/include/rclcpp/any_subscription_callback.hpp: In instantiation of ‘[01m[Kclass rclcpp::AnySubscriptionCallback<const sensor_msgs::msg::LaserScan_<std::allocator<void> >&, std::allocator<void> >[m[K’:
[5.642s] [01m[K/opt/ros/foxy/include/rclcpp/subscription.hpp:347:57:[m[K   required from ‘[01m[Kclass rclcpp::Subscription<const sensor_msgs::msg::LaserScan_<std::allocator<void> >&, std::allocator<void>, rclcpp::message_memory_strategy::MessageMemoryStrategy<const sensor_msgs::msg::LaserScan_<std::allocator<void> >&, std::allocator<void> > >[m[K’
[5.642s] [01m[K/usr/include/c++/9/type_traits:1313:45:[m[K   required by substitution of ‘[01m[Ktemplate<class _From1, class _To1, class> static std::true_type std::__is_convertible_helper<rclcpp::Subscription<const sensor_msgs::msg::LaserScan_<std::allocator<void> >&, std::allocator<void>, rclcpp::message_memory_strategy::MessageMemoryStrategy<const sensor_msgs::msg::LaserScan_<std::allocator<void> >&, std::allocator<void> > >*, rclcpp::Subscription<sensor_msgs::msg::LaserScan_<std::allocator<void> > >*, false>::__test<_From1, _To1, <template-parameter-1-3> >(int) [with _From1 = rclcpp::Subscription<const sensor_msgs::msg::LaserScan_<std::allocator<void> >&, std::allocator<void>, rclcpp::message_memory_strategy::MessageMemoryStrategy<const sensor_msgs::msg::LaserScan_<std::allocator<void> >&, std::allocator<void> > >*; _To1 = rclcpp::Subscription<sensor_msgs::msg::LaserScan_<std::allocator<void> > >*; <template-parameter-1-3> = <missing>][m[K’
[5.642s] [01m[K/usr/include/c++/9/type_traits:1322:42:[m[K   required from ‘[01m[Kstruct std::__is_convertible_helper<rclcpp::Subscription<const sensor_msgs::msg::LaserScan_<std::allocator<void> >&, std::allocator<void>, rclcpp::message_memory_strategy::MessageMemoryStrategy<const sensor_msgs::msg::LaserScan_<std::allocator<void> >&, std::allocator<void> > >*, rclcpp::Subscription<sensor_msgs::msg::LaserScan_<std::allocator<void> > >*, false>[m[K’
[5.642s] [01m[K/usr/include/c++/9/type_traits:1328:12:[m[K   required from ‘[01m[Kstruct std::is_convertible<rclcpp::Subscription<const sensor_msgs::msg::LaserScan_<std::allocator<void> >&, std::allocator<void>, rclcpp::message_memory_strategy::MessageMemoryStrategy<const sensor_msgs::msg::LaserScan_<std::allocator<void> >&, std::allocator<void> > >*, rclcpp::Subscription<sensor_msgs::msg::LaserScan_<std::allocator<void> > >*>[m[K’
[5.642s] [01m[K/usr/include/c++/9/bits/shared_ptr_base.h:927:12:[m[K   [ skipping 2 instantiation contexts, use -ftemplate-backtrace-limit=0 to disable ]
[5.642s] [01m[K/usr/include/c++/9/bits/shared_ptr_base.h:1099:8:[m[K   required by substitution of ‘[01m[Ktemplate<class _Tp, __gnu_cxx::_Lock_policy _Lp> template<class _Yp> using _Assignable = std::__shared_ptr<_Tp, _Lp>::_Compatible<_Yp, std::__shared_ptr<_Tp, _Lp>&> [with _Yp = rclcpp::Subscription<const sensor_msgs::msg::LaserScan_<std::allocator<void> >&, std::allocator<void>, rclcpp::message_memory_strategy::MessageMemoryStrategy<const sensor_msgs::msg::LaserScan_<std::allocator<void> >&, std::allocator<void> > >; _Tp = rclcpp::Subscription<sensor_msgs::msg::LaserScan_<std::allocator<void> > >; __gnu_cxx::_Lock_policy _Lp = __gnu_cxx::_S_atomic][m[K’
[5.642s] [01m[K/usr/include/c++/9/bits/shared_ptr_base.h:1271:2:[m[K   required by substitution of ‘[01m[Ktemplate<class _Yp> std::__shared_ptr<rclcpp::Subscription<sensor_msgs::msg::LaserScan_<std::allocator<void> > >, __gnu_cxx::_S_atomic>::_Assignable<_Yp> std::__shared_ptr<rclcpp::Subscription<sensor_msgs::msg::LaserScan_<std::allocator<void> > >, __gnu_cxx::_S_atomic>::operator=<_Yp>(std::__shared_ptr<_Tp>&&) [with _Yp = rclcpp::Subscription<const sensor_msgs::msg::LaserScan_<std::allocator<void> >&, std::allocator<void>, rclcpp::message_memory_strategy::MessageMemoryStrategy<const sensor_msgs::msg::LaserScan_<std::allocator<void> >&, std::allocator<void> > >][m[K’
[5.642s] [01m[K/usr/include/c++/9/type_traits:1010:12:[m[K   required from ‘[01m[Kstruct std::is_assignable<std::__shared_ptr<rclcpp::Subscription<sensor_msgs::msg::LaserScan_<std::allocator<void> > >, __gnu_cxx::_S_atomic>&, std::shared_ptr<rclcpp::Subscription<const sensor_msgs::msg::LaserScan_<std::allocator<void> >&, std::allocator<void>, rclcpp::message_memory_strategy::MessageMemoryStrategy<const sensor_msgs::msg::LaserScan_<std::allocator<void> >&, std::allocator<void> > > > >[m[K’
[5.642s] [01m[K/usr/include/c++/9/bits/shared_ptr.h:111:8:[m[K   required by substitution of ‘[01m[Ktemplate<class _Tp> template<class _Arg> using _Assignable = typename std::enable_if<std::is_assignable<std::__shared_ptr<_Tp>&, _Arg>::value, std::shared_ptr<_Tp>&>::type [with _Arg = std::shared_ptr<rclcpp::Subscription<const sensor_msgs::msg::LaserScan_<std::allocator<void> >&, std::allocator<void>, rclcpp::message_memory_strategy::MessageMemoryStrategy<const sensor_msgs::msg::LaserScan_<std::allocator<void> >&, std::allocator<void> > > >; _Tp = rclcpp::Subscription<sensor_msgs::msg::LaserScan_<std::allocator<void> > >][m[K’
[5.642s] [01m[K/usr/include/c++/9/bits/shared_ptr.h:341:2:[m[K   required by substitution of ‘[01m[Ktemplate<class _Yp> std::shared_ptr<rclcpp::Subscription<sensor_msgs::msg::LaserScan_<std::allocator<void> > > >::_Assignable<std::shared_ptr<_Tp> > std::shared_ptr<rclcpp::Subscription<sensor_msgs::msg::LaserScan_<std::allocator<void> > > >::operator=<_Yp>(std::shared_ptr<_Tp>&&) [with _Yp = rclcpp::Subscription<const sensor_msgs::msg::LaserScan_<std::allocator<void> >&, std::allocator<void>, rclcpp::message_memory_strategy::MessageMemoryStrategy<const sensor_msgs::msg::LaserScan_<std::allocator<void> >&, std::allocator<void> > >][m[K’
[5.643s] [01m[K/home/tutu/mr_ws_ros2/src/feature_matcher/src/matcher.cpp:9:131:[m[K   required from here
[5.643s] [01m[K/opt/ros/foxy/include/rclcpp/any_subscription_callback.hpp:111:8:[m[K [01;31m[Kerror: [m[K‘[01m[Ktemplate<class CallbackT, typename std::enable_if<rclcpp::function_traits::same_arguments<CallbackT, std::function<void(std::shared_ptr<const sensor_msgs::msg::LaserScan_<std::allocator<void> >&>)> >::value, void>::type* <anonymous> > void rclcpp::AnySubscriptionCallback<MessageT, Alloc>::set(CallbackT) [with CallbackT = CallbackT; typename std::enable_if<rclcpp::function_traits::same_arguments<CallbackT, std::function<void(std::shared_ptr<const _Tp>)> >::value>::type* <anonymous> = <enumerator>; MessageT = const sensor_msgs::msg::LaserScan_<std::allocator<void> >&; Alloc = std::allocator<void>][m[K’ cannot be overloaded with ‘[01m[Ktemplate<class CallbackT, typename std::enable_if<rclcpp::function_traits::same_arguments<CallbackT, std::function<void(std::shared_ptr<const sensor_msgs::msg::LaserScan_<std::allocator<void> >&>)> >::value, void>::type* <anonymous> > void rclcpp::AnySubscriptionCallback<MessageT, Alloc>::set(CallbackT) [with CallbackT = CallbackT; typename std::enable_if<rclcpp::function_traits::same_arguments<CallbackT, std::function<void(std::shared_ptr<_Tp>)> >::value>::type* <anonymous> = <enumerator>; MessageT = const sensor_msgs::msg::LaserScan_<std::allocator<void> >&; Alloc = std::allocator<void>][m[K’
[5.643s]   111 |   void [01;31m[Kset[m[K(CallbackT callback)
[5.643s]       |        [01;31m[K^~~[m[K
[5.643s] [01m[K/opt/ros/foxy/include/rclcpp/any_subscription_callback.hpp:83:8:[m[K [01;36m[Knote: [m[Kprevious declaration ‘[01m[Ktemplate<class CallbackT, typename std::enable_if<rclcpp::function_traits::same_arguments<CallbackT, std::function<void(std::shared_ptr<const sensor_msgs::msg::LaserScan_<std::allocator<void> >&>)> >::value, void>::type* <anonymous> > void rclcpp::AnySubscriptionCallback<MessageT, Alloc>::set(CallbackT) [with CallbackT = CallbackT; typename std::enable_if<rclcpp::function_traits::same_arguments<CallbackT, std::function<void(std::shared_ptr<_Tp>)> >::value>::type* <anonymous> = <enumerator>; MessageT = const sensor_msgs::msg::LaserScan_<std::allocator<void> >&; Alloc = std::allocator<void>][m[K’
[5.643s]    83 |   void [01;36m[Kset[m[K(CallbackT callback)
[5.643s]       |        [01;36m[K^~~[m[K
[5.643s] [01m[K/opt/ros/foxy/include/rclcpp/any_subscription_callback.hpp:125:8:[m[K [01;31m[Kerror: [m[K‘[01m[Ktemplate<class CallbackT, typename std::enable_if<rclcpp::function_traits::same_arguments<CallbackT, std::function<void(std::shared_ptr<const sensor_msgs::msg::LaserScan_<std::allocator<void> >&>, const rclcpp::MessageInfo&)> >::value, void>::type* <anonymous> > void rclcpp::AnySubscriptionCallback<MessageT, Alloc>::set(CallbackT) [with CallbackT = CallbackT; typename std::enable_if<rclcpp::function_traits::same_arguments<CallbackT, std::function<void(std::shared_ptr<const _Tp>, const rclcpp::MessageInfo&)> >::value>::type* <anonymous> = <enumerator>; MessageT = const sensor_msgs::msg::LaserScan_<std::allocator<void> >&; Alloc = std::allocator<void>][m[K’ cannot be overloaded with ‘[01m[Ktemplate<class CallbackT, typename std::enable_if<rclcpp::function_traits::same_arguments<CallbackT, std::function<void(std::shared_ptr<const sensor_msgs::msg::LaserScan_<std::allocator<void> >&>, const rclcpp::MessageInfo&)> >::value, void>::type* <anonymous> > void rclcpp::AnySubscriptionCallback<MessageT, Alloc>::set(CallbackT) [with CallbackT = CallbackT; typename std::enable_if<rclcpp::function_traits::same_arguments<CallbackT, std::function<void(std::shared_ptr<_Tp>, const rclcpp::MessageInfo&)> >::value>::type* <anonymous> = <enumerator>; MessageT = const sensor_msgs::msg::LaserScan_<std::allocator<void> >&; Alloc = std::allocator<void>][m[K’
[5.644s]   125 |   void [01;31m[Kset[m[K(CallbackT callback)
[5.644s]       |        [01;31m[K^~~[m[K
[5.644s] [01m[K/opt/ros/foxy/include/rclcpp/any_subscription_callback.hpp:97:8:[m[K [01;36m[Knote: [m[Kprevious declaration ‘[01m[Ktemplate<class CallbackT, typename std::enable_if<rclcpp::function_traits::same_arguments<CallbackT, std::function<void(std::shared_ptr<const sensor_msgs::msg::LaserScan_<std::allocator<void> >&>, const rclcpp::MessageInfo&)> >::value, void>::type* <anonymous> > void rclcpp::AnySubscriptionCallback<MessageT, Alloc>::set(CallbackT) [with CallbackT = CallbackT; typename std::enable_if<rclcpp::function_traits::same_arguments<CallbackT, std::function<void(std::shared_ptr<_Tp>, const rclcpp::MessageInfo&)> >::value>::type* <anonymous> = <enumerator>; MessageT = const sensor_msgs::msg::LaserScan_<std::allocator<void> >&; Alloc = std::allocator<void>][m[K’
[5.644s]    97 |   void [01;36m[Kset[m[K(CallbackT callback)
[5.644s]       |        [01;36m[K^~~[m[K
[5.645s] [01m[K/home/tutu/mr_ws_ros2/src/feature_matcher/src/matcher.cpp:[m[K In constructor ‘[01m[KMatcher::Matcher()[m[K’:
[5.645s] [01m[K/home/tutu/mr_ws_ros2/src/feature_matcher/src/matcher.cpp:9:131:[m[K [01;31m[Kerror: [m[Kno match for ‘[01m[Koperator=[m[K’ (operand types are ‘[01m[Krclcpp::Subscription<sensor_msgs::msg::LaserScan_<std::allocator<void> > >::SharedPtr[m[K’ {aka ‘[01m[Kstd::shared_ptr<rclcpp::Subscription<sensor_msgs::msg::LaserScan_<std::allocator<void> > > >[m[K’} and ‘[01m[Kstd::shared_ptr<rclcpp::Subscription<const sensor_msgs::msg::LaserScan_<std::allocator<void> >&, std::allocator<void>, rclcpp::message_memory_strategy::MessageMemoryStrategy<const sensor_msgs::msg::LaserScan_<std::allocator<void> >&, std::allocator<void> > > >[m[K’)
[5.645s]     9 |  laser_sub_ = this->create_subscription<sensor_msgs::msg::LaserScan>("/base_scan", 1, std::bind(&Matcher::on_laser_scan, this, _1)[01;31m[K)[m[K;
[5.645s]       |                                                                                                                                   [01;31m[K^[m[K
[5.645s] In file included from [01m[K/usr/include/c++/9/memory:81[m[K,
[5.645s]                  from [01m[K/opt/ros/foxy/include/rclcpp/rclcpp.hpp:144[m[K,
[5.645s]                  from [01m[K/home/tutu/mr_ws_ros2/src/feature_matcher/src/matcher.h:3[m[K,
[5.645s]                  from [01m[K/home/tutu/mr_ws_ros2/src/feature_matcher/src/matcher.cpp:1[m[K:
[5.645s] [01m[K/usr/include/c++/9/bits/shared_ptr.h:309:19:[m[K [01;36m[Knote: [m[Kcandidate: ‘[01m[Kstd::shared_ptr<_Tp>& std::shared_ptr<_Tp>::operator=(const std::shared_ptr<_Tp>&) [with _Tp = rclcpp::Subscription<sensor_msgs::msg::LaserScan_<std::allocator<void> > >][m[K’
[5.646s]   309 |       shared_ptr& [01;36m[Koperator[m[K=(const shared_ptr&) noexcept = default;
[5.646s]       |                   [01;36m[K^~~~~~~~[m[K
[5.646s] [01m[K/usr/include/c++/9/bits/shared_ptr.h:309:29:[m[K [01;36m[Knote: [m[K  no known conversion for argument 1 from ‘[01m[Kstd::shared_ptr<rclcpp::Subscription<const sensor_msgs::msg::LaserScan_<std::allocator<void> >&, std::allocator<void>, rclcpp::message_memory_strategy::MessageMemoryStrategy<const sensor_msgs::msg::LaserScan_<std::allocator<void> >&, std::allocator<void> > > >[m[K’ to ‘[01m[Kconst std::shared_ptr<rclcpp::Subscription<sensor_msgs::msg::LaserScan_<std::allocator<void> > > >&[m[K’
[5.646s]   309 |       shared_ptr& operator=([01;36m[Kconst shared_ptr&[m[K) noexcept = default;
[5.646s]       |                             [01;36m[K^~~~~~~~~~~~~~~~~[m[K
[5.646s] [01m[K/usr/include/c++/9/bits/shared_ptr.h:313:2:[m[K [01;36m[Knote: [m[Kcandidate: ‘[01m[Ktemplate<class _Yp> std::shared_ptr<_Tp>::_Assignable<const std::shared_ptr<_Yp>&> std::shared_ptr<_Tp>::operator=(const std::shared_ptr<_Yp>&) [with _Yp = _Yp; _Tp = rclcpp::Subscription<sensor_msgs::msg::LaserScan_<std::allocator<void> > >][m[K’
[5.646s]   313 |  [01;36m[Koperator[m[K=(const shared_ptr<_Yp>& __r) noexcept
[5.646s]       |  [01;36m[K^~~~~~~~[m[K
[5.646s] [01m[K/usr/include/c++/9/bits/shared_ptr.h:313:2:[m[K [01;36m[Knote: [m[K  template argument deduction/substitution failed:
[5.646s] /usr/include/c++/9/bits/shared_ptr.h: In substitution of ‘[01m[Ktemplate<class _Tp> template<class _Arg> using _Assignable = typename std::enable_if<std::is_assignable<std::__shared_ptr<_Tp>&, _Arg>::value, std::shared_ptr<_Tp>&>::type [with _Arg = const std::shared_ptr<rclcpp::Subscription<const sensor_msgs::msg::LaserScan_<std::allocator<void> >&, std::allocator<void>, rclcpp::message_memory_strategy::MessageMemoryStrategy<const sensor_msgs::msg::LaserScan_<std::allocator<void> >&, std::allocator<void> > > >&; _Tp = rclcpp::Subscription<sensor_msgs::msg::LaserScan_<std::allocator<void> > >][m[K’:
[5.647s] [01m[K/usr/include/c++/9/bits/shared_ptr.h:313:2:[m[K   required by substitution of ‘[01m[Ktemplate<class _Yp> std::shared_ptr<rclcpp::Subscription<sensor_msgs::msg::LaserScan_<std::allocator<void> > > >::_Assignable<const std::shared_ptr<_Tp>&> std::shared_ptr<rclcpp::Subscription<sensor_msgs::msg::LaserScan_<std::allocator<void> > > >::operator=<_Yp>(const std::shared_ptr<_Tp>&) [with _Yp = rclcpp::Subscription<const sensor_msgs::msg::LaserScan_<std::allocator<void> >&, std::allocator<void>, rclcpp::message_memory_strategy::MessageMemoryStrategy<const sensor_msgs::msg::LaserScan_<std::allocator<void> >&, std::allocator<void> > >][m[K’
[5.647s] [01m[K/home/tutu/mr_ws_ros2/src/feature_matcher/src/matcher.cpp:9:131:[m[K   required from here
[5.647s] [01m[K/usr/include/c++/9/bits/shared_ptr.h:111:8:[m[K [01;31m[Kerror: [m[Kno type named ‘[01m[Ktype[m[K’ in ‘[01m[Kstruct std::enable_if<false, std::shared_ptr<rclcpp::Subscription<sensor_msgs::msg::LaserScan_<std::allocator<void> > > >&>[m[K’
[5.647s]   111 |  using [01;31m[K_Assignable[m[K = typename enable_if<
[5.647s]       |        [01;31m[K^~~~~~~~~~~[m[K
[5.647s] [01m[K/usr/include/c++/9/bits/shared_ptr.h:324:2:[m[K [01;36m[Knote: [m[Kcandidate: ‘[01m[Ktemplate<class _Yp> std::shared_ptr<_Tp>::_Assignable<std::auto_ptr<_Up> > std::shared_ptr<_Tp>::operator=(std::auto_ptr<_Up>&&) [with _Yp = _Yp; _Tp = rclcpp::Subscription<sensor_msgs::msg::LaserScan_<std::allocator<void> > >][m[K’
[5.647s]   324 |  [01;36m[Koperator[m[K=(auto_ptr<_Yp>&& __r)
[5.647s]       |  [01;36m[K^~~~~~~~[m[K
[5.647s] [01m[K/usr/include/c++/9/bits/shared_ptr.h:324:2:[m[K [01;36m[Knote: [m[K  template argument deduction/substitution failed:
[5.647s] [01m[K/home/tutu/mr_ws_ros2/src/feature_matcher/src/matcher.cpp:9:131:[m[K [01;36m[Knote: [m[K  ‘[01m[Kstd::shared_ptr<rclcpp::Subscription<const sensor_msgs::msg::LaserScan_<std::allocator<void> >&, std::allocator<void>, rclcpp::message_memory_strategy::MessageMemoryStrategy<const sensor_msgs::msg::LaserScan_<std::allocator<void> >&, std::allocator<void> > > >[m[K’ is not derived from ‘[01m[Kstd::auto_ptr<_Up>[m[K’
[5.647s]     9 |  laser_sub_ = this->create_subscription<sensor_msgs::msg::LaserScan>("/base_scan", 1, std::bind(&Matcher::on_laser_scan, this, _1)[01;36m[K)[m[K;
[5.648s]       |                                                                                                                                   [01;36m[K^[m[K
[5.648s] In file included from [01m[K/usr/include/c++/9/memory:81[m[K,
[5.648s]                  from [01m[K/opt/ros/foxy/include/rclcpp/rclcpp.hpp:144[m[K,
[5.648s]                  from [01m[K/home/tutu/mr_ws_ros2/src/feature_matcher/src/matcher.h:3[m[K,
[5.648s]                  from [01m[K/home/tutu/mr_ws_ros2/src/feature_matcher/src/matcher.cpp:1[m[K:
[5.648s] [01m[K/usr/include/c++/9/bits/shared_ptr.h:333:7:[m[K [01;36m[Knote: [m[Kcandidate: ‘[01m[Kstd::shared_ptr<_Tp>& std::shared_ptr<_Tp>::operator=(std::shared_ptr<_Tp>&&) [with _Tp = rclcpp::Subscription<sensor_msgs::msg::LaserScan_<std::allocator<void> > >][m[K’
[5.648s]   333 |       [01;36m[Koperator[m[K=(shared_ptr&& __r) noexcept
[5.648s]       |       [01;36m[K^~~~~~~~[m[K
[5.648s] [01m[K/usr/include/c++/9/bits/shared_ptr.h:333:30:[m[K [01;36m[Knote: [m[K  no known conversion for argument 1 from ‘[01m[Kstd::shared_ptr<rclcpp::Subscription<const sensor_msgs::msg::LaserScan_<std::allocator<void> >&, std::allocator<void>, rclcpp::message_memory_strategy::MessageMemoryStrategy<const sensor_msgs::msg::LaserScan_<std::allocator<void> >&, std::allocator<void> > > >[m[K’ to ‘[01m[Kstd::shared_ptr<rclcpp::Subscription<sensor_msgs::msg::LaserScan_<std::allocator<void> > > >&&[m[K’
[5.648s]   333 |       operator=([01;36m[Kshared_ptr&& __r[m[K) noexcept
[5.649s]       |                 [01;36m[K~~~~~~~~~~~~~^~~[m[K
[5.649s] [01m[K/usr/include/c++/9/bits/shared_ptr.h:341:2:[m[K [01;36m[Knote: [m[Kcandidate: ‘[01m[Ktemplate<class _Yp> std::shared_ptr<_Tp>::_Assignable<std::shared_ptr<_Yp> > std::shared_ptr<_Tp>::operator=(std::shared_ptr<_Yp>&&) [with _Yp = _Yp; _Tp = rclcpp::Subscription<sensor_msgs::msg::LaserScan_<std::allocator<void> > >][m[K’
[5.649s]   341 |  [01;36m[Koperator[m[K=(shared_ptr<_Yp>&& __r) noexcept
[5.649s]       |  [01;36m[K^~~~~~~~[m[K
[5.649s] [01m[K/usr/include/c++/9/bits/shared_ptr.h:341:2:[m[K [01;36m[Knote: [m[K  substitution of deduced template arguments resulted in errors seen above
[5.649s] [01m[K/usr/include/c++/9/bits/shared_ptr.h:349:2:[m[K [01;36m[Knote: [m[Kcandidate: ‘[01m[Ktemplate<class _Yp, class _Del> std::shared_ptr<_Tp>::_Assignable<std::unique_ptr<_Up, _Ep> > std::shared_ptr<_Tp>::operator=(std::unique_ptr<_Up, _Ep>&&) [with _Yp = _Yp; _Del = _Del; _Tp = rclcpp::Subscription<sensor_msgs::msg::LaserScan_<std::allocator<void> > >][m[K’
[5.649s]   349 |  [01;36m[Koperator[m[K=(unique_ptr<_Yp, _Del>&& __r)
[5.649s]       |  [01;36m[K^~~~~~~~[m[K
[5.649s] [01m[K/usr/include/c++/9/bits/shared_ptr.h:349:2:[m[K [01;36m[Knote: [m[K  template argument deduction/substitution failed:
[5.649s] [01m[K/home/tutu/mr_ws_ros2/src/feature_matcher/src/matcher.cpp:9:131:[m[K [01;36m[Knote: [m[K  ‘[01m[Kstd::shared_ptr<rclcpp::Subscription<const sensor_msgs::msg::LaserScan_<std::allocator<void> >&, std::allocator<void>, rclcpp::message_memory_strategy::MessageMemoryStrategy<const sensor_msgs::msg::LaserScan_<std::allocator<void> >&, std::allocator<void> > > >[m[K’ is not derived from ‘[01m[Kstd::unique_ptr<_Tp, _Dp>[m[K’
[5.649s]     9 |  laser_sub_ = this->create_subscription<sensor_msgs::msg::LaserScan>("/base_scan", 1, std::bind(&Matcher::on_laser_scan, this, _1)[01;36m[K)[m[K;
[5.649s]       |                                                                                                                                   [01;36m[K^[m[K
[5.761s] [01m[K/home/tutu/mr_ws_ros2/src/feature_matcher/src/matcher.cpp:[m[K In member function ‘[01m[Kvoid Matcher::publish_transform(const Header&)[m[K’:
[5.761s] [01m[K/home/tutu/mr_ws_ros2/src/feature_matcher/src/matcher.cpp:206:17:[m[K [01;35m[Kwarning: [m[Kunused variable ‘[01m[Kinc_matrix[m[K’ [[01;35m[K-Wunused-variable[m[K]
[5.761s]   206 |     const auto& [01;35m[Kinc_matrix[m[K = incremental_transform.matrix();
[5.761s]       |                 [01;35m[K^~~~~~~~~~[m[K
[6.400s] In file included from [01m[K/opt/ros/foxy/include/rclcpp/node_interfaces/node_topics_interface.hpp:32[m[K,
[6.400s]                  from [01m[K/opt/ros/foxy/include/rclcpp/node.hpp:55[m[K,
[6.401s]                  from [01m[K/opt/ros/foxy/include/rclcpp/executors/single_threaded_executor.hpp:28[m[K,
[6.401s]                  from [01m[K/opt/ros/foxy/include/rclcpp/executors.hpp:22[m[K,
[6.401s]                  from [01m[K/opt/ros/foxy/include/rclcpp/rclcpp.hpp:146[m[K,
[6.401s]                  from [01m[K/home/tutu/mr_ws_ros2/src/feature_matcher/src/matcher.h:3[m[K,
[6.401s]                  from [01m[K/home/tutu/mr_ws_ros2/src/feature_matcher/src/matcher.cpp:1[m[K:
[6.401s] /opt/ros/foxy/include/rclcpp/subscription_factory.hpp: In instantiation of ‘[01m[Krclcpp::SubscriptionFactory rclcpp::create_subscription_factory(CallbackT&&, const rclcpp::SubscriptionOptionsWithAllocator<AllocatorT>&, typename MessageMemoryStrategyT::SharedPtr, std::shared_ptr<rclcpp::topic_statistics::SubscriptionTopicStatistics<CallbackMessageT> >) [with MessageT = sensor_msgs::msg::LaserScan_<std::allocator<void> >; CallbackT = std::_Bind<void (Matcher::*(Matcher*, std::_Placeholder<1>))(const sensor_msgs::msg::LaserScan_<std::allocator<void> >&)>; AllocatorT = std::allocator<void>; CallbackMessageT = const sensor_msgs::msg::LaserScan_<std::allocator<void> >&; SubscriptionT = rclcpp::Subscription<const sensor_msgs::msg::LaserScan_<std::allocator<void> >&, std::allocator<void>, rclcpp::message_memory_strategy::MessageMemoryStrategy<const sensor_msgs::msg::LaserScan_<std::allocator<void> >&, std::allocator<void> > >; MessageMemoryStrategyT = rclcpp::message_memory_strategy::MessageMemoryStrategy<const sensor_msgs::msg::LaserScan_<std::allocator<void> >&, std::allocator<void> >; typename MessageMemoryStrategyT::SharedPtr = std::shared_ptr<rclcpp::message_memory_strategy::MessageMemoryStrategy<const sensor_msgs::msg::LaserScan_<std::allocator<void> >&, std::allocator<void> > >][m[K’:
[6.401s] [01m[K/opt/ros/foxy/include/rclcpp/create_subscription.hpp:144:63:[m[K   required from ‘[01m[Kstd::shared_ptr<SubscriptionT> rclcpp::create_subscription(NodeT&&, const string&, const rclcpp::QoS&, CallbackT&&, const rclcpp::SubscriptionOptionsWithAllocator<AllocatorT>&, typename MessageMemoryStrategyT::SharedPtr) [with MessageT = sensor_msgs::msg::LaserScan_<std::allocator<void> >; CallbackT = std::_Bind<void (Matcher::*(Matcher*, std::_Placeholder<1>))(const sensor_msgs::msg::LaserScan_<std::allocator<void> >&)>; AllocatorT = std::allocator<void>; CallbackMessageT = const sensor_msgs::msg::LaserScan_<std::allocator<void> >&; SubscriptionT = rclcpp::Subscription<const sensor_msgs::msg::LaserScan_<std::allocator<void> >&, std::allocator<void>, rclcpp::message_memory_strategy::MessageMemoryStrategy<const sensor_msgs::msg::LaserScan_<std::allocator<void> >&, std::allocator<void> > >; MessageMemoryStrategyT = rclcpp::message_memory_strategy::MessageMemoryStrategy<const sensor_msgs::msg::LaserScan_<std::allocator<void> >&, std::allocator<void> >; NodeT = rclcpp::Node&; std::string = std::__cxx11::basic_string<char>; typename MessageMemoryStrategyT::SharedPtr = std::shared_ptr<rclcpp::message_memory_strategy::MessageMemoryStrategy<const sensor_msgs::msg::LaserScan_<std::allocator<void> >&, std::allocator<void> > >][m[K’
[6.401s] [01m[K/opt/ros/foxy/include/rclcpp/node_impl.hpp:98:47:[m[K   required from ‘[01m[Kstd::shared_ptr<SubscriptionT> rclcpp::Node::create_subscription(const string&, const rclcpp::QoS&, CallbackT&&, const rclcpp::SubscriptionOptionsWithAllocator<AllocatorT>&, typename MessageMemoryStrategyT::SharedPtr) [with MessageT = sensor_msgs::msg::LaserScan_<std::allocator<void> >; CallbackT = std::_Bind<void (Matcher::*(Matcher*, std::_Placeholder<1>))(const sensor_msgs::msg::LaserScan_<std::allocator<void> >&)>; AllocatorT = std::allocator<void>; CallbackMessageT = const sensor_msgs::msg::LaserScan_<std::allocator<void> >&; SubscriptionT = rclcpp::Subscription<const sensor_msgs::msg::LaserScan_<std::allocator<void> >&, std::allocator<void>, rclcpp::message_memory_strategy::MessageMemoryStrategy<const sensor_msgs::msg::LaserScan_<std::allocator<void> >&, std::allocator<void> > >; MessageMemoryStrategyT = rclcpp::message_memory_strategy::MessageMemoryStrategy<const sensor_msgs::msg::LaserScan_<std::allocator<void> >&, std::allocator<void> >; std::string = std::__cxx11::basic_string<char>; typename MessageMemoryStrategyT::SharedPtr = std::shared_ptr<rclcpp::message_memory_strategy::MessageMemoryStrategy<const sensor_msgs::msg::LaserScan_<std::allocator<void> >&, std::allocator<void> > >][m[K’
[6.401s] [01m[K/home/tutu/mr_ws_ros2/src/feature_matcher/src/matcher.cpp:9:131:[m[K   required from here
[6.402s] [01m[K/opt/ros/foxy/include/rclcpp/subscription_factory.hpp:97:3:[m[K [01;31m[Kerror: [m[Kno matching function for call to ‘[01m[Krclcpp::AnySubscriptionCallback<const sensor_msgs::msg::LaserScan_<std::allocator<void> >&, std::allocator<void> >::set(std::_Bind<void (Matcher::*(Matcher*, std::_Placeholder<1>))(const sensor_msgs::msg::LaserScan_<std::allocator<void> >&)>)[m[K’
[6.402s]    97 |   [01;31m[Kany_subscription_callback[m[K.set(std::forward<CallbackT>(callback));
[6.402s]       |   [01;31m[K^~~~~~~~~~~~~~~~~~~~~~~~~[m[K
[6.402s] In file included from [01m[K/opt/ros/foxy/include/rclcpp/subscription_base.hpp:29[m[K,
[6.402s]                  from [01m[K/opt/ros/foxy/include/rclcpp/callback_group.hpp:26[m[K,
[6.402s]                  from [01m[K/opt/ros/foxy/include/rclcpp/any_executable.hpp:20[m[K,
[6.402s]                  from [01m[K/opt/ros/foxy/include/rclcpp/memory_strategy.hpp:24[m[K,
[6.402s]                  from [01m[K/opt/ros/foxy/include/rclcpp/memory_strategies.hpp:18[m[K,
[6.403s]                  from [01m[K/opt/ros/foxy/include/rclcpp/executor_options.hpp:20[m[K,
[6.403s]                  from [01m[K/opt/ros/foxy/include/rclcpp/executor.hpp:33[m[K,
[6.403s]                  from [01m[K/opt/ros/foxy/include/rclcpp/executors/multi_threaded_executor.hpp:26[m[K,
[6.403s]                  from [01m[K/opt/ros/foxy/include/rclcpp/executors.hpp:21[m[K,
[6.403s]                  from [01m[K/opt/ros/foxy/include/rclcpp/rclcpp.hpp:146[m[K,
[6.403s]                  from [01m[K/home/tutu/mr_ws_ros2/src/feature_matcher/src/matcher.h:3[m[K,
[6.403s]                  from [01m[K/home/tutu/mr_ws_ros2/src/feature_matcher/src/matcher.cpp:1[m[K:
[6.403s] [01m[K/opt/ros/foxy/include/rclcpp/any_subscription_callback.hpp:83:8:[m[K [01;36m[Knote: [m[Kcandidate: ‘[01m[Ktemplate<class CallbackT, typename std::enable_if<rclcpp::function_traits::same_arguments<CallbackT, std::function<void(std::shared_ptr<const sensor_msgs::msg::LaserScan_<std::allocator<void> >&>)> >::value, void>::type* <anonymous> > void rclcpp::AnySubscriptionCallback<MessageT, Alloc>::set(CallbackT) [with CallbackT = CallbackT; typename std::enable_if<rclcpp::function_traits::same_arguments<CallbackT, std::function<void(std::shared_ptr<_Tp>)> >::value>::type* <anonymous> = <enumerator>; MessageT = const sensor_msgs::msg::LaserScan_<std::allocator<void> >&; Alloc = std::allocator<void>][m[K’
[6.403s]    83 |   void [01;36m[Kset[m[K(CallbackT callback)
[6.403s]       |        [01;36m[K^~~[m[K
[6.404s] [01m[K/opt/ros/foxy/include/rclcpp/any_subscription_callback.hpp:83:8:[m[K [01;36m[Knote: [m[K  template argument deduction/substitution failed:
[6.404s] [01m[K/opt/ros/foxy/include/rclcpp/any_subscription_callback.hpp:81:17:[m[K [01;31m[Kerror: [m[Kno type named ‘[01m[Ktype[m[K’ in ‘[01m[Kstruct std::enable_if<false, void>[m[K’
[6.404s]    81 |     >::type * = [01;31m[Knullptr[m[K
[6.404s]       |                 [01;31m[K^~~~~~~[m[K
[6.404s] [01m[K/opt/ros/foxy/include/rclcpp/any_subscription_callback.hpp:97:8:[m[K [01;36m[Knote: [m[Kcandidate: ‘[01m[Ktemplate<class CallbackT, typename std::enable_if<rclcpp::function_traits::same_arguments<CallbackT, std::function<void(std::shared_ptr<const sensor_msgs::msg::LaserScan_<std::allocator<void> >&>, const rclcpp::MessageInfo&)> >::value, void>::type* <anonymous> > void rclcpp::AnySubscriptionCallback<MessageT, Alloc>::set(CallbackT) [with CallbackT = CallbackT; typename std::enable_if<rclcpp::function_traits::same_arguments<CallbackT, std::function<void(std::shared_ptr<_Tp>, const rclcpp::MessageInfo&)> >::value>::type* <anonymous> = <enumerator>; MessageT = const sensor_msgs::msg::LaserScan_<std::allocator<void> >&; Alloc = std::allocator<void>][m[K’
[6.404s]    97 |   void [01;36m[Kset[m[K(CallbackT callback)
[6.404s]       |        [01;36m[K^~~[m[K
[6.404s] [01m[K/opt/ros/foxy/include/rclcpp/any_subscription_callback.hpp:97:8:[m[K [01;36m[Knote: [m[K  template argument deduction/substitution failed:
[6.404s] [01m[K/opt/ros/foxy/include/rclcpp/any_subscription_callback.hpp:95:17:[m[K [01;31m[Kerror: [m[Kno type named ‘[01m[Ktype[m[K’ in ‘[01m[Kstruct std::enable_if<false, void>[m[K’
[6.405s]    95 |     >::type * = [01;31m[Knullptr[m[K
[6.405s]       |                 [01;31m[K^~~~~~~[m[K
[6.405s] [01m[K/opt/ros/foxy/include/rclcpp/any_subscription_callback.hpp:139:8:[m[K [01;36m[Knote: [m[Kcandidate: ‘[01m[Ktemplate<class CallbackT, typename std::enable_if<rclcpp::function_traits::same_arguments<CallbackT, std::function<void(std::unique_ptr<const sensor_msgs::msg::LaserScan_<std::allocator<void> >&, std::default_delete<const sensor_msgs::msg::LaserScan_<std::allocator<void> >&> >)> >::value, void>::type* <anonymous> > void rclcpp::AnySubscriptionCallback<MessageT, Alloc>::set(CallbackT) [with CallbackT = CallbackT; typename std::enable_if<rclcpp::function_traits::same_arguments<CallbackT, std::function<void(std::unique_ptr<MessageT, typename std::conditional<std::is_same<typename std::allocator_traits<typename std::allocator_traits<_Alloc>::rebind_traits<MessageT>::allocator_type>::rebind_alloc<MessageT>, typename std::allocator<void>::rebind<_Tp1>::other>::value, std::default_delete<_Tp>, rclcpp::allocator::AllocatorDeleter<typename std::allocator_traits<_Alloc>::rebind_traits<MessageT>::allocator_type> >::type>)> >::value>::type* <anonymous> = <enumerator>; MessageT = const sensor_msgs::msg::LaserScan_<std::allocator<void> >&; Alloc = std::allocator<void>][m[K’
[6.405s]   139 |   void [01;36m[Kset[m[K(CallbackT callback)
[6.405s]       |        [01;36m[K^~~[m[K
[6.405s] [01m[K/opt/ros/foxy/include/rclcpp/any_subscription_callback.hpp:139:8:[m[K [01;36m[Knote: [m[K  template argument deduction/substitution failed:
[6.405s] [01m[K/opt/ros/foxy/include/rclcpp/any_subscription_callback.hpp:137:17:[m[K [01;31m[Kerror: [m[Kno type named ‘[01m[Ktype[m[K’ in ‘[01m[Kstruct std::enable_if<false, void>[m[K’
[6.405s]   137 |     >::type * = [01;31m[Knullptr[m[K
[6.405s]       |                 [01;31m[K^~~~~~~[m[K
[6.405s] [01m[K/opt/ros/foxy/include/rclcpp/any_subscription_callback.hpp:153:8:[m[K [01;36m[Knote: [m[Kcandidate: ‘[01m[Ktemplate<class CallbackT, typename std::enable_if<rclcpp::function_traits::same_arguments<CallbackT, std::function<void(std::unique_ptr<const sensor_msgs::msg::LaserScan_<std::allocator<void> >&, std::default_delete<const sensor_msgs::msg::LaserScan_<std::allocator<void> >&> >, const rclcpp::MessageInfo&)> >::value, void>::type* <anonymous> > void rclcpp::AnySubscriptionCallback<MessageT, Alloc>::set(CallbackT) [with CallbackT = CallbackT; typename std::enable_if<rclcpp::function_traits::same_arguments<CallbackT, std::function<void(std::unique_ptr<MessageT, typename std::conditional<std::is_same<typename std::allocator_traits<typename std::allocator_traits<_Alloc>::rebind_traits<MessageT>::allocator_type>::rebind_alloc<MessageT>, typename std::allocator<void>::rebind<_Tp1>::other>::value, std::default_delete<_Tp>, rclcpp::allocator::AllocatorDeleter<typename std::allocator_traits<_Alloc>::rebind_traits<MessageT>::allocator_type> >::type>, const rclcpp::MessageInfo&)> >::value>::type* <anonymous> = <enumerator>; MessageT = const sensor_msgs::msg::LaserScan_<std::allocator<void> >&; Alloc = std::allocator<void>][m[K’
[6.406s]   153 |   void [01;36m[Kset[m[K(CallbackT callback)
[6.406s]       |        [01;36m[K^~~[m[K
[6.406s] [01m[K/opt/ros/foxy/include/rclcpp/any_subscription_callback.hpp:153:8:[m[K [01;36m[Knote: [m[K  template argument deduction/substitution failed:
[6.406s] [01m[K/opt/ros/foxy/include/rclcpp/any_subscription_callback.hpp:151:17:[m[K [01;31m[Kerror: [m[Kno type named ‘[01m[Ktype[m[K’ in ‘[01m[Kstruct std::enable_if<false, void>[m[K’
[6.406s]   151 |     >::type * = [01;31m[Knullptr[m[K
[6.406s]       |                 [01;31m[K^~~~~~~[m[K
[6.950s] In file included from [01m[K/usr/include/x86_64-linux-gnu/c++/9/bits/c++allocator.h:33[m[K,
[6.950s]                  from [01m[K/usr/include/c++/9/bits/allocator.h:46[m[K,
[6.951s]                  from [01m[K/usr/include/c++/9/memory:63[m[K,
[6.951s]                  from [01m[K/opt/ros/foxy/include/rclcpp/rclcpp.hpp:144[m[K,
[6.951s]                  from [01m[K/home/tutu/mr_ws_ros2/src/feature_matcher/src/matcher.h:3[m[K,
[6.951s]                  from [01m[K/home/tutu/mr_ws_ros2/src/feature_matcher/src/matcher.cpp:1[m[K:
[6.951s] /usr/include/c++/9/ext/new_allocator.h: In instantiation of ‘[01m[Kclass __gnu_cxx::new_allocator<const sensor_msgs::msg::LaserScan_<std::allocator<void> >&>[m[K’:
[6.951s] [01m[K/usr/include/c++/9/bits/allocator.h:111:11:[m[K   required from ‘[01m[Kclass std::allocator<const sensor_msgs::msg::LaserScan_<std::allocator<void> >&>[m[K’
[6.951s] [01m[K/usr/include/c++/9/bits/shared_ptr_base.h:1365:63:[m[K   required by substitution of ‘[01m[Ktemplate<class _Yp> struct std::__shared_ptr<std::allocator<const sensor_msgs::msg::LaserScan_<std::allocator<void> >&>, __gnu_cxx::_S_atomic>::__has_esft_base<_Yp, std::__void_t<decltype (__enable_shared_from_this_base(declval<const std::__shared_count<__gnu_cxx::_S_atomic>&>(), declval<_Yp*>()))> > [with _Yp = std::allocator<const sensor_msgs::msg::LaserScan_<std::allocator<void> >&>][m[K’
[6.951s] [01m[K/usr/include/c++/9/bits/shared_ptr_base.h:1387:21:[m[K   required by substitution of ‘[01m[Ktemplate<class _Yp, class _Yp2> typename std::enable_if<(! std::__shared_ptr<std::allocator<const sensor_msgs::msg::LaserScan_<std::allocator<void> >&>, __gnu_cxx::_S_atomic>::__has_esft_base<_Yp2, void>::value), void>::type std::__shared_ptr<std::allocator<const sensor_msgs::msg::LaserScan_<std::allocator<void> >&>, __gnu_cxx::_S_atomic>::_M_enable_shared_from_this_with<_Yp, _Yp2>(_Yp*) [with _Yp = std::allocator<const sensor_msgs::msg::LaserScan_<std::allocator<void> >&>; _Yp2 = std::allocator<const sensor_msgs::msg::LaserScan_<std::allocator<void> >&>][m[K’
[6.951s] [01m[K/usr/include/c++/9/bits/shared_ptr_base.h:1345:4:[m[K   required from ‘[01m[Kstd::__shared_ptr<_Tp, _Lp>::__shared_ptr(std::_Sp_alloc_shared_tag<_Tp>, _Args&& ...) [with _Alloc = std::allocator<std::allocator<const sensor_msgs::msg::LaserScan_<std::allocator<void> >&> >; _Args = {std::allocator<void>&}; _Tp = std::allocator<const sensor_msgs::msg::LaserScan_<std::allocator<void> >&>; __gnu_cxx::_Lock_policy _Lp = __gnu_cxx::_S_atomic][m[K’
[6.951s] [01m[K/usr/include/c++/9/bits/shared_ptr.h:359:59:[m[K   [ skipping 2 instantiation contexts, use -ftemplate-backtrace-limit=0 to disable ]
[6.951s] [01m[K/usr/include/c++/9/bits/shared_ptr.h:717:39:[m[K   required from ‘[01m[Kstd::shared_ptr<_Tp> std::make_shared(_Args&& ...) [with _Tp = std::allocator<const sensor_msgs::msg::LaserScan_<std::allocator<void> >&>; _Args = {std::allocator<void>&}][m[K’
[6.952s] [01m[K/opt/ros/foxy/include/rclcpp/any_subscription_callback.hpp:68:56:[m[K   required from ‘[01m[Krclcpp::AnySubscriptionCallback<MessageT, Alloc>::AnySubscriptionCallback(std::shared_ptr<_Tp>) [with MessageT = const sensor_msgs::msg::LaserScan_<std::allocator<void> >&; Alloc = std::allocator<void>][m[K’
[6.952s] [01m[K/opt/ros/foxy/include/rclcpp/subscription_factory.hpp:96:57:[m[K   required from ‘[01m[Krclcpp::SubscriptionFactory rclcpp::create_subscription_factory(CallbackT&&, const rclcpp::SubscriptionOptionsWithAllocator<AllocatorT>&, typename MessageMemoryStrategyT::SharedPtr, std::shared_ptr<rclcpp::topic_statistics::SubscriptionTopicStatistics<CallbackMessageT> >) [with MessageT = sensor_msgs::msg::LaserScan_<std::allocator<void> >; CallbackT = std::_Bind<void (Matcher::*(Matcher*, std::_Placeholder<1>))(const sensor_msgs::msg::LaserScan_<std::allocator<void> >&)>; AllocatorT = std::allocator<void>; CallbackMessageT = const sensor_msgs::msg::LaserScan_<std::allocator<void> >&; SubscriptionT = rclcpp::Subscription<const sensor_msgs::msg::LaserScan_<std::allocator<void> >&, std::allocator<void>, rclcpp::message_memory_strategy::MessageMemoryStrategy<const sensor_msgs::msg::LaserScan_<std::allocator<void> >&, std::allocator<void> > >; MessageMemoryStrategyT = rclcpp::message_memory_strategy::MessageMemoryStrategy<const sensor_msgs::msg::LaserScan_<std::allocator<void> >&, std::allocator<void> >; typename MessageMemoryStrategyT::SharedPtr = std::shared_ptr<rclcpp::message_memory_strategy::MessageMemoryStrategy<const sensor_msgs::msg::LaserScan_<std::allocator<void> >&, std::allocator<void> > >][m[K’
[6.952s] [01m[K/opt/ros/foxy/include/rclcpp/create_subscription.hpp:144:63:[m[K   required from ‘[01m[Kstd::shared_ptr<SubscriptionT> rclcpp::create_subscription(NodeT&&, const string&, const rclcpp::QoS&, CallbackT&&, const rclcpp::SubscriptionOptionsWithAllocator<AllocatorT>&, typename MessageMemoryStrategyT::SharedPtr) [with MessageT = sensor_msgs::msg::LaserScan_<std::allocator<void> >; CallbackT = std::_Bind<void (Matcher::*(Matcher*, std::_Placeholder<1>))(const sensor_msgs::msg::LaserScan_<std::allocator<void> >&)>; AllocatorT = std::allocator<void>; CallbackMessageT = const sensor_msgs::msg::LaserScan_<std::allocator<void> >&; SubscriptionT = rclcpp::Subscription<const sensor_msgs::msg::LaserScan_<std::allocator<void> >&, std::allocator<void>, rclcpp::message_memory_strategy::MessageMemoryStrategy<const sensor_msgs::msg::LaserScan_<std::allocator<void> >&, std::allocator<void> > >; MessageMemoryStrategyT = rclcpp::message_memory_strategy::MessageMemoryStrategy<const sensor_msgs::msg::LaserScan_<std::allocator<void> >&, std::allocator<void> >; NodeT = rclcpp::Node&; std::string = std::__cxx11::basic_string<char>; typename MessageMemoryStrategyT::SharedPtr = std::shared_ptr<rclcpp::message_memory_strategy::MessageMemoryStrategy<const sensor_msgs::msg::LaserScan_<std::allocator<void> >&, std::allocator<void> > >][m[K’
[6.952s] [01m[K/opt/ros/foxy/include/rclcpp/node_impl.hpp:98:47:[m[K   required from ‘[01m[Kstd::shared_ptr<SubscriptionT> rclcpp::Node::create_subscription(const string&, const rclcpp::QoS&, CallbackT&&, const rclcpp::SubscriptionOptionsWithAllocator<AllocatorT>&, typename MessageMemoryStrategyT::SharedPtr) [with MessageT = sensor_msgs::msg::LaserScan_<std::allocator<void> >; CallbackT = std::_Bind<void (Matcher::*(Matcher*, std::_Placeholder<1>))(const sensor_msgs::msg::LaserScan_<std::allocator<void> >&)>; AllocatorT = std::allocator<void>; CallbackMessageT = const sensor_msgs::msg::LaserScan_<std::allocator<void> >&; SubscriptionT = rclcpp::Subscription<const sensor_msgs::msg::LaserScan_<std::allocator<void> >&, std::allocator<void>, rclcpp::message_memory_strategy::MessageMemoryStrategy<const sensor_msgs::msg::LaserScan_<std::allocator<void> >&, std::allocator<void> > >; MessageMemoryStrategyT = rclcpp::message_memory_strategy::MessageMemoryStrategy<const sensor_msgs::msg::LaserScan_<std::allocator<void> >&, std::allocator<void> >; std::string = std::__cxx11::basic_string<char>; typename MessageMemoryStrategyT::SharedPtr = std::shared_ptr<rclcpp::message_memory_strategy::MessageMemoryStrategy<const sensor_msgs::msg::LaserScan_<std::allocator<void> >&, std::allocator<void> > >][m[K’
[6.952s] [01m[K/home/tutu/mr_ws_ros2/src/feature_matcher/src/matcher.cpp:9:131:[m[K   required from here
[6.952s] [01m[K/usr/include/c++/9/ext/new_allocator.h:63:26:[m[K [01;31m[Kerror: [m[Kforming pointer to reference type ‘[01m[Kconst sensor_msgs::msg::LaserScan_<std::allocator<void> >&[m[K’
[6.952s]    63 |       typedef _Tp*       [01;31m[Kpointer[m[K;
[6.952s]       |                          [01;31m[K^~~~~~~[m[K
[6.952s] [01m[K/usr/include/c++/9/ext/new_allocator.h:64:26:[m[K [01;31m[Kerror: [m[Kforming pointer to reference type ‘[01m[Kconst sensor_msgs::msg::LaserScan_<std::allocator<void> >&[m[K’
[6.952s]    64 |       typedef const _Tp* [01;31m[Kconst_pointer[m[K;
[6.952s]       |                          [01;31m[K^~~~~~~~~~~~~[m[K
[6.952s] In file included from [01m[K/usr/include/c++/9/memory:63[m[K,
[6.952s]                  from [01m[K/opt/ros/foxy/include/rclcpp/rclcpp.hpp:144[m[K,
[6.953s]                  from [01m[K/home/tutu/mr_ws_ros2/src/feature_matcher/src/matcher.h:3[m[K,
[6.953s]                  from [01m[K/home/tutu/mr_ws_ros2/src/feature_matcher/src/matcher.cpp:1[m[K:
[6.953s] /usr/include/c++/9/bits/allocator.h: In instantiation of ‘[01m[Kclass std::allocator<const sensor_msgs::msg::LaserScan_<std::allocator<void> >&>[m[K’:
[6.953s] [01m[K/usr/include/c++/9/bits/shared_ptr_base.h:1365:63:[m[K   required by substitution of ‘[01m[Ktemplate<class _Yp> struct std::__shared_ptr<std::allocator<const sensor_msgs::msg::LaserScan_<std::allocator<void> >&>, __gnu_cxx::_S_atomic>::__has_esft_base<_Yp, std::__void_t<decltype (__enable_shared_from_this_base(declval<const std::__shared_count<__gnu_cxx::_S_atomic>&>(), declval<_Yp*>()))> > [with _Yp = std::allocator<const sensor_msgs::msg::LaserScan_<std::allocator<void> >&>][m[K’
[6.953s] [01m[K/usr/include/c++/9/bits/shared_ptr_base.h:1387:21:[m[K   required by substitution of ‘[01m[Ktemplate<class _Yp, class _Yp2> typename std::enable_if<(! std::__shared_ptr<std::allocator<const sensor_msgs::msg::LaserScan_<std::allocator<void> >&>, __gnu_cxx::_S_atomic>::__has_esft_base<_Yp2, void>::value), void>::type std::__shared_ptr<std::allocator<const sensor_msgs::msg::LaserScan_<std::allocator<void> >&>, __gnu_cxx::_S_atomic>::_M_enable_shared_from_this_with<_Yp, _Yp2>(_Yp*) [with _Yp = std::allocator<const sensor_msgs::msg::LaserScan_<std::allocator<void> >&>; _Yp2 = std::allocator<const sensor_msgs::msg::LaserScan_<std::allocator<void> >&>][m[K’
[6.953s] [01m[K/usr/include/c++/9/bits/shared_ptr_base.h:1345:4:[m[K   required from ‘[01m[Kstd::__shared_ptr<_Tp, _Lp>::__shared_ptr(std::_Sp_alloc_shared_tag<_Tp>, _Args&& ...) [with _Alloc = std::allocator<std::allocator<const sensor_msgs::msg::LaserScan_<std::allocator<void> >&> >; _Args = {std::allocator<void>&}; _Tp = std::allocator<const sensor_msgs::msg::LaserScan_<std::allocator<void> >&>; __gnu_cxx::_Lock_policy _Lp = __gnu_cxx::_S_atomic][m[K’
[6.953s] [01m[K/usr/include/c++/9/bits/shared_ptr.h:359:59:[m[K   required from ‘[01m[Kstd::shared_ptr<_Tp>::shared_ptr(std::_Sp_alloc_shared_tag<_Tp>, _Args&& ...) [with _Alloc = std::allocator<std::allocator<const sensor_msgs::msg::LaserScan_<std::allocator<void> >&> >; _Args = {std::allocator<void>&}; _Tp = std::allocator<const sensor_msgs::msg::LaserScan_<std::allocator<void> >&>][m[K’
[6.953s] [01m[K/usr/include/c++/9/bits/shared_ptr.h:701:14:[m[K   required from ‘[01m[Kstd::shared_ptr<_Tp> std::allocate_shared(const _Alloc&, _Args&& ...) [with _Tp = std::allocator<const sensor_msgs::msg::LaserScan_<std::allocator<void> >&>; _Alloc = std::allocator<std::allocator<const sensor_msgs::msg::LaserScan_<std::allocator<void> >&> >; _Args = {std::allocator<void>&}][m[K’
[6.953s] [01m[K/usr/include/c++/9/bits/shared_ptr.h:717:39:[m[K   required from ‘[01m[Kstd::shared_ptr<_Tp> std::make_shared(_Args&& ...) [with _Tp = std::allocator<const sensor_msgs::msg::LaserScan_<std::allocator<void> >&>; _Args = {std::allocator<void>&}][m[K’
[6.953s] [01m[K/opt/ros/foxy/include/rclcpp/any_subscription_callback.hpp:68:56:[m[K   required from ‘[01m[Krclcpp::AnySubscriptionCallback<MessageT, Alloc>::AnySubscriptionCallback(std::shared_ptr<_Tp>) [with MessageT = const sensor_msgs::msg::LaserScan_<std::allocator<void> >&; Alloc = std::allocator<void>][m[K’
[6.953s] [01m[K/opt/ros/foxy/include/rclcpp/subscription_factory.hpp:96:57:[m[K   required from ‘[01m[Krclcpp::SubscriptionFactory rclcpp::create_subscription_factory(CallbackT&&, const rclcpp::SubscriptionOptionsWithAllocator<AllocatorT>&, typename MessageMemoryStrategyT::SharedPtr, std::shared_ptr<rclcpp::topic_statistics::SubscriptionTopicStatistics<CallbackMessageT> >) [with MessageT = sensor_msgs::msg::LaserScan_<std::allocator<void> >; CallbackT = std::_Bind<void (Matcher::*(Matcher*, std::_Placeholder<1>))(const sensor_msgs::msg::LaserScan_<std::allocator<void> >&)>; AllocatorT = std::allocator<void>; CallbackMessageT = const sensor_msgs::msg::LaserScan_<std::allocator<void> >&; SubscriptionT = rclcpp::Subscription<const sensor_msgs::msg::LaserScan_<std::allocator<void> >&, std::allocator<void>, rclcpp::message_memory_strategy::MessageMemoryStrategy<const sensor_msgs::msg::LaserScan_<std::allocator<void> >&, std::allocator<void> > >; MessageMemoryStrategyT = rclcpp::message_memory_strategy::MessageMemoryStrategy<const sensor_msgs::msg::LaserScan_<std::allocator<void> >&, std::allocator<void> >; typename MessageMemoryStrategyT::SharedPtr = std::shared_ptr<rclcpp::message_memory_strategy::MessageMemoryStrategy<const sensor_msgs::msg::LaserScan_<std::allocator<void> >&, std::allocator<void> > >][m[K’
[6.954s] [01m[K/opt/ros/foxy/include/rclcpp/create_subscription.hpp:144:63:[m[K   required from ‘[01m[Kstd::shared_ptr<SubscriptionT> rclcpp::create_subscription(NodeT&&, const string&, const rclcpp::QoS&, CallbackT&&, const rclcpp::SubscriptionOptionsWithAllocator<AllocatorT>&, typename MessageMemoryStrategyT::SharedPtr) [with MessageT = sensor_msgs::msg::LaserScan_<std::allocator<void> >; CallbackT = std::_Bind<void (Matcher::*(Matcher*, std::_Placeholder<1>))(const sensor_msgs::msg::LaserScan_<std::allocator<void> >&)>; AllocatorT = std::allocator<void>; CallbackMessageT = const sensor_msgs::msg::LaserScan_<std::allocator<void> >&; SubscriptionT = rclcpp::Subscription<const sensor_msgs::msg::LaserScan_<std::allocator<void> >&, std::allocator<void>, rclcpp::message_memory_strategy::MessageMemoryStrategy<const sensor_msgs::msg::LaserScan_<std::allocator<void> >&, std::allocator<void> > >; MessageMemoryStrategyT = rclcpp::message_memory_strategy::MessageMemoryStrategy<const sensor_msgs::msg::LaserScan_<std::allocator<void> >&, std::allocator<void> >; NodeT = rclcpp::Node&; std::string = std::__cxx11::basic_string<char>; typename MessageMemoryStrategyT::SharedPtr = std::shared_ptr<rclcpp::message_memory_strategy::MessageMemoryStrategy<const sensor_msgs::msg::LaserScan_<std::allocator<void> >&, std::allocator<void> > >][m[K’
[6.954s] [01m[K/opt/ros/foxy/include/rclcpp/node_impl.hpp:98:47:[m[K   required from ‘[01m[Kstd::shared_ptr<SubscriptionT> rclcpp::Node::create_subscription(const string&, const rclcpp::QoS&, CallbackT&&, const rclcpp::SubscriptionOptionsWithAllocator<AllocatorT>&, typename MessageMemoryStrategyT::SharedPtr) [with MessageT = sensor_msgs::msg::LaserScan_<std::allocator<void> >; CallbackT = std::_Bind<void (Matcher::*(Matcher*, std::_Placeholder<1>))(const sensor_msgs::msg::LaserScan_<std::allocator<void> >&)>; AllocatorT = std::allocator<void>; CallbackMessageT = const sensor_msgs::msg::LaserScan_<std::allocator<void> >&; SubscriptionT = rclcpp::Subscription<const sensor_msgs::msg::LaserScan_<std::allocator<void> >&, std::allocator<void>, rclcpp::message_memory_strategy::MessageMemoryStrategy<const sensor_msgs::msg::LaserScan_<std::allocator<void> >&, std::allocator<void> > >; MessageMemoryStrategyT = rclcpp::message_memory_strategy::MessageMemoryStrategy<const sensor_msgs::msg::LaserScan_<std::allocator<void> >&, std::allocator<void> >; std::string = std::__cxx11::basic_string<char>; typename MessageMemoryStrategyT::SharedPtr = std::shared_ptr<rclcpp::message_memory_strategy::MessageMemoryStrategy<const sensor_msgs::msg::LaserScan_<std::allocator<void> >&, std::allocator<void> > >][m[K’
[6.954s] [01m[K/home/tutu/mr_ws_ros2/src/feature_matcher/src/matcher.cpp:9:131:[m[K   required from here
[6.954s] [01m[K/usr/include/c++/9/bits/allocator.h:116:26:[m[K [01;31m[Kerror: [m[Kforming pointer to reference type ‘[01m[Kconst sensor_msgs::msg::LaserScan_<std::allocator<void> >&[m[K’
[6.954s]   116 |       typedef _Tp*       [01;31m[Kpointer[m[K;
[6.954s]       |                          [01;31m[K^~~~~~~[m[K
[6.954s] [01m[K/usr/include/c++/9/bits/allocator.h:117:26:[m[K [01;31m[Kerror: [m[Kforming pointer to reference type ‘[01m[Kconst sensor_msgs::msg::LaserScan_<std::allocator<void> >&[m[K’
[6.954s]   117 |       typedef const _Tp* [01;31m[Kconst_pointer[m[K;
[6.954s]       |                          [01;31m[K^~~~~~~~~~~~~[m[K
[7.905s] In file included from [01m[K/usr/include/c++/9/bits/shared_ptr.h:52[m[K,
[7.905s]                  from [01m[K/usr/include/c++/9/memory:81[m[K,
[7.905s]                  from [01m[K/opt/ros/foxy/include/rclcpp/rclcpp.hpp:144[m[K,
[7.905s]                  from [01m[K/home/tutu/mr_ws_ros2/src/feature_matcher/src/matcher.h:3[m[K,
[7.906s]                  from [01m[K/home/tutu/mr_ws_ros2/src/feature_matcher/src/matcher.cpp:1[m[K:
[7.906s] /usr/include/c++/9/bits/shared_ptr_base.h: In instantiation of ‘[01m[Kclass std::__shared_ptr_access<const sensor_msgs::msg::LaserScan_<std::allocator<void> >&, __gnu_cxx::_S_atomic, false, false>[m[K’:
[7.906s] [01m[K/usr/include/c++/9/bits/shared_ptr_base.h:1080:11:[m[K   required from ‘[01m[Kclass std::__shared_ptr<const sensor_msgs::msg::LaserScan_<std::allocator<void> >&, __gnu_cxx::_S_atomic>[m[K’
[7.906s] [01m[K/opt/ros/foxy/include/rclcpp/message_memory_strategy.hpp:85:37:[m[K   recursively required from ‘[01m[Kstd::shared_ptr<_Tp> rclcpp::message_memory_strategy::MessageMemoryStrategy<MessageT, Alloc>::borrow_message() [with MessageT = const sensor_msgs::msg::LaserScan_<std::allocator<void> >&; Alloc = std::allocator<void>][m[K’
[7.906s] [01m[K/opt/ros/foxy/include/rclcpp/message_memory_strategy.hpp:85:37:[m[K   required from here
[7.906s] [01m[K/usr/include/c++/9/bits/shared_ptr_base.h:1012:7:[m[K [01;31m[Kerror: [m[Kforming pointer to reference type ‘[01m[Kstd::__shared_ptr_access<const sensor_msgs::msg::LaserScan_<std::allocator<void> >&, __gnu_cxx::_S_atomic, false, false>::element_type[m[K’ {aka ‘[01m[Kconst sensor_msgs::msg::LaserScan_<std::allocator<void> >&[m[K’}
[7.906s]  1012 |       [01;31m[Koperator[m[K->() const noexcept
[7.906s]       |       [01;31m[K^~~~~~~~[m[K
[7.906s] [01m[K/usr/include/c++/9/bits/shared_ptr_base.h:1020:7:[m[K [01;31m[Kerror: [m[Kforming pointer to reference type ‘[01m[Kstd::__shared_ptr_access<const sensor_msgs::msg::LaserScan_<std::allocator<void> >&, __gnu_cxx::_S_atomic, false, false>::element_type[m[K’ {aka ‘[01m[Kconst sensor_msgs::msg::LaserScan_<std::allocator<void> >&[m[K’}
[7.907s]  1020 |       [01;31m[K_M_get[m[K() const noexcept
[7.907s]       |       [01;31m[K^~~~~~[m[K
[7.907s] /usr/include/c++/9/bits/shared_ptr_base.h: In instantiation of ‘[01m[Kclass std::__shared_ptr<const sensor_msgs::msg::LaserScan_<std::allocator<void> >&, __gnu_cxx::_S_atomic>[m[K’:
[7.907s] [01m[K/opt/ros/foxy/include/rclcpp/message_memory_strategy.hpp:85:37:[m[K   recursively required from ‘[01m[Kstd::shared_ptr<_Tp> rclcpp::message_memory_strategy::MessageMemoryStrategy<MessageT, Alloc>::borrow_message() [with MessageT = const sensor_msgs::msg::LaserScan_<std::allocator<void> >&; Alloc = std::allocator<void>][m[K’
[7.907s] [01m[K/opt/ros/foxy/include/rclcpp/message_memory_strategy.hpp:85:37:[m[K   required from here
[7.907s] [01m[K/usr/include/c++/9/bits/shared_ptr_base.h:1094:8:[m[K [01;31m[Kerror: [m[Kforming pointer to reference type ‘[01m[Kconst sensor_msgs::msg::LaserScan_<std::allocator<void> >&[m[K’
[7.907s]  1094 |  using [01;31m[K_Compatible[m[K = typename
[7.907s]       |        [01;31m[K^~~~~~~~~~~[m[K
[7.907s] [01m[K/usr/include/c++/9/bits/shared_ptr_base.h:1104:8:[m[K [01;31m[Kerror: [m[Kforming pointer to reference type ‘[01m[Kconst sensor_msgs::msg::LaserScan_<std::allocator<void> >&[m[K’
[7.907s]  1104 |  using [01;31m[K_UniqCompatible[m[K = typename enable_if<__and_<
[7.908s]       |        [01;31m[K^~~~~~~~~~~~~~~[m[K
[7.908s] [01m[K/usr/include/c++/9/bits/shared_ptr_base.h:1162:2:[m[K [01;31m[Kerror: [m[Kforming pointer to reference type ‘[01m[Kstd::__shared_ptr<const sensor_msgs::msg::LaserScan_<std::allocator<void> >&, __gnu_cxx::_S_atomic>::element_type[m[K’ {aka ‘[01m[Kconst sensor_msgs::msg::LaserScan_<std::allocator<void> >&[m[K’}
[7.908s]  1162 |  [01;31m[K__shared_ptr[m[K(const __shared_ptr<_Yp, _Lp>& __r,
[7.908s]       |  [01;31m[K^~~~~~~~~~~~[m[K
[7.908s] /usr/include/c++/9/bits/shared_ptr_base.h: In substitution of ‘[01m[Ktemplate<class _Tp, __gnu_cxx::_Lock_policy _Lp> template<class _Yp, class _Res> using _Compatible = typename std::enable_if<std::__sp_compatible_with<_Yp*, _Tp*>::value, _Res>::type [with _Yp = _Yp; _Res = void; _Tp = const sensor_msgs::msg::LaserScan_<std::allocator<void> >&; __gnu_cxx::_Lock_policy _Lp = __gnu_cxx::_S_atomic][m[K’:
[7.908s] [01m[K/usr/include/c++/9/bits/shared_ptr_base.h:1172:2:[m[K   required from ‘[01m[Kclass std::__shared_ptr<const sensor_msgs::msg::LaserScan_<std::allocator<void> >&, __gnu_cxx::_S_atomic>[m[K’
[7.908s] [01m[K/opt/ros/foxy/include/rclcpp/message_memory_strategy.hpp:85:37:[m[K   recursively required from ‘[01m[Kstd::shared_ptr<_Tp> rclcpp::message_memory_strategy::MessageMemoryStrategy<MessageT, Alloc>::borrow_message() [with MessageT = const sensor_msgs::msg::LaserScan_<std::allocator<void> >&; Alloc = std::allocator<void>][m[K’
[7.908s] [01m[K/opt/ros/foxy/include/rclcpp/message_memory_strategy.hpp:85:37:[m[K   required from here
[7.908s] [01m[K/usr/include/c++/9/bits/shared_ptr_base.h:1094:8:[m[K [01;31m[Kerror: [m[Kforming pointer to reference type ‘[01m[Kconst sensor_msgs::msg::LaserScan_<std::allocator<void> >&[m[K’
[7.908s]  1094 |  using [01;31m[K_Compatible[m[K = typename
[7.909s]       |        [01;31m[K^~~~~~~~~~~[m[K
[7.909s] /usr/include/c++/9/bits/shared_ptr_base.h: In substitution of ‘[01m[Ktemplate<class _Tp, __gnu_cxx::_Lock_policy _Lp> template<class _Yp, class _Del, class _Res, class _Ptr> using _UniqCompatible = typename std::enable_if<std::__and_<std::__sp_compatible_with<_Yp*, _Tp*>, std::is_convertible<_Ptr, typename std::remove_extent<_Up>::type*> >::value, _Res>::type [with _Yp = _Yp; _Del = _Del; _Res = void; _Ptr = typename std::unique_ptr<_Tp, _Dp>::pointer; _Tp = const sensor_msgs::msg::LaserScan_<std::allocator<void> >&; __gnu_cxx::_Lock_policy _Lp = __gnu_cxx::_S_atomic][m[K’:
[7.909s] [01m[K/usr/include/c++/9/bits/shared_ptr_base.h:1203:2:[m[K   required from ‘[01m[Kclass std::__shared_ptr<const sensor_msgs::msg::LaserScan_<std::allocator<void> >&, __gnu_cxx::_S_atomic>[m[K’
[7.909s] [01m[K/opt/ros/foxy/include/rclcpp/message_memory_strategy.hpp:85:37:[m[K   recursively required from ‘[01m[Kstd::shared_ptr<_Tp> rclcpp::message_memory_strategy::MessageMemoryStrategy<MessageT, Alloc>::borrow_message() [with MessageT = const sensor_msgs::msg::LaserScan_<std::allocator<void> >&; Alloc = std::allocator<void>][m[K’
[7.909s] [01m[K/opt/ros/foxy/include/rclcpp/message_memory_strategy.hpp:85:37:[m[K   required from here
[7.909s] [01m[K/usr/include/c++/9/bits/shared_ptr_base.h:1104:8:[m[K [01;31m[Kerror: [m[Kforming pointer to reference type ‘[01m[Kconst sensor_msgs::msg::LaserScan_<std::allocator<void> >&[m[K’
[7.909s]  1104 |  using [01;31m[K_UniqCompatible[m[K = typename enable_if<__and_<
[7.909s]       |        [01;31m[K^~~~~~~~~~~~~~~[m[K
[7.909s] /usr/include/c++/9/bits/shared_ptr_base.h: In instantiation of ‘[01m[Kclass std::__shared_ptr<const sensor_msgs::msg::LaserScan_<std::allocator<void> >&, __gnu_cxx::_S_atomic>[m[K’:
[7.909s] [01m[K/opt/ros/foxy/include/rclcpp/message_memory_strategy.hpp:85:37:[m[K   recursively required from ‘[01m[Kstd::shared_ptr<_Tp> rclcpp::message_memory_strategy::MessageMemoryStrategy<MessageT, Alloc>::borrow_message() [with MessageT = const sensor_msgs::msg::LaserScan_<std::allocator<void> >&; Alloc = std::allocator<void>][m[K’
[7.910s] [01m[K/opt/ros/foxy/include/rclcpp/message_memory_strategy.hpp:85:37:[m[K   required from here
[7.910s] [01m[K/usr/include/c++/9/bits/shared_ptr_base.h:1309:7:[m[K [01;31m[Kerror: [m[Kforming pointer to reference type ‘[01m[Kstd::__shared_ptr<const sensor_msgs::msg::LaserScan_<std::allocator<void> >&, __gnu_cxx::_S_atomic>::element_type[m[K’ {aka ‘[01m[Kconst sensor_msgs::msg::LaserScan_<std::allocator<void> >&[m[K’}
[7.910s]  1309 |       [01;31m[Kget[m[K() const noexcept
[7.910s]       |       [01;31m[K^~~[m[K
[7.910s] [01m[K/usr/include/c++/9/bits/shared_ptr_base.h:1404:24:[m[K [01;31m[Kerror: [m[Kforming pointer to reference type ‘[01m[Kstd::__shared_ptr<const sensor_msgs::msg::LaserScan_<std::allocator<void> >&, __gnu_cxx::_S_atomic>::element_type[m[K’ {aka ‘[01m[Kconst sensor_msgs::msg::LaserScan_<std::allocator<void> >&[m[K’}
[7.910s]  1404 |       element_type*    [01;31m[K_M_ptr[m[K;         // Contained pointer.
[7.910s]       |                        [01;31m[K^~~~~~[m[K
[7.910s] In file included from [01m[K/usr/include/c++/9/memory:81[m[K,
[7.910s]                  from [01m[K/opt/ros/foxy/include/rclcpp/rclcpp.hpp:144[m[K,
[7.911s]                  from [01m[K/home/tutu/mr_ws_ros2/src/feature_matcher/src/matcher.h:3[m[K,
[7.911s]                  from [01m[K/home/tutu/mr_ws_ros2/src/feature_matcher/src/matcher.cpp:1[m[K:
[7.911s] /usr/include/c++/9/bits/shared_ptr.h: In instantiation of ‘[01m[Kclass std::shared_ptr<const sensor_msgs::msg::LaserScan_<std::allocator<void> >&>[m[K’:
[7.911s] [01m[K/opt/ros/foxy/include/rclcpp/message_memory_strategy.hpp:85:37:[m[K   recursively required from ‘[01m[Kstd::shared_ptr<_Tp> rclcpp::message_memory_strategy::MessageMemoryStrategy<MessageT, Alloc>::borrow_message() [with MessageT = const sensor_msgs::msg::LaserScan_<std::allocator<void> >&; Alloc = std::allocator<void>][m[K’
[7.911s] [01m[K/opt/ros/foxy/include/rclcpp/message_memory_strategy.hpp:85:37:[m[K   required from here
[7.911s] [01m[K/usr/include/c++/9/bits/shared_ptr.h:234:2:[m[K [01;31m[Kerror: [m[Kforming pointer to reference type ‘[01m[Kstd::shared_ptr<const sensor_msgs::msg::LaserScan_<std::allocator<void> >&>::element_type[m[K’ {aka ‘[01m[Kconst sensor_msgs::msg::LaserScan_<std::allocator<void> >&[m[K’}
[7.911s]   234 |  [01;31m[Kshared_ptr[m[K(const shared_ptr<_Yp>& __r, element_type* __p) noexcept
[7.911s]       |  [01;31m[K^~~~~~~~~~[m[K
[7.937s] In file included from [01m[K/usr/include/c++/9/bits/shared_ptr.h:52[m[K,
[7.937s]                  from [01m[K/usr/include/c++/9/memory:81[m[K,
[7.937s]                  from [01m[K/opt/ros/foxy/include/rclcpp/rclcpp.hpp:144[m[K,
[7.937s]                  from [01m[K/home/tutu/mr_ws_ros2/src/feature_matcher/src/matcher.h:3[m[K,
[7.937s]                  from [01m[K/home/tutu/mr_ws_ros2/src/feature_matcher/src/matcher.cpp:1[m[K:
[7.937s] /usr/include/c++/9/bits/shared_ptr_base.h: In instantiation of ‘[01m[Kconstexpr std::__shared_ptr<_Tp, _Lp>::__shared_ptr() [with _Tp = const sensor_msgs::msg::LaserScan_<std::allocator<void> >&; __gnu_cxx::_Lock_policy _Lp = __gnu_cxx::_S_atomic][m[K’:
[7.937s] [01m[K/usr/include/c++/9/bits/shared_ptr_base.h:1287:9:[m[K   required from ‘[01m[Kvoid std::__shared_ptr<_Tp, _Lp>::reset() [with _Tp = const sensor_msgs::msg::LaserScan_<std::allocator<void> >&; __gnu_cxx::_Lock_policy _Lp = __gnu_cxx::_S_atomic][m[K’
[7.938s] [01m[K/opt/ros/foxy/include/rclcpp/message_memory_strategy.hpp:109:5:[m[K   required from ‘[01m[Kvoid rclcpp::message_memory_strategy::MessageMemoryStrategy<MessageT, Alloc>::return_message(std::shared_ptr<_Tp>&) [with MessageT = const sensor_msgs::msg::LaserScan_<std::allocator<void> >&; Alloc = std::allocator<void>][m[K’
[7.938s] [01m[K/opt/ros/foxy/include/rclcpp/message_memory_strategy.hpp:107:16:[m[K   required from here
[7.938s] [01m[K/usr/include/c++/9/bits/shared_ptr_base.h:1119:32:[m[K [01;31m[Kerror: [m[Kusing invalid field ‘[01m[Kstd::__shared_ptr<_Tp, _Lp>::_M_ptr[m[K’
[7.938s]  1119 |       : _M_ptr(0), _M_refcount([01;31m[K)[m[K
[7.938s]       |                                [01;31m[K^[m[K
[7.938s] /usr/include/c++/9/bits/shared_ptr_base.h: In instantiation of ‘[01m[Kvoid std::__shared_ptr<_Tp, _Lp>::swap(std::__shared_ptr<_Tp, _Lp>&) [with _Tp = const sensor_msgs::msg::LaserScan_<std::allocator<void> >&; __gnu_cxx::_Lock_policy _Lp = __gnu_cxx::_S_atomic][m[K’:
[7.938s] [01m[K/usr/include/c++/9/bits/shared_ptr_base.h:1287:24:[m[K   required from ‘[01m[Kvoid std::__shared_ptr<_Tp, _Lp>::reset() [with _Tp = const sensor_msgs::msg::LaserScan_<std::allocator<void> >&; __gnu_cxx::_Lock_policy _Lp = __gnu_cxx::_S_atomic][m[K’
[7.938s] [01m[K/opt/ros/foxy/include/rclcpp/message_memory_strategy.hpp:109:5:[m[K   required from ‘[01m[Kvoid rclcpp::message_memory_strategy::MessageMemoryStrategy<MessageT, Alloc>::return_message(std::shared_ptr<_Tp>&) [with MessageT = const sensor_msgs::msg::LaserScan_<std::allocator<void> >&; Alloc = std::allocator<void>][m[K’
[7.938s] [01m[K/opt/ros/foxy/include/rclcpp/message_memory_strategy.hpp:107:16:[m[K   required from here
[7.938s] [01m[K/usr/include/c++/9/bits/shared_ptr_base.h:1326:12:[m[K [01;31m[Kerror: [m[Kusing invalid field ‘[01m[Kstd::__shared_ptr<_Tp, _Lp>::_M_ptr[m[K’
[7.939s]  1326 |  std::swap([01;31m[K_M_ptr[m[K, __other._M_ptr);
[7.939s]       |            [01;31m[K^~~~~~[m[K
[7.939s] [01m[K/usr/include/c++/9/bits/shared_ptr_base.h:1326:28:[m[K [01;31m[Kerror: [m[K‘[01m[Kclass std::__shared_ptr<const sensor_msgs::msg::LaserScan_<std::allocator<void> >&, __gnu_cxx::_S_atomic>[m[K’ has no member named ‘[01m[K_M_ptr[m[K’
[7.939s]  1326 |  std::swap(_M_ptr, [01;31m[K__other._M_ptr[m[K);
[7.939s]       |                    [01;31m[K~~~~~~~~^~~~~~[m[K
[8.004s] In file included from [01m[K/usr/include/c++/9/future:48[m[K,
[8.004s]                  from [01m[K/opt/ros/foxy/include/rclcpp/executors.hpp:18[m[K,
[8.004s]                  from [01m[K/opt/ros/foxy/include/rclcpp/rclcpp.hpp:146[m[K,
[8.004s]                  from [01m[K/home/tutu/mr_ws_ros2/src/feature_matcher/src/matcher.h:3[m[K,
[8.004s]                  from [01m[K/home/tutu/mr_ws_ros2/src/feature_matcher/src/matcher.cpp:1[m[K:
[8.004s] [01m[K/usr/include/c++/9/bits/std_function.h:[m[K At global scope:
[8.005s] [01m[K/usr/include/c++/9/bits/std_function.h:667:7:[m[K [01;31m[Kerror: [m[K‘[01m[Kstd::function<_Res(_ArgTypes ...)>::function(_Functor) [with _Functor = rclcpp::create_subscription_factory(CallbackT&&, const rclcpp::SubscriptionOptionsWithAllocator<AllocatorT>&, typename MessageMemoryStrategyT::SharedPtr, std::shared_ptr<rclcpp::topic_statistics::SubscriptionTopicStatistics<CallbackMessageT> >) [with MessageT = sensor_msgs::msg::LaserScan_<std::allocator<void> >; CallbackT = std::_Bind<void (Matcher::*(Matcher*, std::_Placeholder<1>))(const sensor_msgs::msg::LaserScan_<std::allocator<void> >&)>; AllocatorT = std::allocator<void>; CallbackMessageT = const sensor_msgs::msg::LaserScan_<std::allocator<void> >&; SubscriptionT = rclcpp::Subscription<const sensor_msgs::msg::LaserScan_<std::allocator<void> >&, std::allocator<void>, rclcpp::message_memory_strategy::MessageMemoryStrategy<const sensor_msgs::msg::LaserScan_<std::allocator<void> >&, std::allocator<void> > >; MessageMemoryStrategyT = rclcpp::message_memory_strategy::MessageMemoryStrategy<const sensor_msgs::msg::LaserScan_<std::allocator<void> >&, std::allocator<void> >; typename MessageMemoryStrategyT::SharedPtr = std::shared_ptr<rclcpp::message_memory_strategy::MessageMemoryStrategy<const sensor_msgs::msg::LaserScan_<std::allocator<void> >&, std::allocator<void> > >]::<lambda(rclcpp::node_interfaces::NodeBaseInterface*, const string&, const rclcpp::QoS&)>; <template-parameter-2-2> = void; <template-parameter-2-3> = void; _Res = std::shared_ptr<rclcpp::SubscriptionBase>; _ArgTypes = {rclcpp::node_interfaces::NodeBaseInterface*, const std::__cxx11::basic_string<char, std::char_traits<char>, std::allocator<char> >&, const rclcpp::QoS&}][m[K’, declared using local type ‘[01m[Krclcpp::create_subscription_factory(CallbackT&&, const rclcpp::SubscriptionOptionsWithAllocator<AllocatorT>&, typename MessageMemoryStrategyT::SharedPtr, std::shared_ptr<rclcpp::topic_statistics::SubscriptionTopicStatistics<CallbackMessageT> >) [with MessageT = sensor_msgs::msg::LaserScan_<std::allocator<void> >; CallbackT = std::_Bind<void (Matcher::*(Matcher*, std::_Placeholder<1>))(const sensor_msgs::msg::LaserScan_<std::allocator<void> >&)>; AllocatorT = std::allocator<void>; CallbackMessageT = const sensor_msgs::msg::LaserScan_<std::allocator<void> >&; SubscriptionT = rclcpp::Subscription<const sensor_msgs::msg::LaserScan_<std::allocator<void> >&, std::allocator<void>, rclcpp::message_memory_strategy::MessageMemoryStrategy<const sensor_msgs::msg::LaserScan_<std::allocator<void> >&, std::allocator<void> > >; MessageMemoryStrategyT = rclcpp::message_memory_strategy::MessageMemoryStrategy<const sensor_msgs::msg::LaserScan_<std::allocator<void> >&, std::allocator<void> >; typename MessageMemoryStrategyT::SharedPtr = std::shared_ptr<rclcpp::message_memory_strategy::MessageMemoryStrategy<const sensor_msgs::msg::LaserScan_<std::allocator<void> >&, std::allocator<void> > >]::<lambda(rclcpp::node_interfaces::NodeBaseInterface*, const string&, const rclcpp::QoS&)>[m[K’, is used but never defined [[01;31m[K-fpermissive[m[K]
[8.005s]   667 |       [01;31m[Kfunction<_Res(_ArgTypes...)>[m[K::
[8.005s]       |       [01;31m[K^~~~~~~~~~~~~~~~~~~~~~~~~~~~[m[K
[8.268s] make[2]: *** [CMakeFiles/feature_matcher.dir/build.make:76：CMakeFiles/feature_matcher.dir/src/matcher.cpp.o] 错误 1
[8.268s] make[1]: *** [CMakeFiles/Makefile2:105：CMakeFiles/feature_matcher.dir/all] 错误 2
[8.268s] make: *** [Makefile:141：all] 错误 2
