-- Found ament_cmake: 0.9.12 (/opt/ros/foxy/share/ament_cmake/cmake)
-- Using PYTHON_EXECUTABLE: /usr/bin/python3
-- Override CMake install command with custom implementation using symlinks instead of copying resources
-- Found rclcpp: 2.4.3 (/opt/ros/foxy/share/rclcpp/cmake)
-- Using all available rosidl_typesupport_c: rosidl_typesupport_fastrtps_c;rosidl_typesupport_introspection_c
-- Found rosidl_adapter: 1.3.1 (/opt/ros/foxy/share/rosidl_adapter/cmake)
-- Using all available rosidl_typesupport_cpp: rosidl_typesupport_fastrtps_cpp;rosidl_typesupport_introspection_cpp
-- Found rmw_implementation_cmake: 1.0.4 (/opt/ros/foxy/share/rmw_implementation_cmake/cmake)
-- Using RMW implementation 'rmw_fastrtps_cpp' as default
-- Found geometry_msgs: 2.0.5 (/opt/ros/foxy/share/geometry_msgs/cmake)
-- Found ament_lint_auto: 0.9.8 (/opt/ros/foxy/share/ament_lint_auto/cmake)
-- Added test 'copyright' to check source files copyright and LICENSE
-- Added test 'cppcheck' to perform static code analysis on C / C++ code
-- Configured cppcheck include dirs: 
-- Configured cppcheck exclude dirs and/or files: 
-- Added test 'cpplint' to check C / C++ code against the Google style
-- Configured cpplint exclude dirs and/or files: 
-- Added test 'lint_cmake' to check CMake code style
-- Added test 'uncrustify' to check C / C++ code style
-- Configured uncrustify additional arguments: 
-- Added test 'xmllint' to check XML markup files
-- Configuring done
-- Generating done
-- Build files have been written to: /home/tutu/mr_ws_ros2/build/stage_controller
[ 50%] Built target stage_controller
[100%] Built target stage_throttle
-- Install configuration: "RelWithDebInfo"
-- Execute custom install script
-- Up-to-date symlink: /home/tutu/mr_ws_ros2/install/stage_controller/lib/stage_controller/stage_controller
-- Up-to-date symlink: /home/tutu/mr_ws_ros2/install/stage_controller/lib/stage_controller/stage_throttle
-- Up-to-date symlink: /home/tutu/mr_ws_ros2/install/stage_controller/share/ament_index/resource_index/package_run_dependencies/stage_controller
-- Up-to-date symlink: /home/tutu/mr_ws_ros2/install/stage_controller/share/ament_index/resource_index/parent_prefix_path/stage_controller
-- Up-to-date symlink: /home/tutu/mr_ws_ros2/install/stage_controller/share/stage_controller/environment/ament_prefix_path.sh
-- Up-to-date symlink: /home/tutu/mr_ws_ros2/install/stage_controller/share/stage_controller/environment/ament_prefix_path.dsv
-- Up-to-date symlink: /home/tutu/mr_ws_ros2/install/stage_controller/share/stage_controller/environment/path.sh
-- Up-to-date symlink: /home/tutu/mr_ws_ros2/install/stage_controller/share/stage_controller/environment/path.dsv
-- Up-to-date symlink: /home/tutu/mr_ws_ros2/install/stage_controller/share/stage_controller/local_setup.bash
-- Up-to-date symlink: /home/tutu/mr_ws_ros2/install/stage_controller/share/stage_controller/local_setup.sh
-- Up-to-date symlink: /home/tutu/mr_ws_ros2/install/stage_controller/share/stage_controller/local_setup.zsh
-- Up-to-date symlink: /home/tutu/mr_ws_ros2/install/stage_controller/share/stage_controller/local_setup.dsv
-- Symlinking: /home/tutu/mr_ws_ros2/install/stage_controller/share/stage_controller/package.dsv
-- Up-to-date symlink: /home/tutu/mr_ws_ros2/install/stage_controller/share/ament_index/resource_index/packages/stage_controller
-- Up-to-date symlink: /home/tutu/mr_ws_ros2/install/stage_controller/share/stage_controller/cmake/stage_controllerConfig.cmake
-- Up-to-date symlink: /home/tutu/mr_ws_ros2/install/stage_controller/share/stage_controller/cmake/stage_controllerConfig-version.cmake
-- Up-to-date symlink: /home/tutu/mr_ws_ros2/install/stage_controller/share/stage_controller/package.xml
