[0.037s] Invoking command in '/home/tutu/mr_ws_ros2/build/simple_planner': CMAKE_PREFIX_PATH=${CMAKE_PREFIX_PATH}:/opt/ros/foxy /usr/bin/cmake --build /home/tutu/mr_ws_ros2/build/simple_planner -- -j8 -l8
[0.097s] [35m[1mScanning dependencies of target planner[0m
[0.144s] [ 50%] [32mBuilding CXX object CMakeFiles/planner.dir/src/planner.cpp.o[0m
[1.773s] In file included from [01m[K/usr/include/c++/9/ext/alloc_traits.h:36[m[K,
[1.773s]                  from [01m[K/usr/include/c++/9/bits/stl_construct.h:61[m[K,
[1.773s]                  from [01m[K/usr/include/c++/9/memory:64[m[K,
[1.773s]                  from [01m[K/opt/ros/foxy/include/rclcpp/rclcpp.hpp:144[m[K,
[1.773s]                  from [01m[K/home/tutu/mr_ws_ros2/src/simple_planner/src/planner.h:4[m[K,
[1.773s]                  from [01m[K/home/tutu/mr_ws_ros2/src/simple_planner/src/planner.cpp:1[m[K:
[1.773s] /usr/include/c++/9/bits/alloc_traits.h: In instantiation of ‘[01m[Kstruct std::allocator_traits<std::allocator<const geometry_msgs::msg::PoseStamped_<std::allocator<void> >&> >[m[K’:
[1.773s] [01m[K/opt/ros/foxy/include/rclcpp/message_memory_strategy.hpp:47:9:[m[K   required from ‘[01m[Kclass rclcpp::message_memory_strategy::MessageMemoryStrategy<const geometry_msgs::msg::PoseStamped_<std::allocator<void> >&, std::allocator<void> >[m[K’
[1.774s] [01m[K/opt/ros/foxy/include/rclcpp/node_impl.hpp:91:1:[m[K   required by substitution of ‘[01m[Ktemplate<class MessageT, class CallbackT, class AllocatorT, class CallbackMessageT, class SubscriptionT, class MessageMemoryStrategyT> std::shared_ptr<SubscriptionT> rclcpp::Node::create_subscription(const string&, const rclcpp::QoS&, CallbackT&&, const rclcpp::SubscriptionOptionsWithAllocator<AllocatorT>&, typename MessageMemoryStrategyT::SharedPtr) [with MessageT = geometry_msgs::msg::PoseStamped_<std::allocator<void> >; CallbackT = std::_Bind<void (simple_planner::Planner::*(simple_planner::Planner*, std::_Placeholder<1>))(const geometry_msgs::msg::PoseStamped_<std::allocator<void> >&)>; AllocatorT = std::allocator<void>; CallbackMessageT = const geometry_msgs::msg::PoseStamped_<std::allocator<void> >&; SubscriptionT = rclcpp::Subscription<const geometry_msgs::msg::PoseStamped_<std::allocator<void> >&, std::allocator<void>, rclcpp::message_memory_strategy::MessageMemoryStrategy<const geometry_msgs::msg::PoseStamped_<std::allocator<void> >&, std::allocator<void> > >; MessageMemoryStrategyT = rclcpp::message_memory_strategy::MessageMemoryStrategy<const geometry_msgs::msg::PoseStamped_<std::allocator<void> >&, std::allocator<void> >][m[K’
[1.774s] [01m[K/home/tutu/mr_ws_ros2/src/simple_planner/src/planner.cpp:42:145:[m[K   required from here
[1.774s] [01m[K/usr/include/c++/9/bits/alloc_traits.h:399:13:[m[K [01;31m[Kerror: [m[Kforming pointer to reference type ‘[01m[Kconst geometry_msgs::msg::PoseStamped_<std::allocator<void> >&[m[K’
[1.774s]   399 |       using [01;31m[Kpointer[m[K = _Tp*;
[1.774s]       |             [01;31m[K^~~~~~~[m[K
[1.774s] [01m[K/usr/include/c++/9/bits/alloc_traits.h:402:13:[m[K [01;31m[Kerror: [m[Kforming pointer to reference type ‘[01m[Kconst geometry_msgs::msg::PoseStamped_<std::allocator<void> >&[m[K’
[1.774s]   402 |       using [01;31m[Kconst_pointer[m[K = const _Tp*;
[1.774s]       |             [01;31m[K^~~~~~~~~~~~~[m[K
[1.776s] In file included from [01m[K/usr/include/c++/9/memory:80[m[K,
[1.776s]                  from [01m[K/opt/ros/foxy/include/rclcpp/rclcpp.hpp:144[m[K,
[1.776s]                  from [01m[K/home/tutu/mr_ws_ros2/src/simple_planner/src/planner.h:4[m[K,
[1.776s]                  from [01m[K/home/tutu/mr_ws_ros2/src/simple_planner/src/planner.cpp:1[m[K:
[1.777s] /usr/include/c++/9/bits/unique_ptr.h: In instantiation of ‘[01m[Kstruct std::default_delete<const geometry_msgs::msg::PoseStamped_<std::allocator<void> >&>[m[K’:
[1.777s] [01m[K/opt/ros/foxy/include/rclcpp/message_memory_strategy.hpp:119:18:[m[K   required from ‘[01m[Kclass rclcpp::message_memory_strategy::MessageMemoryStrategy<const geometry_msgs::msg::PoseStamped_<std::allocator<void> >&, std::allocator<void> >[m[K’
[1.777s] [01m[K/opt/ros/foxy/include/rclcpp/node_impl.hpp:91:1:[m[K   required by substitution of ‘[01m[Ktemplate<class MessageT, class CallbackT, class AllocatorT, class CallbackMessageT, class SubscriptionT, class MessageMemoryStrategyT> std::shared_ptr<SubscriptionT> rclcpp::Node::create_subscription(const string&, const rclcpp::QoS&, CallbackT&&, const rclcpp::SubscriptionOptionsWithAllocator<AllocatorT>&, typename MessageMemoryStrategyT::SharedPtr) [with MessageT = geometry_msgs::msg::PoseStamped_<std::allocator<void> >; CallbackT = std::_Bind<void (simple_planner::Planner::*(simple_planner::Planner*, std::_Placeholder<1>))(const geometry_msgs::msg::PoseStamped_<std::allocator<void> >&)>; AllocatorT = std::allocator<void>; CallbackMessageT = const geometry_msgs::msg::PoseStamped_<std::allocator<void> >&; SubscriptionT = rclcpp::Subscription<const geometry_msgs::msg::PoseStamped_<std::allocator<void> >&, std::allocator<void>, rclcpp::message_memory_strategy::MessageMemoryStrategy<const geometry_msgs::msg::PoseStamped_<std::allocator<void> >&, std::allocator<void> > >; MessageMemoryStrategyT = rclcpp::message_memory_strategy::MessageMemoryStrategy<const geometry_msgs::msg::PoseStamped_<std::allocator<void> >&, std::allocator<void> >][m[K’
[1.777s] [01m[K/home/tutu/mr_ws_ros2/src/simple_planner/src/planner.cpp:42:145:[m[K   required from here
[1.777s] [01m[K/usr/include/c++/9/bits/unique_ptr.h:71:9:[m[K [01;31m[Kerror: [m[Kforming pointer to reference type ‘[01m[Kconst geometry_msgs::msg::PoseStamped_<std::allocator<void> >&[m[K’
[1.777s]    71 |         [01;31m[Kdefault_delete[m[K(const default_delete<_Up>&) noexcept { }
[1.777s]       |         [01;31m[K^~~~~~~~~~~~~~[m[K
[1.777s] [01m[K/usr/include/c++/9/bits/unique_ptr.h:75:7:[m[K [01;31m[Kerror: [m[Kforming pointer to reference type ‘[01m[Kconst geometry_msgs::msg::PoseStamped_<std::allocator<void> >&[m[K’
[1.777s]    75 |       [01;31m[Koperator[m[K()(_Tp* __ptr) const
[1.777s]       |       [01;31m[K^~~~~~~~[m[K
[1.786s] In file included from [01m[K/opt/ros/foxy/include/rclcpp/subscription_base.hpp:29[m[K,
[1.786s]                  from [01m[K/opt/ros/foxy/include/rclcpp/callback_group.hpp:26[m[K,
[1.786s]                  from [01m[K/opt/ros/foxy/include/rclcpp/any_executable.hpp:20[m[K,
[1.786s]                  from [01m[K/opt/ros/foxy/include/rclcpp/memory_strategy.hpp:24[m[K,
[1.786s]                  from [01m[K/opt/ros/foxy/include/rclcpp/memory_strategies.hpp:18[m[K,
[1.786s]                  from [01m[K/opt/ros/foxy/include/rclcpp/executor_options.hpp:20[m[K,
[1.786s]                  from [01m[K/opt/ros/foxy/include/rclcpp/executor.hpp:33[m[K,
[1.786s]                  from [01m[K/opt/ros/foxy/include/rclcpp/executors/multi_threaded_executor.hpp:26[m[K,
[1.786s]                  from [01m[K/opt/ros/foxy/include/rclcpp/executors.hpp:21[m[K,
[1.786s]                  from [01m[K/opt/ros/foxy/include/rclcpp/rclcpp.hpp:146[m[K,
[1.786s]                  from [01m[K/home/tutu/mr_ws_ros2/src/simple_planner/src/planner.h:4[m[K,
[1.786s]                  from [01m[K/home/tutu/mr_ws_ros2/src/simple_planner/src/planner.cpp:1[m[K:
[1.786s] /opt/ros/foxy/include/rclcpp/any_subscription_callback.hpp: In instantiation of ‘[01m[Kclass rclcpp::AnySubscriptionCallback<const geometry_msgs::msg::PoseStamped_<std::allocator<void> >&, std::allocator<void> >[m[K’:
[1.786s] [01m[K/opt/ros/foxy/include/rclcpp/subscription.hpp:347:57:[m[K   required from ‘[01m[Kclass rclcpp::Subscription<const geometry_msgs::msg::PoseStamped_<std::allocator<void> >&, std::allocator<void>, rclcpp::message_memory_strategy::MessageMemoryStrategy<const geometry_msgs::msg::PoseStamped_<std::allocator<void> >&, std::allocator<void> > >[m[K’
[1.786s] [01m[K/usr/include/c++/9/type_traits:1313:45:[m[K   required by substitution of ‘[01m[Ktemplate<class _From1, class _To1, class> static std::true_type std::__is_convertible_helper<rclcpp::Subscription<const geometry_msgs::msg::PoseStamped_<std::allocator<void> >&, std::allocator<void>, rclcpp::message_memory_strategy::MessageMemoryStrategy<const geometry_msgs::msg::PoseStamped_<std::allocator<void> >&, std::allocator<void> > >*, rclcpp::Subscription<geometry_msgs::msg::PoseStamped_<std::allocator<void> > >*, false>::__test<_From1, _To1, <template-parameter-1-3> >(int) [with _From1 = rclcpp::Subscription<const geometry_msgs::msg::PoseStamped_<std::allocator<void> >&, std::allocator<void>, rclcpp::message_memory_strategy::MessageMemoryStrategy<const geometry_msgs::msg::PoseStamped_<std::allocator<void> >&, std::allocator<void> > >*; _To1 = rclcpp::Subscription<geometry_msgs::msg::PoseStamped_<std::allocator<void> > >*; <template-parameter-1-3> = <missing>][m[K’
[1.786s] [01m[K/usr/include/c++/9/type_traits:1322:42:[m[K   required from ‘[01m[Kstruct std::__is_convertible_helper<rclcpp::Subscription<const geometry_msgs::msg::PoseStamped_<std::allocator<void> >&, std::allocator<void>, rclcpp::message_memory_strategy::MessageMemoryStrategy<const geometry_msgs::msg::PoseStamped_<std::allocator<void> >&, std::allocator<void> > >*, rclcpp::Subscription<geometry_msgs::msg::PoseStamped_<std::allocator<void> > >*, false>[m[K’
[1.787s] [01m[K/usr/include/c++/9/type_traits:1328:12:[m[K   required from ‘[01m[Kstruct std::is_convertible<rclcpp::Subscription<const geometry_msgs::msg::PoseStamped_<std::allocator<void> >&, std::allocator<void>, rclcpp::message_memory_strategy::MessageMemoryStrategy<const geometry_msgs::msg::PoseStamped_<std::allocator<void> >&, std::allocator<void> > >*, rclcpp::Subscription<geometry_msgs::msg::PoseStamped_<std::allocator<void> > >*>[m[K’
[1.787s] [01m[K/usr/include/c++/9/bits/shared_ptr_base.h:927:12:[m[K   [ skipping 2 instantiation contexts, use -ftemplate-backtrace-limit=0 to disable ]
[1.787s] [01m[K/usr/include/c++/9/bits/shared_ptr_base.h:1099:8:[m[K   required by substitution of ‘[01m[Ktemplate<class _Tp, __gnu_cxx::_Lock_policy _Lp> template<class _Yp> using _Assignable = std::__shared_ptr<_Tp, _Lp>::_Compatible<_Yp, std::__shared_ptr<_Tp, _Lp>&> [with _Yp = rclcpp::Subscription<const geometry_msgs::msg::PoseStamped_<std::allocator<void> >&, std::allocator<void>, rclcpp::message_memory_strategy::MessageMemoryStrategy<const geometry_msgs::msg::PoseStamped_<std::allocator<void> >&, std::allocator<void> > >; _Tp = rclcpp::Subscription<geometry_msgs::msg::PoseStamped_<std::allocator<void> > >; __gnu_cxx::_Lock_policy _Lp = __gnu_cxx::_S_atomic][m[K’
[1.787s] [01m[K/usr/include/c++/9/bits/shared_ptr_base.h:1271:2:[m[K   required by substitution of ‘[01m[Ktemplate<class _Yp> std::__shared_ptr<rclcpp::Subscription<geometry_msgs::msg::PoseStamped_<std::allocator<void> > >, __gnu_cxx::_S_atomic>::_Assignable<_Yp> std::__shared_ptr<rclcpp::Subscription<geometry_msgs::msg::PoseStamped_<std::allocator<void> > >, __gnu_cxx::_S_atomic>::operator=<_Yp>(std::__shared_ptr<_Tp>&&) [with _Yp = rclcpp::Subscription<const geometry_msgs::msg::PoseStamped_<std::allocator<void> >&, std::allocator<void>, rclcpp::message_memory_strategy::MessageMemoryStrategy<const geometry_msgs::msg::PoseStamped_<std::allocator<void> >&, std::allocator<void> > >][m[K’
[1.787s] [01m[K/usr/include/c++/9/type_traits:1010:12:[m[K   required from ‘[01m[Kstruct std::is_assignable<std::__shared_ptr<rclcpp::Subscription<geometry_msgs::msg::PoseStamped_<std::allocator<void> > >, __gnu_cxx::_S_atomic>&, std::shared_ptr<rclcpp::Subscription<const geometry_msgs::msg::PoseStamped_<std::allocator<void> >&, std::allocator<void>, rclcpp::message_memory_strategy::MessageMemoryStrategy<const geometry_msgs::msg::PoseStamped_<std::allocator<void> >&, std::allocator<void> > > > >[m[K’
[1.787s] [01m[K/usr/include/c++/9/bits/shared_ptr.h:111:8:[m[K   required by substitution of ‘[01m[Ktemplate<class _Tp> template<class _Arg> using _Assignable = typename std::enable_if<std::is_assignable<std::__shared_ptr<_Tp>&, _Arg>::value, std::shared_ptr<_Tp>&>::type [with _Arg = std::shared_ptr<rclcpp::Subscription<const geometry_msgs::msg::PoseStamped_<std::allocator<void> >&, std::allocator<void>, rclcpp::message_memory_strategy::MessageMemoryStrategy<const geometry_msgs::msg::PoseStamped_<std::allocator<void> >&, std::allocator<void> > > >; _Tp = rclcpp::Subscription<geometry_msgs::msg::PoseStamped_<std::allocator<void> > >][m[K’
[1.787s] [01m[K/usr/include/c++/9/bits/shared_ptr.h:341:2:[m[K   required by substitution of ‘[01m[Ktemplate<class _Yp> std::shared_ptr<rclcpp::Subscription<geometry_msgs::msg::PoseStamped_<std::allocator<void> > > >::_Assignable<std::shared_ptr<_Tp> > std::shared_ptr<rclcpp::Subscription<geometry_msgs::msg::PoseStamped_<std::allocator<void> > > >::operator=<_Yp>(std::shared_ptr<_Tp>&&) [with _Yp = rclcpp::Subscription<const geometry_msgs::msg::PoseStamped_<std::allocator<void> >&, std::allocator<void>, rclcpp::message_memory_strategy::MessageMemoryStrategy<const geometry_msgs::msg::PoseStamped_<std::allocator<void> >&, std::allocator<void> > >][m[K’
[1.787s] [01m[K/home/tutu/mr_ws_ros2/src/simple_planner/src/planner.cpp:42:145:[m[K   required from here
[1.787s] [01m[K/opt/ros/foxy/include/rclcpp/any_subscription_callback.hpp:111:8:[m[K [01;31m[Kerror: [m[K‘[01m[Ktemplate<class CallbackT, typename std::enable_if<rclcpp::function_traits::same_arguments<CallbackT, std::function<void(std::shared_ptr<const geometry_msgs::msg::PoseStamped_<std::allocator<void> >&>)> >::value, void>::type* <anonymous> > void rclcpp::AnySubscriptionCallback<MessageT, Alloc>::set(CallbackT) [with CallbackT = CallbackT; typename std::enable_if<rclcpp::function_traits::same_arguments<CallbackT, std::function<void(std::shared_ptr<const _Tp>)> >::value>::type* <anonymous> = <enumerator>; MessageT = const geometry_msgs::msg::PoseStamped_<std::allocator<void> >&; Alloc = std::allocator<void>][m[K’ cannot be overloaded with ‘[01m[Ktemplate<class CallbackT, typename std::enable_if<rclcpp::function_traits::same_arguments<CallbackT, std::function<void(std::shared_ptr<const geometry_msgs::msg::PoseStamped_<std::allocator<void> >&>)> >::value, void>::type* <anonymous> > void rclcpp::AnySubscriptionCallback<MessageT, Alloc>::set(CallbackT) [with CallbackT = CallbackT; typename std::enable_if<rclcpp::function_traits::same_arguments<CallbackT, std::function<void(std::shared_ptr<_Tp>)> >::value>::type* <anonymous> = <enumerator>; MessageT = const geometry_msgs::msg::PoseStamped_<std::allocator<void> >&; Alloc = std::allocator<void>][m[K’
[1.787s]   111 |   void [01;31m[Kset[m[K(CallbackT callback)
[1.787s]       |        [01;31m[K^~~[m[K
[1.787s] [01m[K/opt/ros/foxy/include/rclcpp/any_subscription_callback.hpp:83:8:[m[K [01;36m[Knote: [m[Kprevious declaration ‘[01m[Ktemplate<class CallbackT, typename std::enable_if<rclcpp::function_traits::same_arguments<CallbackT, std::function<void(std::shared_ptr<const geometry_msgs::msg::PoseStamped_<std::allocator<void> >&>)> >::value, void>::type* <anonymous> > void rclcpp::AnySubscriptionCallback<MessageT, Alloc>::set(CallbackT) [with CallbackT = CallbackT; typename std::enable_if<rclcpp::function_traits::same_arguments<CallbackT, std::function<void(std::shared_ptr<_Tp>)> >::value>::type* <anonymous> = <enumerator>; MessageT = const geometry_msgs::msg::PoseStamped_<std::allocator<void> >&; Alloc = std::allocator<void>][m[K’
[1.787s]    83 |   void [01;36m[Kset[m[K(CallbackT callback)
[1.787s]       |        [01;36m[K^~~[m[K
[1.787s] [01m[K/opt/ros/foxy/include/rclcpp/any_subscription_callback.hpp:125:8:[m[K [01;31m[Kerror: [m[K‘[01m[Ktemplate<class CallbackT, typename std::enable_if<rclcpp::function_traits::same_arguments<CallbackT, std::function<void(std::shared_ptr<const geometry_msgs::msg::PoseStamped_<std::allocator<void> >&>, const rclcpp::MessageInfo&)> >::value, void>::type* <anonymous> > void rclcpp::AnySubscriptionCallback<MessageT, Alloc>::set(CallbackT) [with CallbackT = CallbackT; typename std::enable_if<rclcpp::function_traits::same_arguments<CallbackT, std::function<void(std::shared_ptr<const _Tp>, const rclcpp::MessageInfo&)> >::value>::type* <anonymous> = <enumerator>; MessageT = const geometry_msgs::msg::PoseStamped_<std::allocator<void> >&; Alloc = std::allocator<void>][m[K’ cannot be overloaded with ‘[01m[Ktemplate<class CallbackT, typename std::enable_if<rclcpp::function_traits::same_arguments<CallbackT, std::function<void(std::shared_ptr<const geometry_msgs::msg::PoseStamped_<std::allocator<void> >&>, const rclcpp::MessageInfo&)> >::value, void>::type* <anonymous> > void rclcpp::AnySubscriptionCallback<MessageT, Alloc>::set(CallbackT) [with CallbackT = CallbackT; typename std::enable_if<rclcpp::function_traits::same_arguments<CallbackT, std::function<void(std::shared_ptr<_Tp>, const rclcpp::MessageInfo&)> >::value>::type* <anonymous> = <enumerator>; MessageT = const geometry_msgs::msg::PoseStamped_<std::allocator<void> >&; Alloc = std::allocator<void>][m[K’
[1.788s]   125 |   void [01;31m[Kset[m[K(CallbackT callback)
[1.788s]       |        [01;31m[K^~~[m[K
[1.788s] [01m[K/opt/ros/foxy/include/rclcpp/any_subscription_callback.hpp:97:8:[m[K [01;36m[Knote: [m[Kprevious declaration ‘[01m[Ktemplate<class CallbackT, typename std::enable_if<rclcpp::function_traits::same_arguments<CallbackT, std::function<void(std::shared_ptr<const geometry_msgs::msg::PoseStamped_<std::allocator<void> >&>, const rclcpp::MessageInfo&)> >::value, void>::type* <anonymous> > void rclcpp::AnySubscriptionCallback<MessageT, Alloc>::set(CallbackT) [with CallbackT = CallbackT; typename std::enable_if<rclcpp::function_traits::same_arguments<CallbackT, std::function<void(std::shared_ptr<_Tp>, const rclcpp::MessageInfo&)> >::value>::type* <anonymous> = <enumerator>; MessageT = const geometry_msgs::msg::PoseStamped_<std::allocator<void> >&; Alloc = std::allocator<void>][m[K’
[1.788s]    97 |   void [01;36m[Kset[m[K(CallbackT callback)
[1.788s]       |        [01;36m[K^~~[m[K
[1.789s] [01m[K/home/tutu/mr_ws_ros2/src/simple_planner/src/planner.cpp:[m[K In constructor ‘[01m[Ksimple_planner::Planner::Planner()[m[K’:
[1.789s] [01m[K/home/tutu/mr_ws_ros2/src/simple_planner/src/planner.cpp:42:145:[m[K [01;31m[Kerror: [m[Kno match for ‘[01m[Koperator=[m[K’ (operand types are ‘[01m[Krclcpp::Subscription<geometry_msgs::msg::PoseStamped_<std::allocator<void> > >::SharedPtr[m[K’ {aka ‘[01m[Kstd::shared_ptr<rclcpp::Subscription<geometry_msgs::msg::PoseStamped_<std::allocator<void> > > >[m[K’} and ‘[01m[Kstd::shared_ptr<rclcpp::Subscription<const geometry_msgs::msg::PoseStamped_<std::allocator<void> >&, std::allocator<void>, rclcpp::message_memory_strategy::MessageMemoryStrategy<const geometry_msgs::msg::PoseStamped_<std::allocator<void> >&, std::allocator<void> > > >[m[K’)
[1.789s]    42 | 0, std::bind(&Planner::on_target, this, _1), options_[01;31m[K)[m[K;
[1.789s]       |                                                      [01;31m[K^[m[K
[1.789s] 
[1.789s] In file included from [01m[K/usr/include/c++/9/memory:81[m[K,
[1.789s]                  from [01m[K/opt/ros/foxy/include/rclcpp/rclcpp.hpp:144[m[K,
[1.790s]                  from [01m[K/home/tutu/mr_ws_ros2/src/simple_planner/src/planner.h:4[m[K,
[1.790s]                  from [01m[K/home/tutu/mr_ws_ros2/src/simple_planner/src/planner.cpp:1[m[K:
[1.790s] [01m[K/usr/include/c++/9/bits/shared_ptr.h:309:19:[m[K [01;36m[Knote: [m[Kcandidate: ‘[01m[Kstd::shared_ptr<_Tp>& std::shared_ptr<_Tp>::operator=(const std::shared_ptr<_Tp>&) [with _Tp = rclcpp::Subscription<geometry_msgs::msg::PoseStamped_<std::allocator<void> > >][m[K’
[1.790s]   309 |       shared_ptr& [01;36m[Koperator[m[K=(const shared_ptr&) noexcept = default;
[1.790s]       |                   [01;36m[K^~~~~~~~[m[K
[1.790s] [01m[K/usr/include/c++/9/bits/shared_ptr.h:309:29:[m[K [01;36m[Knote: [m[K  no known conversion for argument 1 from ‘[01m[Kstd::shared_ptr<rclcpp::Subscription<const geometry_msgs::msg::PoseStamped_<std::allocator<void> >&, std::allocator<void>, rclcpp::message_memory_strategy::MessageMemoryStrategy<const geometry_msgs::msg::PoseStamped_<std::allocator<void> >&, std::allocator<void> > > >[m[K’ to ‘[01m[Kconst std::shared_ptr<rclcpp::Subscription<geometry_msgs::msg::PoseStamped_<std::allocator<void> > > >&[m[K’
[1.790s]   309 |       shared_ptr& operator=([01;36m[Kconst shared_ptr&[m[K) noexcept = default;
[1.790s]       |                             [01;36m[K^~~~~~~~~~~~~~~~~[m[K
[1.790s] [01m[K/usr/include/c++/9/bits/shared_ptr.h:313:2:[m[K [01;36m[Knote: [m[Kcandidate: ‘[01m[Ktemplate<class _Yp> std::shared_ptr<_Tp>::_Assignable<const std::shared_ptr<_Yp>&> std::shared_ptr<_Tp>::operator=(const std::shared_ptr<_Yp>&) [with _Yp = _Yp; _Tp = rclcpp::Subscription<geometry_msgs::msg::PoseStamped_<std::allocator<void> > >][m[K’
[1.790s]   313 |  [01;36m[Koperator[m[K=(const shared_ptr<_Yp>& __r) noexcept
[1.790s]       |  [01;36m[K^~~~~~~~[m[K
[1.790s] [01m[K/usr/include/c++/9/bits/shared_ptr.h:313:2:[m[K [01;36m[Knote: [m[K  template argument deduction/substitution failed:
[1.790s] /usr/include/c++/9/bits/shared_ptr.h: In substitution of ‘[01m[Ktemplate<class _Tp> template<class _Arg> using _Assignable = typename std::enable_if<std::is_assignable<std::__shared_ptr<_Tp>&, _Arg>::value, std::shared_ptr<_Tp>&>::type [with _Arg = const std::shared_ptr<rclcpp::Subscription<const geometry_msgs::msg::PoseStamped_<std::allocator<void> >&, std::allocator<void>, rclcpp::message_memory_strategy::MessageMemoryStrategy<const geometry_msgs::msg::PoseStamped_<std::allocator<void> >&, std::allocator<void> > > >&; _Tp = rclcpp::Subscription<geometry_msgs::msg::PoseStamped_<std::allocator<void> > >][m[K’:
[1.790s] [01m[K/usr/include/c++/9/bits/shared_ptr.h:313:2:[m[K   required by substitution of ‘[01m[Ktemplate<class _Yp> std::shared_ptr<rclcpp::Subscription<geometry_msgs::msg::PoseStamped_<std::allocator<void> > > >::_Assignable<const std::shared_ptr<_Tp>&> std::shared_ptr<rclcpp::Subscription<geometry_msgs::msg::PoseStamped_<std::allocator<void> > > >::operator=<_Yp>(const std::shared_ptr<_Tp>&) [with _Yp = rclcpp::Subscription<const geometry_msgs::msg::PoseStamped_<std::allocator<void> >&, std::allocator<void>, rclcpp::message_memory_strategy::MessageMemoryStrategy<const geometry_msgs::msg::PoseStamped_<std::allocator<void> >&, std::allocator<void> > >][m[K’
[1.790s] [01m[K/home/tutu/mr_ws_ros2/src/simple_planner/src/planner.cpp:42:145:[m[K   required from here
[1.790s] [01m[K/usr/include/c++/9/bits/shared_ptr.h:111:8:[m[K [01;31m[Kerror: [m[Kno type named ‘[01m[Ktype[m[K’ in ‘[01m[Kstruct std::enable_if<false, std::shared_ptr<rclcpp::Subscription<geometry_msgs::msg::PoseStamped_<std::allocator<void> > > >&>[m[K’
[1.790s]   111 |  using [01;31m[K_Assignable[m[K = typename enable_if<
[1.791s]       |        [01;31m[K^~~~~~~~~~~[m[K
[1.791s] [01m[K/usr/include/c++/9/bits/shared_ptr.h:324:2:[m[K [01;36m[Knote: [m[Kcandidate: ‘[01m[Ktemplate<class _Yp> std::shared_ptr<_Tp>::_Assignable<std::auto_ptr<_Up> > std::shared_ptr<_Tp>::operator=(std::auto_ptr<_Up>&&) [with _Yp = _Yp; _Tp = rclcpp::Subscription<geometry_msgs::msg::PoseStamped_<std::allocator<void> > >][m[K’
[1.791s]   324 |  [01;36m[Koperator[m[K=(auto_ptr<_Yp>&& __r)
[1.791s]       |  [01;36m[K^~~~~~~~[m[K
[1.791s] [01m[K/usr/include/c++/9/bits/shared_ptr.h:324:2:[m[K [01;36m[Knote: [m[K  template argument deduction/substitution failed:
[1.791s] [01m[K/home/tutu/mr_ws_ros2/src/simple_planner/src/planner.cpp:42:145:[m[K [01;36m[Knote: [m[K  ‘[01m[Kstd::shared_ptr<rclcpp::Subscription<const geometry_msgs::msg::PoseStamped_<std::allocator<void> >&, std::allocator<void>, rclcpp::message_memory_strategy::MessageMemoryStrategy<const geometry_msgs::msg::PoseStamped_<std::allocator<void> >&, std::allocator<void> > > >[m[K’ is not derived from ‘[01m[Kstd::auto_ptr<_Up>[m[K’
[1.791s]    42 | 0, std::bind(&Planner::on_target, this, _1), options_[01;36m[K)[m[K;
[1.791s]       |                                                      [01;36m[K^[m[K
[1.791s] 
[1.791s] In file included from [01m[K/usr/include/c++/9/memory:81[m[K,
[1.791s]                  from [01m[K/opt/ros/foxy/include/rclcpp/rclcpp.hpp:144[m[K,
[1.791s]                  from [01m[K/home/tutu/mr_ws_ros2/src/simple_planner/src/planner.h:4[m[K,
[1.791s]                  from [01m[K/home/tutu/mr_ws_ros2/src/simple_planner/src/planner.cpp:1[m[K:
[1.791s] [01m[K/usr/include/c++/9/bits/shared_ptr.h:333:7:[m[K [01;36m[Knote: [m[Kcandidate: ‘[01m[Kstd::shared_ptr<_Tp>& std::shared_ptr<_Tp>::operator=(std::shared_ptr<_Tp>&&) [with _Tp = rclcpp::Subscription<geometry_msgs::msg::PoseStamped_<std::allocator<void> > >][m[K’
[1.792s]   333 |       [01;36m[Koperator[m[K=(shared_ptr&& __r) noexcept
[1.792s]       |       [01;36m[K^~~~~~~~[m[K
[1.792s] [01m[K/usr/include/c++/9/bits/shared_ptr.h:333:30:[m[K [01;36m[Knote: [m[K  no known conversion for argument 1 from ‘[01m[Kstd::shared_ptr<rclcpp::Subscription<const geometry_msgs::msg::PoseStamped_<std::allocator<void> >&, std::allocator<void>, rclcpp::message_memory_strategy::MessageMemoryStrategy<const geometry_msgs::msg::PoseStamped_<std::allocator<void> >&, std::allocator<void> > > >[m[K’ to ‘[01m[Kstd::shared_ptr<rclcpp::Subscription<geometry_msgs::msg::PoseStamped_<std::allocator<void> > > >&&[m[K’
[1.792s]   333 |       operator=([01;36m[Kshared_ptr&& __r[m[K) noexcept
[1.792s]       |                 [01;36m[K~~~~~~~~~~~~~^~~[m[K
[1.792s] [01m[K/usr/include/c++/9/bits/shared_ptr.h:341:2:[m[K [01;36m[Knote: [m[Kcandidate: ‘[01m[Ktemplate<class _Yp> std::shared_ptr<_Tp>::_Assignable<std::shared_ptr<_Yp> > std::shared_ptr<_Tp>::operator=(std::shared_ptr<_Yp>&&) [with _Yp = _Yp; _Tp = rclcpp::Subscription<geometry_msgs::msg::PoseStamped_<std::allocator<void> > >][m[K’
[1.792s]   341 |  [01;36m[Koperator[m[K=(shared_ptr<_Yp>&& __r) noexcept
[1.792s]       |  [01;36m[K^~~~~~~~[m[K
[1.792s] [01m[K/usr/include/c++/9/bits/shared_ptr.h:341:2:[m[K [01;36m[Knote: [m[K  substitution of deduced template arguments resulted in errors seen above
[1.793s] [01m[K/usr/include/c++/9/bits/shared_ptr.h:349:2:[m[K [01;36m[Knote: [m[Kcandidate: ‘[01m[Ktemplate<class _Yp, class _Del> std::shared_ptr<_Tp>::_Assignable<std::unique_ptr<_Up, _Ep> > std::shared_ptr<_Tp>::operator=(std::unique_ptr<_Up, _Ep>&&) [with _Yp = _Yp; _Del = _Del; _Tp = rclcpp::Subscription<geometry_msgs::msg::PoseStamped_<std::allocator<void> > >][m[K’
[1.793s]   349 |  [01;36m[Koperator[m[K=(unique_ptr<_Yp, _Del>&& __r)
[1.793s]       |  [01;36m[K^~~~~~~~[m[K
[1.793s] [01m[K/usr/include/c++/9/bits/shared_ptr.h:349:2:[m[K [01;36m[Knote: [m[K  template argument deduction/substitution failed:
[1.793s] [01m[K/home/tutu/mr_ws_ros2/src/simple_planner/src/planner.cpp:42:145:[m[K [01;36m[Knote: [m[K  ‘[01m[Kstd::shared_ptr<rclcpp::Subscription<const geometry_msgs::msg::PoseStamped_<std::allocator<void> >&, std::allocator<void>, rclcpp::message_memory_strategy::MessageMemoryStrategy<const geometry_msgs::msg::PoseStamped_<std::allocator<void> >&, std::allocator<void> > > >[m[K’ is not derived from ‘[01m[Kstd::unique_ptr<_Tp, _Dp>[m[K’
[1.793s]    42 | 0, std::bind(&Planner::on_target, this, _1), options_[01;36m[K)[m[K;
[1.793s]       |                                                      [01;36m[K^[m[K
[1.793s] 
[1.982s] [01m[K/home/tutu/mr_ws_ros2/src/simple_planner/src/planner.cpp:[m[K In member function ‘[01m[Kbool simple_planner::Planner::indices_in_map(int, int)[m[K’:
[1.982s] [01m[K/home/tutu/mr_ws_ros2/src/simple_planner/src/planner.cpp:179:34:[m[K [01;35m[Kwarning: [m[Kcomparison of integer expressions of different signedness: ‘[01m[Kint[m[K’ and ‘[01m[Knav_msgs::msg::MapMetaData_<std::allocator<void> >::_width_type[m[K’ {aka ‘[01m[Kunsigned int[m[K’} [[01;35m[K-Wsign-compare[m[K]
[1.982s]   179 |     return i >= 0 && j >= 0 && [01;35m[Ki < map_.info.width[m[K && j < map_.info.height;
[1.982s]       |                                [01;35m[K~~^~~~~~~~~~~~~~~~~[m[K
[1.982s] [01m[K/home/tutu/mr_ws_ros2/src/simple_planner/src/planner.cpp:179:57:[m[K [01;35m[Kwarning: [m[Kcomparison of integer expressions of different signedness: ‘[01m[Kint[m[K’ and ‘[01m[Knav_msgs::msg::MapMetaData_<std::allocator<void> >::_height_type[m[K’ {aka ‘[01m[Kunsigned int[m[K’} [[01;35m[K-Wsign-compare[m[K]
[1.982s]   179 |  return i >= 0 && j >= 0 && i < map_.info.width && [01;35m[Kj < map_.info.height[m[K;
[1.982s]       |                                                    [01;35m[K~~^~~~~~~~~~~~~~~~~~[m[K
[1.982s] 
[1.986s] [01m[K/home/tutu/mr_ws_ros2/src/simple_planner/src/planner.cpp:[m[K In member function ‘[01m[Kvoid simple_planner::Planner::increase_obstacles(std::size_t)[m[K’:
[1.986s] [01m[K/home/tutu/mr_ws_ros2/src/simple_planner/src/planner.cpp:189:23:[m[K [01;35m[Kwarning: [m[Kcomparison of integer expressions of different signedness: ‘[01m[Kint[m[K’ and ‘[01m[Knav_msgs::msg::MapMetaData_<std::allocator<void> >::_width_type[m[K’ {aka ‘[01m[Kunsigned int[m[K’} [[01;35m[K-Wsign-compare[m[K]
[1.986s]   189 |     for (int i = 0; [01;35m[Ki < map_.info.width[m[K; ++i) {
[1.986s]       |                     [01;35m[K~~^~~~~~~~~~~~~~~~~[m[K
[1.986s] [01m[K/home/tutu/mr_ws_ros2/src/simple_planner/src/planner.cpp:190:27:[m[K [01;35m[Kwarning: [m[Kcomparison of integer expressions of different signedness: ‘[01m[Kint[m[K’ and ‘[01m[Knav_msgs::msg::MapMetaData_<std::allocator<void> >::_height_type[m[K’ {aka ‘[01m[Kunsigned int[m[K’} [[01;35m[K-Wsign-compare[m[K]
[1.986s]   190 |         for (int j = 0; [01;35m[Kj < map_.info.height[m[K; ++j) {
[1.986s]       |                         [01;35m[K~~^~~~~~~~~~~~~~~~~~[m[K
[1.988s] [01m[K/home/tutu/mr_ws_ros2/src/simple_planner/src/planner.cpp:[m[K In member function ‘[01m[Kdouble simple_planner::Planner::heruistic(int, int)[m[K’:
[1.988s] [01m[K/home/tutu/mr_ws_ros2/src/simple_planner/src/planner.cpp:230:31:[m[K [01;35m[Kwarning: [m[Kunused parameter ‘[01m[Ki[m[K’ [[01;35m[K-Wunused-parameter[m[K]
[1.988s]   230 | double Planner::heruistic([01;35m[Kint i[m[K, int j) {
[1.989s]       |                           [01;35m[K~~~~^[m[K
[1.989s] [01m[K/home/tutu/mr_ws_ros2/src/simple_planner/src/planner.cpp:230:38:[m[K [01;35m[Kwarning: [m[Kunused parameter ‘[01m[Kj[m[K’ [[01;35m[K-Wunused-parameter[m[K]
[1.989s]   230 | double Planner::heruistic(int i, [01;35m[Kint j[m[K) {
[1.989s]       |                                  [01;35m[K~~~~^[m[K
[1.989s] [01m[K/home/tutu/mr_ws_ros2/src/simple_planner/src/planner.cpp:[m[K In member function ‘[01m[Kbool simple_planner::CompareSearchNodes::operator()(const simple_planner::MapIndex&, const simple_planner::MapIndex&) const[m[K’:
[1.989s] [01m[K/home/tutu/mr_ws_ros2/src/simple_planner/src/planner.cpp:238:56:[m[K [01;31m[Kerror: [m[K‘[01m[Kstd::vector<simple_planner::SearchNode> simple_planner::Planner::search_map_[m[K’ is private within this context
[1.989s]   238 |       SearchNode& left = planner_.map_value(planner_.[01;31m[Ksearch_map_[m[K, left_index.i, left_index.j);
[1.989s]       |                                                      [01;31m[K^~~~~~~~~~~[m[K
[1.989s] 
[1.989s] In file included from [01m[K/home/tutu/mr_ws_ros2/src/simple_planner/src/planner.cpp:1[m[K:
[1.989s] [01m[K/home/tutu/mr_ws_ros2/src/simple_planner/src/planner.h:109:29:[m[K [01;36m[Knote: [m[Kdeclared private here
[1.989s]   109 |     std::vector<SearchNode> [01;36m[Ksearch_map_[m[K;
[1.989s]       |                             [01;36m[K^~~~~~~~~~~[m[K
[1.989s] [01m[K/home/tutu/mr_ws_ros2/src/simple_planner/src/planner.cpp:238:95:[m[K [01;31m[Kerror: [m[K‘[01m[KT& simple_planner::Planner::map_value(std::vector<BufferT>&, int, int) [with T = simple_planner::SearchNode][m[K’ is private within this context
[1.990s]   238 | alue(planner_.search_map_, left_index.i, left_index.j[01;31m[K)[m[K;
[1.990s]       |                                                      [01;31m[K^[m[K
[1.990s] 
[1.990s] In file included from [01m[K/home/tutu/mr_ws_ros2/src/simple_planner/src/planner.cpp:1[m[K:
[1.990s] [01m[K/home/tutu/mr_ws_ros2/src/simple_planner/src/planner.h:71:8:[m[K [01;36m[Knote: [m[Kdeclared private here
[1.990s]    71 |     T& [01;36m[Kmap_value[m[K(std::vector<T>& data, int i, int j)
[1.990s]       |        [01;36m[K^~~~~~~~~[m[K
[1.990s] [01m[K/home/tutu/mr_ws_ros2/src/simple_planner/src/planner.cpp:239:57:[m[K [01;31m[Kerror: [m[K‘[01m[Kstd::vector<simple_planner::SearchNode> simple_planner::Planner::search_map_[m[K’ is private within this context
[1.990s]   239 |      SearchNode& right = planner_.map_value(planner_.[01;31m[Ksearch_map_[m[K, right_index.i, right_index.j);
[1.990s]       |                                                      [01;31m[K^~~~~~~~~~~[m[K
[1.990s] 
[1.990s] In file included from [01m[K/home/tutu/mr_ws_ros2/src/simple_planner/src/planner.cpp:1[m[K:
[1.990s] [01m[K/home/tutu/mr_ws_ros2/src/simple_planner/src/planner.h:109:29:[m[K [01;36m[Knote: [m[Kdeclared private here
[1.990s]   109 |     std::vector<SearchNode> [01;36m[Ksearch_map_[m[K;
[1.990s]       |                             [01;36m[K^~~~~~~~~~~[m[K
[1.990s] [01m[K/home/tutu/mr_ws_ros2/src/simple_planner/src/planner.cpp:239:98:[m[K [01;31m[Kerror: [m[K‘[01m[KT& simple_planner::Planner::map_value(std::vector<BufferT>&, int, int) [with T = simple_planner::SearchNode][m[K’ is private within this context
[1.990s]   239 | ue(planner_.search_map_, right_index.i, right_index.j[01;31m[K)[m[K;
[1.990s]       |                                                      [01;31m[K^[m[K
[1.990s] 
[1.990s] In file included from [01m[K/home/tutu/mr_ws_ros2/src/simple_planner/src/planner.cpp:1[m[K:
[1.991s] [01m[K/home/tutu/mr_ws_ros2/src/simple_planner/src/planner.h:71:8:[m[K [01;36m[Knote: [m[Kdeclared private here
[1.991s]    71 |     T& [01;36m[Kmap_value[m[K(std::vector<T>& data, int i, int j)
[1.991s]       |        [01;36m[K^~~~~~~~~[m[K
[2.001s] [01m[K/home/tutu/mr_ws_ros2/src/simple_planner/src/planner.cpp:[m[K In member function ‘[01m[Kvoid simple_planner::Planner::calculate_path()[m[K’:
[2.001s] [01m[K/home/tutu/mr_ws_ros2/src/simple_planner/src/planner.cpp:316:19:[m[K [01;35m[Kwarning: [m[Kunused variable ‘[01m[Knode[m[K’ [[01;35m[K-Wunused-variable[m[K]
[2.001s]   316 |             auto& [01;35m[Knode[m[K = map_value(search_map_, point.i, point.j);
[2.001s]       |                   [01;35m[K^~~~[m[K
[2.417s] In file included from [01m[K/opt/ros/foxy/include/rclcpp/node_interfaces/node_topics_interface.hpp:32[m[K,
[2.417s]                  from [01m[K/opt/ros/foxy/include/rclcpp/node.hpp:55[m[K,
[2.418s]                  from [01m[K/opt/ros/foxy/include/rclcpp/executors/single_threaded_executor.hpp:28[m[K,
[2.418s]                  from [01m[K/opt/ros/foxy/include/rclcpp/executors.hpp:22[m[K,
[2.418s]                  from [01m[K/opt/ros/foxy/include/rclcpp/rclcpp.hpp:146[m[K,
[2.418s]                  from [01m[K/home/tutu/mr_ws_ros2/src/simple_planner/src/planner.h:4[m[K,
[2.418s]                  from [01m[K/home/tutu/mr_ws_ros2/src/simple_planner/src/planner.cpp:1[m[K:
[2.418s] /opt/ros/foxy/include/rclcpp/subscription_factory.hpp: In instantiation of ‘[01m[Krclcpp::SubscriptionFactory rclcpp::create_subscription_factory(CallbackT&&, const rclcpp::SubscriptionOptionsWithAllocator<AllocatorT>&, typename MessageMemoryStrategyT::SharedPtr, std::shared_ptr<rclcpp::topic_statistics::SubscriptionTopicStatistics<CallbackMessageT> >) [with MessageT = geometry_msgs::msg::PoseStamped_<std::allocator<void> >; CallbackT = std::_Bind<void (simple_planner::Planner::*(simple_planner::Planner*, std::_Placeholder<1>))(const geometry_msgs::msg::PoseStamped_<std::allocator<void> >&)>; AllocatorT = std::allocator<void>; CallbackMessageT = const geometry_msgs::msg::PoseStamped_<std::allocator<void> >&; SubscriptionT = rclcpp::Subscription<const geometry_msgs::msg::PoseStamped_<std::allocator<void> >&, std::allocator<void>, rclcpp::message_memory_strategy::MessageMemoryStrategy<const geometry_msgs::msg::PoseStamped_<std::allocator<void> >&, std::allocator<void> > >; MessageMemoryStrategyT = rclcpp::message_memory_strategy::MessageMemoryStrategy<const geometry_msgs::msg::PoseStamped_<std::allocator<void> >&, std::allocator<void> >; typename MessageMemoryStrategyT::SharedPtr = std::shared_ptr<rclcpp::message_memory_strategy::MessageMemoryStrategy<const geometry_msgs::msg::PoseStamped_<std::allocator<void> >&, std::allocator<void> > >][m[K’:
[2.418s] [01m[K/opt/ros/foxy/include/rclcpp/create_subscription.hpp:144:63:[m[K   required from ‘[01m[Kstd::shared_ptr<SubscriptionT> rclcpp::create_subscription(NodeT&&, const string&, const rclcpp::QoS&, CallbackT&&, const rclcpp::SubscriptionOptionsWithAllocator<AllocatorT>&, typename MessageMemoryStrategyT::SharedPtr) [with MessageT = geometry_msgs::msg::PoseStamped_<std::allocator<void> >; CallbackT = std::_Bind<void (simple_planner::Planner::*(simple_planner::Planner*, std::_Placeholder<1>))(const geometry_msgs::msg::PoseStamped_<std::allocator<void> >&)>; AllocatorT = std::allocator<void>; CallbackMessageT = const geometry_msgs::msg::PoseStamped_<std::allocator<void> >&; SubscriptionT = rclcpp::Subscription<const geometry_msgs::msg::PoseStamped_<std::allocator<void> >&, std::allocator<void>, rclcpp::message_memory_strategy::MessageMemoryStrategy<const geometry_msgs::msg::PoseStamped_<std::allocator<void> >&, std::allocator<void> > >; MessageMemoryStrategyT = rclcpp::message_memory_strategy::MessageMemoryStrategy<const geometry_msgs::msg::PoseStamped_<std::allocator<void> >&, std::allocator<void> >; NodeT = rclcpp::Node&; std::string = std::__cxx11::basic_string<char>; typename MessageMemoryStrategyT::SharedPtr = std::shared_ptr<rclcpp::message_memory_strategy::MessageMemoryStrategy<const geometry_msgs::msg::PoseStamped_<std::allocator<void> >&, std::allocator<void> > >][m[K’
[2.418s] [01m[K/opt/ros/foxy/include/rclcpp/node_impl.hpp:98:47:[m[K   required from ‘[01m[Kstd::shared_ptr<SubscriptionT> rclcpp::Node::create_subscription(const string&, const rclcpp::QoS&, CallbackT&&, const rclcpp::SubscriptionOptionsWithAllocator<AllocatorT>&, typename MessageMemoryStrategyT::SharedPtr) [with MessageT = geometry_msgs::msg::PoseStamped_<std::allocator<void> >; CallbackT = std::_Bind<void (simple_planner::Planner::*(simple_planner::Planner*, std::_Placeholder<1>))(const geometry_msgs::msg::PoseStamped_<std::allocator<void> >&)>; AllocatorT = std::allocator<void>; CallbackMessageT = const geometry_msgs::msg::PoseStamped_<std::allocator<void> >&; SubscriptionT = rclcpp::Subscription<const geometry_msgs::msg::PoseStamped_<std::allocator<void> >&, std::allocator<void>, rclcpp::message_memory_strategy::MessageMemoryStrategy<const geometry_msgs::msg::PoseStamped_<std::allocator<void> >&, std::allocator<void> > >; MessageMemoryStrategyT = rclcpp::message_memory_strategy::MessageMemoryStrategy<const geometry_msgs::msg::PoseStamped_<std::allocator<void> >&, std::allocator<void> >; std::string = std::__cxx11::basic_string<char>; typename MessageMemoryStrategyT::SharedPtr = std::shared_ptr<rclcpp::message_memory_strategy::MessageMemoryStrategy<const geometry_msgs::msg::PoseStamped_<std::allocator<void> >&, std::allocator<void> > >][m[K’
[2.418s] [01m[K/home/tutu/mr_ws_ros2/src/simple_planner/src/planner.cpp:42:145:[m[K   required from here
[2.418s] [01m[K/opt/ros/foxy/include/rclcpp/subscription_factory.hpp:97:3:[m[K [01;31m[Kerror: [m[Kno matching function for call to ‘[01m[Krclcpp::AnySubscriptionCallback<const geometry_msgs::msg::PoseStamped_<std::allocator<void> >&, std::allocator<void> >::set(std::_Bind<void (simple_planner::Planner::*(simple_planner::Planner*, std::_Placeholder<1>))(const geometry_msgs::msg::PoseStamped_<std::allocator<void> >&)>)[m[K’
[2.418s]    97 |   [01;31m[Kany_subscription_callback[m[K.set(std::forward<CallbackT>(callback));
[2.418s]       |   [01;31m[K^~~~~~~~~~~~~~~~~~~~~~~~~[m[K
[2.418s] In file included from [01m[K/opt/ros/foxy/include/rclcpp/subscription_base.hpp:29[m[K,
[2.418s]                  from [01m[K/opt/ros/foxy/include/rclcpp/callback_group.hpp:26[m[K,
[2.418s]                  from [01m[K/opt/ros/foxy/include/rclcpp/any_executable.hpp:20[m[K,
[2.418s]                  from [01m[K/opt/ros/foxy/include/rclcpp/memory_strategy.hpp:24[m[K,
[2.419s]                  from [01m[K/opt/ros/foxy/include/rclcpp/memory_strategies.hpp:18[m[K,
[2.419s]                  from [01m[K/opt/ros/foxy/include/rclcpp/executor_options.hpp:20[m[K,
[2.419s]                  from [01m[K/opt/ros/foxy/include/rclcpp/executor.hpp:33[m[K,
[2.419s]                  from [01m[K/opt/ros/foxy/include/rclcpp/executors/multi_threaded_executor.hpp:26[m[K,
[2.419s]                  from [01m[K/opt/ros/foxy/include/rclcpp/executors.hpp:21[m[K,
[2.419s]                  from [01m[K/opt/ros/foxy/include/rclcpp/rclcpp.hpp:146[m[K,
[2.419s]                  from [01m[K/home/tutu/mr_ws_ros2/src/simple_planner/src/planner.h:4[m[K,
[2.419s]                  from [01m[K/home/tutu/mr_ws_ros2/src/simple_planner/src/planner.cpp:1[m[K:
[2.419s] [01m[K/opt/ros/foxy/include/rclcpp/any_subscription_callback.hpp:83:8:[m[K [01;36m[Knote: [m[Kcandidate: ‘[01m[Ktemplate<class CallbackT, typename std::enable_if<rclcpp::function_traits::same_arguments<CallbackT, std::function<void(std::shared_ptr<const geometry_msgs::msg::PoseStamped_<std::allocator<void> >&>)> >::value, void>::type* <anonymous> > void rclcpp::AnySubscriptionCallback<MessageT, Alloc>::set(CallbackT) [with CallbackT = CallbackT; typename std::enable_if<rclcpp::function_traits::same_arguments<CallbackT, std::function<void(std::shared_ptr<_Tp>)> >::value>::type* <anonymous> = <enumerator>; MessageT = const geometry_msgs::msg::PoseStamped_<std::allocator<void> >&; Alloc = std::allocator<void>][m[K’
[2.419s]    83 |   void [01;36m[Kset[m[K(CallbackT callback)
[2.419s]       |        [01;36m[K^~~[m[K
[2.419s] [01m[K/opt/ros/foxy/include/rclcpp/any_subscription_callback.hpp:83:8:[m[K [01;36m[Knote: [m[K  template argument deduction/substitution failed:
[2.419s] [01m[K/opt/ros/foxy/include/rclcpp/any_subscription_callback.hpp:81:17:[m[K [01;31m[Kerror: [m[Kno type named ‘[01m[Ktype[m[K’ in ‘[01m[Kstruct std::enable_if<false, void>[m[K’
[2.419s]    81 |     >::type * = [01;31m[Knullptr[m[K
[2.419s]       |                 [01;31m[K^~~~~~~[m[K
[2.419s] [01m[K/opt/ros/foxy/include/rclcpp/any_subscription_callback.hpp:97:8:[m[K [01;36m[Knote: [m[Kcandidate: ‘[01m[Ktemplate<class CallbackT, typename std::enable_if<rclcpp::function_traits::same_arguments<CallbackT, std::function<void(std::shared_ptr<const geometry_msgs::msg::PoseStamped_<std::allocator<void> >&>, const rclcpp::MessageInfo&)> >::value, void>::type* <anonymous> > void rclcpp::AnySubscriptionCallback<MessageT, Alloc>::set(CallbackT) [with CallbackT = CallbackT; typename std::enable_if<rclcpp::function_traits::same_arguments<CallbackT, std::function<void(std::shared_ptr<_Tp>, const rclcpp::MessageInfo&)> >::value>::type* <anonymous> = <enumerator>; MessageT = const geometry_msgs::msg::PoseStamped_<std::allocator<void> >&; Alloc = std::allocator<void>][m[K’
[2.420s]    97 |   void [01;36m[Kset[m[K(CallbackT callback)
[2.420s]       |        [01;36m[K^~~[m[K
[2.420s] [01m[K/opt/ros/foxy/include/rclcpp/any_subscription_callback.hpp:97:8:[m[K [01;36m[Knote: [m[K  template argument deduction/substitution failed:
[2.420s] [01m[K/opt/ros/foxy/include/rclcpp/any_subscription_callback.hpp:95:17:[m[K [01;31m[Kerror: [m[Kno type named ‘[01m[Ktype[m[K’ in ‘[01m[Kstruct std::enable_if<false, void>[m[K’
[2.420s]    95 |     >::type * = [01;31m[Knullptr[m[K
[2.420s]       |                 [01;31m[K^~~~~~~[m[K
[2.420s] [01m[K/opt/ros/foxy/include/rclcpp/any_subscription_callback.hpp:139:8:[m[K [01;36m[Knote: [m[Kcandidate: ‘[01m[Ktemplate<class CallbackT, typename std::enable_if<rclcpp::function_traits::same_arguments<CallbackT, std::function<void(std::unique_ptr<const geometry_msgs::msg::PoseStamped_<std::allocator<void> >&, std::default_delete<const geometry_msgs::msg::PoseStamped_<std::allocator<void> >&> >)> >::value, void>::type* <anonymous> > void rclcpp::AnySubscriptionCallback<MessageT, Alloc>::set(CallbackT) [with CallbackT = CallbackT; typename std::enable_if<rclcpp::function_traits::same_arguments<CallbackT, std::function<void(std::unique_ptr<MessageT, typename std::conditional<std::is_same<typename std::allocator_traits<typename std::allocator_traits<_Alloc>::rebind_traits<MessageT>::allocator_type>::rebind_alloc<MessageT>, typename std::allocator<void>::rebind<_Tp1>::other>::value, std::default_delete<_Tp>, rclcpp::allocator::AllocatorDeleter<typename std::allocator_traits<_Alloc>::rebind_traits<MessageT>::allocator_type> >::type>)> >::value>::type* <anonymous> = <enumerator>; MessageT = const geometry_msgs::msg::PoseStamped_<std::allocator<void> >&; Alloc = std::allocator<void>][m[K’
[2.420s]   139 |   void [01;36m[Kset[m[K(CallbackT callback)
[2.420s]       |        [01;36m[K^~~[m[K
[2.420s] [01m[K/opt/ros/foxy/include/rclcpp/any_subscription_callback.hpp:139:8:[m[K [01;36m[Knote: [m[K  template argument deduction/substitution failed:
[2.420s] [01m[K/opt/ros/foxy/include/rclcpp/any_subscription_callback.hpp:137:17:[m[K [01;31m[Kerror: [m[Kno type named ‘[01m[Ktype[m[K’ in ‘[01m[Kstruct std::enable_if<false, void>[m[K’
[2.420s]   137 |     >::type * = [01;31m[Knullptr[m[K
[2.420s]       |                 [01;31m[K^~~~~~~[m[K
[2.420s] [01m[K/opt/ros/foxy/include/rclcpp/any_subscription_callback.hpp:153:8:[m[K [01;36m[Knote: [m[Kcandidate: ‘[01m[Ktemplate<class CallbackT, typename std::enable_if<rclcpp::function_traits::same_arguments<CallbackT, std::function<void(std::unique_ptr<const geometry_msgs::msg::PoseStamped_<std::allocator<void> >&, std::default_delete<const geometry_msgs::msg::PoseStamped_<std::allocator<void> >&> >, const rclcpp::MessageInfo&)> >::value, void>::type* <anonymous> > void rclcpp::AnySubscriptionCallback<MessageT, Alloc>::set(CallbackT) [with CallbackT = CallbackT; typename std::enable_if<rclcpp::function_traits::same_arguments<CallbackT, std::function<void(std::unique_ptr<MessageT, typename std::conditional<std::is_same<typename std::allocator_traits<typename std::allocator_traits<_Alloc>::rebind_traits<MessageT>::allocator_type>::rebind_alloc<MessageT>, typename std::allocator<void>::rebind<_Tp1>::other>::value, std::default_delete<_Tp>, rclcpp::allocator::AllocatorDeleter<typename std::allocator_traits<_Alloc>::rebind_traits<MessageT>::allocator_type> >::type>, const rclcpp::MessageInfo&)> >::value>::type* <anonymous> = <enumerator>; MessageT = const geometry_msgs::msg::PoseStamped_<std::allocator<void> >&; Alloc = std::allocator<void>][m[K’
[2.420s]   153 |   void [01;36m[Kset[m[K(CallbackT callback)
[2.420s]       |        [01;36m[K^~~[m[K
[2.420s] [01m[K/opt/ros/foxy/include/rclcpp/any_subscription_callback.hpp:153:8:[m[K [01;36m[Knote: [m[K  template argument deduction/substitution failed:
[2.420s] [01m[K/opt/ros/foxy/include/rclcpp/any_subscription_callback.hpp:151:17:[m[K [01;31m[Kerror: [m[Kno type named ‘[01m[Ktype[m[K’ in ‘[01m[Kstruct std::enable_if<false, void>[m[K’
[2.420s]   151 |     >::type * = [01;31m[Knullptr[m[K
[2.421s]       |                 [01;31m[K^~~~~~~[m[K
[2.837s] In file included from [01m[K/usr/include/x86_64-linux-gnu/c++/9/bits/c++allocator.h:33[m[K,
[2.837s]                  from [01m[K/usr/include/c++/9/bits/allocator.h:46[m[K,
[2.837s]                  from [01m[K/usr/include/c++/9/memory:63[m[K,
[2.837s]                  from [01m[K/opt/ros/foxy/include/rclcpp/rclcpp.hpp:144[m[K,
[2.837s]                  from [01m[K/home/tutu/mr_ws_ros2/src/simple_planner/src/planner.h:4[m[K,
[2.837s]                  from [01m[K/home/tutu/mr_ws_ros2/src/simple_planner/src/planner.cpp:1[m[K:
[2.837s] /usr/include/c++/9/ext/new_allocator.h: In instantiation of ‘[01m[Kclass __gnu_cxx::new_allocator<const geometry_msgs::msg::PoseStamped_<std::allocator<void> >&>[m[K’:
[2.837s] [01m[K/usr/include/c++/9/bits/allocator.h:111:11:[m[K   required from ‘[01m[Kclass std::allocator<const geometry_msgs::msg::PoseStamped_<std::allocator<void> >&>[m[K’
[2.837s] [01m[K/usr/include/c++/9/bits/shared_ptr_base.h:1365:63:[m[K   required by substitution of ‘[01m[Ktemplate<class _Yp> struct std::__shared_ptr<std::allocator<const geometry_msgs::msg::PoseStamped_<std::allocator<void> >&>, __gnu_cxx::_S_atomic>::__has_esft_base<_Yp, std::__void_t<decltype (__enable_shared_from_this_base(declval<const std::__shared_count<__gnu_cxx::_S_atomic>&>(), declval<_Yp*>()))> > [with _Yp = std::allocator<const geometry_msgs::msg::PoseStamped_<std::allocator<void> >&>][m[K’
[2.837s] [01m[K/usr/include/c++/9/bits/shared_ptr_base.h:1387:21:[m[K   required by substitution of ‘[01m[Ktemplate<class _Yp, class _Yp2> typename std::enable_if<(! std::__shared_ptr<std::allocator<const geometry_msgs::msg::PoseStamped_<std::allocator<void> >&>, __gnu_cxx::_S_atomic>::__has_esft_base<_Yp2, void>::value), void>::type std::__shared_ptr<std::allocator<const geometry_msgs::msg::PoseStamped_<std::allocator<void> >&>, __gnu_cxx::_S_atomic>::_M_enable_shared_from_this_with<_Yp, _Yp2>(_Yp*) [with _Yp = std::allocator<const geometry_msgs::msg::PoseStamped_<std::allocator<void> >&>; _Yp2 = std::allocator<const geometry_msgs::msg::PoseStamped_<std::allocator<void> >&>][m[K’
[2.837s] [01m[K/usr/include/c++/9/bits/shared_ptr_base.h:1345:4:[m[K   required from ‘[01m[Kstd::__shared_ptr<_Tp, _Lp>::__shared_ptr(std::_Sp_alloc_shared_tag<_Tp>, _Args&& ...) [with _Alloc = std::allocator<std::allocator<const geometry_msgs::msg::PoseStamped_<std::allocator<void> >&> >; _Args = {std::allocator<void>&}; _Tp = std::allocator<const geometry_msgs::msg::PoseStamped_<std::allocator<void> >&>; __gnu_cxx::_Lock_policy _Lp = __gnu_cxx::_S_atomic][m[K’
[2.837s] [01m[K/usr/include/c++/9/bits/shared_ptr.h:359:59:[m[K   [ skipping 2 instantiation contexts, use -ftemplate-backtrace-limit=0 to disable ]
[2.838s] [01m[K/usr/include/c++/9/bits/shared_ptr.h:717:39:[m[K   required from ‘[01m[Kstd::shared_ptr<_Tp> std::make_shared(_Args&& ...) [with _Tp = std::allocator<const geometry_msgs::msg::PoseStamped_<std::allocator<void> >&>; _Args = {std::allocator<void>&}][m[K’
[2.838s] [01m[K/opt/ros/foxy/include/rclcpp/any_subscription_callback.hpp:68:56:[m[K   required from ‘[01m[Krclcpp::AnySubscriptionCallback<MessageT, Alloc>::AnySubscriptionCallback(std::shared_ptr<_Tp>) [with MessageT = const geometry_msgs::msg::PoseStamped_<std::allocator<void> >&; Alloc = std::allocator<void>][m[K’
[2.838s] [01m[K/opt/ros/foxy/include/rclcpp/subscription_factory.hpp:96:57:[m[K   required from ‘[01m[Krclcpp::SubscriptionFactory rclcpp::create_subscription_factory(CallbackT&&, const rclcpp::SubscriptionOptionsWithAllocator<AllocatorT>&, typename MessageMemoryStrategyT::SharedPtr, std::shared_ptr<rclcpp::topic_statistics::SubscriptionTopicStatistics<CallbackMessageT> >) [with MessageT = geometry_msgs::msg::PoseStamped_<std::allocator<void> >; CallbackT = std::_Bind<void (simple_planner::Planner::*(simple_planner::Planner*, std::_Placeholder<1>))(const geometry_msgs::msg::PoseStamped_<std::allocator<void> >&)>; AllocatorT = std::allocator<void>; CallbackMessageT = const geometry_msgs::msg::PoseStamped_<std::allocator<void> >&; SubscriptionT = rclcpp::Subscription<const geometry_msgs::msg::PoseStamped_<std::allocator<void> >&, std::allocator<void>, rclcpp::message_memory_strategy::MessageMemoryStrategy<const geometry_msgs::msg::PoseStamped_<std::allocator<void> >&, std::allocator<void> > >; MessageMemoryStrategyT = rclcpp::message_memory_strategy::MessageMemoryStrategy<const geometry_msgs::msg::PoseStamped_<std::allocator<void> >&, std::allocator<void> >; typename MessageMemoryStrategyT::SharedPtr = std::shared_ptr<rclcpp::message_memory_strategy::MessageMemoryStrategy<const geometry_msgs::msg::PoseStamped_<std::allocator<void> >&, std::allocator<void> > >][m[K’
[2.838s] [01m[K/opt/ros/foxy/include/rclcpp/create_subscription.hpp:144:63:[m[K   required from ‘[01m[Kstd::shared_ptr<SubscriptionT> rclcpp::create_subscription(NodeT&&, const string&, const rclcpp::QoS&, CallbackT&&, const rclcpp::SubscriptionOptionsWithAllocator<AllocatorT>&, typename MessageMemoryStrategyT::SharedPtr) [with MessageT = geometry_msgs::msg::PoseStamped_<std::allocator<void> >; CallbackT = std::_Bind<void (simple_planner::Planner::*(simple_planner::Planner*, std::_Placeholder<1>))(const geometry_msgs::msg::PoseStamped_<std::allocator<void> >&)>; AllocatorT = std::allocator<void>; CallbackMessageT = const geometry_msgs::msg::PoseStamped_<std::allocator<void> >&; SubscriptionT = rclcpp::Subscription<const geometry_msgs::msg::PoseStamped_<std::allocator<void> >&, std::allocator<void>, rclcpp::message_memory_strategy::MessageMemoryStrategy<const geometry_msgs::msg::PoseStamped_<std::allocator<void> >&, std::allocator<void> > >; MessageMemoryStrategyT = rclcpp::message_memory_strategy::MessageMemoryStrategy<const geometry_msgs::msg::PoseStamped_<std::allocator<void> >&, std::allocator<void> >; NodeT = rclcpp::Node&; std::string = std::__cxx11::basic_string<char>; typename MessageMemoryStrategyT::SharedPtr = std::shared_ptr<rclcpp::message_memory_strategy::MessageMemoryStrategy<const geometry_msgs::msg::PoseStamped_<std::allocator<void> >&, std::allocator<void> > >][m[K’
[2.838s] [01m[K/opt/ros/foxy/include/rclcpp/node_impl.hpp:98:47:[m[K   required from ‘[01m[Kstd::shared_ptr<SubscriptionT> rclcpp::Node::create_subscription(const string&, const rclcpp::QoS&, CallbackT&&, const rclcpp::SubscriptionOptionsWithAllocator<AllocatorT>&, typename MessageMemoryStrategyT::SharedPtr) [with MessageT = geometry_msgs::msg::PoseStamped_<std::allocator<void> >; CallbackT = std::_Bind<void (simple_planner::Planner::*(simple_planner::Planner*, std::_Placeholder<1>))(const geometry_msgs::msg::PoseStamped_<std::allocator<void> >&)>; AllocatorT = std::allocator<void>; CallbackMessageT = const geometry_msgs::msg::PoseStamped_<std::allocator<void> >&; SubscriptionT = rclcpp::Subscription<const geometry_msgs::msg::PoseStamped_<std::allocator<void> >&, std::allocator<void>, rclcpp::message_memory_strategy::MessageMemoryStrategy<const geometry_msgs::msg::PoseStamped_<std::allocator<void> >&, std::allocator<void> > >; MessageMemoryStrategyT = rclcpp::message_memory_strategy::MessageMemoryStrategy<const geometry_msgs::msg::PoseStamped_<std::allocator<void> >&, std::allocator<void> >; std::string = std::__cxx11::basic_string<char>; typename MessageMemoryStrategyT::SharedPtr = std::shared_ptr<rclcpp::message_memory_strategy::MessageMemoryStrategy<const geometry_msgs::msg::PoseStamped_<std::allocator<void> >&, std::allocator<void> > >][m[K’
[2.838s] [01m[K/home/tutu/mr_ws_ros2/src/simple_planner/src/planner.cpp:42:145:[m[K   required from here
[2.838s] [01m[K/usr/include/c++/9/ext/new_allocator.h:63:26:[m[K [01;31m[Kerror: [m[Kforming pointer to reference type ‘[01m[Kconst geometry_msgs::msg::PoseStamped_<std::allocator<void> >&[m[K’
[2.838s]    63 |       typedef _Tp*       [01;31m[Kpointer[m[K;
[2.838s]       |                          [01;31m[K^~~~~~~[m[K
[2.838s] [01m[K/usr/include/c++/9/ext/new_allocator.h:64:26:[m[K [01;31m[Kerror: [m[Kforming pointer to reference type ‘[01m[Kconst geometry_msgs::msg::PoseStamped_<std::allocator<void> >&[m[K’
[2.838s]    64 |       typedef const _Tp* [01;31m[Kconst_pointer[m[K;
[2.838s]       |                          [01;31m[K^~~~~~~~~~~~~[m[K
[2.838s] In file included from [01m[K/usr/include/c++/9/memory:63[m[K,
[2.838s]                  from [01m[K/opt/ros/foxy/include/rclcpp/rclcpp.hpp:144[m[K,
[2.838s]                  from [01m[K/home/tutu/mr_ws_ros2/src/simple_planner/src/planner.h:4[m[K,
[2.838s]                  from [01m[K/home/tutu/mr_ws_ros2/src/simple_planner/src/planner.cpp:1[m[K:
[2.838s] /usr/include/c++/9/bits/allocator.h: In instantiation of ‘[01m[Kclass std::allocator<const geometry_msgs::msg::PoseStamped_<std::allocator<void> >&>[m[K’:
[2.838s] [01m[K/usr/include/c++/9/bits/shared_ptr_base.h:1365:63:[m[K   required by substitution of ‘[01m[Ktemplate<class _Yp> struct std::__shared_ptr<std::allocator<const geometry_msgs::msg::PoseStamped_<std::allocator<void> >&>, __gnu_cxx::_S_atomic>::__has_esft_base<_Yp, std::__void_t<decltype (__enable_shared_from_this_base(declval<const std::__shared_count<__gnu_cxx::_S_atomic>&>(), declval<_Yp*>()))> > [with _Yp = std::allocator<const geometry_msgs::msg::PoseStamped_<std::allocator<void> >&>][m[K’
[2.839s] [01m[K/usr/include/c++/9/bits/shared_ptr_base.h:1387:21:[m[K   required by substitution of ‘[01m[Ktemplate<class _Yp, class _Yp2> typename std::enable_if<(! std::__shared_ptr<std::allocator<const geometry_msgs::msg::PoseStamped_<std::allocator<void> >&>, __gnu_cxx::_S_atomic>::__has_esft_base<_Yp2, void>::value), void>::type std::__shared_ptr<std::allocator<const geometry_msgs::msg::PoseStamped_<std::allocator<void> >&>, __gnu_cxx::_S_atomic>::_M_enable_shared_from_this_with<_Yp, _Yp2>(_Yp*) [with _Yp = std::allocator<const geometry_msgs::msg::PoseStamped_<std::allocator<void> >&>; _Yp2 = std::allocator<const geometry_msgs::msg::PoseStamped_<std::allocator<void> >&>][m[K’
[2.839s] [01m[K/usr/include/c++/9/bits/shared_ptr_base.h:1345:4:[m[K   required from ‘[01m[Kstd::__shared_ptr<_Tp, _Lp>::__shared_ptr(std::_Sp_alloc_shared_tag<_Tp>, _Args&& ...) [with _Alloc = std::allocator<std::allocator<const geometry_msgs::msg::PoseStamped_<std::allocator<void> >&> >; _Args = {std::allocator<void>&}; _Tp = std::allocator<const geometry_msgs::msg::PoseStamped_<std::allocator<void> >&>; __gnu_cxx::_Lock_policy _Lp = __gnu_cxx::_S_atomic][m[K’
[2.839s] [01m[K/usr/include/c++/9/bits/shared_ptr.h:359:59:[m[K   required from ‘[01m[Kstd::shared_ptr<_Tp>::shared_ptr(std::_Sp_alloc_shared_tag<_Tp>, _Args&& ...) [with _Alloc = std::allocator<std::allocator<const geometry_msgs::msg::PoseStamped_<std::allocator<void> >&> >; _Args = {std::allocator<void>&}; _Tp = std::allocator<const geometry_msgs::msg::PoseStamped_<std::allocator<void> >&>][m[K’
[2.839s] [01m[K/usr/include/c++/9/bits/shared_ptr.h:701:14:[m[K   required from ‘[01m[Kstd::shared_ptr<_Tp> std::allocate_shared(const _Alloc&, _Args&& ...) [with _Tp = std::allocator<const geometry_msgs::msg::PoseStamped_<std::allocator<void> >&>; _Alloc = std::allocator<std::allocator<const geometry_msgs::msg::PoseStamped_<std::allocator<void> >&> >; _Args = {std::allocator<void>&}][m[K’
[2.839s] [01m[K/usr/include/c++/9/bits/shared_ptr.h:717:39:[m[K   required from ‘[01m[Kstd::shared_ptr<_Tp> std::make_shared(_Args&& ...) [with _Tp = std::allocator<const geometry_msgs::msg::PoseStamped_<std::allocator<void> >&>; _Args = {std::allocator<void>&}][m[K’
[2.839s] [01m[K/opt/ros/foxy/include/rclcpp/any_subscription_callback.hpp:68:56:[m[K   required from ‘[01m[Krclcpp::AnySubscriptionCallback<MessageT, Alloc>::AnySubscriptionCallback(std::shared_ptr<_Tp>) [with MessageT = const geometry_msgs::msg::PoseStamped_<std::allocator<void> >&; Alloc = std::allocator<void>][m[K’
[2.839s] [01m[K/opt/ros/foxy/include/rclcpp/subscription_factory.hpp:96:57:[m[K   required from ‘[01m[Krclcpp::SubscriptionFactory rclcpp::create_subscription_factory(CallbackT&&, const rclcpp::SubscriptionOptionsWithAllocator<AllocatorT>&, typename MessageMemoryStrategyT::SharedPtr, std::shared_ptr<rclcpp::topic_statistics::SubscriptionTopicStatistics<CallbackMessageT> >) [with MessageT = geometry_msgs::msg::PoseStamped_<std::allocator<void> >; CallbackT = std::_Bind<void (simple_planner::Planner::*(simple_planner::Planner*, std::_Placeholder<1>))(const geometry_msgs::msg::PoseStamped_<std::allocator<void> >&)>; AllocatorT = std::allocator<void>; CallbackMessageT = const geometry_msgs::msg::PoseStamped_<std::allocator<void> >&; SubscriptionT = rclcpp::Subscription<const geometry_msgs::msg::PoseStamped_<std::allocator<void> >&, std::allocator<void>, rclcpp::message_memory_strategy::MessageMemoryStrategy<const geometry_msgs::msg::PoseStamped_<std::allocator<void> >&, std::allocator<void> > >; MessageMemoryStrategyT = rclcpp::message_memory_strategy::MessageMemoryStrategy<const geometry_msgs::msg::PoseStamped_<std::allocator<void> >&, std::allocator<void> >; typename MessageMemoryStrategyT::SharedPtr = std::shared_ptr<rclcpp::message_memory_strategy::MessageMemoryStrategy<const geometry_msgs::msg::PoseStamped_<std::allocator<void> >&, std::allocator<void> > >][m[K’
[2.839s] [01m[K/opt/ros/foxy/include/rclcpp/create_subscription.hpp:144:63:[m[K   required from ‘[01m[Kstd::shared_ptr<SubscriptionT> rclcpp::create_subscription(NodeT&&, const string&, const rclcpp::QoS&, CallbackT&&, const rclcpp::SubscriptionOptionsWithAllocator<AllocatorT>&, typename MessageMemoryStrategyT::SharedPtr) [with MessageT = geometry_msgs::msg::PoseStamped_<std::allocator<void> >; CallbackT = std::_Bind<void (simple_planner::Planner::*(simple_planner::Planner*, std::_Placeholder<1>))(const geometry_msgs::msg::PoseStamped_<std::allocator<void> >&)>; AllocatorT = std::allocator<void>; CallbackMessageT = const geometry_msgs::msg::PoseStamped_<std::allocator<void> >&; SubscriptionT = rclcpp::Subscription<const geometry_msgs::msg::PoseStamped_<std::allocator<void> >&, std::allocator<void>, rclcpp::message_memory_strategy::MessageMemoryStrategy<const geometry_msgs::msg::PoseStamped_<std::allocator<void> >&, std::allocator<void> > >; MessageMemoryStrategyT = rclcpp::message_memory_strategy::MessageMemoryStrategy<const geometry_msgs::msg::PoseStamped_<std::allocator<void> >&, std::allocator<void> >; NodeT = rclcpp::Node&; std::string = std::__cxx11::basic_string<char>; typename MessageMemoryStrategyT::SharedPtr = std::shared_ptr<rclcpp::message_memory_strategy::MessageMemoryStrategy<const geometry_msgs::msg::PoseStamped_<std::allocator<void> >&, std::allocator<void> > >][m[K’
[2.839s] [01m[K/opt/ros/foxy/include/rclcpp/node_impl.hpp:98:47:[m[K   required from ‘[01m[Kstd::shared_ptr<SubscriptionT> rclcpp::Node::create_subscription(const string&, const rclcpp::QoS&, CallbackT&&, const rclcpp::SubscriptionOptionsWithAllocator<AllocatorT>&, typename MessageMemoryStrategyT::SharedPtr) [with MessageT = geometry_msgs::msg::PoseStamped_<std::allocator<void> >; CallbackT = std::_Bind<void (simple_planner::Planner::*(simple_planner::Planner*, std::_Placeholder<1>))(const geometry_msgs::msg::PoseStamped_<std::allocator<void> >&)>; AllocatorT = std::allocator<void>; CallbackMessageT = const geometry_msgs::msg::PoseStamped_<std::allocator<void> >&; SubscriptionT = rclcpp::Subscription<const geometry_msgs::msg::PoseStamped_<std::allocator<void> >&, std::allocator<void>, rclcpp::message_memory_strategy::MessageMemoryStrategy<const geometry_msgs::msg::PoseStamped_<std::allocator<void> >&, std::allocator<void> > >; MessageMemoryStrategyT = rclcpp::message_memory_strategy::MessageMemoryStrategy<const geometry_msgs::msg::PoseStamped_<std::allocator<void> >&, std::allocator<void> >; std::string = std::__cxx11::basic_string<char>; typename MessageMemoryStrategyT::SharedPtr = std::shared_ptr<rclcpp::message_memory_strategy::MessageMemoryStrategy<const geometry_msgs::msg::PoseStamped_<std::allocator<void> >&, std::allocator<void> > >][m[K’
[2.839s] [01m[K/home/tutu/mr_ws_ros2/src/simple_planner/src/planner.cpp:42:145:[m[K   required from here
[2.839s] [01m[K/usr/include/c++/9/bits/allocator.h:116:26:[m[K [01;31m[Kerror: [m[Kforming pointer to reference type ‘[01m[Kconst geometry_msgs::msg::PoseStamped_<std::allocator<void> >&[m[K’
[2.839s]   116 |       typedef _Tp*       [01;31m[Kpointer[m[K;
[2.839s]       |                          [01;31m[K^~~~~~~[m[K
[2.839s] [01m[K/usr/include/c++/9/bits/allocator.h:117:26:[m[K [01;31m[Kerror: [m[Kforming pointer to reference type ‘[01m[Kconst geometry_msgs::msg::PoseStamped_<std::allocator<void> >&[m[K’
[2.839s]   117 |       typedef const _Tp* [01;31m[Kconst_pointer[m[K;
[2.840s]       |                          [01;31m[K^~~~~~~~~~~~~[m[K
[3.470s] In file included from [01m[K/usr/include/c++/9/bits/shared_ptr.h:52[m[K,
[3.470s]                  from [01m[K/usr/include/c++/9/memory:81[m[K,
[3.470s]                  from [01m[K/opt/ros/foxy/include/rclcpp/rclcpp.hpp:144[m[K,
[3.470s]                  from [01m[K/home/tutu/mr_ws_ros2/src/simple_planner/src/planner.h:4[m[K,
[3.470s]                  from [01m[K/home/tutu/mr_ws_ros2/src/simple_planner/src/planner.cpp:1[m[K:
[3.470s] /usr/include/c++/9/bits/shared_ptr_base.h: In instantiation of ‘[01m[Kclass std::__shared_ptr_access<const geometry_msgs::msg::PoseStamped_<std::allocator<void> >&, __gnu_cxx::_S_atomic, false, false>[m[K’:
[3.470s] [01m[K/usr/include/c++/9/bits/shared_ptr_base.h:1080:11:[m[K   required from ‘[01m[Kclass std::__shared_ptr<const geometry_msgs::msg::PoseStamped_<std::allocator<void> >&, __gnu_cxx::_S_atomic>[m[K’
[3.470s] [01m[K/opt/ros/foxy/include/rclcpp/message_memory_strategy.hpp:85:37:[m[K   recursively required from ‘[01m[Kstd::shared_ptr<_Tp> rclcpp::message_memory_strategy::MessageMemoryStrategy<MessageT, Alloc>::borrow_message() [with MessageT = const geometry_msgs::msg::PoseStamped_<std::allocator<void> >&; Alloc = std::allocator<void>][m[K’
[3.471s] [01m[K/opt/ros/foxy/include/rclcpp/message_memory_strategy.hpp:85:37:[m[K   required from here
[3.471s] [01m[K/usr/include/c++/9/bits/shared_ptr_base.h:1012:7:[m[K [01;31m[Kerror: [m[Kforming pointer to reference type ‘[01m[Kstd::__shared_ptr_access<const geometry_msgs::msg::PoseStamped_<std::allocator<void> >&, __gnu_cxx::_S_atomic, false, false>::element_type[m[K’ {aka ‘[01m[Kconst geometry_msgs::msg::PoseStamped_<std::allocator<void> >&[m[K’}
[3.471s]  1012 |       [01;31m[Koperator[m[K->() const noexcept
[3.471s]       |       [01;31m[K^~~~~~~~[m[K
[3.471s] [01m[K/usr/include/c++/9/bits/shared_ptr_base.h:1020:7:[m[K [01;31m[Kerror: [m[Kforming pointer to reference type ‘[01m[Kstd::__shared_ptr_access<const geometry_msgs::msg::PoseStamped_<std::allocator<void> >&, __gnu_cxx::_S_atomic, false, false>::element_type[m[K’ {aka ‘[01m[Kconst geometry_msgs::msg::PoseStamped_<std::allocator<void> >&[m[K’}
[3.471s]  1020 |       [01;31m[K_M_get[m[K() const noexcept
[3.471s]       |       [01;31m[K^~~~~~[m[K
[3.471s] /usr/include/c++/9/bits/shared_ptr_base.h: In instantiation of ‘[01m[Kclass std::__shared_ptr<const geometry_msgs::msg::PoseStamped_<std::allocator<void> >&, __gnu_cxx::_S_atomic>[m[K’:
[3.471s] [01m[K/opt/ros/foxy/include/rclcpp/message_memory_strategy.hpp:85:37:[m[K   recursively required from ‘[01m[Kstd::shared_ptr<_Tp> rclcpp::message_memory_strategy::MessageMemoryStrategy<MessageT, Alloc>::borrow_message() [with MessageT = const geometry_msgs::msg::PoseStamped_<std::allocator<void> >&; Alloc = std::allocator<void>][m[K’
[3.471s] [01m[K/opt/ros/foxy/include/rclcpp/message_memory_strategy.hpp:85:37:[m[K   required from here
[3.471s] [01m[K/usr/include/c++/9/bits/shared_ptr_base.h:1094:8:[m[K [01;31m[Kerror: [m[Kforming pointer to reference type ‘[01m[Kconst geometry_msgs::msg::PoseStamped_<std::allocator<void> >&[m[K’
[3.471s]  1094 |  using [01;31m[K_Compatible[m[K = typename
[3.471s]       |        [01;31m[K^~~~~~~~~~~[m[K
[3.471s] [01m[K/usr/include/c++/9/bits/shared_ptr_base.h:1104:8:[m[K [01;31m[Kerror: [m[Kforming pointer to reference type ‘[01m[Kconst geometry_msgs::msg::PoseStamped_<std::allocator<void> >&[m[K’
[3.471s]  1104 |  using [01;31m[K_UniqCompatible[m[K = typename enable_if<__and_<
[3.471s]       |        [01;31m[K^~~~~~~~~~~~~~~[m[K
[3.471s] [01m[K/usr/include/c++/9/bits/shared_ptr_base.h:1162:2:[m[K [01;31m[Kerror: [m[Kforming pointer to reference type ‘[01m[Kstd::__shared_ptr<const geometry_msgs::msg::PoseStamped_<std::allocator<void> >&, __gnu_cxx::_S_atomic>::element_type[m[K’ {aka ‘[01m[Kconst geometry_msgs::msg::PoseStamped_<std::allocator<void> >&[m[K’}
[3.472s]  1162 |  [01;31m[K__shared_ptr[m[K(const __shared_ptr<_Yp, _Lp>& __r,
[3.472s]       |  [01;31m[K^~~~~~~~~~~~[m[K
[3.472s] /usr/include/c++/9/bits/shared_ptr_base.h: In substitution of ‘[01m[Ktemplate<class _Tp, __gnu_cxx::_Lock_policy _Lp> template<class _Yp, class _Res> using _Compatible = typename std::enable_if<std::__sp_compatible_with<_Yp*, _Tp*>::value, _Res>::type [with _Yp = _Yp; _Res = void; _Tp = const geometry_msgs::msg::PoseStamped_<std::allocator<void> >&; __gnu_cxx::_Lock_policy _Lp = __gnu_cxx::_S_atomic][m[K’:
[3.472s] [01m[K/usr/include/c++/9/bits/shared_ptr_base.h:1172:2:[m[K   required from ‘[01m[Kclass std::__shared_ptr<const geometry_msgs::msg::PoseStamped_<std::allocator<void> >&, __gnu_cxx::_S_atomic>[m[K’
[3.472s] [01m[K/opt/ros/foxy/include/rclcpp/message_memory_strategy.hpp:85:37:[m[K   recursively required from ‘[01m[Kstd::shared_ptr<_Tp> rclcpp::message_memory_strategy::MessageMemoryStrategy<MessageT, Alloc>::borrow_message() [with MessageT = const geometry_msgs::msg::PoseStamped_<std::allocator<void> >&; Alloc = std::allocator<void>][m[K’
[3.472s] [01m[K/opt/ros/foxy/include/rclcpp/message_memory_strategy.hpp:85:37:[m[K   required from here
[3.472s] [01m[K/usr/include/c++/9/bits/shared_ptr_base.h:1094:8:[m[K [01;31m[Kerror: [m[Kforming pointer to reference type ‘[01m[Kconst geometry_msgs::msg::PoseStamped_<std::allocator<void> >&[m[K’
[3.472s]  1094 |  using [01;31m[K_Compatible[m[K = typename
[3.472s]       |        [01;31m[K^~~~~~~~~~~[m[K
[3.472s] /usr/include/c++/9/bits/shared_ptr_base.h: In substitution of ‘[01m[Ktemplate<class _Tp, __gnu_cxx::_Lock_policy _Lp> template<class _Yp, class _Del, class _Res, class _Ptr> using _UniqCompatible = typename std::enable_if<std::__and_<std::__sp_compatible_with<_Yp*, _Tp*>, std::is_convertible<_Ptr, typename std::remove_extent<_Up>::type*> >::value, _Res>::type [with _Yp = _Yp; _Del = _Del; _Res = void; _Ptr = typename std::unique_ptr<_Tp, _Dp>::pointer; _Tp = const geometry_msgs::msg::PoseStamped_<std::allocator<void> >&; __gnu_cxx::_Lock_policy _Lp = __gnu_cxx::_S_atomic][m[K’:
[3.472s] [01m[K/usr/include/c++/9/bits/shared_ptr_base.h:1203:2:[m[K   required from ‘[01m[Kclass std::__shared_ptr<const geometry_msgs::msg::PoseStamped_<std::allocator<void> >&, __gnu_cxx::_S_atomic>[m[K’
[3.472s] [01m[K/opt/ros/foxy/include/rclcpp/message_memory_strategy.hpp:85:37:[m[K   recursively required from ‘[01m[Kstd::shared_ptr<_Tp> rclcpp::message_memory_strategy::MessageMemoryStrategy<MessageT, Alloc>::borrow_message() [with MessageT = const geometry_msgs::msg::PoseStamped_<std::allocator<void> >&; Alloc = std::allocator<void>][m[K’
[3.472s] [01m[K/opt/ros/foxy/include/rclcpp/message_memory_strategy.hpp:85:37:[m[K   required from here
[3.472s] [01m[K/usr/include/c++/9/bits/shared_ptr_base.h:1104:8:[m[K [01;31m[Kerror: [m[Kforming pointer to reference type ‘[01m[Kconst geometry_msgs::msg::PoseStamped_<std::allocator<void> >&[m[K’
[3.472s]  1104 |  using [01;31m[K_UniqCompatible[m[K = typename enable_if<__and_<
[3.472s]       |        [01;31m[K^~~~~~~~~~~~~~~[m[K
[3.473s] /usr/include/c++/9/bits/shared_ptr_base.h: In instantiation of ‘[01m[Kclass std::__shared_ptr<const geometry_msgs::msg::PoseStamped_<std::allocator<void> >&, __gnu_cxx::_S_atomic>[m[K’:
[3.473s] [01m[K/opt/ros/foxy/include/rclcpp/message_memory_strategy.hpp:85:37:[m[K   recursively required from ‘[01m[Kstd::shared_ptr<_Tp> rclcpp::message_memory_strategy::MessageMemoryStrategy<MessageT, Alloc>::borrow_message() [with MessageT = const geometry_msgs::msg::PoseStamped_<std::allocator<void> >&; Alloc = std::allocator<void>][m[K’
[3.473s] [01m[K/opt/ros/foxy/include/rclcpp/message_memory_strategy.hpp:85:37:[m[K   required from here
[3.473s] [01m[K/usr/include/c++/9/bits/shared_ptr_base.h:1219:2:[m[K [01;31m[Kerror: [m[Kforming pointer to reference type ‘[01m[Kconst geometry_msgs::msg::PoseStamped_<std::allocator<void> >&[m[K’
[3.473s]  1219 |  [01;31m[K__shared_ptr[m[K(unique_ptr<_Tp1, _Del>&& __r, __sp_array_delete)
[3.473s]       |  [01;31m[K^~~~~~~~~~~~[m[K
[3.473s] [01m[K/usr/include/c++/9/bits/shared_ptr_base.h:1309:7:[m[K [01;31m[Kerror: [m[Kforming pointer to reference type ‘[01m[Kstd::__shared_ptr<const geometry_msgs::msg::PoseStamped_<std::allocator<void> >&, __gnu_cxx::_S_atomic>::element_type[m[K’ {aka ‘[01m[Kconst geometry_msgs::msg::PoseStamped_<std::allocator<void> >&[m[K’}
[3.473s]  1309 |       [01;31m[Kget[m[K() const noexcept
[3.473s]       |       [01;31m[K^~~[m[K
[3.473s] [01m[K/usr/include/c++/9/bits/shared_ptr_base.h:1404:24:[m[K [01;31m[Kerror: [m[Kforming pointer to reference type ‘[01m[Kstd::__shared_ptr<const geometry_msgs::msg::PoseStamped_<std::allocator<void> >&, __gnu_cxx::_S_atomic>::element_type[m[K’ {aka ‘[01m[Kconst geometry_msgs::msg::PoseStamped_<std::allocator<void> >&[m[K’}
[3.473s]  1404 |       element_type*    [01;31m[K_M_ptr[m[K;         // Contained pointer.
[3.473s]       |                        [01;31m[K^~~~~~[m[K
[3.473s] In file included from [01m[K/usr/include/c++/9/memory:81[m[K,
[3.473s]                  from [01m[K/opt/ros/foxy/include/rclcpp/rclcpp.hpp:144[m[K,
[3.473s]                  from [01m[K/home/tutu/mr_ws_ros2/src/simple_planner/src/planner.h:4[m[K,
[3.473s]                  from [01m[K/home/tutu/mr_ws_ros2/src/simple_planner/src/planner.cpp:1[m[K:
[3.473s] /usr/include/c++/9/bits/shared_ptr.h: In instantiation of ‘[01m[Kclass std::shared_ptr<const geometry_msgs::msg::PoseStamped_<std::allocator<void> >&>[m[K’:
[3.474s] [01m[K/opt/ros/foxy/include/rclcpp/message_memory_strategy.hpp:85:37:[m[K   recursively required from ‘[01m[Kstd::shared_ptr<_Tp> rclcpp::message_memory_strategy::MessageMemoryStrategy<MessageT, Alloc>::borrow_message() [with MessageT = const geometry_msgs::msg::PoseStamped_<std::allocator<void> >&; Alloc = std::allocator<void>][m[K’
[3.474s] [01m[K/opt/ros/foxy/include/rclcpp/message_memory_strategy.hpp:85:37:[m[K   required from here
[3.474s] [01m[K/usr/include/c++/9/bits/shared_ptr.h:234:2:[m[K [01;31m[Kerror: [m[Kforming pointer to reference type ‘[01m[Kstd::shared_ptr<const geometry_msgs::msg::PoseStamped_<std::allocator<void> >&>::element_type[m[K’ {aka ‘[01m[Kconst geometry_msgs::msg::PoseStamped_<std::allocator<void> >&[m[K’}
[3.474s]   234 |  [01;31m[Kshared_ptr[m[K(const shared_ptr<_Yp>& __r, element_type* __p) noexcept
[3.474s]       |  [01;31m[K^~~~~~~~~~[m[K
[3.819s] In file included from [01m[K/usr/include/c++/9/bits/shared_ptr.h:52[m[K,
[3.819s]                  from [01m[K/usr/include/c++/9/memory:81[m[K,
[3.819s]                  from [01m[K/opt/ros/foxy/include/rclcpp/rclcpp.hpp:144[m[K,
[3.819s]                  from [01m[K/home/tutu/mr_ws_ros2/src/simple_planner/src/planner.h:4[m[K,
[3.819s]                  from [01m[K/home/tutu/mr_ws_ros2/src/simple_planner/src/planner.cpp:1[m[K:
[3.819s] /usr/include/c++/9/bits/shared_ptr_base.h: In instantiation of ‘[01m[Kconstexpr std::__shared_ptr<_Tp, _Lp>::__shared_ptr() [with _Tp = const geometry_msgs::msg::PoseStamped_<std::allocator<void> >&; __gnu_cxx::_Lock_policy _Lp = __gnu_cxx::_S_atomic][m[K’:
[3.819s] [01m[K/usr/include/c++/9/bits/shared_ptr_base.h:1287:9:[m[K   required from ‘[01m[Kvoid std::__shared_ptr<_Tp, _Lp>::reset() [with _Tp = const geometry_msgs::msg::PoseStamped_<std::allocator<void> >&; __gnu_cxx::_Lock_policy _Lp = __gnu_cxx::_S_atomic][m[K’
[3.819s] [01m[K/opt/ros/foxy/include/rclcpp/message_memory_strategy.hpp:109:5:[m[K   required from ‘[01m[Kvoid rclcpp::message_memory_strategy::MessageMemoryStrategy<MessageT, Alloc>::return_message(std::shared_ptr<_Tp>&) [with MessageT = const geometry_msgs::msg::PoseStamped_<std::allocator<void> >&; Alloc = std::allocator<void>][m[K’
[3.819s] [01m[K/opt/ros/foxy/include/rclcpp/message_memory_strategy.hpp:107:16:[m[K   required from here
[3.819s] [01m[K/usr/include/c++/9/bits/shared_ptr_base.h:1119:32:[m[K [01;31m[Kerror: [m[Kusing invalid field ‘[01m[Kstd::__shared_ptr<_Tp, _Lp>::_M_ptr[m[K’
[3.819s]  1119 |       : _M_ptr(0), _M_refcount([01;31m[K)[m[K
[3.819s]       |                                [01;31m[K^[m[K
[3.819s] /usr/include/c++/9/bits/shared_ptr_base.h: In instantiation of ‘[01m[Kvoid std::__shared_ptr<_Tp, _Lp>::swap(std::__shared_ptr<_Tp, _Lp>&) [with _Tp = const geometry_msgs::msg::PoseStamped_<std::allocator<void> >&; __gnu_cxx::_Lock_policy _Lp = __gnu_cxx::_S_atomic][m[K’:
[3.819s] [01m[K/usr/include/c++/9/bits/shared_ptr_base.h:1287:24:[m[K   required from ‘[01m[Kvoid std::__shared_ptr<_Tp, _Lp>::reset() [with _Tp = const geometry_msgs::msg::PoseStamped_<std::allocator<void> >&; __gnu_cxx::_Lock_policy _Lp = __gnu_cxx::_S_atomic][m[K’
[3.820s] [01m[K/opt/ros/foxy/include/rclcpp/message_memory_strategy.hpp:109:5:[m[K   required from ‘[01m[Kvoid rclcpp::message_memory_strategy::MessageMemoryStrategy<MessageT, Alloc>::return_message(std::shared_ptr<_Tp>&) [with MessageT = const geometry_msgs::msg::PoseStamped_<std::allocator<void> >&; Alloc = std::allocator<void>][m[K’
[3.820s] [01m[K/opt/ros/foxy/include/rclcpp/message_memory_strategy.hpp:107:16:[m[K   required from here
[3.820s] [01m[K/usr/include/c++/9/bits/shared_ptr_base.h:1326:12:[m[K [01;31m[Kerror: [m[Kusing invalid field ‘[01m[Kstd::__shared_ptr<_Tp, _Lp>::_M_ptr[m[K’
[3.820s]  1326 |  std::swap([01;31m[K_M_ptr[m[K, __other._M_ptr);
[3.820s]       |            [01;31m[K^~~~~~[m[K
[3.820s] [01m[K/usr/include/c++/9/bits/shared_ptr_base.h:1326:28:[m[K [01;31m[Kerror: [m[K‘[01m[Kclass std::__shared_ptr<const geometry_msgs::msg::PoseStamped_<std::allocator<void> >&, __gnu_cxx::_S_atomic>[m[K’ has no member named ‘[01m[K_M_ptr[m[K’
[3.820s]  1326 |  std::swap(_M_ptr, [01;31m[K__other._M_ptr[m[K);
[3.820s]       |                    [01;31m[K~~~~~~~~^~~~~~[m[K
[3.867s] In file included from [01m[K/usr/include/c++/9/future:48[m[K,
[3.867s]                  from [01m[K/opt/ros/foxy/include/rclcpp/executors.hpp:18[m[K,
[3.867s]                  from [01m[K/opt/ros/foxy/include/rclcpp/rclcpp.hpp:146[m[K,
[3.867s]                  from [01m[K/home/tutu/mr_ws_ros2/src/simple_planner/src/planner.h:4[m[K,
[3.867s]                  from [01m[K/home/tutu/mr_ws_ros2/src/simple_planner/src/planner.cpp:1[m[K:
[3.868s] [01m[K/usr/include/c++/9/bits/std_function.h:[m[K At global scope:
[3.868s] [01m[K/usr/include/c++/9/bits/std_function.h:667:7:[m[K [01;31m[Kerror: [m[K‘[01m[Kstd::function<_Res(_ArgTypes ...)>::function(_Functor) [with _Functor = rclcpp::create_subscription_factory(CallbackT&&, const rclcpp::SubscriptionOptionsWithAllocator<AllocatorT>&, typename MessageMemoryStrategyT::SharedPtr, std::shared_ptr<rclcpp::topic_statistics::SubscriptionTopicStatistics<CallbackMessageT> >) [with MessageT = geometry_msgs::msg::PoseStamped_<std::allocator<void> >; CallbackT = std::_Bind<void (simple_planner::Planner::*(simple_planner::Planner*, std::_Placeholder<1>))(const geometry_msgs::msg::PoseStamped_<std::allocator<void> >&)>; AllocatorT = std::allocator<void>; CallbackMessageT = const geometry_msgs::msg::PoseStamped_<std::allocator<void> >&; SubscriptionT = rclcpp::Subscription<const geometry_msgs::msg::PoseStamped_<std::allocator<void> >&, std::allocator<void>, rclcpp::message_memory_strategy::MessageMemoryStrategy<const geometry_msgs::msg::PoseStamped_<std::allocator<void> >&, std::allocator<void> > >; MessageMemoryStrategyT = rclcpp::message_memory_strategy::MessageMemoryStrategy<const geometry_msgs::msg::PoseStamped_<std::allocator<void> >&, std::allocator<void> >; typename MessageMemoryStrategyT::SharedPtr = std::shared_ptr<rclcpp::message_memory_strategy::MessageMemoryStrategy<const geometry_msgs::msg::PoseStamped_<std::allocator<void> >&, std::allocator<void> > >]::<lambda(rclcpp::node_interfaces::NodeBaseInterface*, const string&, const rclcpp::QoS&)>; <template-parameter-2-2> = void; <template-parameter-2-3> = void; _Res = std::shared_ptr<rclcpp::SubscriptionBase>; _ArgTypes = {rclcpp::node_interfaces::NodeBaseInterface*, const std::__cxx11::basic_string<char, std::char_traits<char>, std::allocator<char> >&, const rclcpp::QoS&}][m[K’, declared using local type ‘[01m[Krclcpp::create_subscription_factory(CallbackT&&, const rclcpp::SubscriptionOptionsWithAllocator<AllocatorT>&, typename MessageMemoryStrategyT::SharedPtr, std::shared_ptr<rclcpp::topic_statistics::SubscriptionTopicStatistics<CallbackMessageT> >) [with MessageT = geometry_msgs::msg::PoseStamped_<std::allocator<void> >; CallbackT = std::_Bind<void (simple_planner::Planner::*(simple_planner::Planner*, std::_Placeholder<1>))(const geometry_msgs::msg::PoseStamped_<std::allocator<void> >&)>; AllocatorT = std::allocator<void>; CallbackMessageT = const geometry_msgs::msg::PoseStamped_<std::allocator<void> >&; SubscriptionT = rclcpp::Subscription<const geometry_msgs::msg::PoseStamped_<std::allocator<void> >&, std::allocator<void>, rclcpp::message_memory_strategy::MessageMemoryStrategy<const geometry_msgs::msg::PoseStamped_<std::allocator<void> >&, std::allocator<void> > >; MessageMemoryStrategyT = rclcpp::message_memory_strategy::MessageMemoryStrategy<const geometry_msgs::msg::PoseStamped_<std::allocator<void> >&, std::allocator<void> >; typename MessageMemoryStrategyT::SharedPtr = std::shared_ptr<rclcpp::message_memory_strategy::MessageMemoryStrategy<const geometry_msgs::msg::PoseStamped_<std::allocator<void> >&, std::allocator<void> > >]::<lambda(rclcpp::node_interfaces::NodeBaseInterface*, const string&, const rclcpp::QoS&)>[m[K’, is used but never defined [[01;31m[K-fpermissive[m[K]
[3.868s]   667 |       [01;31m[Kfunction<_Res(_ArgTypes...)>[m[K::
[3.868s]       |       [01;31m[K^~~~~~~~~~~~~~~~~~~~~~~~~~~~[m[K
[4.173s] make[2]: *** [CMakeFiles/planner.dir/build.make:63：CMakeFiles/planner.dir/src/planner.cpp.o] 错误 1
[4.173s] make[1]: *** [CMakeFiles/Makefile2:105：CMakeFiles/planner.dir/all] 错误 2
[4.173s] make: *** [Makefile:141：all] 错误 2
[4.175s] Invoked command in '/home/tutu/mr_ws_ros2/build/simple_planner' returned '2': CMAKE_PREFIX_PATH=${CMAKE_PREFIX_PATH}:/opt/ros/foxy /usr/bin/cmake --build /home/tutu/mr_ws_ros2/build/simple_planner -- -j8 -l8
