[0.024s] Invoking command in '/home/tutu/ros2m/build/angles': CMAKE_PREFIX_PATH=${CMAKE_PREFIX_PATH}:/opt/ros/humble /usr/bin/cmake --build /home/tutu/ros2m/build/angles -- -j1 -l1
[0.155s] [ 33%] Built target gtest_main
[0.210s] [ 66%] Built target gtest
[0.263s] [100%] Built target angles_utest
[0.328s] [100%] Built target ament_cmake_python_copy_angles
[0.986s] running egg_info
[0.987s] writing angles.egg-info/PKG-INFO
[0.992s] writing dependency_links to angles.egg-info/dependency_links.txt
[0.992s] writing top-level names to angles.egg-info/top_level.txt
[1.000s] reading manifest file 'angles.egg-info/SOURCES.txt'
[1.003s] writing manifest file 'angles.egg-info/SOURCES.txt'
[1.081s] [100%] Built target ament_cmake_python_build_angles_egg
[1.111s] Invoked command in '/home/tutu/ros2m/build/angles' returned '0': CMAKE_PREFIX_PATH=${CMAKE_PREFIX_PATH}:/opt/ros/humble /usr/bin/cmake --build /home/tutu/ros2m/build/angles -- -j1 -l1
[1.118s] Invoking command in '/home/tutu/ros2m/build/angles': CMAKE_PREFIX_PATH=${CMAKE_PREFIX_PATH}:/opt/ros/humble /usr/bin/cmake --install /home/tutu/ros2m/build/angles
[1.139s] -- Install configuration: ""
[1.139s] -- Up-to-date: /home/tutu/ros2m/install/angles/include/angles
[1.139s] -- Up-to-date: /home/tutu/ros2m/install/angles/include/angles/angles
[1.139s] -- Up-to-date: /home/tutu/ros2m/install/angles/include/angles/angles/angles.h
[1.141s] -- Up-to-date: /home/tutu/ros2m/install/angles/share/angles/environment/pythonpath.sh
[1.141s] -- Up-to-date: /home/tutu/ros2m/install/angles/share/angles/environment/pythonpath.dsv
[1.141s] -- Up-to-date: /home/tutu/ros2m/install/angles/local/lib/python3.10/dist-packages/angles-1.16.0-py3.10.egg-info
[1.141s] -- Installing: /home/tutu/ros2m/install/angles/local/lib/python3.10/dist-packages/angles-1.16.0-py3.10.egg-info/top_level.txt
[1.141s] -- Installing: /home/tutu/ros2m/install/angles/local/lib/python3.10/dist-packages/angles-1.16.0-py3.10.egg-info/PKG-INFO
[1.141s] -- Installing: /home/tutu/ros2m/install/angles/local/lib/python3.10/dist-packages/angles-1.16.0-py3.10.egg-info/dependency_links.txt
[1.141s] -- Installing: /home/tutu/ros2m/install/angles/local/lib/python3.10/dist-packages/angles-1.16.0-py3.10.egg-info/SOURCES.txt
[1.141s] -- Up-to-date: /home/tutu/ros2m/install/angles/local/lib/python3.10/dist-packages/angles
[1.141s] -- Up-to-date: /home/tutu/ros2m/install/angles/local/lib/python3.10/dist-packages/angles/__init__.py
[1.220s] Listing '/home/tutu/ros2m/install/angles/local/lib/python3.10/dist-packages/angles'...
[1.234s] -- Up-to-date: /home/tutu/ros2m/install/angles/share/ament_index/resource_index/package_run_dependencies/angles
[1.235s] -- Up-to-date: /home/tutu/ros2m/install/angles/share/ament_index/resource_index/parent_prefix_path/angles
[1.236s] -- Up-to-date: /home/tutu/ros2m/install/angles/share/angles/environment/ament_prefix_path.sh
[1.236s] -- Up-to-date: /home/tutu/ros2m/install/angles/share/angles/environment/ament_prefix_path.dsv
[1.237s] -- Up-to-date: /home/tutu/ros2m/install/angles/share/angles/environment/path.sh
[1.237s] -- Up-to-date: /home/tutu/ros2m/install/angles/share/angles/environment/path.dsv
[1.238s] -- Up-to-date: /home/tutu/ros2m/install/angles/share/angles/local_setup.bash
[1.239s] -- Up-to-date: /home/tutu/ros2m/install/angles/share/angles/local_setup.sh
[1.239s] -- Up-to-date: /home/tutu/ros2m/install/angles/share/angles/local_setup.zsh
[1.240s] -- Up-to-date: /home/tutu/ros2m/install/angles/share/angles/local_setup.dsv
[1.241s] -- Installing: /home/tutu/ros2m/install/angles/share/angles/package.dsv
[1.242s] -- Up-to-date: /home/tutu/ros2m/install/angles/share/ament_index/resource_index/packages/angles
[1.245s] -- Up-to-date: /home/tutu/ros2m/install/angles/share/angles/cmake/export_anglesExport.cmake
[1.245s] -- Up-to-date: /home/tutu/ros2m/install/angles/share/angles/cmake/ament_cmake_export_include_directories-extras.cmake
[1.245s] -- Up-to-date: /home/tutu/ros2m/install/angles/share/angles/cmake/ament_cmake_export_targets-extras.cmake
[1.246s] -- Up-to-date: /home/tutu/ros2m/install/angles/share/angles/cmake/anglesConfig.cmake
[1.246s] -- Up-to-date: /home/tutu/ros2m/install/angles/share/angles/cmake/anglesConfig-version.cmake
[1.246s] -- Up-to-date: /home/tutu/ros2m/install/angles/share/angles/package.xml
[1.255s] Invoked command in '/home/tutu/ros2m/build/angles' returned '0': CMAKE_PREFIX_PATH=${CMAKE_PREFIX_PATH}:/opt/ros/humble /usr/bin/cmake --install /home/tutu/ros2m/build/angles
