-- Install configuration: ""
-- Up-to-date: /home/tutu/mr_ws_ros2/install/cart_launch/share/cart_launch/launch
-- Up-to-date: /home/tutu/mr_ws_ros2/install/cart_launch/share/cart_launch/launch/cart_stage.launch.py
-- Up-to-date: /home/tutu/mr_ws_ros2/install/cart_launch/share/cart_launch/launch/cart_stage.xml
-- Up-to-date: /home/tutu/mr_ws_ros2/install/cart_launch/share/cart_launch/launch/cart.launch.py
-- Up-to-date: /home/tutu/mr_ws_ros2/install/cart_launch/share/cart_launch/stage_worlds
-- Up-to-date: /home/tutu/mr_ws_ros2/install/cart_launch/share/cart_launch/stage_worlds/bitmaps
-- Up-to-date: /home/tutu/mr_ws_ros2/install/cart_launch/share/cart_launch/stage_worlds/bitmaps/kalman_map.png
-- Up-to-date: /home/tutu/mr_ws_ros2/install/cart_launch/share/cart_launch/stage_worlds/bitmaps/mapping_map.png
-- Up-to-date: /home/tutu/mr_ws_ros2/install/cart_launch/share/cart_launch/stage_worlds/bitmaps/cave.pngZone.Identifier
-- Up-to-date: /home/tutu/mr_ws_ros2/install/cart_launch/share/cart_launch/stage_worlds/bitmaps/feature_map.pngZone.Identifier
-- Up-to-date: /home/tutu/mr_ws_ros2/install/cart_launch/share/cart_launch/stage_worlds/bitmaps/feature_map_simple.png
-- Up-to-date: /home/tutu/mr_ws_ros2/install/cart_launch/share/cart_launch/stage_worlds/bitmaps/feature_map.png
-- Up-to-date: /home/tutu/mr_ws_ros2/install/cart_launch/share/cart_launch/stage_worlds/bitmaps/mapping_map.pngZone.Identifier
-- Up-to-date: /home/tutu/mr_ws_ros2/install/cart_launch/share/cart_launch/stage_worlds/bitmaps/kalman_map.pngZone.Identifier
-- Up-to-date: /home/tutu/mr_ws_ros2/install/cart_launch/share/cart_launch/stage_worlds/bitmaps/feature_map_simple.pngZone.Identifier
-- Up-to-date: /home/tutu/mr_ws_ros2/install/cart_launch/share/cart_launch/stage_worlds/bitmaps/empty.pngZone.Identifier
-- Up-to-date: /home/tutu/mr_ws_ros2/install/cart_launch/share/cart_launch/stage_worlds/bitmaps/cave.png
-- Up-to-date: /home/tutu/mr_ws_ros2/install/cart_launch/share/cart_launch/stage_worlds/bitmaps/empty.png
-- Up-to-date: /home/tutu/mr_ws_ros2/install/cart_launch/share/cart_launch/stage_worlds/simple.world
-- Up-to-date: /home/tutu/mr_ws_ros2/install/cart_launch/share/cart_launch/stage_worlds/sick20.inc
-- Up-to-date: /home/tutu/mr_ws_ros2/install/cart_launch/share/cart_launch/stage_worlds/pioneer.inc
-- Up-to-date: /home/tutu/mr_ws_ros2/install/cart_launch/share/cart_launch/stage_worlds/feature_map_simple.world
-- Up-to-date: /home/tutu/mr_ws_ros2/install/cart_launch/share/cart_launch/stage_worlds/mapping.world
-- Up-to-date: /home/tutu/mr_ws_ros2/install/cart_launch/share/cart_launch/stage_worlds/empty.world
-- Up-to-date: /home/tutu/mr_ws_ros2/install/cart_launch/share/cart_launch/stage_worlds/kalman_map.world
-- Up-to-date: /home/tutu/mr_ws_ros2/install/cart_launch/share/cart_launch/stage_worlds/feature_map.world
-- Up-to-date: /home/tutu/mr_ws_ros2/install/cart_launch/share/cart_launch/stage_worlds/mr.inc
-- Up-to-date: /home/tutu/mr_ws_ros2/install/cart_launch/share/cart_launch/stage_worlds/cave.yaml
-- Up-to-date: /home/tutu/mr_ws_ros2/install/cart_launch/share/cart_launch/stage_worlds/sick.inc
-- Up-to-date: /home/tutu/mr_ws_ros2/install/cart_launch/share/cart_launch/stage_worlds/map.inc
-- Up-to-date: /home/tutu/mr_ws_ros2/install/cart_launch/share/ament_index/resource_index/package_run_dependencies/cart_launch
-- Up-to-date: /home/tutu/mr_ws_ros2/install/cart_launch/share/ament_index/resource_index/parent_prefix_path/cart_launch
-- Up-to-date: /home/tutu/mr_ws_ros2/install/cart_launch/share/cart_launch/environment/ament_prefix_path.sh
-- Up-to-date: /home/tutu/mr_ws_ros2/install/cart_launch/share/cart_launch/environment/ament_prefix_path.dsv
-- Up-to-date: /home/tutu/mr_ws_ros2/install/cart_launch/share/cart_launch/environment/path.sh
-- Up-to-date: /home/tutu/mr_ws_ros2/install/cart_launch/share/cart_launch/environment/path.dsv
-- Up-to-date: /home/tutu/mr_ws_ros2/install/cart_launch/share/cart_launch/local_setup.bash
-- Up-to-date: /home/tutu/mr_ws_ros2/install/cart_launch/share/cart_launch/local_setup.sh
-- Up-to-date: /home/tutu/mr_ws_ros2/install/cart_launch/share/cart_launch/local_setup.zsh
-- Up-to-date: /home/tutu/mr_ws_ros2/install/cart_launch/share/cart_launch/local_setup.dsv
-- Up-to-date: /home/tutu/mr_ws_ros2/install/cart_launch/share/cart_launch/package.dsv
-- Up-to-date: /home/tutu/mr_ws_ros2/install/cart_launch/share/ament_index/resource_index/packages/cart_launch
-- Up-to-date: /home/tutu/mr_ws_ros2/install/cart_launch/share/cart_launch/cmake/cart_launchConfig.cmake
-- Up-to-date: /home/tutu/mr_ws_ros2/install/cart_launch/share/cart_launch/cmake/cart_launchConfig-version.cmake
-- Up-to-date: /home/tutu/mr_ws_ros2/install/cart_launch/share/cart_launch/package.xml
