[0.021s] Invoking command in '/home/tutu/mr_ws_ros2/build/stage_controller': CMAKE_PREFIX_PATH=/opt/ros/foxy /usr/bin/cmake /home/tutu/mr_ws_ros2/src/stage_controller -DCMAKE_INSTALL_PREFIX=/home/tutu/mr_ws_ros2/install/stage_controller
[0.069s] -- The C compiler identification is GNU 9.4.0
[0.117s] -- The CXX compiler identification is GNU 9.4.0
[0.121s] -- Check for working C compiler: /usr/bin/cc
[0.180s] -- Check for working C compiler: /usr/bin/cc -- works
[0.181s] -- Detecting C compiler ABI info
[0.244s] -- Detecting C compiler ABI info - done
[0.254s] -- Detecting C compile features
[0.254s] -- Detecting C compile features - done
[0.256s] -- Check for working CXX compiler: /usr/bin/c++
[0.323s] -- Check for working CXX compiler: /usr/bin/c++ -- works
[0.325s] -- Detecting CXX compiler ABI info
[0.396s] -- Detecting CXX compiler ABI info - done
[0.409s] -- Detecting CXX compile features
[0.409s] -- Detecting CXX compile features - done
[0.411s] -- Found ament_cmake: 0.9.12 (/opt/ros/foxy/share/ament_cmake/cmake)
[0.434s] -- Found PythonInterp: /usr/bin/python3 (found suitable version "3.8.10", minimum required is "3") 
[0.434s] -- Using PYTHON_EXECUTABLE: /usr/bin/python3
[0.615s] -- Found rclcpp: 2.4.3 (/opt/ros/foxy/share/rclcpp/cmake)
[0.653s] -- Using all available rosidl_typesupport_c: rosidl_typesupport_fastrtps_c;rosidl_typesupport_introspection_c
[0.658s] -- Found rosidl_adapter: 1.3.1 (/opt/ros/foxy/share/rosidl_adapter/cmake)
[0.736s] -- Found OpenSSL: /usr/lib/x86_64-linux-gnu/libcrypto.so (found version "1.1.1f")  
[0.769s] -- Found FastRTPS: /opt/ros/foxy/include  
[0.862s] -- Using all available rosidl_typesupport_cpp: rosidl_typesupport_fastrtps_cpp;rosidl_typesupport_introspection_cpp
[0.912s] -- Found rmw_implementation_cmake: 1.0.4 (/opt/ros/foxy/share/rmw_implementation_cmake/cmake)
[0.914s] -- Using RMW implementation 'rmw_fastrtps_cpp' as default
[0.915s] -- Looking for pthread.h
[0.972s] -- Looking for pthread.h - found
[0.973s] -- Performing Test CMAKE_HAVE_LIBC_PTHREAD
[1.033s] -- Performing Test CMAKE_HAVE_LIBC_PTHREAD - Failed
[1.033s] -- Looking for pthread_create in pthreads
[1.078s] -- Looking for pthread_create in pthreads - not found
[1.078s] -- Looking for pthread_create in pthread
[1.307s] -- Looking for pthread_create in pthread - found
[1.309s] -- Found Threads: TRUE  
[1.730s] -- Found geometry_msgs: 2.0.5 (/opt/ros/foxy/share/geometry_msgs/cmake)
[1.832s] -- Found ament_lint_auto: 0.9.8 (/opt/ros/foxy/share/ament_lint_auto/cmake)
[1.985s] -- Added test 'copyright' to check source files copyright and LICENSE
[1.986s] -- Added test 'cppcheck' to perform static code analysis on C / C++ code
[1.986s] -- Configured cppcheck include dirs: 
[1.987s] -- Configured cppcheck exclude dirs and/or files: 
[1.988s] -- Added test 'cpplint' to check C / C++ code against the Google style
[1.988s] -- Configured cpplint exclude dirs and/or files: 
[1.989s] -- Added test 'lint_cmake' to check CMake code style
[1.990s] -- Added test 'uncrustify' to check C / C++ code style
[1.990s] -- Configured uncrustify additional arguments: 
[1.991s] -- Added test 'xmllint' to check XML markup files
[1.999s] -- Configuring done
[2.042s] -- Generating done
[2.044s] -- Build files have been written to: /home/tutu/mr_ws_ros2/build/stage_controller
[2.053s] Invoked command in '/home/tutu/mr_ws_ros2/build/stage_controller' returned '0': CMAKE_PREFIX_PATH=/opt/ros/foxy /usr/bin/cmake /home/tutu/mr_ws_ros2/src/stage_controller -DCMAKE_INSTALL_PREFIX=/home/tutu/mr_ws_ros2/install/stage_controller
[2.056s] Invoking command in '/home/tutu/mr_ws_ros2/build/stage_controller': CMAKE_PREFIX_PATH=/opt/ros/foxy /usr/bin/cmake --build /home/tutu/mr_ws_ros2/build/stage_controller -- -j8 -l8
[2.256s] [35m[1mScanning dependencies of target stage_throttle[0m
[2.271s] [35m[1mScanning dependencies of target stage_controller[0m
[2.396s] [ 25%] [32mBuilding CXX object CMakeFiles/stage_throttle.dir/src/stage_throttle.cpp.o[0m
[2.399s] [ 50%] [32mBuilding CXX object CMakeFiles/stage_controller.dir/src/stage_controller.cpp.o[0m
[12.975s] [ 75%] [32m[1mLinking CXX executable stage_controller[0m
[13.580s] [ 75%] Built target stage_controller
[14.527s] [100%] [32m[1mLinking CXX executable stage_throttle[0m
[15.005s] [100%] Built target stage_throttle
[15.021s] Invoked command in '/home/tutu/mr_ws_ros2/build/stage_controller' returned '0': CMAKE_PREFIX_PATH=/opt/ros/foxy /usr/bin/cmake --build /home/tutu/mr_ws_ros2/build/stage_controller -- -j8 -l8
[15.062s] Invoking command in '/home/tutu/mr_ws_ros2/build/stage_controller': CMAKE_PREFIX_PATH=/opt/ros/foxy /usr/bin/cmake --install /home/tutu/mr_ws_ros2/build/stage_controller
[15.079s] -- Install configuration: ""
[15.079s] -- Installing: /home/tutu/mr_ws_ros2/install/stage_controller/lib/stage_controller/stage_controller
[15.082s] -- Set runtime path of "/home/tutu/mr_ws_ros2/install/stage_controller/lib/stage_controller/stage_controller" to ""
[15.082s] -- Installing: /home/tutu/mr_ws_ros2/install/stage_controller/lib/stage_controller/stage_throttle
[15.084s] -- Set runtime path of "/home/tutu/mr_ws_ros2/install/stage_controller/lib/stage_controller/stage_throttle" to ""
[15.084s] -- Installing: /home/tutu/mr_ws_ros2/install/stage_controller/share/ament_index/resource_index/package_run_dependencies/stage_controller
[15.084s] -- Installing: /home/tutu/mr_ws_ros2/install/stage_controller/share/ament_index/resource_index/parent_prefix_path/stage_controller
[15.084s] -- Installing: /home/tutu/mr_ws_ros2/install/stage_controller/share/stage_controller/environment/ament_prefix_path.sh
[15.084s] -- Installing: /home/tutu/mr_ws_ros2/install/stage_controller/share/stage_controller/environment/ament_prefix_path.dsv
[15.085s] -- Installing: /home/tutu/mr_ws_ros2/install/stage_controller/share/stage_controller/environment/path.sh
[15.085s] -- Installing: /home/tutu/mr_ws_ros2/install/stage_controller/share/stage_controller/environment/path.dsv
[15.085s] -- Installing: /home/tutu/mr_ws_ros2/install/stage_controller/share/stage_controller/local_setup.bash
[15.085s] -- Installing: /home/tutu/mr_ws_ros2/install/stage_controller/share/stage_controller/local_setup.sh
[15.085s] -- Installing: /home/tutu/mr_ws_ros2/install/stage_controller/share/stage_controller/local_setup.zsh
[15.085s] -- Installing: /home/tutu/mr_ws_ros2/install/stage_controller/share/stage_controller/local_setup.dsv
[15.085s] -- Installing: /home/tutu/mr_ws_ros2/install/stage_controller/share/stage_controller/package.dsv
[15.086s] -- Installing: /home/tutu/mr_ws_ros2/install/stage_controller/share/ament_index/resource_index/packages/stage_controller
[15.086s] -- Installing: /home/tutu/mr_ws_ros2/install/stage_controller/share/stage_controller/cmake/stage_controllerConfig.cmake
[15.086s] -- Installing: /home/tutu/mr_ws_ros2/install/stage_controller/share/stage_controller/cmake/stage_controllerConfig-version.cmake
[15.086s] -- Installing: /home/tutu/mr_ws_ros2/install/stage_controller/share/stage_controller/package.xml
[15.089s] Invoked command in '/home/tutu/mr_ws_ros2/build/stage_controller' returned '0': CMAKE_PREFIX_PATH=/opt/ros/foxy /usr/bin/cmake --install /home/tutu/mr_ws_ros2/build/stage_controller
