[0.031s] Invoking command in '/home/tutu/ros2m/build/barrel_slam': AMENT_PREFIX_PATH=/home/tutu/ros2m/install/angles:${AMENT_PREFIX_PATH} CMAKE_PREFIX_PATH=/home/tutu/ros2m/install/angles:/opt/ros/humble PYTHONPATH=/home/tutu/ros2m/install/angles/local/lib/python3.10/dist-packages:${PYTHONPATH} /usr/bin/cmake --build /home/tutu/ros2m/build/barrel_slam -- -j1 -l1
[0.180s] [100%] Built target slam_node
[0.209s] Invoked command in '/home/tutu/ros2m/build/barrel_slam' returned '0': AMENT_PREFIX_PATH=/home/tutu/ros2m/install/angles:${AMENT_PREFIX_PATH} CMAKE_PREFIX_PATH=/home/tutu/ros2m/install/angles:/opt/ros/humble PYTHONPATH=/home/tutu/ros2m/install/angles/local/lib/python3.10/dist-packages:${PYTHONPATH} /usr/bin/cmake --build /home/tutu/ros2m/build/barrel_slam -- -j1 -l1
[0.213s] Invoking command in '/home/tutu/ros2m/build/barrel_slam': AMENT_PREFIX_PATH=/home/tutu/ros2m/install/angles:${AMENT_PREFIX_PATH} CMAKE_PREFIX_PATH=/home/tutu/ros2m/install/angles:/opt/ros/humble PYTHONPATH=/home/tutu/ros2m/install/angles/local/lib/python3.10/dist-packages:${PYTHONPATH} /usr/bin/cmake --install /home/tutu/ros2m/build/barrel_slam
[0.233s] -- Install configuration: ""
[0.238s] -- Up-to-date: /home/tutu/ros2m/install/barrel_slam/lib/barrel_slam/slam_node
[0.238s] -- Up-to-date: /home/tutu/ros2m/install/barrel_slam/share/barrel_slam//launch
[0.239s] -- Up-to-date: /home/tutu/ros2m/install/barrel_slam/share/barrel_slam//launch/slam.rviz
[0.239s] -- Up-to-date: /home/tutu/ros2m/install/barrel_slam/share/barrel_slam//launch/slam.launch.py
[0.239s] -- Up-to-date: /home/tutu/ros2m/install/barrel_slam/share/ament_index/resource_index/package_run_dependencies/barrel_slam
[0.239s] -- Up-to-date: /home/tutu/ros2m/install/barrel_slam/share/ament_index/resource_index/parent_prefix_path/barrel_slam
[0.239s] -- Up-to-date: /home/tutu/ros2m/install/barrel_slam/share/barrel_slam/environment/ament_prefix_path.sh
[0.239s] -- Up-to-date: /home/tutu/ros2m/install/barrel_slam/share/barrel_slam/environment/ament_prefix_path.dsv
[0.239s] -- Up-to-date: /home/tutu/ros2m/install/barrel_slam/share/barrel_slam/environment/path.sh
[0.239s] -- Up-to-date: /home/tutu/ros2m/install/barrel_slam/share/barrel_slam/environment/path.dsv
[0.239s] -- Up-to-date: /home/tutu/ros2m/install/barrel_slam/share/barrel_slam/local_setup.bash
[0.239s] -- Up-to-date: /home/tutu/ros2m/install/barrel_slam/share/barrel_slam/local_setup.sh
[0.239s] -- Up-to-date: /home/tutu/ros2m/install/barrel_slam/share/barrel_slam/local_setup.zsh
[0.239s] -- Up-to-date: /home/tutu/ros2m/install/barrel_slam/share/barrel_slam/local_setup.dsv
[0.239s] -- Installing: /home/tutu/ros2m/install/barrel_slam/share/barrel_slam/package.dsv
[0.239s] -- Up-to-date: /home/tutu/ros2m/install/barrel_slam/share/ament_index/resource_index/packages/barrel_slam
[0.239s] -- Up-to-date: /home/tutu/ros2m/install/barrel_slam/share/barrel_slam/cmake/barrel_slamConfig.cmake
[0.239s] -- Up-to-date: /home/tutu/ros2m/install/barrel_slam/share/barrel_slam/cmake/barrel_slamConfig-version.cmake
[0.239s] -- Up-to-date: /home/tutu/ros2m/install/barrel_slam/share/barrel_slam/package.xml
[0.247s] Invoked command in '/home/tutu/ros2m/build/barrel_slam' returned '0': AMENT_PREFIX_PATH=/home/tutu/ros2m/install/angles:${AMENT_PREFIX_PATH} CMAKE_PREFIX_PATH=/home/tutu/ros2m/install/angles:/opt/ros/humble PYTHONPATH=/home/tutu/ros2m/install/angles/local/lib/python3.10/dist-packages:${PYTHONPATH} /usr/bin/cmake --install /home/tutu/ros2m/build/barrel_slam
