[0.024s] Invoking command in '/home/tutu/ros2m/build/angles': CMAKE_PREFIX_PATH=/opt/ros/humble /usr/bin/cmake --build /home/tutu/ros2m/build/angles -- -j1 -l1
[0.099s] [ 33%] Built target gtest_main
[0.148s] [ 66%] Built target gtest
[0.175s] [100%] Built target angles_utest
[0.203s] [100%] Built target ament_cmake_python_copy_angles
[0.619s] running egg_info
[0.621s] writing angles.egg-info/PKG-INFO
[0.622s] writing dependency_links to angles.egg-info/dependency_links.txt
[0.625s] writing top-level names to angles.egg-info/top_level.txt
[0.626s] reading manifest file 'angles.egg-info/SOURCES.txt'
[0.627s] writing manifest file 'angles.egg-info/SOURCES.txt'
[0.671s] [100%] Built target ament_cmake_python_build_angles_egg
[0.698s] Invoked command in '/home/tutu/ros2m/build/angles' returned '0': CMAKE_PREFIX_PATH=/opt/ros/humble /usr/bin/cmake --build /home/tutu/ros2m/build/angles -- -j1 -l1
[0.711s] Invoking command in '/home/tutu/ros2m/build/angles': CMAKE_PREFIX_PATH=/opt/ros/humble /usr/bin/cmake --install /home/tutu/ros2m/build/angles
[0.724s] -- Install configuration: ""
[0.724s] -- Up-to-date: /home/tutu/ros2m/install/angles/include/angles
[0.724s] -- Up-to-date: /home/tutu/ros2m/install/angles/include/angles/angles
[0.724s] -- Up-to-date: /home/tutu/ros2m/install/angles/include/angles/angles/angles.h
[0.726s] -- Up-to-date: /home/tutu/ros2m/install/angles/share/angles/environment/pythonpath.sh
[0.726s] -- Up-to-date: /home/tutu/ros2m/install/angles/share/angles/environment/pythonpath.dsv
[0.726s] -- Up-to-date: /home/tutu/ros2m/install/angles/local/lib/python3.10/dist-packages/angles-1.16.0-py3.10.egg-info
[0.726s] -- Installing: /home/tutu/ros2m/install/angles/local/lib/python3.10/dist-packages/angles-1.16.0-py3.10.egg-info/top_level.txt
[0.726s] -- Installing: /home/tutu/ros2m/install/angles/local/lib/python3.10/dist-packages/angles-1.16.0-py3.10.egg-info/PKG-INFO
[0.732s] -- Installing: /home/tutu/ros2m/install/angles/local/lib/python3.10/dist-packages/angles-1.16.0-py3.10.egg-info/dependency_links.txt
[0.732s] -- Installing: /home/tutu/ros2m/install/angles/local/lib/python3.10/dist-packages/angles-1.16.0-py3.10.egg-info/SOURCES.txt
[0.732s] -- Up-to-date: /home/tutu/ros2m/install/angles/local/lib/python3.10/dist-packages/angles
[0.732s] -- Up-to-date: /home/tutu/ros2m/install/angles/local/lib/python3.10/dist-packages/angles/__init__.py
[0.777s] Listing '/home/tutu/ros2m/install/angles/local/lib/python3.10/dist-packages/angles'...
[0.781s] -- Up-to-date: /home/tutu/ros2m/install/angles/share/ament_index/resource_index/package_run_dependencies/angles
[0.782s] -- Up-to-date: /home/tutu/ros2m/install/angles/share/ament_index/resource_index/parent_prefix_path/angles
[0.782s] -- Up-to-date: /home/tutu/ros2m/install/angles/share/angles/environment/ament_prefix_path.sh
[0.783s] -- Up-to-date: /home/tutu/ros2m/install/angles/share/angles/environment/ament_prefix_path.dsv
[0.783s] -- Up-to-date: /home/tutu/ros2m/install/angles/share/angles/environment/path.sh
[0.784s] -- Up-to-date: /home/tutu/ros2m/install/angles/share/angles/environment/path.dsv
[0.784s] -- Up-to-date: /home/tutu/ros2m/install/angles/share/angles/local_setup.bash
[0.784s] -- Up-to-date: /home/tutu/ros2m/install/angles/share/angles/local_setup.sh
[0.786s] -- Up-to-date: /home/tutu/ros2m/install/angles/share/angles/local_setup.zsh
[0.786s] -- Up-to-date: /home/tutu/ros2m/install/angles/share/angles/local_setup.dsv
[0.786s] -- Installing: /home/tutu/ros2m/install/angles/share/angles/package.dsv
[0.786s] -- Up-to-date: /home/tutu/ros2m/install/angles/share/ament_index/resource_index/packages/angles
[0.787s] -- Up-to-date: /home/tutu/ros2m/install/angles/share/angles/cmake/export_anglesExport.cmake
[0.787s] -- Up-to-date: /home/tutu/ros2m/install/angles/share/angles/cmake/ament_cmake_export_include_directories-extras.cmake
[0.790s] -- Up-to-date: /home/tutu/ros2m/install/angles/share/angles/cmake/ament_cmake_export_targets-extras.cmake
[0.791s] -- Up-to-date: /home/tutu/ros2m/install/angles/share/angles/cmake/anglesConfig.cmake
[0.793s] -- Up-to-date: /home/tutu/ros2m/install/angles/share/angles/cmake/anglesConfig-version.cmake
[0.796s] -- Up-to-date: /home/tutu/ros2m/install/angles/share/angles/package.xml
[0.796s] Invoked command in '/home/tutu/ros2m/build/angles' returned '0': CMAKE_PREFIX_PATH=/opt/ros/humble /usr/bin/cmake --install /home/tutu/ros2m/build/angles
